2018-03-20 21:31:58,135 [1] ERROR SMGS.Presentation.App_Start.Customize - Error: [Access to the path 'C:\Windows\Globalization\sz-VN.nlp' is denied.]
2018-03-20 21:32:07,544 [6] DEBUG Infrastructure.Data.Repositories.StaffRepository - Enter method [.ctor]
2018-03-20 21:32:07,548 [6] INFO  Infrastructure.Data.Repositories.StaffRepository - Success setting value to empPerPage attribute value: [20]
2018-03-20 21:32:07,552 [6] DEBUG Infrastructure.Data.Repositories.StaffRepository - Leave method [.ctor]
2018-03-20 21:32:07,552 [6] DEBUG Service.Business.Services.StaffServices - Enter method [.ctor]
2018-03-20 21:32:07,556 [6] INFO  Service.Business.Services.StaffServices - Success setting values for attributes
2018-03-20 21:32:07,560 [6] DEBUG Service.Business.Services.StaffServices - Leave method [.ctor]
2018-03-20 21:32:07,592 [6] DEBUG Infrastructure.Data.Repositories.ContactInformationRepository - Enter method [.ctor]
2018-03-20 21:32:07,601 [6] INFO  Infrastructure.Data.Repositories.ContactInformationRepository - Success setting values for attributes
2018-03-20 21:32:07,616 [6] DEBUG Infrastructure.Data.Repositories.ContactInformationRepository - Leave method [.ctor]
2018-03-20 21:32:07,632 [6] DEBUG Service.Business.Services.ContactInformationServices - Enter method [.ctor]
2018-03-20 21:32:07,652 [6] DEBUG Service.Business.Services.ContactInformationServices - Leave method [.ctor]
2018-03-20 21:32:07,676 [6] DEBUG Infrastructure.Data.Repositories.ServiceRepository - Enter method [.ctor]
2018-03-20 21:32:07,684 [6] INFO  Infrastructure.Data.Repositories.ServiceRepository - Success setting value to servicesPerPage attribute value: [20]
2018-03-20 21:32:07,692 [6] INFO  Infrastructure.Data.Repositories.ServiceRepository - Setting value for attributes
2018-03-20 21:32:07,702 [6] DEBUG Infrastructure.Data.Repositories.ServiceRepository - Leave method [.ctor]
2018-03-20 21:32:07,710 [6] DEBUG Service.Business.Services.ServiceServices - Enter method [.ctor]
2018-03-20 21:32:07,716 [6] INFO  Service.Business.Services.ServiceServices - Success setting values for attributes
2018-03-20 21:32:07,724 [6] DEBUG Service.Business.Services.ServiceServices - Leave method [.ctor]
2018-03-20 21:32:07,736 [6] DEBUG Infrastructure.Data.Repositories.SalaryRepository - Enter method [.ctor]
2018-03-20 21:32:07,744 [6] INFO  Infrastructure.Data.Repositories.SalaryRepository - Success setting value to servicesPerPage attribute value: [3]
2018-03-20 21:32:07,748 [6] INFO  Infrastructure.Data.Repositories.SalaryRepository - Success set value for attributes
2018-03-20 21:32:07,752 [6] DEBUG Infrastructure.Data.Repositories.SalaryRepository - Leave method [.ctor]
2018-03-20 21:32:07,768 [6] DEBUG Infrastructure.Data.Repositories.ReferenceRepository - Enter method [.ctor]
2018-03-20 21:32:07,772 [6] INFO  Infrastructure.Data.Repositories.ReferenceRepository - Success set values for attributes
2018-03-20 21:32:07,780 [6] DEBUG Infrastructure.Data.Repositories.ReferenceRepository - Leave method [.ctor]
2018-03-20 21:32:07,784 [6] DEBUG Service.Business.Services.ReferenceServices - Enter method [.ctor]
2018-03-20 21:32:07,788 [6] INFO  Service.Business.Services.ReferenceServices - Success set value for attributes
2018-03-20 21:32:07,796 [6] DEBUG Service.Business.Services.ReferenceServices - Leave method [.ctor]
2018-03-20 21:32:07,810 [6] DEBUG Service.Business.Services.NotificationServices - Enter method [.ctor]
2018-03-20 21:32:07,812 [6] DEBUG Service.Business.Services.NotificationServices - Leave method [.ctor]
2018-03-20 21:32:07,820 [6] DEBUG SMGS.Presentation.Controllers.AdminController - Enter method [.ctor]
2018-03-20 21:32:07,824 [6] INFO  SMGS.Presentation.Controllers.AdminController - Success set value to attributes
2018-03-20 21:32:07,832 [6] DEBUG SMGS.Presentation.Controllers.AdminController - Leave method [.ctor]
2018-03-20 21:32:07,912 [6] DEBUG SMGS.Presentation.Controllers.AdminController - Enter method [Index]
2018-03-20 21:32:07,916 [6] DEBUG SMGS.Presentation.Controllers.AdminController - Leave method [Index]
2018-03-20 21:32:12,890 [6] DEBUG Infrastructure.Data.Repositories.StaffRepository - Enter method [.ctor]
2018-03-20 21:32:12,894 [6] INFO  Infrastructure.Data.Repositories.StaffRepository - Success setting value to empPerPage attribute value: [20]
2018-03-20 21:32:12,898 [6] DEBUG Infrastructure.Data.Repositories.StaffRepository - Leave method [.ctor]
2018-03-20 21:32:12,906 [6] DEBUG Service.Business.Services.StaffServices - Enter method [.ctor]
2018-03-20 21:32:12,910 [6] INFO  Service.Business.Services.StaffServices - Success setting values for attributes
2018-03-20 21:32:12,914 [6] DEBUG Service.Business.Services.StaffServices - Leave method [.ctor]
2018-03-20 21:32:12,918 [6] DEBUG Infrastructure.Data.Repositories.ContactInformationRepository - Enter method [.ctor]
2018-03-20 21:32:12,922 [6] INFO  Infrastructure.Data.Repositories.ContactInformationRepository - Success setting values for attributes
2018-03-20 21:32:12,926 [6] DEBUG Infrastructure.Data.Repositories.ContactInformationRepository - Leave method [.ctor]
2018-03-20 21:32:12,930 [6] DEBUG Service.Business.Services.ContactInformationServices - Enter method [.ctor]
2018-03-20 21:32:12,938 [6] DEBUG Service.Business.Services.ContactInformationServices - Leave method [.ctor]
2018-03-20 21:32:12,955 [6] DEBUG Infrastructure.Data.Repositories.ServiceRepository - Enter method [.ctor]
2018-03-20 21:32:12,964 [6] INFO  Infrastructure.Data.Repositories.ServiceRepository - Success setting value to servicesPerPage attribute value: [20]
2018-03-20 21:32:12,966 [6] INFO  Infrastructure.Data.Repositories.ServiceRepository - Setting value for attributes
2018-03-20 21:32:12,970 [6] DEBUG Infrastructure.Data.Repositories.ServiceRepository - Leave method [.ctor]
2018-03-20 21:32:12,974 [6] DEBUG Service.Business.Services.ServiceServices - Enter method [.ctor]
2018-03-20 21:32:12,978 [6] INFO  Service.Business.Services.ServiceServices - Success setting values for attributes
2018-03-20 21:32:12,982 [6] DEBUG Service.Business.Services.ServiceServices - Leave method [.ctor]
2018-03-20 21:32:12,986 [6] DEBUG Infrastructure.Data.Repositories.SalaryRepository - Enter method [.ctor]
2018-03-20 21:32:12,986 [6] INFO  Infrastructure.Data.Repositories.SalaryRepository - Success setting value to servicesPerPage attribute value: [3]
2018-03-20 21:32:12,994 [6] INFO  Infrastructure.Data.Repositories.SalaryRepository - Success set value for attributes
2018-03-20 21:32:12,994 [6] DEBUG Infrastructure.Data.Repositories.SalaryRepository - Leave method [.ctor]
2018-03-20 21:32:13,002 [6] DEBUG Infrastructure.Data.Repositories.ReferenceRepository - Enter method [.ctor]
2018-03-20 21:32:13,006 [6] INFO  Infrastructure.Data.Repositories.ReferenceRepository - Success set values for attributes
2018-03-20 21:32:13,014 [6] DEBUG Infrastructure.Data.Repositories.ReferenceRepository - Leave method [.ctor]
2018-03-20 21:32:13,030 [6] DEBUG Service.Business.Services.ReferenceServices - Enter method [.ctor]
2018-03-20 21:32:13,034 [6] INFO  Service.Business.Services.ReferenceServices - Success set value for attributes
2018-03-20 21:32:13,038 [6] DEBUG Service.Business.Services.ReferenceServices - Leave method [.ctor]
2018-03-20 21:32:13,042 [6] DEBUG Service.Business.Services.NotificationServices - Enter method [.ctor]
2018-03-20 21:32:13,046 [6] DEBUG Service.Business.Services.NotificationServices - Leave method [.ctor]
2018-03-20 21:32:13,053 [6] DEBUG SMGS.Presentation.Controllers.AdminController - Enter method [.ctor]
2018-03-20 21:32:13,066 [6] INFO  SMGS.Presentation.Controllers.AdminController - Success set value to attributes
2018-03-20 21:32:13,082 [6] DEBUG SMGS.Presentation.Controllers.AdminController - Leave method [.ctor]
2018-03-20 21:32:13,090 [6] DEBUG SMGS.Presentation.Controllers.AdminController - Enter method [FirstCountNotification]
2018-03-20 21:32:13,094 [6] DEBUG Service.Business.Services.NotificationServices - Enter method [CountNotificationForAccount]
2018-03-20 21:32:13,098 [6] DEBUG Infrastructure.Data.Repositories.NotificationRepository - Enter method [CountNotificationForAccount]
2018-03-20 21:32:33,758 [9] DEBUG Infrastructure.Data.Repositories.StaffRepository - Enter method [.ctor]
2018-03-20 21:32:33,766 [9] INFO  Infrastructure.Data.Repositories.StaffRepository - Success setting value to empPerPage attribute value: [20]
2018-03-20 21:32:33,770 [9] DEBUG Infrastructure.Data.Repositories.StaffRepository - Leave method [.ctor]
2018-03-20 21:32:33,774 [9] DEBUG Service.Business.Services.StaffServices - Enter method [.ctor]
2018-03-20 21:32:33,782 [9] INFO  Service.Business.Services.StaffServices - Success setting values for attributes
2018-03-20 21:32:33,788 [9] DEBUG Service.Business.Services.StaffServices - Leave method [.ctor]
2018-03-20 21:32:33,791 [9] DEBUG Infrastructure.Data.Repositories.ContactInformationRepository - Enter method [.ctor]
2018-03-20 21:32:33,795 [9] INFO  Infrastructure.Data.Repositories.ContactInformationRepository - Success setting values for attributes
2018-03-20 21:32:33,799 [9] DEBUG Infrastructure.Data.Repositories.ContactInformationRepository - Leave method [.ctor]
2018-03-20 21:32:33,803 [9] DEBUG Service.Business.Services.ContactInformationServices - Enter method [.ctor]
2018-03-20 21:32:33,811 [9] DEBUG Service.Business.Services.ContactInformationServices - Leave method [.ctor]
2018-03-20 21:32:33,815 [9] DEBUG Infrastructure.Data.Repositories.ServiceRepository - Enter method [.ctor]
2018-03-20 21:32:33,819 [9] INFO  Infrastructure.Data.Repositories.ServiceRepository - Success setting value to servicesPerPage attribute value: [20]
2018-03-20 21:32:33,823 [9] INFO  Infrastructure.Data.Repositories.ServiceRepository - Setting value for attributes
2018-03-20 21:32:33,827 [9] DEBUG Infrastructure.Data.Repositories.ServiceRepository - Leave method [.ctor]
2018-03-20 21:32:33,847 [9] DEBUG Service.Business.Services.ServiceServices - Enter method [.ctor]
2018-03-20 21:32:33,894 [9] INFO  Service.Business.Services.ServiceServices - Success setting values for attributes
2018-03-20 21:32:33,906 [9] DEBUG Service.Business.Services.ServiceServices - Leave method [.ctor]
2018-03-20 21:32:33,918 [9] DEBUG Infrastructure.Data.Repositories.SalaryRepository - Enter method [.ctor]
2018-03-20 21:32:33,930 [9] INFO  Infrastructure.Data.Repositories.SalaryRepository - Success setting value to servicesPerPage attribute value: [3]
2018-03-20 21:32:33,942 [9] INFO  Infrastructure.Data.Repositories.SalaryRepository - Success set value for attributes
2018-03-20 21:32:33,958 [9] DEBUG Infrastructure.Data.Repositories.SalaryRepository - Leave method [.ctor]
2018-03-20 21:32:33,970 [9] DEBUG Infrastructure.Data.Repositories.ReferenceRepository - Enter method [.ctor]
2018-03-20 21:32:33,985 [9] INFO  Infrastructure.Data.Repositories.ReferenceRepository - Success set values for attributes
2018-03-20 21:32:33,995 [9] DEBUG Infrastructure.Data.Repositories.ReferenceRepository - Leave method [.ctor]
2018-03-20 21:32:34,007 [9] DEBUG Service.Business.Services.ReferenceServices - Enter method [.ctor]
2018-03-20 21:32:34,011 [9] INFO  Service.Business.Services.ReferenceServices - Success set value for attributes
2018-03-20 21:32:34,019 [9] DEBUG Service.Business.Services.ReferenceServices - Leave method [.ctor]
2018-03-20 21:32:34,027 [9] DEBUG Service.Business.Services.NotificationServices - Enter method [.ctor]
2018-03-20 21:32:34,039 [9] DEBUG Service.Business.Services.NotificationServices - Leave method [.ctor]
2018-03-20 21:32:34,051 [9] DEBUG SMGS.Presentation.Controllers.AdminController - Enter method [.ctor]
2018-03-20 21:32:34,067 [9] INFO  SMGS.Presentation.Controllers.AdminController - Success set value to attributes
2018-03-20 21:32:34,084 [9] DEBUG SMGS.Presentation.Controllers.AdminController - Leave method [.ctor]
2018-03-20 21:32:34,243 [9] DEBUG SMGS.Presentation.Controllers.AdminController - Enter method [employee]
2018-03-20 21:32:34,251 [9] DEBUG Service.Business.Services.StaffServices - Enter method [Get]
2018-03-20 21:32:34,263 [9] DEBUG Infrastructure.Data.Repositories.StaffRepository - Enter method [Get]
2018-03-20 21:32:37,174 [7] DEBUG Infrastructure.Data.Repositories.StaffRepository - Enter method [.ctor]
2018-03-20 21:32:37,179 [7] INFO  Infrastructure.Data.Repositories.StaffRepository - Success setting value to empPerPage attribute value: [20]
2018-03-20 21:32:37,183 [7] DEBUG Infrastructure.Data.Repositories.StaffRepository - Leave method [.ctor]
2018-03-20 21:32:37,187 [7] DEBUG Service.Business.Services.StaffServices - Enter method [.ctor]
2018-03-20 21:32:37,192 [7] INFO  Service.Business.Services.StaffServices - Success setting values for attributes
2018-03-20 21:32:37,194 [7] DEBUG Service.Business.Services.StaffServices - Leave method [.ctor]
2018-03-20 21:32:37,198 [7] DEBUG Infrastructure.Data.Repositories.ContactInformationRepository - Enter method [.ctor]
2018-03-20 21:32:37,206 [7] INFO  Infrastructure.Data.Repositories.ContactInformationRepository - Success setting values for attributes
2018-03-20 21:32:37,222 [7] DEBUG Infrastructure.Data.Repositories.ContactInformationRepository - Leave method [.ctor]
2018-03-20 21:32:37,234 [7] DEBUG Service.Business.Services.ContactInformationServices - Enter method [.ctor]
2018-03-20 21:32:37,255 [7] DEBUG Service.Business.Services.ContactInformationServices - Leave method [.ctor]
2018-03-20 21:32:37,271 [7] DEBUG Infrastructure.Data.Repositories.ServiceRepository - Enter method [.ctor]
2018-03-20 21:32:37,275 [7] INFO  Infrastructure.Data.Repositories.ServiceRepository - Success setting value to servicesPerPage attribute value: [20]
2018-03-20 21:32:37,282 [7] INFO  Infrastructure.Data.Repositories.ServiceRepository - Setting value for attributes
2018-03-20 21:32:37,288 [7] DEBUG Infrastructure.Data.Repositories.ServiceRepository - Leave method [.ctor]
2018-03-20 21:32:37,293 [7] DEBUG Service.Business.Services.ServiceServices - Enter method [.ctor]
2018-03-20 21:32:37,297 [7] INFO  Service.Business.Services.ServiceServices - Success setting values for attributes
2018-03-20 21:32:37,305 [7] DEBUG Service.Business.Services.ServiceServices - Leave method [.ctor]
2018-03-20 21:32:37,309 [7] DEBUG Infrastructure.Data.Repositories.SalaryRepository - Enter method [.ctor]
2018-03-20 21:32:37,313 [7] INFO  Infrastructure.Data.Repositories.SalaryRepository - Success setting value to servicesPerPage attribute value: [3]
2018-03-20 21:32:37,321 [7] INFO  Infrastructure.Data.Repositories.SalaryRepository - Success set value for attributes
2018-03-20 21:32:37,325 [7] DEBUG Infrastructure.Data.Repositories.SalaryRepository - Leave method [.ctor]
2018-03-20 21:32:37,329 [7] DEBUG Infrastructure.Data.Repositories.ReferenceRepository - Enter method [.ctor]
2018-03-20 21:32:37,337 [7] INFO  Infrastructure.Data.Repositories.ReferenceRepository - Success set values for attributes
2018-03-20 21:32:37,341 [7] DEBUG Infrastructure.Data.Repositories.ReferenceRepository - Leave method [.ctor]
2018-03-20 21:32:37,345 [7] DEBUG Service.Business.Services.ReferenceServices - Enter method [.ctor]
2018-03-20 21:32:37,349 [7] INFO  Service.Business.Services.ReferenceServices - Success set value for attributes
2018-03-20 21:32:37,357 [7] DEBUG Service.Business.Services.ReferenceServices - Leave method [.ctor]
2018-03-20 21:32:37,361 [7] DEBUG Service.Business.Services.NotificationServices - Enter method [.ctor]
2018-03-20 21:32:37,369 [7] DEBUG Service.Business.Services.NotificationServices - Leave method [.ctor]
2018-03-20 21:32:37,382 [7] DEBUG SMGS.Presentation.Controllers.AdminController - Enter method [.ctor]
2018-03-20 21:32:37,393 [7] INFO  SMGS.Presentation.Controllers.AdminController - Success set value to attributes
2018-03-20 21:32:37,402 [7] DEBUG SMGS.Presentation.Controllers.AdminController - Leave method [.ctor]
2018-03-20 21:32:37,414 [7] DEBUG SMGS.Presentation.Controllers.AdminController - Enter method [employees]
2018-03-20 21:32:37,426 [7] DEBUG Service.Business.Services.StaffServices - Enter method [GetStaffByPage]
2018-03-20 21:32:37,434 [7] DEBUG Infrastructure.Data.Repositories.StaffRepository - Enter method [GetStaffByPage]
2018-03-20 21:33:13,845 [6] ERROR Infrastructure.Data.Repositories.NotificationRepository - Error: [A network-related or instance-specific error occurred while establishing a connection to SQL Server. The server was not found or was not accessible. Verify that the instance name is correct and that SQL Server is configured to allow remote connections. (provider: SQL Network Interfaces, error: 26 - Error Locating Server/Instance Specified)]
2018-03-20 21:33:13,925 [6] DEBUG Infrastructure.Data.Repositories.NotificationRepository - Leave method [CountNotificationForAccount]
2018-03-20 21:33:13,989 [6] DEBUG Service.Business.Services.NotificationServices - Leave method [CountNotificationForAccount]
2018-03-20 21:33:14,111 [6] DEBUG SMGS.Presentation.Controllers.AdminController - Leave method [FirstCountNotification]
2018-03-20 21:33:44,617 [7] ERROR Infrastructure.Data.Repositories.StaffRepository - Error: [A network-related or instance-specific error occurred while establishing a connection to SQL Server. The server was not found or was not accessible. Verify that the instance name is correct and that SQL Server is configured to allow remote connections. (provider: SQL Network Interfaces, error: 26 - Error Locating Server/Instance Specified)]
2018-03-20 21:33:44,633 [7] DEBUG Infrastructure.Data.Repositories.StaffRepository - Leave method [GetStaffByPage]
2018-03-20 21:33:44,649 [7] DEBUG Service.Business.Services.StaffServices - Leave method [GetStaffByPage]
2018-03-20 21:33:44,709 [7] ERROR SMGS.Presentation.Controllers.AdminController - Error: [Value cannot be null.
Parameter name: source]
2018-03-20 21:33:44,721 [7] DEBUG SMGS.Presentation.Controllers.AdminController - Leave method [employees]
2018-03-20 21:33:45,222 [9] ERROR Infrastructure.Data.Repositories.StaffRepository - Error: A network-related or instance-specific error occurred while establishing a connection to SQL Server. The server was not found or was not accessible. Verify that the instance name is correct and that SQL Server is configured to allow remote connections. (provider: SQL Network Interfaces, error: 26 - Error Locating Server/Instance Specified)
2018-03-20 21:33:45,226 [6] DEBUG Infrastructure.Data.Repositories.StaffRepository - Enter method [.ctor]
2018-03-20 21:33:45,234 [6] INFO  Infrastructure.Data.Repositories.StaffRepository - Success setting value to empPerPage attribute value: [20]
2018-03-20 21:33:45,226 [9] DEBUG Infrastructure.Data.Repositories.StaffRepository - Leave method [Get]
2018-03-20 21:33:45,266 [9] INFO  Service.Business.Services.StaffServices - Can't find employee by Id: [1]
2018-03-20 21:33:45,246 [6] DEBUG Infrastructure.Data.Repositories.StaffRepository - Leave method [.ctor]
2018-03-20 21:33:45,270 [9] DEBUG Service.Business.Services.StaffServices - Leave method [Get]
2018-03-20 21:33:45,274 [6] DEBUG Service.Business.Services.StaffServices - Enter method [.ctor]
2018-03-20 21:33:45,286 [6] INFO  Service.Business.Services.StaffServices - Success setting values for attributes
2018-03-20 21:33:45,282 [9] DEBUG Service.Business.Services.ContactInformationServices - Enter method [Get]
2018-03-20 21:33:45,290 [6] DEBUG Service.Business.Services.StaffServices - Leave method [.ctor]
2018-03-20 21:33:45,302 [6] DEBUG Infrastructure.Data.Repositories.ContactInformationRepository - Enter method [.ctor]
2018-03-20 21:33:45,298 [9] DEBUG Infrastructure.Data.Repositories.ContactInformationRepository - Enter method [Get]
2018-03-20 21:33:45,306 [6] INFO  Infrastructure.Data.Repositories.ContactInformationRepository - Success setting values for attributes
2018-03-20 21:33:45,338 [6] DEBUG Infrastructure.Data.Repositories.ContactInformationRepository - Leave method [.ctor]
2018-03-20 21:33:45,382 [6] DEBUG Service.Business.Services.ContactInformationServices - Enter method [.ctor]
2018-03-20 21:33:45,394 [6] DEBUG Service.Business.Services.ContactInformationServices - Leave method [.ctor]
2018-03-20 21:33:45,410 [6] DEBUG Infrastructure.Data.Repositories.ServiceRepository - Enter method [.ctor]
2018-03-20 21:33:45,454 [6] INFO  Infrastructure.Data.Repositories.ServiceRepository - Success setting value to servicesPerPage attribute value: [20]
2018-03-20 21:33:45,477 [6] INFO  Infrastructure.Data.Repositories.ServiceRepository - Setting value for attributes
2018-03-20 21:33:45,493 [6] DEBUG Infrastructure.Data.Repositories.ServiceRepository - Leave method [.ctor]
2018-03-20 21:33:45,505 [6] DEBUG Service.Business.Services.ServiceServices - Enter method [.ctor]
2018-03-20 21:33:45,517 [6] INFO  Service.Business.Services.ServiceServices - Success setting values for attributes
2018-03-20 21:33:45,525 [6] DEBUG Service.Business.Services.ServiceServices - Leave method [.ctor]
2018-03-20 21:33:45,529 [6] DEBUG Infrastructure.Data.Repositories.SalaryRepository - Enter method [.ctor]
2018-03-20 21:33:45,533 [6] INFO  Infrastructure.Data.Repositories.SalaryRepository - Success setting value to servicesPerPage attribute value: [3]
2018-03-20 21:33:45,553 [6] INFO  Infrastructure.Data.Repositories.SalaryRepository - Success set value for attributes
2018-03-20 21:33:45,564 [6] DEBUG Infrastructure.Data.Repositories.SalaryRepository - Leave method [.ctor]
2018-03-20 21:33:45,569 [6] DEBUG Infrastructure.Data.Repositories.ReferenceRepository - Enter method [.ctor]
2018-03-20 21:33:45,570 [6] INFO  Infrastructure.Data.Repositories.ReferenceRepository - Success set values for attributes
2018-03-20 21:33:45,570 [6] DEBUG Infrastructure.Data.Repositories.ReferenceRepository - Leave method [.ctor]
2018-03-20 21:33:45,570 [6] DEBUG Service.Business.Services.ReferenceServices - Enter method [.ctor]
2018-03-20 21:33:45,587 [6] INFO  Service.Business.Services.ReferenceServices - Success set value for attributes
2018-03-20 21:33:45,595 [6] DEBUG Service.Business.Services.ReferenceServices - Leave method [.ctor]
2018-03-20 21:33:45,611 [6] DEBUG Service.Business.Services.NotificationServices - Enter method [.ctor]
2018-03-20 21:33:45,639 [6] DEBUG Service.Business.Services.NotificationServices - Leave method [.ctor]
2018-03-20 21:33:45,652 [6] DEBUG SMGS.Presentation.Controllers.AdminController - Enter method [.ctor]
2018-03-20 21:33:45,668 [6] INFO  SMGS.Presentation.Controllers.AdminController - Success set value to attributes
2018-03-20 21:33:45,680 [6] DEBUG SMGS.Presentation.Controllers.AdminController - Leave method [.ctor]
2018-03-20 21:33:45,730 [9] ERROR Infrastructure.Data.Repositories.ContactInformationRepository - Error: A network-related or instance-specific error occurred while establishing a connection to SQL Server. The server was not found or was not accessible. Verify that the instance name is correct and that SQL Server is configured to allow remote connections. (provider: SQL Network Interfaces, error: 26 - Error Locating Server/Instance Specified)
2018-03-20 21:33:45,738 [9] DEBUG Infrastructure.Data.Repositories.ContactInformationRepository - Leave method [Get]
2018-03-20 21:33:45,745 [9] DEBUG Service.Business.Services.ContactInformationServices - Leave method [Get]
2018-03-20 21:33:45,745 [9] DEBUG SMGS.Presentation.ViewModel.VM_Convert.ConvertVM - Enter method [VMStaff_Add_VM_ContactInformation_To_VMStaffInformation]
2018-03-20 21:33:45,782 [9] ERROR SMGS.Presentation.ViewModel.VM_Convert.ConvertVM - Error: [Object reference not set to an instance of an object.]
2018-03-20 21:33:45,786 [9] DEBUG SMGS.Presentation.ViewModel.VM_Convert.ConvertVM - Leave method [VMStaff_Add_VM_ContactInformation_To_VMStaffInformation]
2018-03-20 21:33:45,790 [9] DEBUG SMGS.Presentation.Controllers.AdminController - Leave method [employee]
