2018-06-01 16:46:35,072 [1] ERROR SMGS.Presentation.App_Start.Customize - Error: [Access to the path 'C:\WINDOWS\Globalization\sz-VN.nlp' is denied.]
2018-06-01 16:47:00,445 [12] DEBUG Infrastructure.Data.Repositories.StaffRepository - Enter method [.ctor]
2018-06-01 16:47:00,449 [12] INFO  Infrastructure.Data.Repositories.StaffRepository - Success setting value to empPerPage attribute value: [10]
2018-06-01 16:47:00,453 [12] DEBUG Infrastructure.Data.Repositories.StaffRepository - Leave method [.ctor]
2018-06-01 16:47:00,457 [12] DEBUG Service.Business.Services.StaffServices - Enter method [.ctor]
2018-06-01 16:47:00,460 [12] INFO  Service.Business.Services.StaffServices - Success setting values for attributes
2018-06-01 16:47:00,464 [12] DEBUG Service.Business.Services.StaffServices - Leave method [.ctor]
2018-06-01 16:47:00,479 [12] DEBUG Infrastructure.Data.Repositories.ContactInformationRepository - Enter method [.ctor]
2018-06-01 16:47:00,483 [12] INFO  Infrastructure.Data.Repositories.ContactInformationRepository - Success setting values for attributes
2018-06-01 16:47:00,486 [12] DEBUG Infrastructure.Data.Repositories.ContactInformationRepository - Leave method [.ctor]
2018-06-01 16:47:00,490 [12] DEBUG Service.Business.Services.ContactInformationServices - Enter method [.ctor]
2018-06-01 16:47:00,494 [12] DEBUG Service.Business.Services.ContactInformationServices - Leave method [.ctor]
2018-06-01 16:47:00,503 [12] DEBUG Infrastructure.Data.Repositories.ServiceRepository - Enter method [.ctor]
2018-06-01 16:47:00,506 [12] INFO  Infrastructure.Data.Repositories.ServiceRepository - Success setting value to servicesPerPage attribute value: [10]
2018-06-01 16:47:00,512 [12] INFO  Infrastructure.Data.Repositories.ServiceRepository - Setting value for attributes
2018-06-01 16:47:00,516 [12] DEBUG Infrastructure.Data.Repositories.ServiceRepository - Leave method [.ctor]
2018-06-01 16:47:00,520 [12] DEBUG Service.Business.Services.ServiceServices - Enter method [.ctor]
2018-06-01 16:47:00,523 [12] INFO  Service.Business.Services.ServiceServices - Success setting values for attributes
2018-06-01 16:47:00,527 [12] DEBUG Service.Business.Services.ServiceServices - Leave method [.ctor]
2018-06-01 16:47:00,536 [12] DEBUG Infrastructure.Data.Repositories.SalaryRepository - Enter method [.ctor]
2018-06-01 16:47:00,540 [12] INFO  Infrastructure.Data.Repositories.SalaryRepository - Success setting value to servicesPerPage attribute value: [3]
2018-06-01 16:47:00,545 [12] INFO  Infrastructure.Data.Repositories.SalaryRepository - Success set value for attributes
2018-06-01 16:47:00,549 [12] DEBUG Infrastructure.Data.Repositories.SalaryRepository - Leave method [.ctor]
2018-06-01 16:47:00,562 [12] DEBUG Infrastructure.Data.Repositories.ReferenceRepository - Enter method [.ctor]
2018-06-01 16:47:00,566 [12] INFO  Infrastructure.Data.Repositories.ReferenceRepository - Success set values for attributes
2018-06-01 16:47:00,569 [12] DEBUG Infrastructure.Data.Repositories.ReferenceRepository - Leave method [.ctor]
2018-06-01 16:47:00,575 [12] DEBUG Service.Business.Services.ReferenceServices - Enter method [.ctor]
2018-06-01 16:47:00,579 [12] INFO  Service.Business.Services.ReferenceServices - Success set value for attributes
2018-06-01 16:47:00,583 [12] DEBUG Service.Business.Services.ReferenceServices - Leave method [.ctor]
2018-06-01 16:47:00,592 [12] DEBUG Service.Business.Services.NotificationServices - Enter method [.ctor]
2018-06-01 16:47:00,596 [12] DEBUG Service.Business.Services.NotificationServices - Leave method [.ctor]
2018-06-01 16:47:00,603 [12] DEBUG Infrastructure.Data.Repositories.BookingRepository - Enter method [.ctor]
2018-06-01 16:47:00,631 [12] DEBUG Infrastructure.Data.Repositories.BookingRepository - Leave method [.ctor]
2018-06-01 16:47:00,644 [12] DEBUG Infrastructure.Data.Repositories.BedRepository - Enter method [.ctor]
2018-06-01 16:47:00,650 [12] INFO  Infrastructure.Data.Repositories.BedRepository - Success setting value to bedPerPage attribute value: [10]
2018-06-01 16:47:00,655 [12] INFO  Infrastructure.Data.Repositories.BedRepository - Success setting values for attribbutes
2018-06-01 16:47:00,659 [12] DEBUG Infrastructure.Data.Repositories.BedRepository - Leave method [.ctor]
2018-06-01 16:47:00,669 [12] DEBUG Infrastructure.Data.Repositories.StockRepository - Enter method [.ctor]
2018-06-01 16:47:00,673 [12] INFO  Infrastructure.Data.Repositories.StockRepository - Set value for attributes
2018-06-01 16:47:00,676 [12] DEBUG Infrastructure.Data.Repositories.StockRepository - Leave method [.ctor]
2018-06-01 16:47:00,680 [12] DEBUG Service.Business.Services.StockServices - Enter method [.ctor]
2018-06-01 16:47:00,683 [12] DEBUG Service.Business.Services.StockServices - Leave method [.ctor]
2018-06-01 16:47:00,687 [12] DEBUG SMGS.Presentation.Controllers.AdminController - Enter method [.ctor]
2018-06-01 16:47:00,691 [12] INFO  SMGS.Presentation.Controllers.AdminController - Success set value to attributes
2018-06-01 16:47:00,700 [12] DEBUG SMGS.Presentation.Controllers.AdminController - Leave method [.ctor]
2018-06-01 16:47:00,717 [12] DEBUG SMGS.Presentation.Controllers.AdminController - Enter method [Index]
2018-06-01 16:47:00,725 [12] DEBUG SMGS.Presentation.Controllers.AdminController - Leave method [Index]
