2018-02-19 17:39:39,030 [5] DEBUG Infrastructure.Data.Repositories.StaffRepository - Enter method [.ctor]
2018-02-19 17:39:39,055 [5] INFO  Infrastructure.Data.Repositories.StaffRepository - Success setting value to empPerPage attribute value: [20]
2018-02-19 17:39:39,069 [5] DEBUG Infrastructure.Data.Repositories.StaffRepository - Leave method [.ctor]
2018-02-19 17:39:39,079 [5] DEBUG Service.Business.Services.StaffServices - Enter method [.ctor]
2018-02-19 17:39:39,088 [5] INFO  Service.Business.Services.StaffServices - Success setting values for attributes
2018-02-19 17:39:39,100 [5] DEBUG Service.Business.Services.StaffServices - Leave method [.ctor]
2018-02-19 17:39:39,138 [5] DEBUG Infrastructure.Data.Repositories.ContactInformationRepository - Enter method [.ctor]
2018-02-19 17:39:39,146 [5] INFO  Infrastructure.Data.Repositories.ContactInformationRepository - Success setting values for attributes
2018-02-19 17:39:39,154 [5] DEBUG Infrastructure.Data.Repositories.ContactInformationRepository - Leave method [.ctor]
2018-02-19 17:39:39,165 [5] DEBUG Service.Business.Services.ContactInformationServices - Enter method [.ctor]
2018-02-19 17:39:39,175 [5] DEBUG Service.Business.Services.ContactInformationServices - Leave method [.ctor]
2018-02-19 17:39:39,192 [5] DEBUG Infrastructure.Data.Repositories.ServiceRepository - Enter method [.ctor]
2018-02-19 17:39:39,202 [5] INFO  Infrastructure.Data.Repositories.ServiceRepository - Success setting value to servicesPerPage attribute value: [20]
2018-02-19 17:39:39,210 [5] INFO  Infrastructure.Data.Repositories.ServiceRepository - Setting value for attributes
2018-02-19 17:39:39,217 [5] DEBUG Infrastructure.Data.Repositories.ServiceRepository - Leave method [.ctor]
2018-02-19 17:39:39,226 [5] DEBUG Service.Business.Services.ServiceServices - Enter method [.ctor]
2018-02-19 17:39:39,235 [5] INFO  Service.Business.Services.ServiceServices - Success setting values for attributes
2018-02-19 17:39:39,244 [5] DEBUG Service.Business.Services.ServiceServices - Leave method [.ctor]
2018-02-19 17:39:39,268 [5] DEBUG Infrastructure.Data.Repositories.SalaryRepository - Enter method [.ctor]
2018-02-19 17:39:39,274 [5] INFO  Infrastructure.Data.Repositories.SalaryRepository - Success setting value to servicesPerPage attribute value: [3]
2018-02-19 17:39:39,282 [5] INFO  Infrastructure.Data.Repositories.SalaryRepository - Success set value for attributes
2018-02-19 17:39:39,289 [5] DEBUG Infrastructure.Data.Repositories.SalaryRepository - Leave method [.ctor]
2018-02-19 17:39:39,299 [5] DEBUG SMGS.Presentation.Controllers.adminController - Enter method [.ctor]
2018-02-19 17:39:39,309 [5] INFO  SMGS.Presentation.Controllers.adminController - Success set value to attributes
2018-02-19 17:39:39,318 [5] DEBUG SMGS.Presentation.Controllers.adminController - Leave method [.ctor]
2018-02-19 17:39:39,747 [5] DEBUG SMGS.Presentation.Controllers.adminController - Enter method [employees]
2018-02-19 17:39:39,761 [5] DEBUG Service.Business.Services.StaffServices - Enter method [GetStaffByPage]
2018-02-19 17:39:39,773 [5] DEBUG Service.Business.Services.StaffServices - Leave method [GetStaffByPage]
2018-02-19 17:39:39,791 [5] DEBUG Infrastructure.Data.Repositories.StaffRepository - Enter method [GetStaffByPage]
2018-02-19 17:40:42,282 [5] ERROR Infrastructure.Data.Repositories.StaffRepository - Error: [A network-related or instance-specific error occurred while establishing a connection to SQL Server. The server was not found or was not accessible. Verify that the instance name is correct and that SQL Server is configured to allow remote connections. (provider: Shared Memory Provider, error: 40 - Could not open a connection to SQL Server)]
2018-02-19 17:40:42,290 [5] DEBUG Infrastructure.Data.Repositories.StaffRepository - Leave method [GetStaffByPage]
2018-02-19 17:40:42,392 [5] ERROR SMGS.Presentation.Controllers.adminController - Error: [Value cannot be null.
Parameter name: source]
2018-02-19 17:40:42,404 [5] DEBUG SMGS.Presentation.Controllers.adminController - Leave method [employees]
2018-02-19 23:27:17,290 [5] DEBUG Infrastructure.Data.Repositories.StaffRepository - Enter method [.ctor]
2018-02-19 23:27:17,491 [5] INFO  Infrastructure.Data.Repositories.StaffRepository - Success setting value to empPerPage attribute value: [20]
2018-02-19 23:27:17,503 [5] DEBUG Infrastructure.Data.Repositories.StaffRepository - Leave method [.ctor]
2018-02-19 23:27:17,513 [5] DEBUG Service.Business.Services.StaffServices - Enter method [.ctor]
2018-02-19 23:27:17,522 [5] INFO  Service.Business.Services.StaffServices - Success setting values for attributes
2018-02-19 23:27:17,534 [5] DEBUG Service.Business.Services.StaffServices - Leave method [.ctor]
2018-02-19 23:27:17,625 [5] DEBUG Infrastructure.Data.Repositories.ContactInformationRepository - Enter method [.ctor]
2018-02-19 23:27:17,635 [5] INFO  Infrastructure.Data.Repositories.ContactInformationRepository - Success setting values for attributes
2018-02-19 23:27:17,650 [5] DEBUG Infrastructure.Data.Repositories.ContactInformationRepository - Leave method [.ctor]
2018-02-19 23:27:17,661 [5] DEBUG Service.Business.Services.ContactInformationServices - Enter method [.ctor]
2018-02-19 23:27:17,672 [5] DEBUG Service.Business.Services.ContactInformationServices - Leave method [.ctor]
2018-02-19 23:27:17,697 [5] DEBUG Infrastructure.Data.Repositories.ServiceRepository - Enter method [.ctor]
2018-02-19 23:27:17,707 [5] INFO  Infrastructure.Data.Repositories.ServiceRepository - Success setting value to servicesPerPage attribute value: [20]
2018-02-19 23:27:17,715 [5] INFO  Infrastructure.Data.Repositories.ServiceRepository - Setting value for attributes
2018-02-19 23:27:17,722 [5] DEBUG Infrastructure.Data.Repositories.ServiceRepository - Leave method [.ctor]
2018-02-19 23:27:17,730 [5] DEBUG Service.Business.Services.ServiceServices - Enter method [.ctor]
2018-02-19 23:27:17,738 [5] INFO  Service.Business.Services.ServiceServices - Success setting values for attributes
2018-02-19 23:27:17,745 [5] DEBUG Service.Business.Services.ServiceServices - Leave method [.ctor]
2018-02-19 23:27:17,762 [5] DEBUG Infrastructure.Data.Repositories.SalaryRepository - Enter method [.ctor]
2018-02-19 23:27:17,770 [5] INFO  Infrastructure.Data.Repositories.SalaryRepository - Success setting value to servicesPerPage attribute value: [3]
2018-02-19 23:27:17,779 [5] INFO  Infrastructure.Data.Repositories.SalaryRepository - Success set value for attributes
2018-02-19 23:27:17,787 [5] DEBUG Infrastructure.Data.Repositories.SalaryRepository - Leave method [.ctor]
2018-02-19 23:27:17,850 [5] DEBUG SMGS.Presentation.Controllers.adminController - Enter method [.ctor]
2018-02-19 23:27:17,857 [5] INFO  SMGS.Presentation.Controllers.adminController - Success set value to attributes
2018-02-19 23:27:17,863 [5] DEBUG SMGS.Presentation.Controllers.adminController - Leave method [.ctor]
2018-02-19 23:27:18,223 [5] DEBUG SMGS.Presentation.Controllers.adminController - Enter method [employees]
2018-02-19 23:27:18,232 [5] DEBUG Service.Business.Services.StaffServices - Enter method [GetStaffByPage]
2018-02-19 23:27:18,246 [5] DEBUG Infrastructure.Data.Repositories.StaffRepository - Enter method [GetStaffByPage]
2018-02-19 23:27:46,804 [5] INFO  Infrastructure.Data.Repositories.StaffRepository - All servicesfit a page. Get all services to a page
2018-02-19 23:27:46,842 [5] DEBUG Infrastructure.Data.Repositories.StaffRepository - Enter method [GetAll]
2018-02-19 23:27:46,852 [5] DEBUG Infrastructure.Data.Repositories.StaffRepository - Leave method [GetAll]
2018-02-19 23:27:46,865 [5] DEBUG Infrastructure.Data.Repositories.StaffRepository - Leave method [GetStaffByPage]
2018-02-19 23:27:46,881 [5] DEBUG Service.Business.Services.StaffServices - Leave method [GetStaffByPage]
2018-02-19 23:27:47,634 [5] DEBUG SMGS.Presentation.ViewModel.VM_Convert.ConvertVM - Enter method [ListStaff_To_VM_ListStaff]
2018-02-19 23:27:47,647 [5] DEBUG SMGS.Presentation.ViewModel.VM_Convert.ConvertVM - Enter method [Staff_To_VMStaff]
2018-02-19 23:27:47,659 [5] DEBUG SMGS.Presentation.ViewModel.VM_Convert.ConvertVM - Leave method [Staff_To_VMStaff]
2018-02-19 23:27:47,709 [5] DEBUG SMGS.Presentation.ViewModel.VM_Convert.ConvertVM - Enter method [Staff_To_VMStaff]
2018-02-19 23:27:47,729 [5] DEBUG SMGS.Presentation.ViewModel.VM_Convert.ConvertVM - Leave method [Staff_To_VMStaff]
2018-02-19 23:27:47,756 [5] DEBUG SMGS.Presentation.ViewModel.VM_Convert.ConvertVM - Enter method [Staff_To_VMStaff]
2018-02-19 23:27:47,770 [5] DEBUG SMGS.Presentation.ViewModel.VM_Convert.ConvertVM - Leave method [Staff_To_VMStaff]
2018-02-19 23:27:47,781 [5] DEBUG SMGS.Presentation.ViewModel.VM_Convert.ConvertVM - Enter method [Staff_To_VMStaff]
2018-02-19 23:27:47,791 [5] DEBUG SMGS.Presentation.ViewModel.VM_Convert.ConvertVM - Leave method [Staff_To_VMStaff]
2018-02-19 23:27:47,802 [5] DEBUG SMGS.Presentation.ViewModel.VM_Convert.ConvertVM - Enter method [Staff_To_VMStaff]
2018-02-19 23:27:47,813 [5] DEBUG SMGS.Presentation.ViewModel.VM_Convert.ConvertVM - Leave method [Staff_To_VMStaff]
2018-02-19 23:27:47,822 [5] DEBUG SMGS.Presentation.ViewModel.VM_Convert.ConvertVM - Enter method [Staff_To_VMStaff]
2018-02-19 23:27:47,832 [5] DEBUG SMGS.Presentation.ViewModel.VM_Convert.ConvertVM - Leave method [Staff_To_VMStaff]
2018-02-19 23:27:47,841 [5] DEBUG SMGS.Presentation.ViewModel.VM_Convert.ConvertVM - Enter method [Staff_To_VMStaff]
2018-02-19 23:27:47,858 [5] DEBUG SMGS.Presentation.ViewModel.VM_Convert.ConvertVM - Leave method [Staff_To_VMStaff]
2018-02-19 23:27:47,867 [5] DEBUG SMGS.Presentation.ViewModel.VM_Convert.ConvertVM - Enter method [Staff_To_VMStaff]
2018-02-19 23:27:47,878 [5] DEBUG SMGS.Presentation.ViewModel.VM_Convert.ConvertVM - Leave method [Staff_To_VMStaff]
2018-02-19 23:27:47,887 [5] DEBUG SMGS.Presentation.ViewModel.VM_Convert.ConvertVM - Enter method [Staff_To_VMStaff]
2018-02-19 23:27:47,897 [5] DEBUG SMGS.Presentation.ViewModel.VM_Convert.ConvertVM - Leave method [Staff_To_VMStaff]
2018-02-19 23:27:47,907 [5] DEBUG SMGS.Presentation.ViewModel.VM_Convert.ConvertVM - Enter method [Staff_To_VMStaff]
2018-02-19 23:27:47,919 [5] DEBUG SMGS.Presentation.ViewModel.VM_Convert.ConvertVM - Leave method [Staff_To_VMStaff]
2018-02-19 23:27:47,930 [5] DEBUG SMGS.Presentation.ViewModel.VM_Convert.ConvertVM - Enter method [Staff_To_VMStaff]
2018-02-19 23:27:47,939 [5] DEBUG SMGS.Presentation.ViewModel.VM_Convert.ConvertVM - Leave method [Staff_To_VMStaff]
2018-02-19 23:27:47,949 [5] DEBUG SMGS.Presentation.ViewModel.VM_Convert.ConvertVM - Enter method [Staff_To_VMStaff]
2018-02-19 23:27:47,959 [5] DEBUG SMGS.Presentation.ViewModel.VM_Convert.ConvertVM - Leave method [Staff_To_VMStaff]
2018-02-19 23:27:47,979 [5] DEBUG SMGS.Presentation.ViewModel.VM_Convert.ConvertVM - Enter method [Staff_To_VMStaff]
2018-02-19 23:27:47,994 [5] DEBUG SMGS.Presentation.ViewModel.VM_Convert.ConvertVM - Leave method [Staff_To_VMStaff]
2018-02-19 23:27:48,008 [5] DEBUG SMGS.Presentation.ViewModel.VM_Convert.ConvertVM - Enter method [Staff_To_VMStaff]
2018-02-19 23:27:48,019 [5] DEBUG SMGS.Presentation.ViewModel.VM_Convert.ConvertVM - Leave method [Staff_To_VMStaff]
2018-02-19 23:27:48,030 [5] DEBUG SMGS.Presentation.ViewModel.VM_Convert.ConvertVM - Enter method [Staff_To_VMStaff]
2018-02-19 23:27:48,041 [5] DEBUG SMGS.Presentation.ViewModel.VM_Convert.ConvertVM - Leave method [Staff_To_VMStaff]
2018-02-19 23:27:48,052 [5] DEBUG SMGS.Presentation.ViewModel.VM_Convert.ConvertVM - Enter method [Staff_To_VMStaff]
2018-02-19 23:27:48,062 [5] DEBUG SMGS.Presentation.ViewModel.VM_Convert.ConvertVM - Leave method [Staff_To_VMStaff]
2018-02-19 23:27:48,074 [5] DEBUG SMGS.Presentation.ViewModel.VM_Convert.ConvertVM - Enter method [Staff_To_VMStaff]
2018-02-19 23:27:48,099 [5] DEBUG SMGS.Presentation.ViewModel.VM_Convert.ConvertVM - Leave method [Staff_To_VMStaff]
2018-02-19 23:27:48,114 [5] DEBUG SMGS.Presentation.ViewModel.VM_Convert.ConvertVM - Enter method [Staff_To_VMStaff]
2018-02-19 23:27:48,125 [5] DEBUG SMGS.Presentation.ViewModel.VM_Convert.ConvertVM - Leave method [Staff_To_VMStaff]
2018-02-19 23:27:48,142 [5] DEBUG SMGS.Presentation.ViewModel.VM_Convert.ConvertVM - Enter method [Staff_To_VMStaff]
2018-02-19 23:27:48,159 [5] DEBUG SMGS.Presentation.ViewModel.VM_Convert.ConvertVM - Leave method [Staff_To_VMStaff]
2018-02-19 23:27:48,170 [5] DEBUG SMGS.Presentation.ViewModel.VM_Convert.ConvertVM - Leave method [ListStaff_To_VM_ListStaff]
2018-02-19 23:27:48,224 [5] DEBUG Service.Business.Services.ContactInformationServices - Enter method [GetContactInformationFromListStaff]
2018-02-19 23:27:48,236 [5] DEBUG Infrastructure.Data.Repositories.ContactInformationRepository - Enter method [GetContactInformationFromListStaff]
2018-02-19 23:27:48,248 [5] DEBUG Infrastructure.Data.Repositories.ContactInformationRepository - Enter method [Get]
2018-02-19 23:27:48,427 [5] DEBUG Infrastructure.Data.Repositories.ContactInformationRepository - Leave method [Get]
2018-02-19 23:27:48,437 [5] DEBUG Infrastructure.Data.Repositories.ContactInformationRepository - Enter method [Get]
2018-02-19 23:27:48,573 [5] DEBUG Infrastructure.Data.Repositories.ContactInformationRepository - Leave method [Get]
2018-02-19 23:27:48,587 [5] DEBUG Infrastructure.Data.Repositories.ContactInformationRepository - Enter method [Get]
2018-02-19 23:27:48,642 [5] DEBUG Infrastructure.Data.Repositories.ContactInformationRepository - Leave method [Get]
2018-02-19 23:27:48,687 [5] DEBUG Infrastructure.Data.Repositories.ContactInformationRepository - Enter method [Get]
2018-02-19 23:27:48,749 [5] DEBUG Infrastructure.Data.Repositories.ContactInformationRepository - Leave method [Get]
2018-02-19 23:27:48,758 [5] DEBUG Infrastructure.Data.Repositories.ContactInformationRepository - Enter method [Get]
2018-02-19 23:27:48,817 [5] DEBUG Infrastructure.Data.Repositories.ContactInformationRepository - Leave method [Get]
2018-02-19 23:27:48,827 [5] DEBUG Infrastructure.Data.Repositories.ContactInformationRepository - Enter method [Get]
2018-02-19 23:27:48,882 [5] DEBUG Infrastructure.Data.Repositories.ContactInformationRepository - Leave method [Get]
2018-02-19 23:27:48,893 [5] DEBUG Infrastructure.Data.Repositories.ContactInformationRepository - Enter method [Get]
2018-02-19 23:27:48,951 [5] DEBUG Infrastructure.Data.Repositories.ContactInformationRepository - Leave method [Get]
2018-02-19 23:27:48,961 [5] DEBUG Infrastructure.Data.Repositories.ContactInformationRepository - Enter method [Get]
2018-02-19 23:27:49,023 [5] DEBUG Infrastructure.Data.Repositories.ContactInformationRepository - Leave method [Get]
2018-02-19 23:27:49,033 [5] DEBUG Infrastructure.Data.Repositories.ContactInformationRepository - Enter method [Get]
2018-02-19 23:27:49,095 [5] DEBUG Infrastructure.Data.Repositories.ContactInformationRepository - Leave method [Get]
2018-02-19 23:27:49,105 [5] DEBUG Infrastructure.Data.Repositories.ContactInformationRepository - Enter method [Get]
2018-02-19 23:27:49,169 [5] DEBUG Infrastructure.Data.Repositories.ContactInformationRepository - Leave method [Get]
2018-02-19 23:27:49,178 [5] DEBUG Infrastructure.Data.Repositories.ContactInformationRepository - Enter method [Get]
2018-02-19 23:27:49,240 [5] DEBUG Infrastructure.Data.Repositories.ContactInformationRepository - Leave method [Get]
2018-02-19 23:27:49,250 [5] DEBUG Infrastructure.Data.Repositories.ContactInformationRepository - Enter method [Get]
2018-02-19 23:27:49,328 [5] DEBUG Infrastructure.Data.Repositories.ContactInformationRepository - Leave method [Get]
2018-02-19 23:27:49,338 [5] DEBUG Infrastructure.Data.Repositories.ContactInformationRepository - Enter method [Get]
2018-02-19 23:27:49,395 [5] DEBUG Infrastructure.Data.Repositories.ContactInformationRepository - Leave method [Get]
2018-02-19 23:27:49,406 [5] DEBUG Infrastructure.Data.Repositories.ContactInformationRepository - Enter method [Get]
2018-02-19 23:27:49,470 [5] DEBUG Infrastructure.Data.Repositories.ContactInformationRepository - Leave method [Get]
2018-02-19 23:27:49,481 [5] DEBUG Infrastructure.Data.Repositories.ContactInformationRepository - Enter method [Get]
2018-02-19 23:27:49,540 [5] DEBUG Infrastructure.Data.Repositories.ContactInformationRepository - Leave method [Get]
2018-02-19 23:27:49,551 [5] DEBUG Infrastructure.Data.Repositories.ContactInformationRepository - Enter method [Get]
2018-02-19 23:27:49,609 [5] DEBUG Infrastructure.Data.Repositories.ContactInformationRepository - Leave method [Get]
2018-02-19 23:27:49,619 [5] DEBUG Infrastructure.Data.Repositories.ContactInformationRepository - Enter method [Get]
2018-02-19 23:27:49,682 [5] DEBUG Infrastructure.Data.Repositories.ContactInformationRepository - Leave method [Get]
2018-02-19 23:27:49,695 [5] DEBUG Infrastructure.Data.Repositories.ContactInformationRepository - Enter method [Get]
2018-02-19 23:27:49,773 [5] DEBUG Infrastructure.Data.Repositories.ContactInformationRepository - Leave method [Get]
2018-02-19 23:27:49,785 [5] DEBUG Infrastructure.Data.Repositories.ContactInformationRepository - Enter method [Get]
2018-02-19 23:27:49,848 [5] DEBUG Infrastructure.Data.Repositories.ContactInformationRepository - Leave method [Get]
2018-02-19 23:27:49,866 [5] DEBUG Infrastructure.Data.Repositories.ContactInformationRepository - Enter method [Get]
2018-02-19 23:27:49,928 [5] DEBUG Infrastructure.Data.Repositories.ContactInformationRepository - Leave method [Get]
2018-02-19 23:27:49,941 [5] DEBUG Infrastructure.Data.Repositories.ContactInformationRepository - Enter method [Get]
2018-02-19 23:27:50,025 [5] DEBUG Infrastructure.Data.Repositories.ContactInformationRepository - Leave method [Get]
2018-02-19 23:27:50,036 [5] DEBUG Infrastructure.Data.Repositories.ContactInformationRepository - Enter method [Get]
2018-02-19 23:27:50,094 [5] DEBUG Infrastructure.Data.Repositories.ContactInformationRepository - Leave method [Get]
2018-02-19 23:27:50,105 [5] DEBUG Infrastructure.Data.Repositories.ContactInformationRepository - Enter method [Get]
2018-02-19 23:27:50,170 [5] DEBUG Infrastructure.Data.Repositories.ContactInformationRepository - Leave method [Get]
2018-02-19 23:27:50,181 [5] DEBUG Infrastructure.Data.Repositories.ContactInformationRepository - Enter method [Get]
2018-02-19 23:27:50,245 [5] DEBUG Infrastructure.Data.Repositories.ContactInformationRepository - Leave method [Get]
2018-02-19 23:27:50,260 [5] DEBUG Infrastructure.Data.Repositories.ContactInformationRepository - Enter method [Get]
2018-02-19 23:27:50,321 [5] DEBUG Infrastructure.Data.Repositories.ContactInformationRepository - Leave method [Get]
2018-02-19 23:27:50,335 [5] DEBUG Infrastructure.Data.Repositories.ContactInformationRepository - Enter method [Get]
2018-02-19 23:27:50,428 [5] DEBUG Infrastructure.Data.Repositories.ContactInformationRepository - Leave method [Get]
2018-02-19 23:27:50,467 [5] DEBUG Infrastructure.Data.Repositories.ContactInformationRepository - Enter method [Get]
2018-02-19 23:27:50,550 [5] DEBUG Infrastructure.Data.Repositories.ContactInformationRepository - Leave method [Get]
2018-02-19 23:27:50,560 [5] DEBUG Infrastructure.Data.Repositories.ContactInformationRepository - Enter method [Get]
2018-02-19 23:27:50,623 [5] DEBUG Infrastructure.Data.Repositories.ContactInformationRepository - Leave method [Get]
2018-02-19 23:27:50,635 [5] DEBUG Infrastructure.Data.Repositories.ContactInformationRepository - Enter method [Get]
2018-02-19 23:27:50,697 [5] DEBUG Infrastructure.Data.Repositories.ContactInformationRepository - Leave method [Get]
2018-02-19 23:27:50,708 [5] DEBUG Infrastructure.Data.Repositories.ContactInformationRepository - Enter method [Get]
2018-02-19 23:27:50,767 [5] DEBUG Infrastructure.Data.Repositories.ContactInformationRepository - Leave method [Get]
2018-02-19 23:27:50,782 [5] DEBUG Infrastructure.Data.Repositories.ContactInformationRepository - Enter method [Get]
2018-02-19 23:27:50,853 [5] DEBUG Infrastructure.Data.Repositories.ContactInformationRepository - Leave method [Get]
2018-02-19 23:27:50,863 [5] DEBUG Infrastructure.Data.Repositories.ContactInformationRepository - Enter method [Get]
2018-02-19 23:27:50,946 [5] DEBUG Infrastructure.Data.Repositories.ContactInformationRepository - Leave method [Get]
2018-02-19 23:27:50,959 [5] DEBUG Infrastructure.Data.Repositories.ContactInformationRepository - Enter method [Get]
2018-02-19 23:27:51,054 [5] DEBUG Infrastructure.Data.Repositories.ContactInformationRepository - Leave method [Get]
2018-02-19 23:27:51,067 [5] DEBUG Infrastructure.Data.Repositories.ContactInformationRepository - Enter method [Get]
2018-02-19 23:27:51,129 [5] DEBUG Infrastructure.Data.Repositories.ContactInformationRepository - Leave method [Get]
2018-02-19 23:27:51,142 [5] DEBUG Infrastructure.Data.Repositories.ContactInformationRepository - Enter method [Get]
2018-02-19 23:27:51,213 [5] DEBUG Infrastructure.Data.Repositories.ContactInformationRepository - Leave method [Get]
2018-02-19 23:27:51,230 [5] DEBUG Infrastructure.Data.Repositories.ContactInformationRepository - Enter method [Get]
2018-02-19 23:27:51,307 [5] DEBUG Infrastructure.Data.Repositories.ContactInformationRepository - Leave method [Get]
2018-02-19 23:27:51,408 [5] DEBUG Infrastructure.Data.Repositories.ContactInformationRepository - Enter method [Get]
2018-02-19 23:27:51,468 [5] DEBUG Infrastructure.Data.Repositories.ContactInformationRepository - Leave method [Get]
2018-02-19 23:27:51,479 [5] INFO  Infrastructure.Data.Repositories.ContactInformationRepository - Found [19] contact information for: [19] people
2018-02-19 23:27:51,492 [5] DEBUG Infrastructure.Data.Repositories.ContactInformationRepository - Leave method [GetContactInformationFromListStaff]
2018-02-19 23:27:51,503 [5] DEBUG Service.Business.Services.ContactInformationServices - Leave method [GetContactInformationFromListStaff]
2018-02-19 23:27:51,515 [5] DEBUG SMGS.Presentation.ViewModel.VM_Convert.ConvertVM - Enter method [ListContactInformation_To_ListVMContactInformation]
2018-02-19 23:27:51,532 [5] DEBUG SMGS.Presentation.ViewModel.VM_Convert.ConvertVM - Enter method [Address_To_VMAddress]
2018-02-19 23:27:52,296 [5] ERROR SMGS.Presentation.ViewModel.VM_Convert.ConvertVM - Error: [Object reference not set to an instance of an object.]
2018-02-19 23:27:52,384 [5] DEBUG SMGS.Presentation.ViewModel.VM_Convert.ConvertVM - Leave method [Address_To_VMAddress]
2018-02-19 23:27:52,395 [5] DEBUG SMGS.Presentation.ViewModel.VM_Convert.ConvertVM - Enter method [ContactFor_To_VMContactFor]
2018-02-19 23:27:52,508 [5] ERROR SMGS.Presentation.ViewModel.VM_Convert.ConvertVM - Error: [Object reference not set to an instance of an object.]
2018-02-19 23:27:52,531 [5] DEBUG SMGS.Presentation.ViewModel.VM_Convert.ConvertVM - Leave method [ContactFor_To_VMContactFor]
2018-02-19 23:27:52,545 [5] DEBUG SMGS.Presentation.ViewModel.VM_Convert.ConvertVM - Enter method [ContactType_To_VMContactType]
2018-02-19 23:27:52,672 [5] ERROR SMGS.Presentation.ViewModel.VM_Convert.ConvertVM - Error: [Object reference not set to an instance of an object.]
2018-02-19 23:27:52,699 [5] DEBUG SMGS.Presentation.ViewModel.VM_Convert.ConvertVM - Leave method [ContactType_To_VMContactType]
2018-02-19 23:27:52,717 [5] DEBUG SMGS.Presentation.ViewModel.VM_Convert.ConvertVM - Enter method [EAddress_To_VMEAddress]
2018-02-19 23:27:52,847 [5] ERROR SMGS.Presentation.ViewModel.VM_Convert.ConvertVM - Error: [Object reference not set to an instance of an object.]
2018-02-19 23:27:52,858 [5] DEBUG SMGS.Presentation.ViewModel.VM_Convert.ConvertVM - Leave method [EAddress_To_VMEAddress]
2018-02-19 23:27:53,411 [5] DEBUG SMGS.Presentation.ViewModel.VM_Convert.ConvertVM - Enter method [Address_To_VMAddress]
2018-02-19 23:27:53,911 [5] DEBUG SMGS.Presentation.ViewModel.VM_Convert.ConvertVM - Enter method [District_To_VMDistrict]
2018-02-19 23:27:54,224 [5] DEBUG SMGS.Presentation.ViewModel.VM_Convert.ConvertVM - Enter method [Province_To_VMProvince]
2018-02-19 23:27:54,334 [5] DEBUG SMGS.Presentation.ViewModel.VM_Convert.ConvertVM - Enter method [Country_To_VMCountry]
2018-02-19 23:27:54,396 [5] DEBUG SMGS.Presentation.ViewModel.VM_Convert.ConvertVM - Leave method [Country_To_VMCountry]
2018-02-19 23:27:54,409 [5] DEBUG SMGS.Presentation.ViewModel.VM_Convert.ConvertVM - Leave method [Province_To_VMProvince]
2018-02-19 23:27:54,421 [5] DEBUG SMGS.Presentation.ViewModel.VM_Convert.ConvertVM - Leave method [District_To_VMDistrict]
2018-02-19 23:27:54,432 [5] DEBUG SMGS.Presentation.ViewModel.VM_Convert.ConvertVM - Leave method [Address_To_VMAddress]
2018-02-19 23:27:54,551 [5] DEBUG SMGS.Presentation.ViewModel.VM_Convert.ConvertVM - Enter method [ContactFor_To_VMContactFor]
2018-02-19 23:27:54,562 [5] DEBUG SMGS.Presentation.ViewModel.VM_Convert.ConvertVM - Leave method [ContactFor_To_VMContactFor]
2018-02-19 23:27:54,762 [5] DEBUG SMGS.Presentation.ViewModel.VM_Convert.ConvertVM - Enter method [ContactType_To_VMContactType]
2018-02-19 23:27:54,820 [5] DEBUG SMGS.Presentation.ViewModel.VM_Convert.ConvertVM - Leave method [ContactType_To_VMContactType]
2018-02-19 23:27:55,009 [5] DEBUG SMGS.Presentation.ViewModel.VM_Convert.ConvertVM - Enter method [EAddress_To_VMEAddress]
2018-02-19 23:27:55,020 [5] DEBUG SMGS.Presentation.ViewModel.VM_Convert.ConvertVM - Leave method [EAddress_To_VMEAddress]
2018-02-19 23:27:55,081 [5] DEBUG SMGS.Presentation.ViewModel.VM_Convert.ConvertVM - Enter method [Address_To_VMAddress]
2018-02-19 23:27:55,141 [5] DEBUG SMGS.Presentation.ViewModel.VM_Convert.ConvertVM - Enter method [District_To_VMDistrict]
2018-02-19 23:27:55,209 [5] DEBUG SMGS.Presentation.ViewModel.VM_Convert.ConvertVM - Enter method [Province_To_VMProvince]
2018-02-19 23:27:55,269 [5] DEBUG SMGS.Presentation.ViewModel.VM_Convert.ConvertVM - Enter method [Country_To_VMCountry]
2018-02-19 23:27:55,279 [5] DEBUG SMGS.Presentation.ViewModel.VM_Convert.ConvertVM - Leave method [Country_To_VMCountry]
2018-02-19 23:27:55,292 [5] DEBUG SMGS.Presentation.ViewModel.VM_Convert.ConvertVM - Leave method [Province_To_VMProvince]
2018-02-19 23:27:55,305 [5] DEBUG SMGS.Presentation.ViewModel.VM_Convert.ConvertVM - Leave method [District_To_VMDistrict]
2018-02-19 23:27:55,317 [5] DEBUG SMGS.Presentation.ViewModel.VM_Convert.ConvertVM - Leave method [Address_To_VMAddress]
2018-02-19 23:27:55,331 [5] DEBUG SMGS.Presentation.ViewModel.VM_Convert.ConvertVM - Enter method [ContactFor_To_VMContactFor]
2018-02-19 23:27:55,343 [5] DEBUG SMGS.Presentation.ViewModel.VM_Convert.ConvertVM - Leave method [ContactFor_To_VMContactFor]
2018-02-19 23:27:55,355 [5] DEBUG SMGS.Presentation.ViewModel.VM_Convert.ConvertVM - Enter method [ContactType_To_VMContactType]
2018-02-19 23:27:55,368 [5] DEBUG SMGS.Presentation.ViewModel.VM_Convert.ConvertVM - Leave method [ContactType_To_VMContactType]
2018-02-19 23:27:55,417 [5] DEBUG SMGS.Presentation.ViewModel.VM_Convert.ConvertVM - Enter method [EAddress_To_VMEAddress]
2018-02-19 23:27:55,427 [5] DEBUG SMGS.Presentation.ViewModel.VM_Convert.ConvertVM - Leave method [EAddress_To_VMEAddress]
2018-02-19 23:27:55,483 [5] DEBUG SMGS.Presentation.ViewModel.VM_Convert.ConvertVM - Enter method [Address_To_VMAddress]
2018-02-19 23:27:55,539 [5] DEBUG SMGS.Presentation.ViewModel.VM_Convert.ConvertVM - Enter method [District_To_VMDistrict]
2018-02-19 23:27:55,597 [5] DEBUG SMGS.Presentation.ViewModel.VM_Convert.ConvertVM - Enter method [Province_To_VMProvince]
2018-02-19 23:27:55,653 [5] DEBUG SMGS.Presentation.ViewModel.VM_Convert.ConvertVM - Enter method [Country_To_VMCountry]
2018-02-19 23:27:55,664 [5] DEBUG SMGS.Presentation.ViewModel.VM_Convert.ConvertVM - Leave method [Country_To_VMCountry]
2018-02-19 23:27:55,676 [5] DEBUG SMGS.Presentation.ViewModel.VM_Convert.ConvertVM - Leave method [Province_To_VMProvince]
2018-02-19 23:27:55,687 [5] DEBUG SMGS.Presentation.ViewModel.VM_Convert.ConvertVM - Leave method [District_To_VMDistrict]
2018-02-19 23:27:55,697 [5] DEBUG SMGS.Presentation.ViewModel.VM_Convert.ConvertVM - Leave method [Address_To_VMAddress]
2018-02-19 23:27:55,710 [5] DEBUG SMGS.Presentation.ViewModel.VM_Convert.ConvertVM - Enter method [ContactFor_To_VMContactFor]
2018-02-19 23:27:55,725 [5] DEBUG SMGS.Presentation.ViewModel.VM_Convert.ConvertVM - Leave method [ContactFor_To_VMContactFor]
2018-02-19 23:27:55,738 [5] DEBUG SMGS.Presentation.ViewModel.VM_Convert.ConvertVM - Enter method [ContactType_To_VMContactType]
2018-02-19 23:27:55,749 [5] DEBUG SMGS.Presentation.ViewModel.VM_Convert.ConvertVM - Leave method [ContactType_To_VMContactType]
2018-02-19 23:27:55,810 [5] DEBUG SMGS.Presentation.ViewModel.VM_Convert.ConvertVM - Enter method [EAddress_To_VMEAddress]
2018-02-19 23:27:55,822 [5] DEBUG SMGS.Presentation.ViewModel.VM_Convert.ConvertVM - Leave method [EAddress_To_VMEAddress]
2018-02-19 23:27:55,833 [5] DEBUG SMGS.Presentation.ViewModel.VM_Convert.ConvertVM - Enter method [Address_To_VMAddress]
2018-02-19 23:27:55,845 [5] DEBUG SMGS.Presentation.ViewModel.VM_Convert.ConvertVM - Enter method [District_To_VMDistrict]
2018-02-19 23:27:55,856 [5] DEBUG SMGS.Presentation.ViewModel.VM_Convert.ConvertVM - Enter method [Province_To_VMProvince]
2018-02-19 23:27:55,867 [5] DEBUG SMGS.Presentation.ViewModel.VM_Convert.ConvertVM - Enter method [Country_To_VMCountry]
2018-02-19 23:27:55,877 [5] DEBUG SMGS.Presentation.ViewModel.VM_Convert.ConvertVM - Leave method [Country_To_VMCountry]
2018-02-19 23:27:55,887 [5] DEBUG SMGS.Presentation.ViewModel.VM_Convert.ConvertVM - Leave method [Province_To_VMProvince]
2018-02-19 23:27:55,897 [5] DEBUG SMGS.Presentation.ViewModel.VM_Convert.ConvertVM - Leave method [District_To_VMDistrict]
2018-02-19 23:27:55,906 [5] DEBUG SMGS.Presentation.ViewModel.VM_Convert.ConvertVM - Leave method [Address_To_VMAddress]
2018-02-19 23:27:55,916 [5] DEBUG SMGS.Presentation.ViewModel.VM_Convert.ConvertVM - Enter method [ContactFor_To_VMContactFor]
2018-02-19 23:27:55,926 [5] DEBUG SMGS.Presentation.ViewModel.VM_Convert.ConvertVM - Leave method [ContactFor_To_VMContactFor]
2018-02-19 23:27:55,937 [5] DEBUG SMGS.Presentation.ViewModel.VM_Convert.ConvertVM - Enter method [ContactType_To_VMContactType]
2018-02-19 23:27:55,948 [5] DEBUG SMGS.Presentation.ViewModel.VM_Convert.ConvertVM - Leave method [ContactType_To_VMContactType]
2018-02-19 23:27:55,958 [5] DEBUG SMGS.Presentation.ViewModel.VM_Convert.ConvertVM - Enter method [EAddress_To_VMEAddress]
2018-02-19 23:27:55,974 [5] DEBUG SMGS.Presentation.ViewModel.VM_Convert.ConvertVM - Leave method [EAddress_To_VMEAddress]
2018-02-19 23:27:56,002 [5] DEBUG SMGS.Presentation.ViewModel.VM_Convert.ConvertVM - Enter method [Address_To_VMAddress]
2018-02-19 23:27:56,015 [5] DEBUG SMGS.Presentation.ViewModel.VM_Convert.ConvertVM - Enter method [District_To_VMDistrict]
2018-02-19 23:27:56,027 [5] DEBUG SMGS.Presentation.ViewModel.VM_Convert.ConvertVM - Enter method [Province_To_VMProvince]
2018-02-19 23:27:56,041 [5] DEBUG SMGS.Presentation.ViewModel.VM_Convert.ConvertVM - Enter method [Country_To_VMCountry]
2018-02-19 23:27:56,055 [5] DEBUG SMGS.Presentation.ViewModel.VM_Convert.ConvertVM - Leave method [Country_To_VMCountry]
2018-02-19 23:27:56,067 [5] DEBUG SMGS.Presentation.ViewModel.VM_Convert.ConvertVM - Leave method [Province_To_VMProvince]
2018-02-19 23:27:56,078 [5] DEBUG SMGS.Presentation.ViewModel.VM_Convert.ConvertVM - Leave method [District_To_VMDistrict]
2018-02-19 23:27:56,089 [5] DEBUG SMGS.Presentation.ViewModel.VM_Convert.ConvertVM - Leave method [Address_To_VMAddress]
2018-02-19 23:27:56,102 [5] DEBUG SMGS.Presentation.ViewModel.VM_Convert.ConvertVM - Enter method [ContactFor_To_VMContactFor]
2018-02-19 23:27:56,123 [5] DEBUG SMGS.Presentation.ViewModel.VM_Convert.ConvertVM - Leave method [ContactFor_To_VMContactFor]
2018-02-19 23:27:56,136 [5] DEBUG SMGS.Presentation.ViewModel.VM_Convert.ConvertVM - Enter method [ContactType_To_VMContactType]
2018-02-19 23:27:56,147 [5] DEBUG SMGS.Presentation.ViewModel.VM_Convert.ConvertVM - Leave method [ContactType_To_VMContactType]
2018-02-19 23:27:56,162 [5] DEBUG SMGS.Presentation.ViewModel.VM_Convert.ConvertVM - Enter method [EAddress_To_VMEAddress]
2018-02-19 23:27:56,228 [5] DEBUG SMGS.Presentation.ViewModel.VM_Convert.ConvertVM - Leave method [EAddress_To_VMEAddress]
2018-02-19 23:27:56,248 [5] DEBUG SMGS.Presentation.ViewModel.VM_Convert.ConvertVM - Enter method [Address_To_VMAddress]
2018-02-19 23:27:56,263 [5] DEBUG SMGS.Presentation.ViewModel.VM_Convert.ConvertVM - Enter method [District_To_VMDistrict]
2018-02-19 23:27:56,278 [5] DEBUG SMGS.Presentation.ViewModel.VM_Convert.ConvertVM - Enter method [Province_To_VMProvince]
2018-02-19 23:27:56,312 [5] DEBUG SMGS.Presentation.ViewModel.VM_Convert.ConvertVM - Enter method [Country_To_VMCountry]
2018-02-19 23:27:56,327 [5] DEBUG SMGS.Presentation.ViewModel.VM_Convert.ConvertVM - Leave method [Country_To_VMCountry]
2018-02-19 23:27:56,340 [5] DEBUG SMGS.Presentation.ViewModel.VM_Convert.ConvertVM - Leave method [Province_To_VMProvince]
2018-02-19 23:27:56,352 [5] DEBUG SMGS.Presentation.ViewModel.VM_Convert.ConvertVM - Leave method [District_To_VMDistrict]
2018-02-19 23:27:56,364 [5] DEBUG SMGS.Presentation.ViewModel.VM_Convert.ConvertVM - Leave method [Address_To_VMAddress]
2018-02-19 23:27:56,380 [5] DEBUG SMGS.Presentation.ViewModel.VM_Convert.ConvertVM - Enter method [ContactFor_To_VMContactFor]
2018-02-19 23:27:56,403 [5] DEBUG SMGS.Presentation.ViewModel.VM_Convert.ConvertVM - Leave method [ContactFor_To_VMContactFor]
2018-02-19 23:27:56,416 [5] DEBUG SMGS.Presentation.ViewModel.VM_Convert.ConvertVM - Enter method [ContactType_To_VMContactType]
2018-02-19 23:27:56,435 [5] DEBUG SMGS.Presentation.ViewModel.VM_Convert.ConvertVM - Leave method [ContactType_To_VMContactType]
2018-02-19 23:27:56,447 [5] DEBUG SMGS.Presentation.ViewModel.VM_Convert.ConvertVM - Enter method [EAddress_To_VMEAddress]
2018-02-19 23:27:56,457 [5] DEBUG SMGS.Presentation.ViewModel.VM_Convert.ConvertVM - Leave method [EAddress_To_VMEAddress]
2018-02-19 23:27:56,470 [5] DEBUG SMGS.Presentation.ViewModel.VM_Convert.ConvertVM - Enter method [Address_To_VMAddress]
2018-02-19 23:27:56,481 [5] DEBUG SMGS.Presentation.ViewModel.VM_Convert.ConvertVM - Enter method [District_To_VMDistrict]
2018-02-19 23:27:56,494 [5] DEBUG SMGS.Presentation.ViewModel.VM_Convert.ConvertVM - Enter method [Province_To_VMProvince]
2018-02-19 23:27:56,506 [5] DEBUG SMGS.Presentation.ViewModel.VM_Convert.ConvertVM - Enter method [Country_To_VMCountry]
2018-02-19 23:27:56,517 [5] DEBUG SMGS.Presentation.ViewModel.VM_Convert.ConvertVM - Leave method [Country_To_VMCountry]
2018-02-19 23:27:56,529 [5] DEBUG SMGS.Presentation.ViewModel.VM_Convert.ConvertVM - Leave method [Province_To_VMProvince]
2018-02-19 23:27:56,541 [5] DEBUG SMGS.Presentation.ViewModel.VM_Convert.ConvertVM - Leave method [District_To_VMDistrict]
2018-02-19 23:27:56,552 [5] DEBUG SMGS.Presentation.ViewModel.VM_Convert.ConvertVM - Leave method [Address_To_VMAddress]
2018-02-19 23:27:56,562 [5] DEBUG SMGS.Presentation.ViewModel.VM_Convert.ConvertVM - Enter method [ContactFor_To_VMContactFor]
2018-02-19 23:27:56,572 [5] DEBUG SMGS.Presentation.ViewModel.VM_Convert.ConvertVM - Leave method [ContactFor_To_VMContactFor]
2018-02-19 23:27:56,582 [5] DEBUG SMGS.Presentation.ViewModel.VM_Convert.ConvertVM - Enter method [ContactType_To_VMContactType]
2018-02-19 23:27:56,592 [5] DEBUG SMGS.Presentation.ViewModel.VM_Convert.ConvertVM - Leave method [ContactType_To_VMContactType]
2018-02-19 23:27:56,600 [5] DEBUG SMGS.Presentation.ViewModel.VM_Convert.ConvertVM - Enter method [EAddress_To_VMEAddress]
2018-02-19 23:27:56,609 [5] DEBUG SMGS.Presentation.ViewModel.VM_Convert.ConvertVM - Leave method [EAddress_To_VMEAddress]
2018-02-19 23:27:56,618 [5] DEBUG SMGS.Presentation.ViewModel.VM_Convert.ConvertVM - Enter method [Address_To_VMAddress]
2018-02-19 23:27:56,628 [5] DEBUG SMGS.Presentation.ViewModel.VM_Convert.ConvertVM - Enter method [District_To_VMDistrict]
2018-02-19 23:27:56,637 [5] DEBUG SMGS.Presentation.ViewModel.VM_Convert.ConvertVM - Enter method [Province_To_VMProvince]
2018-02-19 23:27:56,647 [5] DEBUG SMGS.Presentation.ViewModel.VM_Convert.ConvertVM - Enter method [Country_To_VMCountry]
2018-02-19 23:27:56,655 [5] DEBUG SMGS.Presentation.ViewModel.VM_Convert.ConvertVM - Leave method [Country_To_VMCountry]
2018-02-19 23:27:56,664 [5] DEBUG SMGS.Presentation.ViewModel.VM_Convert.ConvertVM - Leave method [Province_To_VMProvince]
2018-02-19 23:27:56,679 [5] DEBUG SMGS.Presentation.ViewModel.VM_Convert.ConvertVM - Leave method [District_To_VMDistrict]
2018-02-19 23:27:56,694 [5] DEBUG SMGS.Presentation.ViewModel.VM_Convert.ConvertVM - Leave method [Address_To_VMAddress]
2018-02-19 23:27:56,709 [5] DEBUG SMGS.Presentation.ViewModel.VM_Convert.ConvertVM - Enter method [ContactFor_To_VMContactFor]
2018-02-19 23:27:56,778 [5] DEBUG SMGS.Presentation.ViewModel.VM_Convert.ConvertVM - Leave method [ContactFor_To_VMContactFor]
2018-02-19 23:27:56,789 [5] DEBUG SMGS.Presentation.ViewModel.VM_Convert.ConvertVM - Enter method [ContactType_To_VMContactType]
2018-02-19 23:27:56,801 [5] DEBUG SMGS.Presentation.ViewModel.VM_Convert.ConvertVM - Leave method [ContactType_To_VMContactType]
2018-02-19 23:27:56,814 [5] DEBUG SMGS.Presentation.ViewModel.VM_Convert.ConvertVM - Enter method [EAddress_To_VMEAddress]
2018-02-19 23:27:56,830 [5] DEBUG SMGS.Presentation.ViewModel.VM_Convert.ConvertVM - Leave method [EAddress_To_VMEAddress]
2018-02-19 23:27:56,842 [5] DEBUG SMGS.Presentation.ViewModel.VM_Convert.ConvertVM - Enter method [Address_To_VMAddress]
2018-02-19 23:27:56,854 [5] DEBUG SMGS.Presentation.ViewModel.VM_Convert.ConvertVM - Enter method [District_To_VMDistrict]
2018-02-19 23:27:56,870 [5] DEBUG SMGS.Presentation.ViewModel.VM_Convert.ConvertVM - Enter method [Province_To_VMProvince]
2018-02-19 23:27:56,880 [5] DEBUG SMGS.Presentation.ViewModel.VM_Convert.ConvertVM - Enter method [Country_To_VMCountry]
2018-02-19 23:27:57,015 [5] DEBUG SMGS.Presentation.ViewModel.VM_Convert.ConvertVM - Leave method [Country_To_VMCountry]
2018-02-19 23:27:57,026 [5] DEBUG SMGS.Presentation.ViewModel.VM_Convert.ConvertVM - Leave method [Province_To_VMProvince]
2018-02-19 23:27:57,040 [5] DEBUG SMGS.Presentation.ViewModel.VM_Convert.ConvertVM - Leave method [District_To_VMDistrict]
2018-02-19 23:27:57,054 [5] DEBUG SMGS.Presentation.ViewModel.VM_Convert.ConvertVM - Leave method [Address_To_VMAddress]
2018-02-19 23:27:57,067 [5] DEBUG SMGS.Presentation.ViewModel.VM_Convert.ConvertVM - Enter method [ContactFor_To_VMContactFor]
2018-02-19 23:27:57,080 [5] DEBUG SMGS.Presentation.ViewModel.VM_Convert.ConvertVM - Leave method [ContactFor_To_VMContactFor]
2018-02-19 23:27:57,092 [5] DEBUG SMGS.Presentation.ViewModel.VM_Convert.ConvertVM - Enter method [ContactType_To_VMContactType]
2018-02-19 23:27:57,103 [5] DEBUG SMGS.Presentation.ViewModel.VM_Convert.ConvertVM - Leave method [ContactType_To_VMContactType]
2018-02-19 23:27:57,117 [5] DEBUG SMGS.Presentation.ViewModel.VM_Convert.ConvertVM - Enter method [EAddress_To_VMEAddress]
2018-02-19 23:27:57,129 [5] DEBUG SMGS.Presentation.ViewModel.VM_Convert.ConvertVM - Leave method [EAddress_To_VMEAddress]
2018-02-19 23:27:57,143 [5] DEBUG SMGS.Presentation.ViewModel.VM_Convert.ConvertVM - Enter method [Address_To_VMAddress]
2018-02-19 23:27:57,155 [5] DEBUG SMGS.Presentation.ViewModel.VM_Convert.ConvertVM - Enter method [District_To_VMDistrict]
2018-02-19 23:27:57,168 [5] DEBUG SMGS.Presentation.ViewModel.VM_Convert.ConvertVM - Enter method [Province_To_VMProvince]
2018-02-19 23:27:57,180 [5] DEBUG SMGS.Presentation.ViewModel.VM_Convert.ConvertVM - Enter method [Country_To_VMCountry]
2018-02-19 23:27:57,202 [5] DEBUG SMGS.Presentation.ViewModel.VM_Convert.ConvertVM - Leave method [Country_To_VMCountry]
2018-02-19 23:27:57,237 [5] DEBUG SMGS.Presentation.ViewModel.VM_Convert.ConvertVM - Leave method [Province_To_VMProvince]
2018-02-19 23:27:57,265 [5] DEBUG SMGS.Presentation.ViewModel.VM_Convert.ConvertVM - Leave method [District_To_VMDistrict]
2018-02-19 23:27:57,289 [5] DEBUG SMGS.Presentation.ViewModel.VM_Convert.ConvertVM - Leave method [Address_To_VMAddress]
2018-02-19 23:27:57,322 [5] DEBUG SMGS.Presentation.ViewModel.VM_Convert.ConvertVM - Enter method [ContactFor_To_VMContactFor]
2018-02-19 23:27:57,339 [5] DEBUG SMGS.Presentation.ViewModel.VM_Convert.ConvertVM - Leave method [ContactFor_To_VMContactFor]
2018-02-19 23:27:57,356 [5] DEBUG SMGS.Presentation.ViewModel.VM_Convert.ConvertVM - Enter method [ContactType_To_VMContactType]
2018-02-19 23:27:57,370 [5] DEBUG SMGS.Presentation.ViewModel.VM_Convert.ConvertVM - Leave method [ContactType_To_VMContactType]
2018-02-19 23:27:57,379 [5] DEBUG SMGS.Presentation.ViewModel.VM_Convert.ConvertVM - Enter method [EAddress_To_VMEAddress]
2018-02-19 23:27:57,389 [5] DEBUG SMGS.Presentation.ViewModel.VM_Convert.ConvertVM - Leave method [EAddress_To_VMEAddress]
2018-02-19 23:27:57,397 [5] DEBUG SMGS.Presentation.ViewModel.VM_Convert.ConvertVM - Enter method [Address_To_VMAddress]
2018-02-19 23:27:57,410 [5] DEBUG SMGS.Presentation.ViewModel.VM_Convert.ConvertVM - Enter method [District_To_VMDistrict]
2018-02-19 23:27:57,422 [5] DEBUG SMGS.Presentation.ViewModel.VM_Convert.ConvertVM - Enter method [Province_To_VMProvince]
2018-02-19 23:27:57,433 [5] DEBUG SMGS.Presentation.ViewModel.VM_Convert.ConvertVM - Enter method [Country_To_VMCountry]
2018-02-19 23:27:57,445 [5] DEBUG SMGS.Presentation.ViewModel.VM_Convert.ConvertVM - Leave method [Country_To_VMCountry]
2018-02-19 23:27:57,461 [5] DEBUG SMGS.Presentation.ViewModel.VM_Convert.ConvertVM - Leave method [Province_To_VMProvince]
2018-02-19 23:27:57,482 [5] DEBUG SMGS.Presentation.ViewModel.VM_Convert.ConvertVM - Leave method [District_To_VMDistrict]
2018-02-19 23:27:57,494 [5] DEBUG SMGS.Presentation.ViewModel.VM_Convert.ConvertVM - Leave method [Address_To_VMAddress]
2018-02-19 23:27:57,506 [5] DEBUG SMGS.Presentation.ViewModel.VM_Convert.ConvertVM - Enter method [ContactFor_To_VMContactFor]
2018-02-19 23:27:57,518 [5] DEBUG SMGS.Presentation.ViewModel.VM_Convert.ConvertVM - Leave method [ContactFor_To_VMContactFor]
2018-02-19 23:27:57,527 [5] DEBUG SMGS.Presentation.ViewModel.VM_Convert.ConvertVM - Enter method [ContactType_To_VMContactType]
2018-02-19 23:27:57,540 [5] DEBUG SMGS.Presentation.ViewModel.VM_Convert.ConvertVM - Leave method [ContactType_To_VMContactType]
2018-02-19 23:27:57,551 [5] DEBUG SMGS.Presentation.ViewModel.VM_Convert.ConvertVM - Enter method [EAddress_To_VMEAddress]
2018-02-19 23:27:57,562 [5] DEBUG SMGS.Presentation.ViewModel.VM_Convert.ConvertVM - Leave method [EAddress_To_VMEAddress]
2018-02-19 23:27:57,579 [5] DEBUG SMGS.Presentation.ViewModel.VM_Convert.ConvertVM - Enter method [Address_To_VMAddress]
2018-02-19 23:27:57,597 [5] DEBUG SMGS.Presentation.ViewModel.VM_Convert.ConvertVM - Enter method [District_To_VMDistrict]
2018-02-19 23:27:57,612 [5] DEBUG SMGS.Presentation.ViewModel.VM_Convert.ConvertVM - Enter method [Province_To_VMProvince]
2018-02-19 23:27:57,627 [5] DEBUG SMGS.Presentation.ViewModel.VM_Convert.ConvertVM - Enter method [Country_To_VMCountry]
2018-02-19 23:27:57,640 [5] DEBUG SMGS.Presentation.ViewModel.VM_Convert.ConvertVM - Leave method [Country_To_VMCountry]
2018-02-19 23:27:57,655 [5] DEBUG SMGS.Presentation.ViewModel.VM_Convert.ConvertVM - Leave method [Province_To_VMProvince]
2018-02-19 23:27:57,667 [5] DEBUG SMGS.Presentation.ViewModel.VM_Convert.ConvertVM - Leave method [District_To_VMDistrict]
2018-02-19 23:27:57,679 [5] DEBUG SMGS.Presentation.ViewModel.VM_Convert.ConvertVM - Leave method [Address_To_VMAddress]
2018-02-19 23:27:57,688 [5] DEBUG SMGS.Presentation.ViewModel.VM_Convert.ConvertVM - Enter method [ContactFor_To_VMContactFor]
2018-02-19 23:27:57,698 [5] DEBUG SMGS.Presentation.ViewModel.VM_Convert.ConvertVM - Leave method [ContactFor_To_VMContactFor]
2018-02-19 23:27:57,707 [5] DEBUG SMGS.Presentation.ViewModel.VM_Convert.ConvertVM - Enter method [ContactType_To_VMContactType]
2018-02-19 23:27:57,718 [5] DEBUG SMGS.Presentation.ViewModel.VM_Convert.ConvertVM - Leave method [ContactType_To_VMContactType]
2018-02-19 23:27:57,727 [5] DEBUG SMGS.Presentation.ViewModel.VM_Convert.ConvertVM - Enter method [EAddress_To_VMEAddress]
2018-02-19 23:27:57,736 [5] DEBUG SMGS.Presentation.ViewModel.VM_Convert.ConvertVM - Leave method [EAddress_To_VMEAddress]
2018-02-19 23:27:57,745 [5] DEBUG SMGS.Presentation.ViewModel.VM_Convert.ConvertVM - Enter method [Address_To_VMAddress]
2018-02-19 23:27:57,757 [5] DEBUG SMGS.Presentation.ViewModel.VM_Convert.ConvertVM - Enter method [District_To_VMDistrict]
2018-02-19 23:27:57,768 [5] DEBUG SMGS.Presentation.ViewModel.VM_Convert.ConvertVM - Enter method [Province_To_VMProvince]
2018-02-19 23:27:57,781 [5] DEBUG SMGS.Presentation.ViewModel.VM_Convert.ConvertVM - Enter method [Country_To_VMCountry]
2018-02-19 23:27:57,794 [5] DEBUG SMGS.Presentation.ViewModel.VM_Convert.ConvertVM - Leave method [Country_To_VMCountry]
2018-02-19 23:27:57,808 [5] DEBUG SMGS.Presentation.ViewModel.VM_Convert.ConvertVM - Leave method [Province_To_VMProvince]
2018-02-19 23:27:57,822 [5] DEBUG SMGS.Presentation.ViewModel.VM_Convert.ConvertVM - Leave method [District_To_VMDistrict]
2018-02-19 23:27:57,861 [5] DEBUG SMGS.Presentation.ViewModel.VM_Convert.ConvertVM - Leave method [Address_To_VMAddress]
2018-02-19 23:27:57,903 [5] DEBUG SMGS.Presentation.ViewModel.VM_Convert.ConvertVM - Enter method [ContactFor_To_VMContactFor]
2018-02-19 23:27:57,924 [5] DEBUG SMGS.Presentation.ViewModel.VM_Convert.ConvertVM - Leave method [ContactFor_To_VMContactFor]
2018-02-19 23:27:57,941 [5] DEBUG SMGS.Presentation.ViewModel.VM_Convert.ConvertVM - Enter method [ContactType_To_VMContactType]
2018-02-19 23:27:57,957 [5] DEBUG SMGS.Presentation.ViewModel.VM_Convert.ConvertVM - Leave method [ContactType_To_VMContactType]
2018-02-19 23:27:58,333 [5] DEBUG SMGS.Presentation.ViewModel.VM_Convert.ConvertVM - Enter method [EAddress_To_VMEAddress]
2018-02-19 23:27:58,351 [5] DEBUG SMGS.Presentation.ViewModel.VM_Convert.ConvertVM - Leave method [EAddress_To_VMEAddress]
2018-02-19 23:27:58,420 [5] DEBUG SMGS.Presentation.ViewModel.VM_Convert.ConvertVM - Enter method [Address_To_VMAddress]
2018-02-19 23:27:58,536 [5] DEBUG SMGS.Presentation.ViewModel.VM_Convert.ConvertVM - Enter method [District_To_VMDistrict]
2018-02-19 23:27:58,618 [5] DEBUG SMGS.Presentation.ViewModel.VM_Convert.ConvertVM - Enter method [Province_To_VMProvince]
2018-02-19 23:27:59,561 [5] DEBUG SMGS.Presentation.ViewModel.VM_Convert.ConvertVM - Enter method [Country_To_VMCountry]
2018-02-19 23:27:59,625 [5] DEBUG SMGS.Presentation.ViewModel.VM_Convert.ConvertVM - Leave method [Country_To_VMCountry]
2018-02-19 23:27:59,664 [5] DEBUG SMGS.Presentation.ViewModel.VM_Convert.ConvertVM - Leave method [Province_To_VMProvince]
2018-02-19 23:27:59,709 [5] DEBUG SMGS.Presentation.ViewModel.VM_Convert.ConvertVM - Leave method [District_To_VMDistrict]
2018-02-19 23:27:59,728 [5] DEBUG SMGS.Presentation.ViewModel.VM_Convert.ConvertVM - Leave method [Address_To_VMAddress]
2018-02-19 23:27:59,815 [5] DEBUG SMGS.Presentation.ViewModel.VM_Convert.ConvertVM - Enter method [ContactFor_To_VMContactFor]
2018-02-19 23:27:59,897 [5] DEBUG SMGS.Presentation.ViewModel.VM_Convert.ConvertVM - Leave method [ContactFor_To_VMContactFor]
2018-02-19 23:27:59,915 [5] DEBUG SMGS.Presentation.ViewModel.VM_Convert.ConvertVM - Enter method [ContactType_To_VMContactType]
2018-02-19 23:27:59,952 [5] DEBUG SMGS.Presentation.ViewModel.VM_Convert.ConvertVM - Leave method [ContactType_To_VMContactType]
2018-02-19 23:28:00,143 [5] DEBUG SMGS.Presentation.ViewModel.VM_Convert.ConvertVM - Enter method [EAddress_To_VMEAddress]
2018-02-19 23:28:00,164 [5] DEBUG SMGS.Presentation.ViewModel.VM_Convert.ConvertVM - Leave method [EAddress_To_VMEAddress]
2018-02-19 23:28:00,192 [5] DEBUG SMGS.Presentation.ViewModel.VM_Convert.ConvertVM - Enter method [Address_To_VMAddress]
2018-02-19 23:28:00,206 [5] DEBUG SMGS.Presentation.ViewModel.VM_Convert.ConvertVM - Enter method [District_To_VMDistrict]
2018-02-19 23:28:00,222 [5] DEBUG SMGS.Presentation.ViewModel.VM_Convert.ConvertVM - Enter method [Province_To_VMProvince]
2018-02-19 23:28:00,240 [5] DEBUG SMGS.Presentation.ViewModel.VM_Convert.ConvertVM - Enter method [Country_To_VMCountry]
2018-02-19 23:28:00,257 [5] DEBUG SMGS.Presentation.ViewModel.VM_Convert.ConvertVM - Leave method [Country_To_VMCountry]
2018-02-19 23:28:00,273 [5] DEBUG SMGS.Presentation.ViewModel.VM_Convert.ConvertVM - Leave method [Province_To_VMProvince]
2018-02-19 23:28:00,288 [5] DEBUG SMGS.Presentation.ViewModel.VM_Convert.ConvertVM - Leave method [District_To_VMDistrict]
2018-02-19 23:28:00,304 [5] DEBUG SMGS.Presentation.ViewModel.VM_Convert.ConvertVM - Leave method [Address_To_VMAddress]
2018-02-19 23:28:00,319 [5] DEBUG SMGS.Presentation.ViewModel.VM_Convert.ConvertVM - Enter method [ContactFor_To_VMContactFor]
2018-02-19 23:28:00,335 [5] DEBUG SMGS.Presentation.ViewModel.VM_Convert.ConvertVM - Leave method [ContactFor_To_VMContactFor]
2018-02-19 23:28:00,351 [5] DEBUG SMGS.Presentation.ViewModel.VM_Convert.ConvertVM - Enter method [ContactType_To_VMContactType]
2018-02-19 23:28:00,366 [5] DEBUG SMGS.Presentation.ViewModel.VM_Convert.ConvertVM - Leave method [ContactType_To_VMContactType]
2018-02-19 23:28:00,381 [5] DEBUG SMGS.Presentation.ViewModel.VM_Convert.ConvertVM - Enter method [EAddress_To_VMEAddress]
2018-02-19 23:28:00,400 [5] DEBUG SMGS.Presentation.ViewModel.VM_Convert.ConvertVM - Leave method [EAddress_To_VMEAddress]
2018-02-19 23:28:00,417 [5] DEBUG SMGS.Presentation.ViewModel.VM_Convert.ConvertVM - Enter method [Address_To_VMAddress]
2018-02-19 23:28:00,435 [5] DEBUG SMGS.Presentation.ViewModel.VM_Convert.ConvertVM - Enter method [District_To_VMDistrict]
2018-02-19 23:28:00,457 [5] DEBUG SMGS.Presentation.ViewModel.VM_Convert.ConvertVM - Enter method [Province_To_VMProvince]
2018-02-19 23:28:00,473 [5] DEBUG SMGS.Presentation.ViewModel.VM_Convert.ConvertVM - Enter method [Country_To_VMCountry]
2018-02-19 23:28:00,488 [5] DEBUG SMGS.Presentation.ViewModel.VM_Convert.ConvertVM - Leave method [Country_To_VMCountry]
2018-02-19 23:28:00,503 [5] DEBUG SMGS.Presentation.ViewModel.VM_Convert.ConvertVM - Leave method [Province_To_VMProvince]
2018-02-19 23:28:00,521 [5] DEBUG SMGS.Presentation.ViewModel.VM_Convert.ConvertVM - Leave method [District_To_VMDistrict]
2018-02-19 23:28:00,540 [5] DEBUG SMGS.Presentation.ViewModel.VM_Convert.ConvertVM - Leave method [Address_To_VMAddress]
2018-02-19 23:28:00,559 [5] DEBUG SMGS.Presentation.ViewModel.VM_Convert.ConvertVM - Enter method [ContactFor_To_VMContactFor]
2018-02-19 23:28:00,580 [5] DEBUG SMGS.Presentation.ViewModel.VM_Convert.ConvertVM - Leave method [ContactFor_To_VMContactFor]
2018-02-19 23:28:00,600 [5] DEBUG SMGS.Presentation.ViewModel.VM_Convert.ConvertVM - Enter method [ContactType_To_VMContactType]
2018-02-19 23:28:00,634 [5] DEBUG SMGS.Presentation.ViewModel.VM_Convert.ConvertVM - Leave method [ContactType_To_VMContactType]
2018-02-19 23:28:00,682 [5] DEBUG SMGS.Presentation.ViewModel.VM_Convert.ConvertVM - Enter method [EAddress_To_VMEAddress]
2018-02-19 23:28:00,714 [5] DEBUG SMGS.Presentation.ViewModel.VM_Convert.ConvertVM - Leave method [EAddress_To_VMEAddress]
2018-02-19 23:28:00,759 [5] DEBUG SMGS.Presentation.ViewModel.VM_Convert.ConvertVM - Enter method [Address_To_VMAddress]
2018-02-19 23:28:00,776 [5] DEBUG SMGS.Presentation.ViewModel.VM_Convert.ConvertVM - Enter method [District_To_VMDistrict]
2018-02-19 23:28:00,798 [5] DEBUG SMGS.Presentation.ViewModel.VM_Convert.ConvertVM - Enter method [Province_To_VMProvince]
2018-02-19 23:28:00,828 [5] DEBUG SMGS.Presentation.ViewModel.VM_Convert.ConvertVM - Enter method [Country_To_VMCountry]
2018-02-19 23:28:00,847 [5] DEBUG SMGS.Presentation.ViewModel.VM_Convert.ConvertVM - Leave method [Country_To_VMCountry]
2018-02-19 23:28:00,876 [5] DEBUG SMGS.Presentation.ViewModel.VM_Convert.ConvertVM - Leave method [Province_To_VMProvince]
2018-02-19 23:28:00,896 [5] DEBUG SMGS.Presentation.ViewModel.VM_Convert.ConvertVM - Leave method [District_To_VMDistrict]
2018-02-19 23:28:00,917 [5] DEBUG SMGS.Presentation.ViewModel.VM_Convert.ConvertVM - Leave method [Address_To_VMAddress]
2018-02-19 23:28:00,941 [5] DEBUG SMGS.Presentation.ViewModel.VM_Convert.ConvertVM - Enter method [ContactFor_To_VMContactFor]
2018-02-19 23:28:00,973 [5] DEBUG SMGS.Presentation.ViewModel.VM_Convert.ConvertVM - Leave method [ContactFor_To_VMContactFor]
2018-02-19 23:28:01,032 [5] DEBUG SMGS.Presentation.ViewModel.VM_Convert.ConvertVM - Enter method [ContactType_To_VMContactType]
2018-02-19 23:28:01,060 [5] DEBUG SMGS.Presentation.ViewModel.VM_Convert.ConvertVM - Leave method [ContactType_To_VMContactType]
2018-02-19 23:28:01,076 [5] DEBUG SMGS.Presentation.ViewModel.VM_Convert.ConvertVM - Enter method [EAddress_To_VMEAddress]
2018-02-19 23:28:01,100 [5] DEBUG SMGS.Presentation.ViewModel.VM_Convert.ConvertVM - Leave method [EAddress_To_VMEAddress]
2018-02-19 23:28:01,125 [5] DEBUG SMGS.Presentation.ViewModel.VM_Convert.ConvertVM - Enter method [Address_To_VMAddress]
2018-02-19 23:28:01,140 [5] DEBUG SMGS.Presentation.ViewModel.VM_Convert.ConvertVM - Enter method [District_To_VMDistrict]
2018-02-19 23:28:01,156 [5] DEBUG SMGS.Presentation.ViewModel.VM_Convert.ConvertVM - Enter method [Province_To_VMProvince]
2018-02-19 23:28:01,172 [5] DEBUG SMGS.Presentation.ViewModel.VM_Convert.ConvertVM - Enter method [Country_To_VMCountry]
2018-02-19 23:28:01,185 [5] DEBUG SMGS.Presentation.ViewModel.VM_Convert.ConvertVM - Leave method [Country_To_VMCountry]
2018-02-19 23:28:01,197 [5] DEBUG SMGS.Presentation.ViewModel.VM_Convert.ConvertVM - Leave method [Province_To_VMProvince]
2018-02-19 23:28:01,212 [5] DEBUG SMGS.Presentation.ViewModel.VM_Convert.ConvertVM - Leave method [District_To_VMDistrict]
2018-02-19 23:28:01,227 [5] DEBUG SMGS.Presentation.ViewModel.VM_Convert.ConvertVM - Leave method [Address_To_VMAddress]
2018-02-19 23:28:01,243 [5] DEBUG SMGS.Presentation.ViewModel.VM_Convert.ConvertVM - Enter method [ContactFor_To_VMContactFor]
2018-02-19 23:28:01,263 [5] DEBUG SMGS.Presentation.ViewModel.VM_Convert.ConvertVM - Leave method [ContactFor_To_VMContactFor]
2018-02-19 23:28:01,281 [5] DEBUG SMGS.Presentation.ViewModel.VM_Convert.ConvertVM - Enter method [ContactType_To_VMContactType]
2018-02-19 23:28:01,295 [5] DEBUG SMGS.Presentation.ViewModel.VM_Convert.ConvertVM - Leave method [ContactType_To_VMContactType]
2018-02-19 23:28:01,318 [5] DEBUG SMGS.Presentation.ViewModel.VM_Convert.ConvertVM - Enter method [EAddress_To_VMEAddress]
2018-02-19 23:28:01,341 [5] DEBUG SMGS.Presentation.ViewModel.VM_Convert.ConvertVM - Leave method [EAddress_To_VMEAddress]
2018-02-19 23:28:01,372 [5] DEBUG SMGS.Presentation.ViewModel.VM_Convert.ConvertVM - Leave method [ListContactInformation_To_ListVMContactInformation]
2018-02-19 23:28:01,402 [5] DEBUG Service.Business.Services.StaffServices - Enter method [CountTotalPages]
2018-02-19 23:28:01,427 [5] DEBUG Infrastructure.Data.Repositories.StaffRepository - Enter method [CountTotalPages]
2018-02-19 23:29:26,220 [5] DEBUG Infrastructure.Data.Repositories.StaffRepository - Enter method [CountAllStaff]
2018-02-19 23:29:26,513 [5] INFO  Infrastructure.Data.Repositories.StaffRepository - Found: [19] employees
2018-02-19 23:29:26,528 [5] DEBUG Infrastructure.Data.Repositories.StaffRepository - Leave method [CountAllStaff]
2018-02-19 23:29:26,544 [5] DEBUG Infrastructure.Data.Repositories.StaffRepository - Enter method [CountAllStaff]
2018-02-19 23:29:26,600 [5] INFO  Infrastructure.Data.Repositories.StaffRepository - Found: [19] employees
2018-02-19 23:29:26,611 [5] DEBUG Infrastructure.Data.Repositories.StaffRepository - Leave method [CountAllStaff]
2018-02-19 23:29:26,624 [5] INFO  Infrastructure.Data.Repositories.StaffRepository - Calculate [1] pages employee
2018-02-19 23:29:26,638 [5] DEBUG Infrastructure.Data.Repositories.StaffRepository - Leave method [CountTotalPages]
2018-02-19 23:29:26,647 [5] DEBUG Service.Business.Services.StaffServices - Leave method [CountTotalPages]
2018-02-19 23:29:26,662 [5] DEBUG SMGS.Presentation.ViewModel.VM_Convert.ConvertVM - Enter method [VM_ListStaff_Add_Paging]
2018-02-19 23:29:26,675 [5] DEBUG SMGS.Presentation.ViewModel.VM_Convert.ConvertVM - Leave method [VM_ListStaff_Add_Paging]
2018-02-19 23:29:26,749 [5] DEBUG SMGS.Presentation.Controllers.adminController - Leave method [employees]
