2018-04-23 19:19:33,750 [28] ERROR SMGS.Presentation.App_Start.Customize - Error: [Access to the path 'C:\Windows\Globalization\sz-VN.nlp' is denied.]
2018-04-23 19:23:23,240 [1] ERROR SMGS.Presentation.App_Start.Customize - Error: [Access to the path 'C:\Windows\Globalization\sz-VN.nlp' is denied.]
2018-04-23 19:23:34,721 [11] DEBUG Infrastructure.Data.Repositories.StaffRepository - Enter method [.ctor]
2018-04-23 19:23:34,725 [11] INFO  Infrastructure.Data.Repositories.StaffRepository - Success setting value to empPerPage attribute value: [20]
2018-04-23 19:23:34,729 [11] DEBUG Infrastructure.Data.Repositories.StaffRepository - Leave method [.ctor]
2018-04-23 19:23:34,733 [11] DEBUG Service.Business.Services.StaffServices - Enter method [.ctor]
2018-04-23 19:23:34,737 [11] INFO  Service.Business.Services.StaffServices - Success setting values for attributes
2018-04-23 19:23:34,740 [11] DEBUG Service.Business.Services.StaffServices - Leave method [.ctor]
2018-04-23 19:23:34,755 [11] DEBUG Infrastructure.Data.Repositories.ContactInformationRepository - Enter method [.ctor]
2018-04-23 19:23:34,758 [11] INFO  Infrastructure.Data.Repositories.ContactInformationRepository - Success setting values for attributes
2018-04-23 19:23:34,762 [11] DEBUG Infrastructure.Data.Repositories.ContactInformationRepository - Leave method [.ctor]
2018-04-23 19:23:34,765 [11] DEBUG Service.Business.Services.ContactInformationServices - Enter method [.ctor]
2018-04-23 19:23:34,769 [11] DEBUG Service.Business.Services.ContactInformationServices - Leave method [.ctor]
2018-04-23 19:23:34,777 [11] DEBUG Infrastructure.Data.Repositories.ServiceRepository - Enter method [.ctor]
2018-04-23 19:23:34,781 [11] INFO  Infrastructure.Data.Repositories.ServiceRepository - Success setting value to servicesPerPage attribute value: [20]
2018-04-23 19:23:34,785 [11] INFO  Infrastructure.Data.Repositories.ServiceRepository - Setting value for attributes
2018-04-23 19:23:34,789 [11] DEBUG Infrastructure.Data.Repositories.ServiceRepository - Leave method [.ctor]
2018-04-23 19:23:34,792 [11] DEBUG Service.Business.Services.ServiceServices - Enter method [.ctor]
2018-04-23 19:23:34,796 [11] INFO  Service.Business.Services.ServiceServices - Success setting values for attributes
2018-04-23 19:23:34,799 [11] DEBUG Service.Business.Services.ServiceServices - Leave method [.ctor]
2018-04-23 19:23:34,808 [11] DEBUG Infrastructure.Data.Repositories.SalaryRepository - Enter method [.ctor]
2018-04-23 19:23:34,812 [11] INFO  Infrastructure.Data.Repositories.SalaryRepository - Success setting value to servicesPerPage attribute value: [3]
2018-04-23 19:23:34,818 [11] INFO  Infrastructure.Data.Repositories.SalaryRepository - Success set value for attributes
2018-04-23 19:23:34,821 [11] DEBUG Infrastructure.Data.Repositories.SalaryRepository - Leave method [.ctor]
2018-04-23 19:23:34,831 [11] DEBUG Infrastructure.Data.Repositories.ReferenceRepository - Enter method [.ctor]
2018-04-23 19:23:34,835 [11] INFO  Infrastructure.Data.Repositories.ReferenceRepository - Success set values for attributes
2018-04-23 19:23:34,838 [11] DEBUG Infrastructure.Data.Repositories.ReferenceRepository - Leave method [.ctor]
2018-04-23 19:23:34,842 [11] DEBUG Service.Business.Services.ReferenceServices - Enter method [.ctor]
2018-04-23 19:23:34,846 [11] INFO  Service.Business.Services.ReferenceServices - Success set value for attributes
2018-04-23 19:23:34,849 [11] DEBUG Service.Business.Services.ReferenceServices - Leave method [.ctor]
2018-04-23 19:23:34,857 [11] DEBUG Service.Business.Services.NotificationServices - Enter method [.ctor]
2018-04-23 19:23:34,861 [11] DEBUG Service.Business.Services.NotificationServices - Leave method [.ctor]
2018-04-23 19:23:34,869 [11] DEBUG Infrastructure.Data.Repositories.BookingRepository - Enter method [.ctor]
2018-04-23 19:23:34,873 [11] DEBUG Infrastructure.Data.Repositories.BookingRepository - Leave method [.ctor]
2018-04-23 19:23:34,881 [11] DEBUG Infrastructure.Data.Repositories.BedRepository - Enter method [.ctor]
2018-04-23 19:23:34,885 [11] INFO  Infrastructure.Data.Repositories.BedRepository - Success setting value to bedPerPage attribute value: [20]
2018-04-23 19:23:34,889 [11] INFO  Infrastructure.Data.Repositories.BedRepository - Success setting values for attribbutes
2018-04-23 19:23:34,892 [11] DEBUG Infrastructure.Data.Repositories.BedRepository - Leave method [.ctor]
2018-04-23 19:23:34,897 [11] DEBUG SMGS.Presentation.Controllers.AdminController - Enter method [.ctor]
2018-04-23 19:23:34,901 [11] INFO  SMGS.Presentation.Controllers.AdminController - Success set value to attributes
2018-04-23 19:23:34,905 [11] DEBUG SMGS.Presentation.Controllers.AdminController - Leave method [.ctor]
2018-04-23 19:23:34,961 [11] DEBUG SMGS.Presentation.Controllers.AdminController - Enter method [Index]
2018-04-23 19:23:34,965 [11] DEBUG SMGS.Presentation.Controllers.AdminController - Leave method [Index]
2018-04-23 19:23:35,831 [11] DEBUG Infrastructure.Data.Repositories.StaffRepository - Enter method [.ctor]
2018-04-23 19:23:35,837 [11] INFO  Infrastructure.Data.Repositories.StaffRepository - Success setting value to empPerPage attribute value: [20]
2018-04-23 19:23:35,847 [11] DEBUG Infrastructure.Data.Repositories.StaffRepository - Leave method [.ctor]
2018-04-23 19:23:35,865 [11] DEBUG Service.Business.Services.StaffServices - Enter method [.ctor]
2018-04-23 19:23:35,878 [11] INFO  Service.Business.Services.StaffServices - Success setting values for attributes
2018-04-23 19:23:35,883 [11] DEBUG Service.Business.Services.StaffServices - Leave method [.ctor]
2018-04-23 19:23:35,889 [11] DEBUG Infrastructure.Data.Repositories.ContactInformationRepository - Enter method [.ctor]
2018-04-23 19:23:35,893 [11] INFO  Infrastructure.Data.Repositories.ContactInformationRepository - Success setting values for attributes
2018-04-23 19:23:35,897 [11] DEBUG Infrastructure.Data.Repositories.ContactInformationRepository - Leave method [.ctor]
2018-04-23 19:23:35,902 [11] DEBUG Service.Business.Services.ContactInformationServices - Enter method [.ctor]
2018-04-23 19:23:35,907 [11] DEBUG Service.Business.Services.ContactInformationServices - Leave method [.ctor]
2018-04-23 19:23:35,911 [11] DEBUG Infrastructure.Data.Repositories.ServiceRepository - Enter method [.ctor]
2018-04-23 19:23:35,915 [11] INFO  Infrastructure.Data.Repositories.ServiceRepository - Success setting value to servicesPerPage attribute value: [20]
2018-04-23 19:23:35,919 [11] INFO  Infrastructure.Data.Repositories.ServiceRepository - Setting value for attributes
2018-04-23 19:23:35,923 [11] DEBUG Infrastructure.Data.Repositories.ServiceRepository - Leave method [.ctor]
2018-04-23 19:23:35,927 [11] DEBUG Service.Business.Services.ServiceServices - Enter method [.ctor]
2018-04-23 19:23:35,931 [11] INFO  Service.Business.Services.ServiceServices - Success setting values for attributes
2018-04-23 19:23:35,936 [11] DEBUG Service.Business.Services.ServiceServices - Leave method [.ctor]
2018-04-23 19:23:35,941 [11] DEBUG Infrastructure.Data.Repositories.SalaryRepository - Enter method [.ctor]
2018-04-23 19:23:35,945 [11] INFO  Infrastructure.Data.Repositories.SalaryRepository - Success setting value to servicesPerPage attribute value: [3]
2018-04-23 19:23:35,949 [11] INFO  Infrastructure.Data.Repositories.SalaryRepository - Success set value for attributes
2018-04-23 19:23:35,953 [11] DEBUG Infrastructure.Data.Repositories.SalaryRepository - Leave method [.ctor]
2018-04-23 19:23:35,957 [11] DEBUG Infrastructure.Data.Repositories.ReferenceRepository - Enter method [.ctor]
2018-04-23 19:23:35,961 [11] INFO  Infrastructure.Data.Repositories.ReferenceRepository - Success set values for attributes
2018-04-23 19:23:35,965 [11] DEBUG Infrastructure.Data.Repositories.ReferenceRepository - Leave method [.ctor]
2018-04-23 19:23:35,970 [11] DEBUG Service.Business.Services.ReferenceServices - Enter method [.ctor]
2018-04-23 19:23:35,974 [11] INFO  Service.Business.Services.ReferenceServices - Success set value for attributes
2018-04-23 19:23:35,978 [11] DEBUG Service.Business.Services.ReferenceServices - Leave method [.ctor]
2018-04-23 19:23:35,982 [11] DEBUG Service.Business.Services.NotificationServices - Enter method [.ctor]
2018-04-23 19:23:35,986 [11] DEBUG Service.Business.Services.NotificationServices - Leave method [.ctor]
2018-04-23 19:23:35,991 [11] DEBUG Infrastructure.Data.Repositories.BookingRepository - Enter method [.ctor]
2018-04-23 19:23:35,994 [11] DEBUG Infrastructure.Data.Repositories.BookingRepository - Leave method [.ctor]
2018-04-23 19:23:35,998 [11] DEBUG Infrastructure.Data.Repositories.BedRepository - Enter method [.ctor]
2018-04-23 19:23:36,002 [11] INFO  Infrastructure.Data.Repositories.BedRepository - Success setting value to bedPerPage attribute value: [20]
2018-04-23 19:23:36,006 [11] INFO  Infrastructure.Data.Repositories.BedRepository - Success setting values for attribbutes
2018-04-23 19:23:36,010 [11] DEBUG Infrastructure.Data.Repositories.BedRepository - Leave method [.ctor]
2018-04-23 19:23:36,015 [11] DEBUG SMGS.Presentation.Controllers.AdminController - Enter method [.ctor]
2018-04-23 19:23:36,026 [11] INFO  SMGS.Presentation.Controllers.AdminController - Success set value to attributes
2018-04-23 19:23:36,041 [11] DEBUG SMGS.Presentation.Controllers.AdminController - Leave method [.ctor]
2018-04-23 19:23:36,050 [11] DEBUG SMGS.Presentation.Controllers.AdminController - Enter method [FirstCountNotification]
2018-04-23 19:23:36,055 [11] DEBUG Service.Business.Services.NotificationServices - Enter method [CountNotificationForAccount]
2018-04-23 19:23:36,061 [11] DEBUG Infrastructure.Data.Repositories.NotificationRepository - Enter method [CountNotificationForAccount]
2018-04-23 19:23:40,340 [11] INFO  Infrastructure.Data.Repositories.NotificationRepository - Found [0] notifications for account with Id: [-1] not read yet
2018-04-23 19:23:40,356 [11] DEBUG Infrastructure.Data.Repositories.NotificationRepository - Leave method [CountNotificationForAccount]
2018-04-23 19:23:40,371 [11] DEBUG Service.Business.Services.NotificationServices - Leave method [CountNotificationForAccount]
2018-04-23 19:23:40,375 [11] DEBUG SMGS.Presentation.Controllers.AdminController - Leave method [FirstCountNotification]
2018-04-23 19:23:43,920 [12] DEBUG Infrastructure.Data.Repositories.StaffRepository - Enter method [.ctor]
2018-04-23 19:23:43,926 [12] INFO  Infrastructure.Data.Repositories.StaffRepository - Success setting value to empPerPage attribute value: [20]
2018-04-23 19:23:43,931 [12] DEBUG Infrastructure.Data.Repositories.StaffRepository - Leave method [.ctor]
2018-04-23 19:23:43,948 [12] DEBUG Service.Business.Services.StaffServices - Enter method [.ctor]
2018-04-23 19:23:43,974 [12] INFO  Service.Business.Services.StaffServices - Success setting values for attributes
2018-04-23 19:23:44,017 [12] DEBUG Service.Business.Services.StaffServices - Leave method [.ctor]
2018-04-23 19:23:44,046 [12] DEBUG Infrastructure.Data.Repositories.ContactInformationRepository - Enter method [.ctor]
2018-04-23 19:23:44,072 [12] INFO  Infrastructure.Data.Repositories.ContactInformationRepository - Success setting values for attributes
2018-04-23 19:23:44,079 [12] DEBUG Infrastructure.Data.Repositories.ContactInformationRepository - Leave method [.ctor]
2018-04-23 19:23:44,085 [12] DEBUG Service.Business.Services.ContactInformationServices - Enter method [.ctor]
2018-04-23 19:23:44,091 [12] DEBUG Service.Business.Services.ContactInformationServices - Leave method [.ctor]
2018-04-23 19:23:44,096 [12] DEBUG Infrastructure.Data.Repositories.ServiceRepository - Enter method [.ctor]
2018-04-23 19:23:44,102 [12] INFO  Infrastructure.Data.Repositories.ServiceRepository - Success setting value to servicesPerPage attribute value: [20]
2018-04-23 19:23:44,107 [12] INFO  Infrastructure.Data.Repositories.ServiceRepository - Setting value for attributes
2018-04-23 19:23:44,111 [12] DEBUG Infrastructure.Data.Repositories.ServiceRepository - Leave method [.ctor]
2018-04-23 19:23:44,115 [12] DEBUG Service.Business.Services.ServiceServices - Enter method [.ctor]
2018-04-23 19:23:44,121 [12] INFO  Service.Business.Services.ServiceServices - Success setting values for attributes
2018-04-23 19:23:44,125 [12] DEBUG Service.Business.Services.ServiceServices - Leave method [.ctor]
2018-04-23 19:23:44,129 [12] DEBUG Infrastructure.Data.Repositories.SalaryRepository - Enter method [.ctor]
2018-04-23 19:23:44,135 [12] INFO  Infrastructure.Data.Repositories.SalaryRepository - Success setting value to servicesPerPage attribute value: [3]
2018-04-23 19:23:44,139 [12] INFO  Infrastructure.Data.Repositories.SalaryRepository - Success set value for attributes
2018-04-23 19:23:44,144 [12] DEBUG Infrastructure.Data.Repositories.SalaryRepository - Leave method [.ctor]
2018-04-23 19:23:44,148 [12] DEBUG Infrastructure.Data.Repositories.ReferenceRepository - Enter method [.ctor]
2018-04-23 19:23:44,153 [12] INFO  Infrastructure.Data.Repositories.ReferenceRepository - Success set values for attributes
2018-04-23 19:23:44,157 [12] DEBUG Infrastructure.Data.Repositories.ReferenceRepository - Leave method [.ctor]
2018-04-23 19:23:44,161 [12] DEBUG Service.Business.Services.ReferenceServices - Enter method [.ctor]
2018-04-23 19:23:44,165 [12] INFO  Service.Business.Services.ReferenceServices - Success set value for attributes
2018-04-23 19:23:44,170 [12] DEBUG Service.Business.Services.ReferenceServices - Leave method [.ctor]
2018-04-23 19:23:44,174 [12] DEBUG Service.Business.Services.NotificationServices - Enter method [.ctor]
2018-04-23 19:23:44,178 [12] DEBUG Service.Business.Services.NotificationServices - Leave method [.ctor]
2018-04-23 19:23:44,183 [12] DEBUG Infrastructure.Data.Repositories.BookingRepository - Enter method [.ctor]
2018-04-23 19:23:44,187 [12] DEBUG Infrastructure.Data.Repositories.BookingRepository - Leave method [.ctor]
2018-04-23 19:23:44,192 [12] DEBUG Infrastructure.Data.Repositories.BedRepository - Enter method [.ctor]
2018-04-23 19:23:44,196 [12] INFO  Infrastructure.Data.Repositories.BedRepository - Success setting value to bedPerPage attribute value: [20]
2018-04-23 19:23:44,200 [12] INFO  Infrastructure.Data.Repositories.BedRepository - Success setting values for attribbutes
2018-04-23 19:23:44,204 [12] DEBUG Infrastructure.Data.Repositories.BedRepository - Leave method [.ctor]
2018-04-23 19:23:44,209 [12] DEBUG SMGS.Presentation.Controllers.AdminController - Enter method [.ctor]
2018-04-23 19:23:44,213 [12] INFO  SMGS.Presentation.Controllers.AdminController - Success set value to attributes
2018-04-23 19:23:44,217 [12] DEBUG SMGS.Presentation.Controllers.AdminController - Leave method [.ctor]
2018-04-23 19:23:44,222 [12] DEBUG SMGS.Presentation.Controllers.AdminController - Enter method [FirstCountNotification]
2018-04-23 19:23:44,226 [12] DEBUG Service.Business.Services.NotificationServices - Enter method [CountNotificationForAccount]
2018-04-23 19:23:44,230 [12] DEBUG Infrastructure.Data.Repositories.NotificationRepository - Enter method [CountNotificationForAccount]
2018-04-23 19:23:44,237 [12] INFO  Infrastructure.Data.Repositories.NotificationRepository - Found [0] notifications for account with Id: [-1] not read yet
2018-04-23 19:23:44,241 [12] DEBUG Infrastructure.Data.Repositories.NotificationRepository - Leave method [CountNotificationForAccount]
2018-04-23 19:23:44,246 [12] DEBUG Service.Business.Services.NotificationServices - Leave method [CountNotificationForAccount]
2018-04-23 19:23:44,249 [12] DEBUG SMGS.Presentation.Controllers.AdminController - Leave method [FirstCountNotification]
2018-04-23 19:24:01,008 [13] DEBUG Infrastructure.Data.Repositories.StaffRepository - Enter method [.ctor]
2018-04-23 19:24:01,017 [13] INFO  Infrastructure.Data.Repositories.StaffRepository - Success setting value to empPerPage attribute value: [20]
2018-04-23 19:24:01,034 [13] DEBUG Infrastructure.Data.Repositories.StaffRepository - Leave method [.ctor]
2018-04-23 19:24:01,050 [13] DEBUG Service.Business.Services.StaffServices - Enter method [.ctor]
2018-04-23 19:24:01,066 [13] INFO  Service.Business.Services.StaffServices - Success setting values for attributes
2018-04-23 19:24:01,073 [13] DEBUG Service.Business.Services.StaffServices - Leave method [.ctor]
2018-04-23 19:24:01,078 [13] DEBUG Infrastructure.Data.Repositories.ContactInformationRepository - Enter method [.ctor]
2018-04-23 19:24:01,083 [13] INFO  Infrastructure.Data.Repositories.ContactInformationRepository - Success setting values for attributes
2018-04-23 19:24:01,087 [13] DEBUG Infrastructure.Data.Repositories.ContactInformationRepository - Leave method [.ctor]
2018-04-23 19:24:01,092 [13] DEBUG Service.Business.Services.ContactInformationServices - Enter method [.ctor]
2018-04-23 19:24:01,096 [13] DEBUG Service.Business.Services.ContactInformationServices - Leave method [.ctor]
2018-04-23 19:24:01,100 [13] DEBUG Infrastructure.Data.Repositories.ServiceRepository - Enter method [.ctor]
2018-04-23 19:24:01,104 [13] INFO  Infrastructure.Data.Repositories.ServiceRepository - Success setting value to servicesPerPage attribute value: [20]
2018-04-23 19:24:01,108 [13] INFO  Infrastructure.Data.Repositories.ServiceRepository - Setting value for attributes
2018-04-23 19:24:01,113 [13] DEBUG Infrastructure.Data.Repositories.ServiceRepository - Leave method [.ctor]
2018-04-23 19:24:01,117 [13] DEBUG Service.Business.Services.ServiceServices - Enter method [.ctor]
2018-04-23 19:24:01,122 [13] INFO  Service.Business.Services.ServiceServices - Success setting values for attributes
2018-04-23 19:24:01,126 [13] DEBUG Service.Business.Services.ServiceServices - Leave method [.ctor]
2018-04-23 19:24:01,131 [13] DEBUG Infrastructure.Data.Repositories.SalaryRepository - Enter method [.ctor]
2018-04-23 19:24:01,136 [13] INFO  Infrastructure.Data.Repositories.SalaryRepository - Success setting value to servicesPerPage attribute value: [3]
2018-04-23 19:24:01,153 [13] INFO  Infrastructure.Data.Repositories.SalaryRepository - Success set value for attributes
2018-04-23 19:24:01,170 [13] DEBUG Infrastructure.Data.Repositories.SalaryRepository - Leave method [.ctor]
2018-04-23 19:24:01,180 [13] DEBUG Infrastructure.Data.Repositories.ReferenceRepository - Enter method [.ctor]
2018-04-23 19:24:01,185 [13] INFO  Infrastructure.Data.Repositories.ReferenceRepository - Success set values for attributes
2018-04-23 19:24:01,190 [13] DEBUG Infrastructure.Data.Repositories.ReferenceRepository - Leave method [.ctor]
2018-04-23 19:24:01,194 [13] DEBUG Service.Business.Services.ReferenceServices - Enter method [.ctor]
2018-04-23 19:24:01,198 [13] INFO  Service.Business.Services.ReferenceServices - Success set value for attributes
2018-04-23 19:24:01,203 [13] DEBUG Service.Business.Services.ReferenceServices - Leave method [.ctor]
2018-04-23 19:24:01,207 [13] DEBUG Service.Business.Services.NotificationServices - Enter method [.ctor]
2018-04-23 19:24:01,212 [13] DEBUG Service.Business.Services.NotificationServices - Leave method [.ctor]
2018-04-23 19:24:01,216 [13] DEBUG Infrastructure.Data.Repositories.BookingRepository - Enter method [.ctor]
2018-04-23 19:24:01,220 [13] DEBUG Infrastructure.Data.Repositories.BookingRepository - Leave method [.ctor]
2018-04-23 19:24:01,224 [13] DEBUG Infrastructure.Data.Repositories.BedRepository - Enter method [.ctor]
2018-04-23 19:24:01,229 [13] INFO  Infrastructure.Data.Repositories.BedRepository - Success setting value to bedPerPage attribute value: [20]
2018-04-23 19:24:01,233 [13] INFO  Infrastructure.Data.Repositories.BedRepository - Success setting values for attribbutes
2018-04-23 19:24:01,238 [13] DEBUG Infrastructure.Data.Repositories.BedRepository - Leave method [.ctor]
2018-04-23 19:24:01,242 [13] DEBUG SMGS.Presentation.Controllers.AdminController - Enter method [.ctor]
2018-04-23 19:24:01,246 [13] INFO  SMGS.Presentation.Controllers.AdminController - Success set value to attributes
2018-04-23 19:24:01,251 [13] DEBUG SMGS.Presentation.Controllers.AdminController - Leave method [.ctor]
2018-04-23 19:24:01,255 [13] DEBUG SMGS.Presentation.Controllers.AdminController - Enter method [Index]
2018-04-23 19:24:01,259 [13] DEBUG SMGS.Presentation.Controllers.AdminController - Leave method [Index]
2018-04-23 19:24:02,603 [15] DEBUG Infrastructure.Data.Repositories.StaffRepository - Enter method [.ctor]
2018-04-23 19:24:02,611 [15] INFO  Infrastructure.Data.Repositories.StaffRepository - Success setting value to empPerPage attribute value: [20]
2018-04-23 19:24:02,635 [15] DEBUG Infrastructure.Data.Repositories.StaffRepository - Leave method [.ctor]
2018-04-23 19:24:02,650 [15] DEBUG Service.Business.Services.StaffServices - Enter method [.ctor]
2018-04-23 19:24:02,672 [15] INFO  Service.Business.Services.StaffServices - Success setting values for attributes
2018-04-23 19:24:02,686 [15] DEBUG Service.Business.Services.StaffServices - Leave method [.ctor]
2018-04-23 19:24:02,693 [15] DEBUG Infrastructure.Data.Repositories.ContactInformationRepository - Enter method [.ctor]
2018-04-23 19:24:02,701 [15] INFO  Infrastructure.Data.Repositories.ContactInformationRepository - Success setting values for attributes
2018-04-23 19:24:02,708 [15] DEBUG Infrastructure.Data.Repositories.ContactInformationRepository - Leave method [.ctor]
2018-04-23 19:24:02,715 [15] DEBUG Service.Business.Services.ContactInformationServices - Enter method [.ctor]
2018-04-23 19:24:02,733 [15] DEBUG Service.Business.Services.ContactInformationServices - Leave method [.ctor]
2018-04-23 19:24:02,758 [15] DEBUG Infrastructure.Data.Repositories.ServiceRepository - Enter method [.ctor]
2018-04-23 19:24:02,781 [15] INFO  Infrastructure.Data.Repositories.ServiceRepository - Success setting value to servicesPerPage attribute value: [20]
2018-04-23 19:24:02,800 [15] INFO  Infrastructure.Data.Repositories.ServiceRepository - Setting value for attributes
2018-04-23 19:24:02,807 [15] DEBUG Infrastructure.Data.Repositories.ServiceRepository - Leave method [.ctor]
2018-04-23 19:24:02,812 [15] DEBUG Service.Business.Services.ServiceServices - Enter method [.ctor]
2018-04-23 19:24:02,819 [15] INFO  Service.Business.Services.ServiceServices - Success setting values for attributes
2018-04-23 19:24:02,824 [15] DEBUG Service.Business.Services.ServiceServices - Leave method [.ctor]
2018-04-23 19:24:02,829 [15] DEBUG Infrastructure.Data.Repositories.SalaryRepository - Enter method [.ctor]
2018-04-23 19:24:02,835 [15] INFO  Infrastructure.Data.Repositories.SalaryRepository - Success setting value to servicesPerPage attribute value: [3]
2018-04-23 19:24:02,841 [15] INFO  Infrastructure.Data.Repositories.SalaryRepository - Success set value for attributes
2018-04-23 19:24:02,845 [15] DEBUG Infrastructure.Data.Repositories.SalaryRepository - Leave method [.ctor]
2018-04-23 19:24:02,853 [15] DEBUG Infrastructure.Data.Repositories.ReferenceRepository - Enter method [.ctor]
2018-04-23 19:24:02,857 [15] INFO  Infrastructure.Data.Repositories.ReferenceRepository - Success set values for attributes
2018-04-23 19:24:02,862 [15] DEBUG Infrastructure.Data.Repositories.ReferenceRepository - Leave method [.ctor]
2018-04-23 19:24:02,870 [15] DEBUG Service.Business.Services.ReferenceServices - Enter method [.ctor]
2018-04-23 19:24:02,875 [15] INFO  Service.Business.Services.ReferenceServices - Success set value for attributes
2018-04-23 19:24:02,881 [15] DEBUG Service.Business.Services.ReferenceServices - Leave method [.ctor]
2018-04-23 19:24:02,887 [15] DEBUG Service.Business.Services.NotificationServices - Enter method [.ctor]
2018-04-23 19:24:02,893 [15] DEBUG Service.Business.Services.NotificationServices - Leave method [.ctor]
2018-04-23 19:24:02,905 [15] DEBUG Infrastructure.Data.Repositories.BookingRepository - Enter method [.ctor]
2018-04-23 19:24:02,921 [15] DEBUG Infrastructure.Data.Repositories.BookingRepository - Leave method [.ctor]
2018-04-23 19:24:02,926 [15] DEBUG Infrastructure.Data.Repositories.BedRepository - Enter method [.ctor]
2018-04-23 19:24:02,932 [15] INFO  Infrastructure.Data.Repositories.BedRepository - Success setting value to bedPerPage attribute value: [20]
2018-04-23 19:24:02,938 [15] INFO  Infrastructure.Data.Repositories.BedRepository - Success setting values for attribbutes
2018-04-23 19:24:02,943 [15] DEBUG Infrastructure.Data.Repositories.BedRepository - Leave method [.ctor]
2018-04-23 19:24:02,948 [15] DEBUG SMGS.Presentation.Controllers.AdminController - Enter method [.ctor]
2018-04-23 19:24:02,953 [15] INFO  SMGS.Presentation.Controllers.AdminController - Success set value to attributes
2018-04-23 19:24:02,957 [15] DEBUG SMGS.Presentation.Controllers.AdminController - Leave method [.ctor]
2018-04-23 19:24:02,962 [15] DEBUG SMGS.Presentation.Controllers.AdminController - Enter method [FirstCountNotification]
2018-04-23 19:24:02,967 [15] DEBUG Service.Business.Services.NotificationServices - Enter method [CountNotificationForAccount]
2018-04-23 19:24:02,971 [15] DEBUG Infrastructure.Data.Repositories.NotificationRepository - Enter method [CountNotificationForAccount]
2018-04-23 19:24:02,977 [15] INFO  Infrastructure.Data.Repositories.NotificationRepository - Found [0] notifications for account with Id: [-1] not read yet
2018-04-23 19:24:02,983 [15] DEBUG Infrastructure.Data.Repositories.NotificationRepository - Leave method [CountNotificationForAccount]
2018-04-23 19:24:02,988 [15] DEBUG Service.Business.Services.NotificationServices - Leave method [CountNotificationForAccount]
2018-04-23 19:24:02,992 [15] DEBUG SMGS.Presentation.Controllers.AdminController - Leave method [FirstCountNotification]
2018-04-23 19:24:10,540 [13] DEBUG Infrastructure.Data.Repositories.StaffRepository - Enter method [.ctor]
2018-04-23 19:24:10,546 [13] INFO  Infrastructure.Data.Repositories.StaffRepository - Success setting value to empPerPage attribute value: [20]
2018-04-23 19:24:10,550 [13] DEBUG Infrastructure.Data.Repositories.StaffRepository - Leave method [.ctor]
2018-04-23 19:24:10,554 [13] DEBUG Service.Business.Services.StaffServices - Enter method [.ctor]
2018-04-23 19:24:10,558 [13] INFO  Service.Business.Services.StaffServices - Success setting values for attributes
2018-04-23 19:24:10,563 [13] DEBUG Service.Business.Services.StaffServices - Leave method [.ctor]
2018-04-23 19:24:10,568 [13] DEBUG Infrastructure.Data.Repositories.ContactInformationRepository - Enter method [.ctor]
2018-04-23 19:24:10,573 [13] INFO  Infrastructure.Data.Repositories.ContactInformationRepository - Success setting values for attributes
2018-04-23 19:24:10,577 [13] DEBUG Infrastructure.Data.Repositories.ContactInformationRepository - Leave method [.ctor]
2018-04-23 19:24:10,581 [13] DEBUG Service.Business.Services.ContactInformationServices - Enter method [.ctor]
2018-04-23 19:24:10,586 [13] DEBUG Service.Business.Services.ContactInformationServices - Leave method [.ctor]
2018-04-23 19:24:10,590 [13] DEBUG Infrastructure.Data.Repositories.ServiceRepository - Enter method [.ctor]
2018-04-23 19:24:10,594 [13] INFO  Infrastructure.Data.Repositories.ServiceRepository - Success setting value to servicesPerPage attribute value: [20]
2018-04-23 19:24:10,598 [13] INFO  Infrastructure.Data.Repositories.ServiceRepository - Setting value for attributes
2018-04-23 19:24:10,603 [13] DEBUG Infrastructure.Data.Repositories.ServiceRepository - Leave method [.ctor]
2018-04-23 19:24:10,607 [13] DEBUG Service.Business.Services.ServiceServices - Enter method [.ctor]
2018-04-23 19:24:10,611 [13] INFO  Service.Business.Services.ServiceServices - Success setting values for attributes
2018-04-23 19:24:10,616 [13] DEBUG Service.Business.Services.ServiceServices - Leave method [.ctor]
2018-04-23 19:24:10,620 [13] DEBUG Infrastructure.Data.Repositories.SalaryRepository - Enter method [.ctor]
2018-04-23 19:24:10,625 [13] INFO  Infrastructure.Data.Repositories.SalaryRepository - Success setting value to servicesPerPage attribute value: [3]
2018-04-23 19:24:10,629 [13] INFO  Infrastructure.Data.Repositories.SalaryRepository - Success set value for attributes
2018-04-23 19:24:10,633 [13] DEBUG Infrastructure.Data.Repositories.SalaryRepository - Leave method [.ctor]
2018-04-23 19:24:10,638 [13] DEBUG Infrastructure.Data.Repositories.ReferenceRepository - Enter method [.ctor]
2018-04-23 19:24:10,642 [13] INFO  Infrastructure.Data.Repositories.ReferenceRepository - Success set values for attributes
2018-04-23 19:24:10,647 [13] DEBUG Infrastructure.Data.Repositories.ReferenceRepository - Leave method [.ctor]
2018-04-23 19:24:10,651 [13] DEBUG Service.Business.Services.ReferenceServices - Enter method [.ctor]
2018-04-23 19:24:10,656 [13] INFO  Service.Business.Services.ReferenceServices - Success set value for attributes
2018-04-23 19:24:10,660 [13] DEBUG Service.Business.Services.ReferenceServices - Leave method [.ctor]
2018-04-23 19:24:10,664 [13] DEBUG Service.Business.Services.NotificationServices - Enter method [.ctor]
2018-04-23 19:24:10,669 [13] DEBUG Service.Business.Services.NotificationServices - Leave method [.ctor]
2018-04-23 19:24:10,673 [13] DEBUG Infrastructure.Data.Repositories.BookingRepository - Enter method [.ctor]
2018-04-23 19:24:10,677 [13] DEBUG Infrastructure.Data.Repositories.BookingRepository - Leave method [.ctor]
2018-04-23 19:24:10,682 [13] DEBUG Infrastructure.Data.Repositories.BedRepository - Enter method [.ctor]
2018-04-23 19:24:10,686 [13] INFO  Infrastructure.Data.Repositories.BedRepository - Success setting value to bedPerPage attribute value: [20]
2018-04-23 19:24:10,690 [13] INFO  Infrastructure.Data.Repositories.BedRepository - Success setting values for attribbutes
2018-04-23 19:24:10,695 [13] DEBUG Infrastructure.Data.Repositories.BedRepository - Leave method [.ctor]
2018-04-23 19:24:10,700 [13] DEBUG SMGS.Presentation.Controllers.AdminController - Enter method [.ctor]
2018-04-23 19:24:10,704 [13] INFO  SMGS.Presentation.Controllers.AdminController - Success set value to attributes
2018-04-23 19:24:10,708 [13] DEBUG SMGS.Presentation.Controllers.AdminController - Leave method [.ctor]
2018-04-23 19:24:11,032 [6] DEBUG Infrastructure.Data.Repositories.StaffRepository - Enter method [.ctor]
2018-04-23 19:24:11,050 [6] INFO  Infrastructure.Data.Repositories.StaffRepository - Success setting value to empPerPage attribute value: [20]
2018-04-23 19:24:11,056 [6] DEBUG Infrastructure.Data.Repositories.StaffRepository - Leave method [.ctor]
2018-04-23 19:24:11,062 [6] DEBUG Service.Business.Services.StaffServices - Enter method [.ctor]
2018-04-23 19:24:11,069 [6] INFO  Service.Business.Services.StaffServices - Success setting values for attributes
2018-04-23 19:24:11,076 [6] DEBUG Service.Business.Services.StaffServices - Leave method [.ctor]
2018-04-23 19:24:11,094 [6] DEBUG Infrastructure.Data.Repositories.ContactInformationRepository - Enter method [.ctor]
2018-04-23 19:24:11,112 [6] INFO  Infrastructure.Data.Repositories.ContactInformationRepository - Success setting values for attributes
2018-04-23 19:24:11,126 [6] DEBUG Infrastructure.Data.Repositories.ContactInformationRepository - Leave method [.ctor]
2018-04-23 19:24:11,132 [6] DEBUG Service.Business.Services.ContactInformationServices - Enter method [.ctor]
2018-04-23 19:24:11,137 [6] DEBUG Service.Business.Services.ContactInformationServices - Leave method [.ctor]
2018-04-23 19:24:11,142 [6] DEBUG Infrastructure.Data.Repositories.ServiceRepository - Enter method [.ctor]
2018-04-23 19:24:11,146 [6] INFO  Infrastructure.Data.Repositories.ServiceRepository - Success setting value to servicesPerPage attribute value: [20]
2018-04-23 19:24:11,151 [6] INFO  Infrastructure.Data.Repositories.ServiceRepository - Setting value for attributes
2018-04-23 19:24:11,156 [6] DEBUG Infrastructure.Data.Repositories.ServiceRepository - Leave method [.ctor]
2018-04-23 19:24:11,160 [6] DEBUG Service.Business.Services.ServiceServices - Enter method [.ctor]
2018-04-23 19:24:11,166 [6] INFO  Service.Business.Services.ServiceServices - Success setting values for attributes
2018-04-23 19:24:11,170 [6] DEBUG Service.Business.Services.ServiceServices - Leave method [.ctor]
2018-04-23 19:24:11,177 [6] DEBUG Infrastructure.Data.Repositories.SalaryRepository - Enter method [.ctor]
2018-04-23 19:24:11,183 [6] INFO  Infrastructure.Data.Repositories.SalaryRepository - Success setting value to servicesPerPage attribute value: [3]
2018-04-23 19:24:11,187 [6] INFO  Infrastructure.Data.Repositories.SalaryRepository - Success set value for attributes
2018-04-23 19:24:11,192 [6] DEBUG Infrastructure.Data.Repositories.SalaryRepository - Leave method [.ctor]
2018-04-23 19:24:11,198 [6] DEBUG Infrastructure.Data.Repositories.ReferenceRepository - Enter method [.ctor]
2018-04-23 19:24:11,202 [6] INFO  Infrastructure.Data.Repositories.ReferenceRepository - Success set values for attributes
2018-04-23 19:24:11,207 [6] DEBUG Infrastructure.Data.Repositories.ReferenceRepository - Leave method [.ctor]
2018-04-23 19:24:11,211 [6] DEBUG Service.Business.Services.ReferenceServices - Enter method [.ctor]
2018-04-23 19:24:11,216 [6] INFO  Service.Business.Services.ReferenceServices - Success set value for attributes
2018-04-23 19:24:11,220 [6] DEBUG Service.Business.Services.ReferenceServices - Leave method [.ctor]
2018-04-23 19:24:11,225 [6] DEBUG Service.Business.Services.NotificationServices - Enter method [.ctor]
2018-04-23 19:24:11,230 [6] DEBUG Service.Business.Services.NotificationServices - Leave method [.ctor]
2018-04-23 19:24:11,234 [6] DEBUG Infrastructure.Data.Repositories.BookingRepository - Enter method [.ctor]
2018-04-23 19:24:11,239 [6] DEBUG Infrastructure.Data.Repositories.BookingRepository - Leave method [.ctor]
2018-04-23 19:24:11,243 [6] DEBUG Infrastructure.Data.Repositories.BedRepository - Enter method [.ctor]
2018-04-23 19:24:11,248 [6] INFO  Infrastructure.Data.Repositories.BedRepository - Success setting value to bedPerPage attribute value: [20]
2018-04-23 19:24:11,253 [6] INFO  Infrastructure.Data.Repositories.BedRepository - Success setting values for attribbutes
2018-04-23 19:24:11,257 [6] DEBUG Infrastructure.Data.Repositories.BedRepository - Leave method [.ctor]
2018-04-23 19:24:11,262 [6] DEBUG SMGS.Presentation.Controllers.AdminController - Enter method [.ctor]
2018-04-23 19:24:11,266 [6] INFO  SMGS.Presentation.Controllers.AdminController - Success set value to attributes
2018-04-23 19:24:11,270 [6] DEBUG SMGS.Presentation.Controllers.AdminController - Leave method [.ctor]
