2018-02-09 18:33:43,784 [6] DEBUG Infrastructure.Data.Repositories.StaffRepository - Enter method [.ctor]
2018-02-09 18:33:43,816 [6] INFO  Infrastructure.Data.Repositories.StaffRepository - Success setting value to empPerPage attribute value: [20]
2018-02-09 18:33:43,827 [6] DEBUG Infrastructure.Data.Repositories.StaffRepository - Leave method [.ctor]
2018-02-09 18:33:43,838 [6] DEBUG Service.Business.Services.StaffServices - Enter method [.ctor]
2018-02-09 18:33:43,846 [6] INFO  Service.Business.Services.StaffServices - Success setting values for attributes
2018-02-09 18:33:43,856 [6] DEBUG Service.Business.Services.StaffServices - Leave method [.ctor]
2018-02-09 18:33:43,896 [6] DEBUG Infrastructure.Data.Repositories.ContactInformationRepository - Enter method [.ctor]
2018-02-09 18:33:43,906 [6] INFO  Infrastructure.Data.Repositories.ContactInformationRepository - Success setting values for attributes
2018-02-09 18:33:43,916 [6] DEBUG Infrastructure.Data.Repositories.ContactInformationRepository - Leave method [.ctor]
2018-02-09 18:33:43,925 [6] DEBUG Service.Business.Services.ContactInformationServices - Enter method [.ctor]
2018-02-09 18:33:43,935 [6] DEBUG Service.Business.Services.ContactInformationServices - Leave method [.ctor]
2018-02-09 18:33:43,975 [6] DEBUG Infrastructure.Data.Repositories.ServiceRepository - Enter method [.ctor]
2018-02-09 18:33:43,993 [6] INFO  Infrastructure.Data.Repositories.ServiceRepository - Success setting value to servicesPerPage attribute value: [20]
2018-02-09 18:33:44,047 [6] INFO  Infrastructure.Data.Repositories.ServiceRepository - Setting value for attributes
2018-02-09 18:33:44,057 [6] DEBUG Infrastructure.Data.Repositories.ServiceRepository - Leave method [.ctor]
2018-02-09 18:33:44,068 [6] DEBUG Service.Business.Services.ServiceServices - Enter method [.ctor]
2018-02-09 18:33:44,078 [6] INFO  Service.Business.Services.ServiceServices - Success setting values for attributes
2018-02-09 18:33:44,088 [6] DEBUG Service.Business.Services.ServiceServices - Leave method [.ctor]
2018-02-09 18:33:44,100 [6] DEBUG SMGS.Presentation.Controllers.adminController - Enter method [.ctor]
2018-02-09 18:33:44,108 [6] INFO  SMGS.Presentation.Controllers.adminController - Success set value to attributes
2018-02-09 18:33:44,115 [6] DEBUG SMGS.Presentation.Controllers.adminController - Leave method [.ctor]
2018-02-09 18:33:44,304 [6] DEBUG SMGS.Presentation.Controllers.adminController - Enter method [employees]
2018-02-09 18:33:44,313 [6] DEBUG Service.Business.Services.StaffServices - Enter method [GetAll]
2018-02-09 18:33:44,322 [6] DEBUG Service.Business.Services.StaffServices - Leave method [GetAll]
2018-02-09 18:33:44,333 [6] DEBUG Infrastructure.Data.Repositories.StaffRepository - Enter method [GetAll]
2018-02-09 18:33:44,339 [6] DEBUG Infrastructure.Data.Repositories.StaffRepository - Leave method [GetAll]
2018-02-09 18:33:49,764 [6] DEBUG Service.Business.Services.ContactInformationServices - Enter method [GetContactInformationFromListStaff]
2018-02-09 18:33:49,774 [6] DEBUG Infrastructure.Data.Repositories.ContactInformationRepository - Enter method [GetContactInformationFromListStaff]
2018-02-09 18:33:49,785 [6] DEBUG Infrastructure.Data.Repositories.ContactInformationRepository - Enter method [Get]
2018-02-09 18:33:49,902 [6] DEBUG Infrastructure.Data.Repositories.ContactInformationRepository - Leave method [Get]
2018-02-09 18:33:49,908 [6] DEBUG Infrastructure.Data.Repositories.ContactInformationRepository - Enter method [Get]
2018-02-09 18:33:49,965 [6] DEBUG Infrastructure.Data.Repositories.ContactInformationRepository - Leave method [Get]
2018-02-09 18:33:49,976 [6] DEBUG Infrastructure.Data.Repositories.ContactInformationRepository - Enter method [Get]
2018-02-09 18:33:50,027 [6] DEBUG Infrastructure.Data.Repositories.ContactInformationRepository - Leave method [Get]
2018-02-09 18:33:50,037 [6] DEBUG Infrastructure.Data.Repositories.ContactInformationRepository - Enter method [Get]
2018-02-09 18:33:50,082 [6] DEBUG Infrastructure.Data.Repositories.ContactInformationRepository - Leave method [Get]
2018-02-09 18:33:50,089 [6] DEBUG Infrastructure.Data.Repositories.ContactInformationRepository - Enter method [Get]
2018-02-09 18:33:50,130 [6] DEBUG Infrastructure.Data.Repositories.ContactInformationRepository - Leave method [Get]
2018-02-09 18:33:50,136 [6] DEBUG Infrastructure.Data.Repositories.ContactInformationRepository - Enter method [Get]
2018-02-09 18:33:50,176 [6] DEBUG Infrastructure.Data.Repositories.ContactInformationRepository - Leave method [Get]
2018-02-09 18:33:50,182 [6] DEBUG Infrastructure.Data.Repositories.ContactInformationRepository - Enter method [Get]
2018-02-09 18:33:50,218 [6] DEBUG Infrastructure.Data.Repositories.ContactInformationRepository - Leave method [Get]
2018-02-09 18:33:50,225 [6] DEBUG Infrastructure.Data.Repositories.ContactInformationRepository - Enter method [Get]
2018-02-09 18:33:50,256 [6] DEBUG Infrastructure.Data.Repositories.ContactInformationRepository - Leave method [Get]
2018-02-09 18:33:50,263 [6] DEBUG Infrastructure.Data.Repositories.ContactInformationRepository - Enter method [Get]
2018-02-09 18:33:50,293 [6] DEBUG Infrastructure.Data.Repositories.ContactInformationRepository - Leave method [Get]
2018-02-09 18:33:50,299 [6] DEBUG Infrastructure.Data.Repositories.ContactInformationRepository - Enter method [Get]
2018-02-09 18:33:50,332 [6] DEBUG Infrastructure.Data.Repositories.ContactInformationRepository - Leave method [Get]
2018-02-09 18:33:50,339 [6] DEBUG Infrastructure.Data.Repositories.ContactInformationRepository - Enter method [Get]
2018-02-09 18:33:50,370 [6] DEBUG Infrastructure.Data.Repositories.ContactInformationRepository - Leave method [Get]
2018-02-09 18:33:50,376 [6] DEBUG Infrastructure.Data.Repositories.ContactInformationRepository - Enter method [Get]
2018-02-09 18:33:50,409 [6] DEBUG Infrastructure.Data.Repositories.ContactInformationRepository - Leave method [Get]
2018-02-09 18:33:50,416 [6] DEBUG Infrastructure.Data.Repositories.ContactInformationRepository - Enter method [Get]
2018-02-09 18:33:50,447 [6] DEBUG Infrastructure.Data.Repositories.ContactInformationRepository - Leave method [Get]
2018-02-09 18:33:50,453 [6] DEBUG Infrastructure.Data.Repositories.ContactInformationRepository - Enter method [Get]
2018-02-09 18:33:50,485 [6] DEBUG Infrastructure.Data.Repositories.ContactInformationRepository - Leave method [Get]
2018-02-09 18:33:50,491 [6] DEBUG Infrastructure.Data.Repositories.ContactInformationRepository - Enter method [Get]
2018-02-09 18:33:50,522 [6] DEBUG Infrastructure.Data.Repositories.ContactInformationRepository - Leave method [Get]
2018-02-09 18:33:50,529 [6] DEBUG Infrastructure.Data.Repositories.ContactInformationRepository - Enter method [Get]
2018-02-09 18:33:50,566 [6] DEBUG Infrastructure.Data.Repositories.ContactInformationRepository - Leave method [Get]
2018-02-09 18:33:50,574 [6] DEBUG Infrastructure.Data.Repositories.ContactInformationRepository - Enter method [Get]
2018-02-09 18:33:50,608 [6] DEBUG Infrastructure.Data.Repositories.ContactInformationRepository - Leave method [Get]
2018-02-09 18:33:50,614 [6] DEBUG Infrastructure.Data.Repositories.ContactInformationRepository - Enter method [Get]
2018-02-09 18:33:50,651 [6] DEBUG Infrastructure.Data.Repositories.ContactInformationRepository - Leave method [Get]
2018-02-09 18:33:50,659 [6] DEBUG Infrastructure.Data.Repositories.ContactInformationRepository - Enter method [Get]
2018-02-09 18:33:50,702 [6] DEBUG Infrastructure.Data.Repositories.ContactInformationRepository - Leave method [Get]
2018-02-09 18:33:50,710 [6] DEBUG Infrastructure.Data.Repositories.ContactInformationRepository - Enter method [Get]
2018-02-09 18:33:50,748 [6] DEBUG Infrastructure.Data.Repositories.ContactInformationRepository - Leave method [Get]
2018-02-09 18:33:50,754 [6] DEBUG Infrastructure.Data.Repositories.ContactInformationRepository - Enter method [Get]
2018-02-09 18:33:50,792 [6] DEBUG Infrastructure.Data.Repositories.ContactInformationRepository - Leave method [Get]
2018-02-09 18:33:50,799 [6] DEBUG Infrastructure.Data.Repositories.ContactInformationRepository - Enter method [Get]
2018-02-09 18:33:50,847 [6] DEBUG Infrastructure.Data.Repositories.ContactInformationRepository - Leave method [Get]
2018-02-09 18:33:50,856 [6] DEBUG Infrastructure.Data.Repositories.ContactInformationRepository - Enter method [Get]
2018-02-09 18:33:50,888 [6] DEBUG Infrastructure.Data.Repositories.ContactInformationRepository - Leave method [Get]
2018-02-09 18:33:50,894 [6] DEBUG Infrastructure.Data.Repositories.ContactInformationRepository - Enter method [Get]
2018-02-09 18:33:50,926 [6] DEBUG Infrastructure.Data.Repositories.ContactInformationRepository - Leave method [Get]
2018-02-09 18:33:50,933 [6] DEBUG Infrastructure.Data.Repositories.ContactInformationRepository - Enter method [Get]
2018-02-09 18:33:50,968 [6] DEBUG Infrastructure.Data.Repositories.ContactInformationRepository - Leave method [Get]
2018-02-09 18:33:50,974 [6] DEBUG Infrastructure.Data.Repositories.ContactInformationRepository - Enter method [Get]
2018-02-09 18:33:51,008 [6] DEBUG Infrastructure.Data.Repositories.ContactInformationRepository - Leave method [Get]
2018-02-09 18:33:51,015 [6] DEBUG Infrastructure.Data.Repositories.ContactInformationRepository - Enter method [Get]
2018-02-09 18:33:51,050 [6] DEBUG Infrastructure.Data.Repositories.ContactInformationRepository - Leave method [Get]
2018-02-09 18:33:51,059 [6] DEBUG Infrastructure.Data.Repositories.ContactInformationRepository - Enter method [Get]
2018-02-09 18:33:51,099 [6] DEBUG Infrastructure.Data.Repositories.ContactInformationRepository - Leave method [Get]
2018-02-09 18:33:51,107 [6] DEBUG Infrastructure.Data.Repositories.ContactInformationRepository - Enter method [Get]
2018-02-09 18:33:51,154 [6] DEBUG Infrastructure.Data.Repositories.ContactInformationRepository - Leave method [Get]
2018-02-09 18:33:51,161 [6] DEBUG Infrastructure.Data.Repositories.ContactInformationRepository - Enter method [Get]
2018-02-09 18:33:51,203 [6] DEBUG Infrastructure.Data.Repositories.ContactInformationRepository - Leave method [Get]
2018-02-09 18:33:51,211 [6] DEBUG Infrastructure.Data.Repositories.ContactInformationRepository - Enter method [Get]
2018-02-09 18:33:51,250 [6] DEBUG Infrastructure.Data.Repositories.ContactInformationRepository - Leave method [Get]
2018-02-09 18:33:51,258 [6] DEBUG Infrastructure.Data.Repositories.ContactInformationRepository - Enter method [Get]
2018-02-09 18:33:51,301 [6] DEBUG Infrastructure.Data.Repositories.ContactInformationRepository - Leave method [Get]
2018-02-09 18:33:51,308 [6] DEBUG Infrastructure.Data.Repositories.ContactInformationRepository - Enter method [Get]
2018-02-09 18:33:51,343 [6] DEBUG Infrastructure.Data.Repositories.ContactInformationRepository - Leave method [Get]
2018-02-09 18:33:51,349 [6] DEBUG Infrastructure.Data.Repositories.ContactInformationRepository - Enter method [Get]
2018-02-09 18:33:51,381 [6] DEBUG Infrastructure.Data.Repositories.ContactInformationRepository - Leave method [Get]
2018-02-09 18:33:51,389 [6] DEBUG Infrastructure.Data.Repositories.ContactInformationRepository - Enter method [Get]
2018-02-09 18:33:51,426 [6] DEBUG Infrastructure.Data.Repositories.ContactInformationRepository - Leave method [Get]
2018-02-09 18:33:51,432 [6] DEBUG Infrastructure.Data.Repositories.ContactInformationRepository - Enter method [Get]
2018-02-09 18:33:51,463 [6] DEBUG Infrastructure.Data.Repositories.ContactInformationRepository - Leave method [Get]
2018-02-09 18:33:51,470 [6] DEBUG Infrastructure.Data.Repositories.ContactInformationRepository - Enter method [Get]
2018-02-09 18:33:51,503 [6] DEBUG Infrastructure.Data.Repositories.ContactInformationRepository - Leave method [Get]
2018-02-09 18:33:51,510 [6] DEBUG Infrastructure.Data.Repositories.ContactInformationRepository - Enter method [Get]
2018-02-09 18:33:51,542 [6] DEBUG Infrastructure.Data.Repositories.ContactInformationRepository - Leave method [Get]
2018-02-09 18:33:51,548 [6] DEBUG Infrastructure.Data.Repositories.ContactInformationRepository - Enter method [Get]
2018-02-09 18:33:51,584 [6] DEBUG Infrastructure.Data.Repositories.ContactInformationRepository - Leave method [Get]
2018-02-09 18:33:51,591 [6] DEBUG Infrastructure.Data.Repositories.ContactInformationRepository - Enter method [Get]
2018-02-09 18:33:51,625 [6] DEBUG Infrastructure.Data.Repositories.ContactInformationRepository - Leave method [Get]
2018-02-09 18:33:51,635 [6] DEBUG Infrastructure.Data.Repositories.ContactInformationRepository - Enter method [Get]
2018-02-09 18:33:51,683 [6] DEBUG Infrastructure.Data.Repositories.ContactInformationRepository - Leave method [Get]
2018-02-09 18:33:51,692 [6] DEBUG Infrastructure.Data.Repositories.ContactInformationRepository - Enter method [Get]
2018-02-09 18:33:51,740 [6] DEBUG Infrastructure.Data.Repositories.ContactInformationRepository - Leave method [Get]
2018-02-09 18:33:51,747 [6] DEBUG Infrastructure.Data.Repositories.ContactInformationRepository - Enter method [Get]
2018-02-09 18:33:51,786 [6] DEBUG Infrastructure.Data.Repositories.ContactInformationRepository - Leave method [Get]
2018-02-09 18:33:51,794 [6] DEBUG Infrastructure.Data.Repositories.ContactInformationRepository - Enter method [Get]
2018-02-09 18:33:51,838 [6] DEBUG Infrastructure.Data.Repositories.ContactInformationRepository - Leave method [Get]
2018-02-09 18:33:51,848 [6] DEBUG Infrastructure.Data.Repositories.ContactInformationRepository - Enter method [Get]
2018-02-09 18:33:51,887 [6] DEBUG Infrastructure.Data.Repositories.ContactInformationRepository - Leave method [Get]
2018-02-09 18:33:51,894 [6] DEBUG Infrastructure.Data.Repositories.ContactInformationRepository - Enter method [Get]
2018-02-09 18:33:51,937 [6] DEBUG Infrastructure.Data.Repositories.ContactInformationRepository - Leave method [Get]
2018-02-09 18:33:51,943 [6] DEBUG Infrastructure.Data.Repositories.ContactInformationRepository - Enter method [Get]
2018-02-09 18:33:51,978 [6] DEBUG Infrastructure.Data.Repositories.ContactInformationRepository - Leave method [Get]
2018-02-09 18:33:51,984 [6] DEBUG Infrastructure.Data.Repositories.ContactInformationRepository - Enter method [Get]
2018-02-09 18:33:52,016 [6] DEBUG Infrastructure.Data.Repositories.ContactInformationRepository - Leave method [Get]
2018-02-09 18:33:52,023 [6] DEBUG Infrastructure.Data.Repositories.ContactInformationRepository - Enter method [Get]
2018-02-09 18:33:52,058 [6] DEBUG Infrastructure.Data.Repositories.ContactInformationRepository - Leave method [Get]
2018-02-09 18:33:52,064 [6] DEBUG Infrastructure.Data.Repositories.ContactInformationRepository - Enter method [Get]
2018-02-09 18:33:52,103 [6] DEBUG Infrastructure.Data.Repositories.ContactInformationRepository - Leave method [Get]
2018-02-09 18:33:52,110 [6] DEBUG Infrastructure.Data.Repositories.ContactInformationRepository - Enter method [Get]
2018-02-09 18:33:52,148 [6] DEBUG Infrastructure.Data.Repositories.ContactInformationRepository - Leave method [Get]
2018-02-09 18:33:52,155 [6] DEBUG Infrastructure.Data.Repositories.ContactInformationRepository - Enter method [Get]
2018-02-09 18:33:52,193 [6] DEBUG Infrastructure.Data.Repositories.ContactInformationRepository - Leave method [Get]
2018-02-09 18:33:52,200 [6] DEBUG Infrastructure.Data.Repositories.ContactInformationRepository - Enter method [Get]
2018-02-09 18:33:52,243 [6] DEBUG Infrastructure.Data.Repositories.ContactInformationRepository - Leave method [Get]
2018-02-09 18:33:52,250 [6] DEBUG Infrastructure.Data.Repositories.ContactInformationRepository - Enter method [Get]
2018-02-09 18:33:52,285 [6] DEBUG Infrastructure.Data.Repositories.ContactInformationRepository - Leave method [Get]
2018-02-09 18:33:52,292 [6] DEBUG Infrastructure.Data.Repositories.ContactInformationRepository - Enter method [Get]
2018-02-09 18:33:52,328 [6] DEBUG Infrastructure.Data.Repositories.ContactInformationRepository - Leave method [Get]
2018-02-09 18:33:52,335 [6] DEBUG Infrastructure.Data.Repositories.ContactInformationRepository - Enter method [Get]
2018-02-09 18:33:52,368 [6] DEBUG Infrastructure.Data.Repositories.ContactInformationRepository - Leave method [Get]
2018-02-09 18:33:52,374 [6] DEBUG Infrastructure.Data.Repositories.ContactInformationRepository - Enter method [Get]
2018-02-09 18:33:52,411 [6] DEBUG Infrastructure.Data.Repositories.ContactInformationRepository - Leave method [Get]
2018-02-09 18:33:52,417 [6] DEBUG Infrastructure.Data.Repositories.ContactInformationRepository - Enter method [Get]
2018-02-09 18:33:52,455 [6] DEBUG Infrastructure.Data.Repositories.ContactInformationRepository - Leave method [Get]
2018-02-09 18:33:52,462 [6] DEBUG Infrastructure.Data.Repositories.ContactInformationRepository - Enter method [Get]
2018-02-09 18:33:52,497 [6] DEBUG Infrastructure.Data.Repositories.ContactInformationRepository - Leave method [Get]
2018-02-09 18:33:52,503 [6] DEBUG Infrastructure.Data.Repositories.ContactInformationRepository - Enter method [Get]
2018-02-09 18:33:52,537 [6] DEBUG Infrastructure.Data.Repositories.ContactInformationRepository - Leave method [Get]
2018-02-09 18:33:52,544 [6] DEBUG Infrastructure.Data.Repositories.ContactInformationRepository - Enter method [Get]
2018-02-09 18:33:52,583 [6] DEBUG Infrastructure.Data.Repositories.ContactInformationRepository - Leave method [Get]
2018-02-09 18:33:52,590 [6] DEBUG Infrastructure.Data.Repositories.ContactInformationRepository - Enter method [Get]
2018-02-09 18:33:52,622 [6] DEBUG Infrastructure.Data.Repositories.ContactInformationRepository - Leave method [Get]
2018-02-09 18:33:52,628 [6] DEBUG Infrastructure.Data.Repositories.ContactInformationRepository - Enter method [Get]
2018-02-09 18:33:52,659 [6] DEBUG Infrastructure.Data.Repositories.ContactInformationRepository - Leave method [Get]
2018-02-09 18:33:52,666 [6] DEBUG Infrastructure.Data.Repositories.ContactInformationRepository - Enter method [Get]
2018-02-09 18:33:52,699 [6] DEBUG Infrastructure.Data.Repositories.ContactInformationRepository - Leave method [Get]
2018-02-09 18:33:52,706 [6] DEBUG Infrastructure.Data.Repositories.ContactInformationRepository - Enter method [Get]
2018-02-09 18:33:52,738 [6] DEBUG Infrastructure.Data.Repositories.ContactInformationRepository - Leave method [Get]
2018-02-09 18:33:52,744 [6] DEBUG Infrastructure.Data.Repositories.ContactInformationRepository - Enter method [Get]
2018-02-09 18:33:52,775 [6] DEBUG Infrastructure.Data.Repositories.ContactInformationRepository - Leave method [Get]
2018-02-09 18:33:52,784 [6] DEBUG Infrastructure.Data.Repositories.ContactInformationRepository - Enter method [Get]
2018-02-09 18:33:52,820 [6] DEBUG Infrastructure.Data.Repositories.ContactInformationRepository - Leave method [Get]
2018-02-09 18:33:52,829 [6] DEBUG Infrastructure.Data.Repositories.ContactInformationRepository - Enter method [Get]
2018-02-09 18:33:52,865 [6] DEBUG Infrastructure.Data.Repositories.ContactInformationRepository - Leave method [Get]
2018-02-09 18:33:52,871 [6] DEBUG Infrastructure.Data.Repositories.ContactInformationRepository - Enter method [Get]
2018-02-09 18:33:52,917 [6] DEBUG Infrastructure.Data.Repositories.ContactInformationRepository - Leave method [Get]
2018-02-09 18:33:52,923 [6] INFO  Infrastructure.Data.Repositories.ContactInformationRepository - Found [35] contact information for: [35] people
2018-02-09 18:33:52,933 [6] DEBUG Infrastructure.Data.Repositories.ContactInformationRepository - Leave method [GetContactInformationFromListStaff]
2018-02-09 18:33:52,943 [6] INFO  Service.Business.Services.ContactInformationServices - Found contact information of [35] people with [35] input
2018-02-09 18:33:52,955 [6] DEBUG Service.Business.Services.ContactInformationServices - Leave method [GetContactInformationFromListStaff]
2018-02-09 19:04:09,381 [6] DEBUG Service.Business.Services.StaffServices - Enter method [CountTotalPages]
2018-02-09 19:04:10,029 [6] DEBUG Infrastructure.Data.Repositories.StaffRepository - Enter method [CountTotalPages]
2018-02-09 19:04:10,037 [6] DEBUG Infrastructure.Data.Repositories.StaffRepository - Enter method [CountAllStaff]
2018-02-09 19:04:10,445 [6] INFO  Infrastructure.Data.Repositories.StaffRepository - Found: [35] employees
2018-02-09 19:04:10,451 [6] DEBUG Infrastructure.Data.Repositories.StaffRepository - Leave method [CountAllStaff]
2018-02-09 19:04:10,457 [6] DEBUG Infrastructure.Data.Repositories.StaffRepository - Enter method [CountAllStaff]
2018-02-09 19:04:10,464 [6] INFO  Infrastructure.Data.Repositories.StaffRepository - Found: [35] employees
2018-02-09 19:04:10,471 [6] DEBUG Infrastructure.Data.Repositories.StaffRepository - Leave method [CountAllStaff]
2018-02-09 19:04:10,477 [6] INFO  Infrastructure.Data.Repositories.StaffRepository - Calculate [2] pages employee
2018-02-09 19:04:10,484 [6] DEBUG Infrastructure.Data.Repositories.StaffRepository - Leave method [CountTotalPages]
2018-02-09 19:04:10,491 [6] INFO  Service.Business.Services.StaffServices - Found [2] pages employee
2018-02-09 19:04:10,497 [6] DEBUG Service.Business.Services.StaffServices - Leave method [CountTotalPages]
2018-02-09 19:04:10,544 [6] DEBUG SMGS.Presentation.Controllers.adminController - Leave method [employees]
2018-02-09 19:07:29,689 [13] DEBUG Infrastructure.Data.Repositories.StaffRepository - Enter method [.ctor]
2018-02-09 19:07:29,831 [13] INFO  Infrastructure.Data.Repositories.StaffRepository - Success setting value to empPerPage attribute value: [20]
2018-02-09 19:07:29,837 [13] DEBUG Infrastructure.Data.Repositories.StaffRepository - Leave method [.ctor]
2018-02-09 19:07:29,844 [13] DEBUG Service.Business.Services.StaffServices - Enter method [.ctor]
2018-02-09 19:07:29,850 [13] INFO  Service.Business.Services.StaffServices - Success setting values for attributes
2018-02-09 19:07:29,857 [13] DEBUG Service.Business.Services.StaffServices - Leave method [.ctor]
2018-02-09 19:07:29,865 [13] DEBUG Infrastructure.Data.Repositories.ContactInformationRepository - Enter method [.ctor]
2018-02-09 19:07:29,872 [13] INFO  Infrastructure.Data.Repositories.ContactInformationRepository - Success setting values for attributes
2018-02-09 19:07:29,879 [13] DEBUG Infrastructure.Data.Repositories.ContactInformationRepository - Leave method [.ctor]
2018-02-09 19:07:29,886 [13] DEBUG Service.Business.Services.ContactInformationServices - Enter method [.ctor]
2018-02-09 19:07:29,894 [13] DEBUG Service.Business.Services.ContactInformationServices - Leave method [.ctor]
2018-02-09 19:07:29,900 [13] DEBUG Infrastructure.Data.Repositories.ServiceRepository - Enter method [.ctor]
2018-02-09 19:07:29,906 [13] INFO  Infrastructure.Data.Repositories.ServiceRepository - Success setting value to servicesPerPage attribute value: [20]
2018-02-09 19:07:29,913 [13] INFO  Infrastructure.Data.Repositories.ServiceRepository - Setting value for attributes
2018-02-09 19:07:29,920 [13] DEBUG Infrastructure.Data.Repositories.ServiceRepository - Leave method [.ctor]
2018-02-09 19:07:29,926 [13] DEBUG Service.Business.Services.ServiceServices - Enter method [.ctor]
2018-02-09 19:07:29,933 [13] INFO  Service.Business.Services.ServiceServices - Success setting values for attributes
2018-02-09 19:07:29,939 [13] DEBUG Service.Business.Services.ServiceServices - Leave method [.ctor]
2018-02-09 19:07:29,946 [13] DEBUG SMGS.Presentation.Controllers.adminController - Enter method [.ctor]
2018-02-09 19:07:29,953 [13] INFO  SMGS.Presentation.Controllers.adminController - Success set value to attributes
2018-02-09 19:07:29,959 [13] DEBUG SMGS.Presentation.Controllers.adminController - Leave method [.ctor]
2018-02-09 19:07:29,967 [13] DEBUG SMGS.Presentation.Controllers.adminController - Enter method [employees]
2018-02-09 19:07:29,973 [13] DEBUG Service.Business.Services.StaffServices - Enter method [GetAll]
2018-02-09 19:07:29,980 [13] DEBUG Service.Business.Services.StaffServices - Leave method [GetAll]
2018-02-09 19:07:29,987 [13] DEBUG Infrastructure.Data.Repositories.StaffRepository - Enter method [GetAll]
2018-02-09 19:07:29,993 [13] DEBUG Infrastructure.Data.Repositories.StaffRepository - Leave method [GetAll]
2018-02-09 19:07:30,006 [13] DEBUG Service.Business.Services.ContactInformationServices - Enter method [GetContactInformationFromListStaff]
2018-02-09 19:07:30,013 [13] DEBUG Infrastructure.Data.Repositories.ContactInformationRepository - Enter method [GetContactInformationFromListStaff]
2018-02-09 19:07:30,020 [13] DEBUG Infrastructure.Data.Repositories.ContactInformationRepository - Enter method [Get]
2018-02-09 19:07:30,029 [13] DEBUG Infrastructure.Data.Repositories.ContactInformationRepository - Leave method [Get]
2018-02-09 19:07:30,036 [13] INFO  Infrastructure.Data.Repositories.ContactInformationRepository - Found [1] contact information for: [1] people
2018-02-09 19:07:30,043 [13] DEBUG Infrastructure.Data.Repositories.ContactInformationRepository - Leave method [GetContactInformationFromListStaff]
2018-02-09 19:07:30,049 [13] INFO  Service.Business.Services.ContactInformationServices - Found contact information of [1] people with [1] input
2018-02-09 19:07:30,056 [13] DEBUG Service.Business.Services.ContactInformationServices - Leave method [GetContactInformationFromListStaff]
2018-02-09 19:07:30,063 [13] DEBUG Service.Business.Services.StaffServices - Enter method [CountTotalPages]
2018-02-09 19:07:30,070 [13] DEBUG Infrastructure.Data.Repositories.StaffRepository - Enter method [CountTotalPages]
2018-02-09 19:07:30,077 [13] DEBUG Infrastructure.Data.Repositories.StaffRepository - Enter method [CountAllStaff]
2018-02-09 19:07:30,086 [13] INFO  Infrastructure.Data.Repositories.StaffRepository - Found: [1] employees
2018-02-09 19:07:30,092 [13] DEBUG Infrastructure.Data.Repositories.StaffRepository - Leave method [CountAllStaff]
2018-02-09 19:07:30,099 [13] DEBUG Infrastructure.Data.Repositories.StaffRepository - Enter method [CountAllStaff]
2018-02-09 19:07:30,107 [13] INFO  Infrastructure.Data.Repositories.StaffRepository - Found: [1] employees
2018-02-09 19:07:30,114 [13] DEBUG Infrastructure.Data.Repositories.StaffRepository - Leave method [CountAllStaff]
2018-02-09 19:07:30,121 [13] INFO  Infrastructure.Data.Repositories.StaffRepository - Calculate [1] pages employee
2018-02-09 19:07:30,128 [13] DEBUG Infrastructure.Data.Repositories.StaffRepository - Leave method [CountTotalPages]
2018-02-09 19:07:30,134 [13] INFO  Service.Business.Services.StaffServices - Found [1] pages employee
2018-02-09 19:07:30,141 [13] DEBUG Service.Business.Services.StaffServices - Leave method [CountTotalPages]
2018-02-09 19:07:30,148 [13] DEBUG SMGS.Presentation.Controllers.adminController - Leave method [employees]
2018-02-09 19:07:36,356 [15] DEBUG Infrastructure.Data.Repositories.StaffRepository - Enter method [.ctor]
2018-02-09 19:07:36,365 [15] INFO  Infrastructure.Data.Repositories.StaffRepository - Success setting value to empPerPage attribute value: [20]
2018-02-09 19:07:36,373 [15] DEBUG Infrastructure.Data.Repositories.StaffRepository - Leave method [.ctor]
2018-02-09 19:07:36,381 [15] DEBUG Service.Business.Services.StaffServices - Enter method [.ctor]
2018-02-09 19:07:36,389 [15] INFO  Service.Business.Services.StaffServices - Success setting values for attributes
2018-02-09 19:07:36,396 [15] DEBUG Service.Business.Services.StaffServices - Leave method [.ctor]
2018-02-09 19:07:36,404 [15] DEBUG Infrastructure.Data.Repositories.ContactInformationRepository - Enter method [.ctor]
2018-02-09 19:07:36,411 [15] INFO  Infrastructure.Data.Repositories.ContactInformationRepository - Success setting values for attributes
2018-02-09 19:07:36,419 [15] DEBUG Infrastructure.Data.Repositories.ContactInformationRepository - Leave method [.ctor]
2018-02-09 19:07:36,426 [15] DEBUG Service.Business.Services.ContactInformationServices - Enter method [.ctor]
2018-02-09 19:07:36,434 [15] DEBUG Service.Business.Services.ContactInformationServices - Leave method [.ctor]
2018-02-09 19:07:36,441 [15] DEBUG Infrastructure.Data.Repositories.ServiceRepository - Enter method [.ctor]
2018-02-09 19:07:36,448 [15] INFO  Infrastructure.Data.Repositories.ServiceRepository - Success setting value to servicesPerPage attribute value: [20]
2018-02-09 19:07:36,455 [15] INFO  Infrastructure.Data.Repositories.ServiceRepository - Setting value for attributes
2018-02-09 19:07:36,462 [15] DEBUG Infrastructure.Data.Repositories.ServiceRepository - Leave method [.ctor]
2018-02-09 19:07:36,469 [15] DEBUG Service.Business.Services.ServiceServices - Enter method [.ctor]
2018-02-09 19:07:36,476 [15] INFO  Service.Business.Services.ServiceServices - Success setting values for attributes
2018-02-09 19:07:36,483 [15] DEBUG Service.Business.Services.ServiceServices - Leave method [.ctor]
2018-02-09 19:07:36,490 [15] DEBUG SMGS.Presentation.Controllers.adminController - Enter method [.ctor]
2018-02-09 19:07:36,497 [15] INFO  SMGS.Presentation.Controllers.adminController - Success set value to attributes
2018-02-09 19:07:36,507 [15] DEBUG SMGS.Presentation.Controllers.adminController - Leave method [.ctor]
2018-02-09 19:07:36,519 [15] DEBUG SMGS.Presentation.Controllers.adminController - Enter method [CreateEmployee]
2018-02-09 19:07:36,527 [15] DEBUG Service.Business.Services.StaffServices - Enter method [CreateNewCode]
2018-02-09 19:07:36,538 [15] DEBUG Infrastructure.Data.Repositories.StaffRepository - Enter method [CheckCoincidentCode]
2018-02-09 19:07:36,546 [15] DEBUG Infrastructure.Data.Repositories.StaffRepository - Leave method [CheckCoincidentCode]
2018-02-09 19:07:36,644 [15] INFO  Service.Business.Services.StaffServices - Created code:  [NMCRWBLX]
2018-02-09 19:07:36,656 [15] DEBUG Service.Business.Services.StaffServices - Leave method [CreateNewCode]
2018-02-09 19:07:36,667 [15] DEBUG SMGS.Presentation.Controllers.adminController - Leave method [CreateEmployee]
2018-02-09 19:09:00,576 [6] DEBUG Infrastructure.Data.Repositories.StaffRepository - Enter method [.ctor]
2018-02-09 19:09:01,052 [6] INFO  Infrastructure.Data.Repositories.StaffRepository - Success setting value to empPerPage attribute value: [20]
2018-02-09 19:09:01,062 [6] DEBUG Infrastructure.Data.Repositories.StaffRepository - Leave method [.ctor]
2018-02-09 19:09:01,075 [6] DEBUG Service.Business.Services.StaffServices - Enter method [.ctor]
2018-02-09 19:09:01,090 [6] INFO  Service.Business.Services.StaffServices - Success setting values for attributes
2018-02-09 19:09:01,102 [6] DEBUG Service.Business.Services.StaffServices - Leave method [.ctor]
2018-02-09 19:09:01,114 [6] DEBUG Infrastructure.Data.Repositories.ContactInformationRepository - Enter method [.ctor]
2018-02-09 19:09:01,125 [6] INFO  Infrastructure.Data.Repositories.ContactInformationRepository - Success setting values for attributes
2018-02-09 19:09:01,134 [6] DEBUG Infrastructure.Data.Repositories.ContactInformationRepository - Leave method [.ctor]
2018-02-09 19:09:01,144 [6] DEBUG Service.Business.Services.ContactInformationServices - Enter method [.ctor]
2018-02-09 19:09:01,153 [6] DEBUG Service.Business.Services.ContactInformationServices - Leave method [.ctor]
2018-02-09 19:09:01,162 [6] DEBUG Infrastructure.Data.Repositories.ServiceRepository - Enter method [.ctor]
2018-02-09 19:09:01,171 [6] INFO  Infrastructure.Data.Repositories.ServiceRepository - Success setting value to servicesPerPage attribute value: [20]
2018-02-09 19:09:01,180 [6] INFO  Infrastructure.Data.Repositories.ServiceRepository - Setting value for attributes
2018-02-09 19:09:01,188 [6] DEBUG Infrastructure.Data.Repositories.ServiceRepository - Leave method [.ctor]
2018-02-09 19:09:01,199 [6] DEBUG Service.Business.Services.ServiceServices - Enter method [.ctor]
2018-02-09 19:09:01,208 [6] INFO  Service.Business.Services.ServiceServices - Success setting values for attributes
2018-02-09 19:09:01,215 [6] DEBUG Service.Business.Services.ServiceServices - Leave method [.ctor]
2018-02-09 19:09:01,222 [6] DEBUG SMGS.Presentation.Controllers.adminController - Enter method [.ctor]
2018-02-09 19:09:01,229 [6] INFO  SMGS.Presentation.Controllers.adminController - Success set value to attributes
2018-02-09 19:09:01,236 [6] DEBUG SMGS.Presentation.Controllers.adminController - Leave method [.ctor]
2018-02-09 19:09:01,254 [6] DEBUG SMGS.Presentation.Controllers.adminController - Enter method [SumitAddEmployee]
2018-02-09 19:09:01,263 [6] DEBUG Service.Business.Services.StaffServices - Enter method [InsertEmployee]
2018-02-09 19:09:01,302 [6] DEBUG Infrastructure.Data.Repositories.StaffRepository - Enter method [InsertStaff]
2018-02-09 19:09:01,377 [6] DEBUG Infrastructure.Data.UnitOfWork.UnitOfWork - Enter method [Save]
2018-02-09 19:09:02,463 [6] DEBUG Infrastructure.Data.UnitOfWork.UnitOfWork - Leave method [Save]
2018-02-09 19:09:02,475 [6] INFO  Infrastructure.Data.Repositories.StaffRepository - Success insert employee with Id: [20074]  into database and save all changes
2018-02-09 19:09:02,483 [6] DEBUG Infrastructure.Data.Repositories.StaffRepository - Leave method [InsertStaff]
2018-02-09 19:09:02,493 [6] INFO  Service.Business.Services.StaffServices - Success insert employee [NMCRWBLX] to database and save all changes
2018-02-09 19:09:02,501 [6] DEBUG Service.Business.Services.StaffServices - Leave method [InsertEmployee]
2018-02-09 19:09:02,511 [6] DEBUG Service.Business.Services.ContactInformationServices - Enter method [GetContactForId]
2018-02-09 19:09:02,520 [6] DEBUG Infrastructure.Data.Repositories.ContactInformationRepository - Enter method [GetContactForId]
2018-02-09 19:09:02,533 [6] INFO  Infrastructure.Data.Repositories.ContactInformationRepository - Found ContactForId: [1] for: [Staff] inputed
2018-02-09 19:09:02,540 [6] DEBUG Infrastructure.Data.Repositories.ContactInformationRepository - Leave method [GetContactForId]
2018-02-09 19:09:02,548 [6] DEBUG Service.Business.Services.ContactInformationServices - Leave method [GetContactForId]
2018-02-09 19:09:02,558 [6] DEBUG Service.Business.Services.ContactInformationServices - Enter method [GetContactTypeId]
2018-02-09 19:09:02,566 [6] DEBUG Infrastructure.Data.Repositories.ContactInformationRepository - Enter method [GetContactTypeId]
2018-02-09 19:09:02,703 [6] INFO  Infrastructure.Data.Repositories.ContactInformationRepository - Found ContactTypeId: [1] for [Address] inputed
2018-02-09 19:09:02,710 [6] DEBUG Infrastructure.Data.Repositories.ContactInformationRepository - Leave method [GetContactTypeId]
2018-02-09 19:09:02,719 [6] DEBUG Service.Business.Services.ContactInformationServices - Leave method [GetContactTypeId]
2018-02-09 19:09:02,728 [6] DEBUG Service.Business.Services.StaffServices - Enter method [GetLast]
2018-02-09 19:09:02,736 [6] DEBUG Infrastructure.Data.Repositories.StaffRepository - Enter method [GetLast]
2018-02-09 19:09:02,745 [6] DEBUG Infrastructure.Data.Repositories.StaffRepository - Enter method [GetAll]
2018-02-09 19:09:02,753 [6] DEBUG Infrastructure.Data.Repositories.StaffRepository - Leave method [GetAll]
2018-02-09 19:09:02,766 [6] INFO  Infrastructure.Data.Repositories.StaffRepository - Found employee with Id: [20074]
2018-02-09 19:09:02,774 [6] DEBUG Infrastructure.Data.Repositories.StaffRepository - Leave method [GetLast]
2018-02-09 19:09:02,782 [6] INFO  Service.Business.Services.StaffServices - Found emp: [20074]
2018-02-09 19:09:02,790 [6] DEBUG Service.Business.Services.StaffServices - Leave method [GetLast]
2018-02-09 19:09:02,800 [6] DEBUG Service.Business.Services.ContactInformationServices - Enter method [CheckContactInformationExistingAndUpdateForPerson]
2018-02-09 19:09:03,102 [6] DEBUG Infrastructure.Data.Repositories.ContactInformationRepository - Enter method [CheckContactInformationExistingAndUpdateForPerson]
2018-02-09 19:09:03,112 [6] DEBUG Infrastructure.Data.Repositories.ContactInformationRepository - Enter method [CreateEAddress]
2018-02-09 19:09:03,126 [6] DEBUG Infrastructure.Data.UnitOfWork.UnitOfWork - Enter method [Save]
2018-02-09 19:09:03,600 [6] DEBUG Infrastructure.Data.UnitOfWork.UnitOfWork - Leave method [Save]
2018-02-09 19:09:03,611 [6] INFO  Infrastructure.Data.Repositories.ContactInformationRepository - Create EAddress with email: [theo.walcott@gmail.com], phone: [01219122341], website: [theo.walcott] for [20074]
2018-02-09 19:09:03,621 [6] DEBUG Infrastructure.Data.Repositories.ContactInformationRepository - Leave method [CreateEAddress]
2018-02-09 19:09:03,632 [6] DEBUG Infrastructure.Data.Repositories.ContactInformationRepository - Enter method [Get]
2018-02-09 19:09:03,655 [6] INFO  Infrastructure.Data.Repositories.ContactInformationRepository - Found EAddress: [66] for params passed
2018-02-09 19:09:03,663 [6] DEBUG Infrastructure.Data.Repositories.ContactInformationRepository - Leave method [Get]
2018-02-09 19:09:03,672 [6] INFO  Infrastructure.Data.Repositories.ContactInformationRepository - Inserted EAddress: [66] for person: [20074]
2018-02-09 19:09:03,688 [6] DEBUG Infrastructure.Data.Repositories.ContactInformationRepository - Enter method [CheckAddressExisting]
2018-02-09 19:09:03,702 [6] INFO  Infrastructure.Data.Repositories.ContactInformationRepository - Can't find address: [London]
2018-02-09 19:09:03,711 [6] DEBUG Infrastructure.Data.Repositories.ContactInformationRepository - Leave method [CheckAddressExisting]
2018-02-09 19:09:03,721 [6] DEBUG Infrastructure.Data.Repositories.ContactInformationRepository - Enter method [CheckDistrictExisting]
2018-02-09 19:09:03,736 [6] INFO  Infrastructure.Data.Repositories.ContactInformationRepository - Can't find district: [London]
2018-02-09 19:09:03,746 [6] DEBUG Infrastructure.Data.Repositories.ContactInformationRepository - Leave method [CheckDistrictExisting]
2018-02-09 19:09:03,760 [6] DEBUG Infrastructure.Data.Repositories.ContactInformationRepository - Enter method [CheckProvinceExisting]
2018-02-09 19:09:03,946 [6] INFO  Infrastructure.Data.Repositories.ContactInformationRepository - Can't find province: [London]
2018-02-09 19:09:03,954 [6] DEBUG Infrastructure.Data.Repositories.ContactInformationRepository - Leave method [CheckProvinceExisting]
2018-02-09 19:09:03,964 [6] DEBUG Infrastructure.Data.Repositories.ContactInformationRepository - Enter method [CheckCountryExisting]
2018-02-09 19:09:04,102 [6] INFO  Infrastructure.Data.Repositories.ContactInformationRepository - Can't find country: [England]
2018-02-09 19:09:04,111 [6] DEBUG Infrastructure.Data.Repositories.ContactInformationRepository - Leave method [CheckCountryExisting]
2018-02-09 19:09:04,122 [6] DEBUG Infrastructure.Data.Repositories.ContactInformationRepository - Enter method [CreateCountry]
2018-02-09 19:09:04,134 [6] DEBUG Infrastructure.Data.UnitOfWork.UnitOfWork - Enter method [Save]
2018-02-09 19:09:04,298 [6] DEBUG Infrastructure.Data.UnitOfWork.UnitOfWork - Leave method [Save]
2018-02-09 19:09:04,307 [6] INFO  Infrastructure.Data.Repositories.ContactInformationRepository - Added new country. Values: [England]
2018-02-09 19:09:04,316 [6] DEBUG Infrastructure.Data.Repositories.ContactInformationRepository - Leave method [CreateCountry]
2018-02-09 19:09:04,325 [6] DEBUG Infrastructure.Data.Repositories.ContactInformationRepository - Enter method [CreateProvince]
2018-02-09 19:09:04,344 [6] DEBUG Infrastructure.Data.UnitOfWork.UnitOfWork - Enter method [Save]
2018-02-09 19:09:04,808 [6] DEBUG Infrastructure.Data.UnitOfWork.UnitOfWork - Leave method [Save]
2018-02-09 19:09:04,817 [6] INFO  Infrastructure.Data.Repositories.ContactInformationRepository - Added new province. Values: [London]
2018-02-09 19:09:04,824 [6] DEBUG Infrastructure.Data.Repositories.ContactInformationRepository - Leave method [CreateProvince]
2018-02-09 19:09:04,833 [6] DEBUG Infrastructure.Data.Repositories.ContactInformationRepository - Enter method [CreateDistrict]
2018-02-09 19:09:04,843 [6] DEBUG Infrastructure.Data.UnitOfWork.UnitOfWork - Enter method [Save]
2018-02-09 19:09:04,975 [6] DEBUG Infrastructure.Data.UnitOfWork.UnitOfWork - Leave method [Save]
2018-02-09 19:09:04,982 [6] INFO  Infrastructure.Data.Repositories.ContactInformationRepository - Added new district. Values: [London]
2018-02-09 19:09:04,991 [6] DEBUG Infrastructure.Data.Repositories.ContactInformationRepository - Leave method [CreateDistrict]
2018-02-09 19:09:04,999 [6] DEBUG Infrastructure.Data.Repositories.ContactInformationRepository - Enter method [CreateAddress]
2018-02-09 19:09:05,010 [6] DEBUG Infrastructure.Data.UnitOfWork.UnitOfWork - Enter method [Save]
2018-02-09 19:09:05,122 [6] DEBUG Infrastructure.Data.UnitOfWork.UnitOfWork - Leave method [Save]
2018-02-09 19:09:05,129 [6] INFO  Infrastructure.Data.Repositories.ContactInformationRepository - Added new address. Values: [London]
2018-02-09 19:09:05,138 [6] DEBUG Infrastructure.Data.Repositories.ContactInformationRepository - Leave method [CreateAddress]
2018-02-09 19:09:05,149 [6] DEBUG Infrastructure.Data.UnitOfWork.UnitOfWork - Enter method [Save]
2018-02-09 19:09:05,454 [6] DEBUG Infrastructure.Data.UnitOfWork.UnitOfWork - Leave method [Save]
2018-02-09 19:09:05,463 [6] INFO  Infrastructure.Data.Repositories.ContactInformationRepository - Create address: [London], district: [London], province: [London] and country: [England]. 
2018-02-09 19:09:05,474 [6] DEBUG Infrastructure.Data.Repositories.ContactInformationRepository - Leave method [CheckContactInformationExistingAndUpdateForPerson]
2018-02-09 19:09:05,484 [6] INFO  Service.Business.Services.ContactInformationServices - Update success contact information for person: [20074]
2018-02-09 19:09:05,494 [6] DEBUG Service.Business.Services.ContactInformationServices - Leave method [CheckContactInformationExistingAndUpdateForPerson]
2018-02-09 19:09:05,877 [6] DEBUG SMGS.Presentation.Controllers.adminController - Leave method [SumitAddEmployee]
2018-02-09 19:09:07,832 [14] DEBUG Infrastructure.Data.Repositories.StaffRepository - Enter method [.ctor]
2018-02-09 19:09:07,840 [14] INFO  Infrastructure.Data.Repositories.StaffRepository - Success setting value to empPerPage attribute value: [20]
2018-02-09 19:09:07,853 [14] DEBUG Infrastructure.Data.Repositories.StaffRepository - Leave method [.ctor]
2018-02-09 19:09:07,864 [14] DEBUG Service.Business.Services.StaffServices - Enter method [.ctor]
2018-02-09 19:09:07,877 [14] INFO  Service.Business.Services.StaffServices - Success setting values for attributes
2018-02-09 19:09:07,888 [14] DEBUG Service.Business.Services.StaffServices - Leave method [.ctor]
2018-02-09 19:09:07,898 [14] DEBUG Infrastructure.Data.Repositories.ContactInformationRepository - Enter method [.ctor]
2018-02-09 19:09:07,907 [14] INFO  Infrastructure.Data.Repositories.ContactInformationRepository - Success setting values for attributes
2018-02-09 19:09:07,920 [14] DEBUG Infrastructure.Data.Repositories.ContactInformationRepository - Leave method [.ctor]
2018-02-09 19:09:07,936 [14] DEBUG Service.Business.Services.ContactInformationServices - Enter method [.ctor]
2018-02-09 19:09:07,949 [14] DEBUG Service.Business.Services.ContactInformationServices - Leave method [.ctor]
2018-02-09 19:09:07,962 [14] DEBUG Infrastructure.Data.Repositories.ServiceRepository - Enter method [.ctor]
2018-02-09 19:09:07,979 [14] INFO  Infrastructure.Data.Repositories.ServiceRepository - Success setting value to servicesPerPage attribute value: [20]
2018-02-09 19:09:07,995 [14] INFO  Infrastructure.Data.Repositories.ServiceRepository - Setting value for attributes
2018-02-09 19:09:08,011 [14] DEBUG Infrastructure.Data.Repositories.ServiceRepository - Leave method [.ctor]
2018-02-09 19:09:08,027 [14] DEBUG Service.Business.Services.ServiceServices - Enter method [.ctor]
2018-02-09 19:09:08,041 [14] INFO  Service.Business.Services.ServiceServices - Success setting values for attributes
2018-02-09 19:09:08,055 [14] DEBUG Service.Business.Services.ServiceServices - Leave method [.ctor]
2018-02-09 19:09:08,066 [14] DEBUG SMGS.Presentation.Controllers.adminController - Enter method [.ctor]
2018-02-09 19:09:08,077 [14] INFO  SMGS.Presentation.Controllers.adminController - Success set value to attributes
2018-02-09 19:09:08,088 [14] DEBUG SMGS.Presentation.Controllers.adminController - Leave method [.ctor]
2018-02-09 19:09:08,098 [14] DEBUG SMGS.Presentation.Controllers.adminController - Enter method [CreateEmployee]
2018-02-09 19:09:08,107 [14] DEBUG Service.Business.Services.StaffServices - Enter method [CreateNewCode]
2018-02-09 19:09:08,118 [14] DEBUG Infrastructure.Data.Repositories.StaffRepository - Enter method [CheckCoincidentCode]
2018-02-09 19:09:08,129 [14] DEBUG Infrastructure.Data.Repositories.StaffRepository - Leave method [CheckCoincidentCode]
2018-02-09 19:09:08,147 [14] INFO  Service.Business.Services.StaffServices - Created code:  [FEAJBVOF]
2018-02-09 19:09:08,158 [14] DEBUG Service.Business.Services.StaffServices - Leave method [CreateNewCode]
2018-02-09 19:09:08,170 [14] DEBUG SMGS.Presentation.Controllers.adminController - Leave method [CreateEmployee]
2018-02-09 19:09:08,217 [13] DEBUG Infrastructure.Data.Repositories.StaffRepository - Enter method [.ctor]
2018-02-09 19:09:08,228 [13] INFO  Infrastructure.Data.Repositories.StaffRepository - Success setting value to empPerPage attribute value: [20]
2018-02-09 19:09:08,240 [13] DEBUG Infrastructure.Data.Repositories.StaffRepository - Leave method [.ctor]
2018-02-09 19:09:08,252 [13] DEBUG Service.Business.Services.StaffServices - Enter method [.ctor]
2018-02-09 19:09:08,264 [13] INFO  Service.Business.Services.StaffServices - Success setting values for attributes
2018-02-09 19:09:08,276 [13] DEBUG Service.Business.Services.StaffServices - Leave method [.ctor]
2018-02-09 19:09:08,290 [13] DEBUG Infrastructure.Data.Repositories.ContactInformationRepository - Enter method [.ctor]
2018-02-09 19:09:08,303 [13] INFO  Infrastructure.Data.Repositories.ContactInformationRepository - Success setting values for attributes
2018-02-09 19:09:08,316 [13] DEBUG Infrastructure.Data.Repositories.ContactInformationRepository - Leave method [.ctor]
2018-02-09 19:09:08,330 [13] DEBUG Service.Business.Services.ContactInformationServices - Enter method [.ctor]
2018-02-09 19:09:08,342 [13] DEBUG Service.Business.Services.ContactInformationServices - Leave method [.ctor]
2018-02-09 19:09:08,356 [13] DEBUG Infrastructure.Data.Repositories.ServiceRepository - Enter method [.ctor]
2018-02-09 19:09:08,369 [13] INFO  Infrastructure.Data.Repositories.ServiceRepository - Success setting value to servicesPerPage attribute value: [20]
2018-02-09 19:09:08,382 [13] INFO  Infrastructure.Data.Repositories.ServiceRepository - Setting value for attributes
2018-02-09 19:09:08,394 [13] DEBUG Infrastructure.Data.Repositories.ServiceRepository - Leave method [.ctor]
2018-02-09 19:09:08,406 [13] DEBUG Service.Business.Services.ServiceServices - Enter method [.ctor]
2018-02-09 19:09:08,420 [13] INFO  Service.Business.Services.ServiceServices - Success setting values for attributes
2018-02-09 19:09:08,433 [13] DEBUG Service.Business.Services.ServiceServices - Leave method [.ctor]
2018-02-09 19:09:08,447 [13] DEBUG SMGS.Presentation.Controllers.adminController - Enter method [.ctor]
2018-02-09 19:09:08,462 [13] INFO  SMGS.Presentation.Controllers.adminController - Success set value to attributes
2018-02-09 19:09:08,474 [13] DEBUG SMGS.Presentation.Controllers.adminController - Leave method [.ctor]
2018-02-09 19:09:08,488 [13] DEBUG SMGS.Presentation.Controllers.adminController - Enter method [employees]
2018-02-09 19:09:08,506 [13] DEBUG Service.Business.Services.StaffServices - Enter method [GetAll]
2018-02-09 19:09:08,527 [13] DEBUG Service.Business.Services.StaffServices - Leave method [GetAll]
2018-02-09 19:09:08,567 [13] DEBUG Infrastructure.Data.Repositories.StaffRepository - Enter method [GetAll]
2018-02-09 19:09:08,582 [13] DEBUG Infrastructure.Data.Repositories.StaffRepository - Leave method [GetAll]
2018-02-09 19:09:08,603 [13] DEBUG Service.Business.Services.ContactInformationServices - Enter method [GetContactInformationFromListStaff]
2018-02-09 19:09:08,621 [13] DEBUG Infrastructure.Data.Repositories.ContactInformationRepository - Enter method [GetContactInformationFromListStaff]
2018-02-09 19:09:08,637 [13] DEBUG Infrastructure.Data.Repositories.ContactInformationRepository - Enter method [Get]
2018-02-09 19:09:08,671 [13] DEBUG Infrastructure.Data.Repositories.ContactInformationRepository - Leave method [Get]
2018-02-09 19:09:08,687 [13] DEBUG Infrastructure.Data.Repositories.ContactInformationRepository - Enter method [Get]
2018-02-09 19:09:08,726 [13] DEBUG Infrastructure.Data.Repositories.ContactInformationRepository - Leave method [Get]
2018-02-09 19:09:08,742 [13] DEBUG Infrastructure.Data.Repositories.ContactInformationRepository - Enter method [Get]
2018-02-09 19:09:08,766 [13] DEBUG Infrastructure.Data.Repositories.ContactInformationRepository - Leave method [Get]
2018-02-09 19:09:08,787 [13] INFO  Infrastructure.Data.Repositories.ContactInformationRepository - Found [2] contact information for: [2] people
2018-02-09 19:09:08,808 [13] DEBUG Infrastructure.Data.Repositories.ContactInformationRepository - Leave method [GetContactInformationFromListStaff]
2018-02-09 19:09:08,828 [13] INFO  Service.Business.Services.ContactInformationServices - Found contact information of [2] people with [2] input
2018-02-09 19:09:08,844 [13] DEBUG Service.Business.Services.ContactInformationServices - Leave method [GetContactInformationFromListStaff]
2018-02-09 19:09:08,887 [13] DEBUG Service.Business.Services.StaffServices - Enter method [CountTotalPages]
2018-02-09 19:09:08,900 [13] DEBUG Infrastructure.Data.Repositories.StaffRepository - Enter method [CountTotalPages]
2018-02-09 19:09:08,912 [13] DEBUG Infrastructure.Data.Repositories.StaffRepository - Enter method [CountAllStaff]
2018-02-09 19:09:08,927 [13] INFO  Infrastructure.Data.Repositories.StaffRepository - Found: [2] employees
2018-02-09 19:09:08,939 [13] DEBUG Infrastructure.Data.Repositories.StaffRepository - Leave method [CountAllStaff]
2018-02-09 19:09:08,950 [13] DEBUG Infrastructure.Data.Repositories.StaffRepository - Enter method [CountAllStaff]
2018-02-09 19:09:08,960 [13] INFO  Infrastructure.Data.Repositories.StaffRepository - Found: [2] employees
2018-02-09 19:09:08,972 [13] DEBUG Infrastructure.Data.Repositories.StaffRepository - Leave method [CountAllStaff]
2018-02-09 19:09:08,982 [13] INFO  Infrastructure.Data.Repositories.StaffRepository - Calculate [1] pages employee
2018-02-09 19:09:08,992 [13] DEBUG Infrastructure.Data.Repositories.StaffRepository - Leave method [CountTotalPages]
2018-02-09 19:09:09,001 [13] INFO  Service.Business.Services.StaffServices - Found [1] pages employee
2018-02-09 19:09:09,011 [13] DEBUG Service.Business.Services.StaffServices - Leave method [CountTotalPages]
2018-02-09 19:09:09,019 [13] DEBUG SMGS.Presentation.Controllers.adminController - Leave method [employees]
2018-02-09 19:09:13,350 [14] DEBUG Infrastructure.Data.Repositories.StaffRepository - Enter method [.ctor]
2018-02-09 19:09:13,401 [14] INFO  Infrastructure.Data.Repositories.StaffRepository - Success setting value to empPerPage attribute value: [20]
2018-02-09 19:09:13,410 [14] DEBUG Infrastructure.Data.Repositories.StaffRepository - Leave method [.ctor]
2018-02-09 19:09:13,421 [14] DEBUG Service.Business.Services.StaffServices - Enter method [.ctor]
2018-02-09 19:09:13,430 [14] INFO  Service.Business.Services.StaffServices - Success setting values for attributes
2018-02-09 19:09:13,441 [14] DEBUG Service.Business.Services.StaffServices - Leave method [.ctor]
2018-02-09 19:09:13,450 [14] DEBUG Infrastructure.Data.Repositories.ContactInformationRepository - Enter method [.ctor]
2018-02-09 19:09:13,459 [14] INFO  Infrastructure.Data.Repositories.ContactInformationRepository - Success setting values for attributes
2018-02-09 19:09:13,469 [14] DEBUG Infrastructure.Data.Repositories.ContactInformationRepository - Leave method [.ctor]
2018-02-09 19:09:13,479 [14] DEBUG Service.Business.Services.ContactInformationServices - Enter method [.ctor]
2018-02-09 19:09:13,487 [14] DEBUG Service.Business.Services.ContactInformationServices - Leave method [.ctor]
2018-02-09 19:09:13,499 [14] DEBUG Infrastructure.Data.Repositories.ServiceRepository - Enter method [.ctor]
2018-02-09 19:09:13,508 [14] INFO  Infrastructure.Data.Repositories.ServiceRepository - Success setting value to servicesPerPage attribute value: [20]
2018-02-09 19:09:13,518 [14] INFO  Infrastructure.Data.Repositories.ServiceRepository - Setting value for attributes
2018-02-09 19:09:13,528 [14] DEBUG Infrastructure.Data.Repositories.ServiceRepository - Leave method [.ctor]
2018-02-09 19:09:13,538 [14] DEBUG Service.Business.Services.ServiceServices - Enter method [.ctor]
2018-02-09 19:09:13,548 [14] INFO  Service.Business.Services.ServiceServices - Success setting values for attributes
2018-02-09 19:09:13,558 [14] DEBUG Service.Business.Services.ServiceServices - Leave method [.ctor]
2018-02-09 19:09:13,567 [14] DEBUG SMGS.Presentation.Controllers.adminController - Enter method [.ctor]
2018-02-09 19:09:13,577 [14] INFO  SMGS.Presentation.Controllers.adminController - Success set value to attributes
2018-02-09 19:09:13,587 [14] DEBUG SMGS.Presentation.Controllers.adminController - Leave method [.ctor]
2018-02-09 19:09:13,598 [14] DEBUG SMGS.Presentation.Controllers.adminController - Enter method [employee]
2018-02-09 19:09:13,607 [14] DEBUG Service.Business.Services.StaffServices - Enter method [Get]
2018-02-09 19:09:13,619 [14] DEBUG Infrastructure.Data.Repositories.StaffRepository - Enter method [Get]
2018-02-09 19:09:13,646 [14] INFO  Infrastructure.Data.Repositories.StaffRepository - Got employee with Id: [1]
2018-02-09 19:09:13,654 [14] DEBUG Infrastructure.Data.Repositories.StaffRepository - Leave method [Get]
2018-02-09 19:09:13,663 [14] INFO  Service.Business.Services.StaffServices - Found employee: [Hoang Phat Pham] by Id: [1]
2018-02-09 19:09:13,670 [14] DEBUG Service.Business.Services.StaffServices - Leave method [Get]
2018-02-09 19:09:13,681 [14] DEBUG Service.Business.Services.ContactInformationServices - Enter method [Get]
2018-02-09 19:09:13,690 [14] DEBUG Infrastructure.Data.Repositories.ContactInformationRepository - Enter method [Get]
2018-02-09 19:09:13,699 [14] DEBUG Infrastructure.Data.Repositories.ContactInformationRepository - Leave method [Get]
2018-02-09 19:09:13,708 [14] INFO  Service.Business.Services.ContactInformationServices - Can't find contact information of person id:[1] input
2018-02-09 19:09:13,718 [14] DEBUG Service.Business.Services.ContactInformationServices - Leave method [Get]
2018-02-09 19:09:13,729 [14] DEBUG SMGS.Presentation.Controllers.adminController - Leave method [employee]
