2018-04-03 06:18:36,709 [1] ERROR SMGS.Presentation.App_Start.Customize - Error: [Access to the path 'C:\Windows\Globalization\sz-VN.nlp' is denied.]
2018-04-03 06:19:20,973 [17] DEBUG Infrastructure.Data.Repositories.StaffRepository - Enter method [.ctor]
2018-04-03 06:19:20,977 [17] INFO  Infrastructure.Data.Repositories.StaffRepository - Success setting value to empPerPage attribute value: [20]
2018-04-03 06:19:20,981 [17] DEBUG Infrastructure.Data.Repositories.StaffRepository - Leave method [.ctor]
2018-04-03 06:19:20,985 [17] DEBUG Service.Business.Services.StaffServices - Enter method [.ctor]
2018-04-03 06:19:20,989 [17] INFO  Service.Business.Services.StaffServices - Success setting values for attributes
2018-04-03 06:19:20,992 [17] DEBUG Service.Business.Services.StaffServices - Leave method [.ctor]
2018-04-03 06:19:21,006 [17] DEBUG Infrastructure.Data.Repositories.ContactInformationRepository - Enter method [.ctor]
2018-04-03 06:19:21,010 [17] INFO  Infrastructure.Data.Repositories.ContactInformationRepository - Success setting values for attributes
2018-04-03 06:19:21,013 [17] DEBUG Infrastructure.Data.Repositories.ContactInformationRepository - Leave method [.ctor]
2018-04-03 06:19:21,017 [17] DEBUG Service.Business.Services.ContactInformationServices - Enter method [.ctor]
2018-04-03 06:19:21,021 [17] DEBUG Service.Business.Services.ContactInformationServices - Leave method [.ctor]
2018-04-03 06:19:21,029 [17] DEBUG Infrastructure.Data.Repositories.ServiceRepository - Enter method [.ctor]
2018-04-03 06:19:21,033 [17] INFO  Infrastructure.Data.Repositories.ServiceRepository - Success setting value to servicesPerPage attribute value: [20]
2018-04-03 06:19:21,036 [17] INFO  Infrastructure.Data.Repositories.ServiceRepository - Setting value for attributes
2018-04-03 06:19:21,040 [17] DEBUG Infrastructure.Data.Repositories.ServiceRepository - Leave method [.ctor]
2018-04-03 06:19:21,043 [17] DEBUG Service.Business.Services.ServiceServices - Enter method [.ctor]
2018-04-03 06:19:21,047 [17] INFO  Service.Business.Services.ServiceServices - Success setting values for attributes
2018-04-03 06:19:21,051 [17] DEBUG Service.Business.Services.ServiceServices - Leave method [.ctor]
2018-04-03 06:19:21,059 [17] DEBUG Infrastructure.Data.Repositories.SalaryRepository - Enter method [.ctor]
2018-04-03 06:19:21,063 [17] INFO  Infrastructure.Data.Repositories.SalaryRepository - Success setting value to servicesPerPage attribute value: [3]
2018-04-03 06:19:21,066 [17] INFO  Infrastructure.Data.Repositories.SalaryRepository - Success set value for attributes
2018-04-03 06:19:21,069 [17] DEBUG Infrastructure.Data.Repositories.SalaryRepository - Leave method [.ctor]
2018-04-03 06:19:21,078 [17] DEBUG Infrastructure.Data.Repositories.ReferenceRepository - Enter method [.ctor]
2018-04-03 06:19:21,082 [17] INFO  Infrastructure.Data.Repositories.ReferenceRepository - Success set values for attributes
2018-04-03 06:19:21,086 [17] DEBUG Infrastructure.Data.Repositories.ReferenceRepository - Leave method [.ctor]
2018-04-03 06:19:21,089 [17] DEBUG Service.Business.Services.ReferenceServices - Enter method [.ctor]
2018-04-03 06:19:21,093 [17] INFO  Service.Business.Services.ReferenceServices - Success set value for attributes
2018-04-03 06:19:21,096 [17] DEBUG Service.Business.Services.ReferenceServices - Leave method [.ctor]
2018-04-03 06:19:21,105 [17] DEBUG Service.Business.Services.NotificationServices - Enter method [.ctor]
2018-04-03 06:19:21,108 [17] DEBUG Service.Business.Services.NotificationServices - Leave method [.ctor]
2018-04-03 06:22:50,636 [22] ERROR SMGS.Presentation.App_Start.Customize - Error: [Access to the path 'C:\Windows\Globalization\sz-VN.nlp' is denied.]
2018-04-03 06:22:52,033 [17] DEBUG Infrastructure.Data.Repositories.StaffRepository - Enter method [.ctor]
2018-04-03 06:22:52,037 [17] INFO  Infrastructure.Data.Repositories.StaffRepository - Success setting value to empPerPage attribute value: [20]
2018-04-03 06:22:52,041 [17] DEBUG Infrastructure.Data.Repositories.StaffRepository - Leave method [.ctor]
2018-04-03 06:22:52,045 [17] DEBUG Service.Business.Services.StaffServices - Enter method [.ctor]
2018-04-03 06:22:52,049 [17] INFO  Service.Business.Services.StaffServices - Success setting values for attributes
2018-04-03 06:22:52,052 [17] DEBUG Service.Business.Services.StaffServices - Leave method [.ctor]
2018-04-03 06:22:52,067 [17] DEBUG Infrastructure.Data.Repositories.ContactInformationRepository - Enter method [.ctor]
2018-04-03 06:22:52,071 [17] INFO  Infrastructure.Data.Repositories.ContactInformationRepository - Success setting values for attributes
2018-04-03 06:22:52,075 [17] DEBUG Infrastructure.Data.Repositories.ContactInformationRepository - Leave method [.ctor]
2018-04-03 06:22:52,079 [17] DEBUG Service.Business.Services.ContactInformationServices - Enter method [.ctor]
2018-04-03 06:22:52,082 [17] DEBUG Service.Business.Services.ContactInformationServices - Leave method [.ctor]
2018-04-03 06:22:52,090 [17] DEBUG Infrastructure.Data.Repositories.ServiceRepository - Enter method [.ctor]
2018-04-03 06:22:52,095 [17] INFO  Infrastructure.Data.Repositories.ServiceRepository - Success setting value to servicesPerPage attribute value: [20]
2018-04-03 06:22:52,098 [17] INFO  Infrastructure.Data.Repositories.ServiceRepository - Setting value for attributes
2018-04-03 06:22:52,102 [17] DEBUG Infrastructure.Data.Repositories.ServiceRepository - Leave method [.ctor]
2018-04-03 06:22:52,106 [17] DEBUG Service.Business.Services.ServiceServices - Enter method [.ctor]
2018-04-03 06:22:52,110 [17] INFO  Service.Business.Services.ServiceServices - Success setting values for attributes
2018-04-03 06:22:52,113 [17] DEBUG Service.Business.Services.ServiceServices - Leave method [.ctor]
2018-04-03 06:22:52,121 [17] DEBUG Infrastructure.Data.Repositories.SalaryRepository - Enter method [.ctor]
2018-04-03 06:22:52,126 [17] INFO  Infrastructure.Data.Repositories.SalaryRepository - Success setting value to servicesPerPage attribute value: [3]
2018-04-03 06:22:52,130 [17] INFO  Infrastructure.Data.Repositories.SalaryRepository - Success set value for attributes
2018-04-03 06:22:52,134 [17] DEBUG Infrastructure.Data.Repositories.SalaryRepository - Leave method [.ctor]
2018-04-03 06:22:52,143 [17] DEBUG Infrastructure.Data.Repositories.ReferenceRepository - Enter method [.ctor]
2018-04-03 06:22:52,147 [17] INFO  Infrastructure.Data.Repositories.ReferenceRepository - Success set values for attributes
2018-04-03 06:22:52,151 [17] DEBUG Infrastructure.Data.Repositories.ReferenceRepository - Leave method [.ctor]
2018-04-03 06:22:52,156 [17] DEBUG Service.Business.Services.ReferenceServices - Enter method [.ctor]
2018-04-03 06:22:52,162 [17] INFO  Service.Business.Services.ReferenceServices - Success set value for attributes
2018-04-03 06:22:52,166 [17] DEBUG Service.Business.Services.ReferenceServices - Leave method [.ctor]
2018-04-03 06:22:52,176 [17] DEBUG Service.Business.Services.NotificationServices - Enter method [.ctor]
2018-04-03 06:22:52,182 [17] DEBUG Service.Business.Services.NotificationServices - Leave method [.ctor]
2018-04-03 06:22:54,453 [11] DEBUG Infrastructure.Data.Repositories.StaffRepository - Enter method [.ctor]
2018-04-03 06:22:54,462 [11] INFO  Infrastructure.Data.Repositories.StaffRepository - Success setting value to empPerPage attribute value: [20]
2018-04-03 06:22:54,470 [11] DEBUG Infrastructure.Data.Repositories.StaffRepository - Leave method [.ctor]
2018-04-03 06:22:54,479 [11] DEBUG Service.Business.Services.StaffServices - Enter method [.ctor]
2018-04-03 06:22:54,487 [11] INFO  Service.Business.Services.StaffServices - Success setting values for attributes
2018-04-03 06:22:54,496 [11] DEBUG Service.Business.Services.StaffServices - Leave method [.ctor]
2018-04-03 06:22:54,500 [11] DEBUG Infrastructure.Data.Repositories.ContactInformationRepository - Enter method [.ctor]
2018-04-03 06:22:54,504 [11] INFO  Infrastructure.Data.Repositories.ContactInformationRepository - Success setting values for attributes
2018-04-03 06:22:54,508 [11] DEBUG Infrastructure.Data.Repositories.ContactInformationRepository - Leave method [.ctor]
2018-04-03 06:22:54,511 [11] DEBUG Service.Business.Services.ContactInformationServices - Enter method [.ctor]
2018-04-03 06:22:54,515 [11] DEBUG Service.Business.Services.ContactInformationServices - Leave method [.ctor]
2018-04-03 06:22:54,518 [11] DEBUG Infrastructure.Data.Repositories.ServiceRepository - Enter method [.ctor]
2018-04-03 06:22:54,522 [11] INFO  Infrastructure.Data.Repositories.ServiceRepository - Success setting value to servicesPerPage attribute value: [20]
2018-04-03 06:22:54,525 [11] INFO  Infrastructure.Data.Repositories.ServiceRepository - Setting value for attributes
2018-04-03 06:22:54,529 [11] DEBUG Infrastructure.Data.Repositories.ServiceRepository - Leave method [.ctor]
2018-04-03 06:22:54,532 [11] DEBUG Service.Business.Services.ServiceServices - Enter method [.ctor]
2018-04-03 06:22:54,536 [11] INFO  Service.Business.Services.ServiceServices - Success setting values for attributes
2018-04-03 06:22:54,541 [11] DEBUG Service.Business.Services.ServiceServices - Leave method [.ctor]
2018-04-03 06:22:54,545 [11] DEBUG Infrastructure.Data.Repositories.SalaryRepository - Enter method [.ctor]
2018-04-03 06:22:54,549 [11] INFO  Infrastructure.Data.Repositories.SalaryRepository - Success setting value to servicesPerPage attribute value: [3]
2018-04-03 06:22:54,552 [11] INFO  Infrastructure.Data.Repositories.SalaryRepository - Success set value for attributes
2018-04-03 06:22:54,556 [11] DEBUG Infrastructure.Data.Repositories.SalaryRepository - Leave method [.ctor]
2018-04-03 06:22:54,560 [11] DEBUG Infrastructure.Data.Repositories.ReferenceRepository - Enter method [.ctor]
2018-04-03 06:22:54,563 [11] INFO  Infrastructure.Data.Repositories.ReferenceRepository - Success set values for attributes
2018-04-03 06:22:54,566 [11] DEBUG Infrastructure.Data.Repositories.ReferenceRepository - Leave method [.ctor]
2018-04-03 06:22:54,570 [11] DEBUG Service.Business.Services.ReferenceServices - Enter method [.ctor]
2018-04-03 06:22:54,574 [11] INFO  Service.Business.Services.ReferenceServices - Success set value for attributes
2018-04-03 06:22:54,578 [11] DEBUG Service.Business.Services.ReferenceServices - Leave method [.ctor]
2018-04-03 06:22:54,581 [11] DEBUG Service.Business.Services.NotificationServices - Enter method [.ctor]
2018-04-03 06:22:54,585 [11] DEBUG Service.Business.Services.NotificationServices - Leave method [.ctor]
2018-04-03 06:22:55,213 [14] DEBUG Infrastructure.Data.Repositories.StaffRepository - Enter method [.ctor]
2018-04-03 06:22:55,218 [14] INFO  Infrastructure.Data.Repositories.StaffRepository - Success setting value to empPerPage attribute value: [20]
2018-04-03 06:22:55,223 [14] DEBUG Infrastructure.Data.Repositories.StaffRepository - Leave method [.ctor]
2018-04-03 06:22:55,227 [14] DEBUG Service.Business.Services.StaffServices - Enter method [.ctor]
2018-04-03 06:22:55,230 [14] INFO  Service.Business.Services.StaffServices - Success setting values for attributes
2018-04-03 06:22:55,234 [14] DEBUG Service.Business.Services.StaffServices - Leave method [.ctor]
2018-04-03 06:22:55,238 [14] DEBUG Infrastructure.Data.Repositories.ContactInformationRepository - Enter method [.ctor]
2018-04-03 06:22:55,242 [14] INFO  Infrastructure.Data.Repositories.ContactInformationRepository - Success setting values for attributes
2018-04-03 06:22:55,246 [14] DEBUG Infrastructure.Data.Repositories.ContactInformationRepository - Leave method [.ctor]
2018-04-03 06:22:55,249 [14] DEBUG Service.Business.Services.ContactInformationServices - Enter method [.ctor]
2018-04-03 06:22:55,253 [14] DEBUG Service.Business.Services.ContactInformationServices - Leave method [.ctor]
2018-04-03 06:22:55,258 [14] DEBUG Infrastructure.Data.Repositories.ServiceRepository - Enter method [.ctor]
2018-04-03 06:22:55,262 [14] INFO  Infrastructure.Data.Repositories.ServiceRepository - Success setting value to servicesPerPage attribute value: [20]
2018-04-03 06:22:55,266 [14] INFO  Infrastructure.Data.Repositories.ServiceRepository - Setting value for attributes
2018-04-03 06:22:55,270 [14] DEBUG Infrastructure.Data.Repositories.ServiceRepository - Leave method [.ctor]
2018-04-03 06:22:55,275 [14] DEBUG Service.Business.Services.ServiceServices - Enter method [.ctor]
2018-04-03 06:22:55,280 [14] INFO  Service.Business.Services.ServiceServices - Success setting values for attributes
2018-04-03 06:22:55,284 [14] DEBUG Service.Business.Services.ServiceServices - Leave method [.ctor]
2018-04-03 06:22:55,288 [14] DEBUG Infrastructure.Data.Repositories.SalaryRepository - Enter method [.ctor]
2018-04-03 06:22:55,292 [14] INFO  Infrastructure.Data.Repositories.SalaryRepository - Success setting value to servicesPerPage attribute value: [3]
2018-04-03 06:22:55,296 [14] INFO  Infrastructure.Data.Repositories.SalaryRepository - Success set value for attributes
2018-04-03 06:22:55,300 [14] DEBUG Infrastructure.Data.Repositories.SalaryRepository - Leave method [.ctor]
2018-04-03 06:22:55,304 [14] DEBUG Infrastructure.Data.Repositories.ReferenceRepository - Enter method [.ctor]
2018-04-03 06:22:55,308 [14] INFO  Infrastructure.Data.Repositories.ReferenceRepository - Success set values for attributes
2018-04-03 06:22:55,312 [14] DEBUG Infrastructure.Data.Repositories.ReferenceRepository - Leave method [.ctor]
2018-04-03 06:22:55,316 [14] DEBUG Service.Business.Services.ReferenceServices - Enter method [.ctor]
2018-04-03 06:22:55,319 [14] INFO  Service.Business.Services.ReferenceServices - Success set value for attributes
2018-04-03 06:22:55,323 [14] DEBUG Service.Business.Services.ReferenceServices - Leave method [.ctor]
2018-04-03 06:22:55,327 [14] DEBUG Service.Business.Services.NotificationServices - Enter method [.ctor]
2018-04-03 06:22:55,331 [14] DEBUG Service.Business.Services.NotificationServices - Leave method [.ctor]
2018-04-03 07:59:49,485 [22] ERROR SMGS.Presentation.App_Start.Customize - Error: [Access to the path 'C:\Windows\Globalization\sz-VN.nlp' is denied.]
2018-04-03 07:59:53,161 [64] DEBUG Infrastructure.Data.Repositories.StaffRepository - Enter method [.ctor]
2018-04-03 07:59:53,166 [64] INFO  Infrastructure.Data.Repositories.StaffRepository - Success setting value to empPerPage attribute value: [20]
2018-04-03 07:59:53,172 [64] DEBUG Infrastructure.Data.Repositories.StaffRepository - Leave method [.ctor]
2018-04-03 07:59:53,177 [64] DEBUG Service.Business.Services.StaffServices - Enter method [.ctor]
2018-04-03 07:59:53,182 [64] INFO  Service.Business.Services.StaffServices - Success setting values for attributes
2018-04-03 07:59:53,187 [64] DEBUG Service.Business.Services.StaffServices - Leave method [.ctor]
2018-04-03 07:59:53,206 [64] DEBUG Infrastructure.Data.Repositories.ContactInformationRepository - Enter method [.ctor]
2018-04-03 07:59:53,211 [64] INFO  Infrastructure.Data.Repositories.ContactInformationRepository - Success setting values for attributes
2018-04-03 07:59:53,216 [64] DEBUG Infrastructure.Data.Repositories.ContactInformationRepository - Leave method [.ctor]
2018-04-03 07:59:53,220 [64] DEBUG Service.Business.Services.ContactInformationServices - Enter method [.ctor]
2018-04-03 07:59:53,225 [64] DEBUG Service.Business.Services.ContactInformationServices - Leave method [.ctor]
2018-04-03 07:59:53,236 [64] DEBUG Infrastructure.Data.Repositories.ServiceRepository - Enter method [.ctor]
2018-04-03 07:59:53,242 [64] INFO  Infrastructure.Data.Repositories.ServiceRepository - Success setting value to servicesPerPage attribute value: [20]
2018-04-03 07:59:53,247 [64] INFO  Infrastructure.Data.Repositories.ServiceRepository - Setting value for attributes
2018-04-03 07:59:53,251 [64] DEBUG Infrastructure.Data.Repositories.ServiceRepository - Leave method [.ctor]
2018-04-03 07:59:53,256 [64] DEBUG Service.Business.Services.ServiceServices - Enter method [.ctor]
2018-04-03 07:59:53,262 [64] INFO  Service.Business.Services.ServiceServices - Success setting values for attributes
2018-04-03 07:59:53,266 [64] DEBUG Service.Business.Services.ServiceServices - Leave method [.ctor]
2018-04-03 07:59:53,278 [64] DEBUG Infrastructure.Data.Repositories.SalaryRepository - Enter method [.ctor]
2018-04-03 07:59:53,283 [64] INFO  Infrastructure.Data.Repositories.SalaryRepository - Success setting value to servicesPerPage attribute value: [3]
2018-04-03 07:59:53,288 [64] INFO  Infrastructure.Data.Repositories.SalaryRepository - Success set value for attributes
2018-04-03 07:59:53,293 [64] DEBUG Infrastructure.Data.Repositories.SalaryRepository - Leave method [.ctor]
2018-04-03 07:59:53,305 [64] DEBUG Infrastructure.Data.Repositories.ReferenceRepository - Enter method [.ctor]
2018-04-03 07:59:53,311 [64] INFO  Infrastructure.Data.Repositories.ReferenceRepository - Success set values for attributes
2018-04-03 07:59:53,316 [64] DEBUG Infrastructure.Data.Repositories.ReferenceRepository - Leave method [.ctor]
2018-04-03 07:59:53,322 [64] DEBUG Service.Business.Services.ReferenceServices - Enter method [.ctor]
2018-04-03 07:59:53,327 [64] INFO  Service.Business.Services.ReferenceServices - Success set value for attributes
2018-04-03 07:59:53,332 [64] DEBUG Service.Business.Services.ReferenceServices - Leave method [.ctor]
2018-04-03 07:59:53,344 [64] DEBUG Service.Business.Services.NotificationServices - Enter method [.ctor]
2018-04-03 07:59:53,349 [64] DEBUG Service.Business.Services.NotificationServices - Leave method [.ctor]
2018-04-03 08:08:39,974 [22] ERROR SMGS.Presentation.App_Start.Customize - Error: [Access to the path 'C:\Windows\Globalization\sz-VN.nlp' is denied.]
2018-04-03 08:08:41,609 [62] DEBUG Infrastructure.Data.Repositories.StaffRepository - Enter method [.ctor]
2018-04-03 08:08:41,615 [62] INFO  Infrastructure.Data.Repositories.StaffRepository - Success setting value to empPerPage attribute value: [20]
2018-04-03 08:08:41,621 [62] DEBUG Infrastructure.Data.Repositories.StaffRepository - Leave method [.ctor]
2018-04-03 08:08:41,627 [62] DEBUG Service.Business.Services.StaffServices - Enter method [.ctor]
2018-04-03 08:08:41,632 [62] INFO  Service.Business.Services.StaffServices - Success setting values for attributes
2018-04-03 08:08:41,637 [62] DEBUG Service.Business.Services.StaffServices - Leave method [.ctor]
2018-04-03 08:08:41,662 [62] DEBUG Infrastructure.Data.Repositories.ContactInformationRepository - Enter method [.ctor]
2018-04-03 08:08:41,668 [62] INFO  Infrastructure.Data.Repositories.ContactInformationRepository - Success setting values for attributes
2018-04-03 08:08:41,673 [62] DEBUG Infrastructure.Data.Repositories.ContactInformationRepository - Leave method [.ctor]
2018-04-03 08:08:41,679 [62] DEBUG Service.Business.Services.ContactInformationServices - Enter method [.ctor]
2018-04-03 08:08:41,685 [62] DEBUG Service.Business.Services.ContactInformationServices - Leave method [.ctor]
2018-04-03 08:08:41,696 [62] DEBUG Infrastructure.Data.Repositories.ServiceRepository - Enter method [.ctor]
2018-04-03 08:08:41,702 [62] INFO  Infrastructure.Data.Repositories.ServiceRepository - Success setting value to servicesPerPage attribute value: [20]
2018-04-03 08:08:41,706 [62] INFO  Infrastructure.Data.Repositories.ServiceRepository - Setting value for attributes
2018-04-03 08:08:41,714 [62] DEBUG Infrastructure.Data.Repositories.ServiceRepository - Leave method [.ctor]
2018-04-03 08:08:41,719 [62] DEBUG Service.Business.Services.ServiceServices - Enter method [.ctor]
2018-04-03 08:08:41,724 [62] INFO  Service.Business.Services.ServiceServices - Success setting values for attributes
2018-04-03 08:08:41,729 [62] DEBUG Service.Business.Services.ServiceServices - Leave method [.ctor]
2018-04-03 08:08:41,740 [62] DEBUG Infrastructure.Data.Repositories.SalaryRepository - Enter method [.ctor]
2018-04-03 08:08:41,745 [62] INFO  Infrastructure.Data.Repositories.SalaryRepository - Success setting value to servicesPerPage attribute value: [3]
2018-04-03 08:08:41,750 [62] INFO  Infrastructure.Data.Repositories.SalaryRepository - Success set value for attributes
2018-04-03 08:08:41,754 [62] DEBUG Infrastructure.Data.Repositories.SalaryRepository - Leave method [.ctor]
2018-04-03 08:08:41,767 [62] DEBUG Infrastructure.Data.Repositories.ReferenceRepository - Enter method [.ctor]
2018-04-03 08:08:41,772 [62] INFO  Infrastructure.Data.Repositories.ReferenceRepository - Success set values for attributes
2018-04-03 08:08:41,777 [62] DEBUG Infrastructure.Data.Repositories.ReferenceRepository - Leave method [.ctor]
2018-04-03 08:08:41,782 [62] DEBUG Service.Business.Services.ReferenceServices - Enter method [.ctor]
2018-04-03 08:08:41,786 [62] INFO  Service.Business.Services.ReferenceServices - Success set value for attributes
2018-04-03 08:08:41,792 [62] DEBUG Service.Business.Services.ReferenceServices - Leave method [.ctor]
2018-04-03 08:08:41,803 [62] DEBUG Service.Business.Services.NotificationServices - Enter method [.ctor]
2018-04-03 08:08:41,808 [62] DEBUG Service.Business.Services.NotificationServices - Leave method [.ctor]
2018-04-03 08:09:32,241 [22] ERROR SMGS.Presentation.App_Start.Customize - Error: [Access to the path 'C:\Windows\Globalization\sz-VN.nlp' is denied.]
2018-04-03 08:09:34,661 [42] DEBUG Infrastructure.Data.Repositories.StaffRepository - Enter method [.ctor]
2018-04-03 08:09:34,667 [42] INFO  Infrastructure.Data.Repositories.StaffRepository - Success setting value to empPerPage attribute value: [20]
2018-04-03 08:09:34,673 [42] DEBUG Infrastructure.Data.Repositories.StaffRepository - Leave method [.ctor]
2018-04-03 08:09:34,678 [42] DEBUG Service.Business.Services.StaffServices - Enter method [.ctor]
2018-04-03 08:09:34,683 [42] INFO  Service.Business.Services.StaffServices - Success setting values for attributes
2018-04-03 08:09:34,688 [42] DEBUG Service.Business.Services.StaffServices - Leave method [.ctor]
2018-04-03 08:09:34,708 [42] DEBUG Infrastructure.Data.Repositories.ContactInformationRepository - Enter method [.ctor]
2018-04-03 08:09:34,713 [42] INFO  Infrastructure.Data.Repositories.ContactInformationRepository - Success setting values for attributes
2018-04-03 08:09:34,718 [42] DEBUG Infrastructure.Data.Repositories.ContactInformationRepository - Leave method [.ctor]
2018-04-03 08:09:34,723 [42] DEBUG Service.Business.Services.ContactInformationServices - Enter method [.ctor]
2018-04-03 08:09:34,728 [42] DEBUG Service.Business.Services.ContactInformationServices - Leave method [.ctor]
2018-04-03 08:09:34,740 [42] DEBUG Infrastructure.Data.Repositories.ServiceRepository - Enter method [.ctor]
2018-04-03 08:09:34,745 [42] INFO  Infrastructure.Data.Repositories.ServiceRepository - Success setting value to servicesPerPage attribute value: [20]
2018-04-03 08:09:34,751 [42] INFO  Infrastructure.Data.Repositories.ServiceRepository - Setting value for attributes
2018-04-03 08:09:34,756 [42] DEBUG Infrastructure.Data.Repositories.ServiceRepository - Leave method [.ctor]
2018-04-03 08:09:34,761 [42] DEBUG Service.Business.Services.ServiceServices - Enter method [.ctor]
2018-04-03 08:09:34,766 [42] INFO  Service.Business.Services.ServiceServices - Success setting values for attributes
2018-04-03 08:09:34,771 [42] DEBUG Service.Business.Services.ServiceServices - Leave method [.ctor]
2018-04-03 08:09:34,783 [42] DEBUG Infrastructure.Data.Repositories.SalaryRepository - Enter method [.ctor]
2018-04-03 08:09:34,788 [42] INFO  Infrastructure.Data.Repositories.SalaryRepository - Success setting value to servicesPerPage attribute value: [3]
2018-04-03 08:09:34,793 [42] INFO  Infrastructure.Data.Repositories.SalaryRepository - Success set value for attributes
2018-04-03 08:09:34,798 [42] DEBUG Infrastructure.Data.Repositories.SalaryRepository - Leave method [.ctor]
2018-04-03 08:09:34,810 [42] DEBUG Infrastructure.Data.Repositories.ReferenceRepository - Enter method [.ctor]
2018-04-03 08:09:34,815 [42] INFO  Infrastructure.Data.Repositories.ReferenceRepository - Success set values for attributes
2018-04-03 08:09:34,820 [42] DEBUG Infrastructure.Data.Repositories.ReferenceRepository - Leave method [.ctor]
2018-04-03 08:09:34,825 [42] DEBUG Service.Business.Services.ReferenceServices - Enter method [.ctor]
2018-04-03 08:09:34,831 [42] INFO  Service.Business.Services.ReferenceServices - Success set value for attributes
2018-04-03 08:09:34,836 [42] DEBUG Service.Business.Services.ReferenceServices - Leave method [.ctor]
2018-04-03 08:09:34,847 [42] DEBUG Service.Business.Services.NotificationServices - Enter method [.ctor]
2018-04-03 08:09:34,853 [42] DEBUG Service.Business.Services.NotificationServices - Leave method [.ctor]
2018-04-03 08:09:34,862 [42] DEBUG Infrastructure.Data.Repositories.BookingRepository - Enter method [.ctor]
2018-04-03 08:09:34,867 [42] DEBUG Infrastructure.Data.Repositories.BookingRepository - Leave method [.ctor]
2018-04-03 08:12:45,648 [22] ERROR SMGS.Presentation.App_Start.Customize - Error: [Access to the path 'C:\Windows\Globalization\sz-VN.nlp' is denied.]
2018-04-03 08:12:47,199 [65] DEBUG Infrastructure.Data.Repositories.StaffRepository - Enter method [.ctor]
2018-04-03 08:12:47,206 [65] INFO  Infrastructure.Data.Repositories.StaffRepository - Success setting value to empPerPage attribute value: [20]
2018-04-03 08:12:47,215 [65] DEBUG Infrastructure.Data.Repositories.StaffRepository - Leave method [.ctor]
2018-04-03 08:12:47,222 [65] DEBUG Service.Business.Services.StaffServices - Enter method [.ctor]
2018-04-03 08:12:47,229 [65] INFO  Service.Business.Services.StaffServices - Success setting values for attributes
2018-04-03 08:12:47,237 [65] DEBUG Service.Business.Services.StaffServices - Leave method [.ctor]
2018-04-03 08:12:47,262 [65] DEBUG Infrastructure.Data.Repositories.ContactInformationRepository - Enter method [.ctor]
2018-04-03 08:12:47,268 [65] INFO  Infrastructure.Data.Repositories.ContactInformationRepository - Success setting values for attributes
2018-04-03 08:12:47,274 [65] DEBUG Infrastructure.Data.Repositories.ContactInformationRepository - Leave method [.ctor]
2018-04-03 08:12:47,279 [65] DEBUG Service.Business.Services.ContactInformationServices - Enter method [.ctor]
2018-04-03 08:12:47,287 [65] DEBUG Service.Business.Services.ContactInformationServices - Leave method [.ctor]
2018-04-03 08:12:47,299 [65] DEBUG Infrastructure.Data.Repositories.ServiceRepository - Enter method [.ctor]
2018-04-03 08:12:47,304 [65] INFO  Infrastructure.Data.Repositories.ServiceRepository - Success setting value to servicesPerPage attribute value: [20]
2018-04-03 08:12:47,310 [65] INFO  Infrastructure.Data.Repositories.ServiceRepository - Setting value for attributes
2018-04-03 08:12:47,315 [65] DEBUG Infrastructure.Data.Repositories.ServiceRepository - Leave method [.ctor]
2018-04-03 08:12:47,323 [65] DEBUG Service.Business.Services.ServiceServices - Enter method [.ctor]
2018-04-03 08:12:47,329 [65] INFO  Service.Business.Services.ServiceServices - Success setting values for attributes
2018-04-03 08:12:47,334 [65] DEBUG Service.Business.Services.ServiceServices - Leave method [.ctor]
2018-04-03 08:12:47,347 [65] DEBUG Infrastructure.Data.Repositories.SalaryRepository - Enter method [.ctor]
2018-04-03 08:12:47,353 [65] INFO  Infrastructure.Data.Repositories.SalaryRepository - Success setting value to servicesPerPage attribute value: [3]
2018-04-03 08:12:47,358 [65] INFO  Infrastructure.Data.Repositories.SalaryRepository - Success set value for attributes
2018-04-03 08:12:47,364 [65] DEBUG Infrastructure.Data.Repositories.SalaryRepository - Leave method [.ctor]
2018-04-03 08:12:47,377 [65] DEBUG Infrastructure.Data.Repositories.ReferenceRepository - Enter method [.ctor]
2018-04-03 08:12:47,382 [65] INFO  Infrastructure.Data.Repositories.ReferenceRepository - Success set values for attributes
2018-04-03 08:12:47,388 [65] DEBUG Infrastructure.Data.Repositories.ReferenceRepository - Leave method [.ctor]
2018-04-03 08:12:47,394 [65] DEBUG Service.Business.Services.ReferenceServices - Enter method [.ctor]
2018-04-03 08:12:47,400 [65] INFO  Service.Business.Services.ReferenceServices - Success set value for attributes
2018-04-03 08:12:47,405 [65] DEBUG Service.Business.Services.ReferenceServices - Leave method [.ctor]
2018-04-03 08:12:47,416 [65] DEBUG Service.Business.Services.NotificationServices - Enter method [.ctor]
2018-04-03 08:12:47,422 [65] DEBUG Service.Business.Services.NotificationServices - Leave method [.ctor]
2018-04-03 08:12:47,428 [65] DEBUG SMGS.Presentation.Controllers.AdminController - Enter method [.ctor]
2018-04-03 08:12:47,434 [65] INFO  SMGS.Presentation.Controllers.AdminController - Success set value to attributes
2018-04-03 08:12:47,439 [65] DEBUG SMGS.Presentation.Controllers.AdminController - Leave method [.ctor]
2018-04-03 08:12:47,504 [65] DEBUG SMGS.Presentation.Controllers.AdminController - Enter method [Index]
2018-04-03 08:12:47,510 [65] DEBUG SMGS.Presentation.Controllers.AdminController - Leave method [Index]
2018-04-03 08:12:50,001 [70] DEBUG Infrastructure.Data.Repositories.StaffRepository - Enter method [.ctor]
2018-04-03 08:12:50,010 [70] INFO  Infrastructure.Data.Repositories.StaffRepository - Success setting value to empPerPage attribute value: [20]
2018-04-03 08:12:50,018 [70] DEBUG Infrastructure.Data.Repositories.StaffRepository - Leave method [.ctor]
2018-04-03 08:12:50,026 [70] DEBUG Service.Business.Services.StaffServices - Enter method [.ctor]
2018-04-03 08:12:50,033 [70] INFO  Service.Business.Services.StaffServices - Success setting values for attributes
2018-04-03 08:12:50,042 [70] DEBUG Service.Business.Services.StaffServices - Leave method [.ctor]
2018-04-03 08:12:50,050 [70] DEBUG Infrastructure.Data.Repositories.ContactInformationRepository - Enter method [.ctor]
2018-04-03 08:12:50,059 [70] INFO  Infrastructure.Data.Repositories.ContactInformationRepository - Success setting values for attributes
2018-04-03 08:12:50,066 [70] DEBUG Infrastructure.Data.Repositories.ContactInformationRepository - Leave method [.ctor]
2018-04-03 08:12:50,075 [70] DEBUG Service.Business.Services.ContactInformationServices - Enter method [.ctor]
2018-04-03 08:12:50,082 [70] DEBUG Service.Business.Services.ContactInformationServices - Leave method [.ctor]
2018-04-03 08:12:50,090 [70] DEBUG Infrastructure.Data.Repositories.ServiceRepository - Enter method [.ctor]
2018-04-03 08:12:50,096 [70] INFO  Infrastructure.Data.Repositories.ServiceRepository - Success setting value to servicesPerPage attribute value: [20]
2018-04-03 08:12:50,102 [70] INFO  Infrastructure.Data.Repositories.ServiceRepository - Setting value for attributes
2018-04-03 08:12:50,108 [70] DEBUG Infrastructure.Data.Repositories.ServiceRepository - Leave method [.ctor]
2018-04-03 08:12:50,115 [70] DEBUG Service.Business.Services.ServiceServices - Enter method [.ctor]
2018-04-03 08:12:50,122 [70] INFO  Service.Business.Services.ServiceServices - Success setting values for attributes
2018-04-03 08:12:50,129 [70] DEBUG Service.Business.Services.ServiceServices - Leave method [.ctor]
2018-04-03 08:12:50,135 [70] DEBUG Infrastructure.Data.Repositories.SalaryRepository - Enter method [.ctor]
2018-04-03 08:12:50,142 [70] INFO  Infrastructure.Data.Repositories.SalaryRepository - Success setting value to servicesPerPage attribute value: [3]
2018-04-03 08:12:50,148 [70] INFO  Infrastructure.Data.Repositories.SalaryRepository - Success set value for attributes
2018-04-03 08:12:50,154 [70] DEBUG Infrastructure.Data.Repositories.SalaryRepository - Leave method [.ctor]
2018-04-03 08:12:50,160 [70] DEBUG Infrastructure.Data.Repositories.ReferenceRepository - Enter method [.ctor]
2018-04-03 08:12:50,165 [70] INFO  Infrastructure.Data.Repositories.ReferenceRepository - Success set values for attributes
2018-04-03 08:12:50,171 [70] DEBUG Infrastructure.Data.Repositories.ReferenceRepository - Leave method [.ctor]
2018-04-03 08:12:50,177 [70] DEBUG Service.Business.Services.ReferenceServices - Enter method [.ctor]
2018-04-03 08:12:50,183 [70] INFO  Service.Business.Services.ReferenceServices - Success set value for attributes
2018-04-03 08:12:50,188 [70] DEBUG Service.Business.Services.ReferenceServices - Leave method [.ctor]
2018-04-03 08:12:50,194 [70] DEBUG Service.Business.Services.NotificationServices - Enter method [.ctor]
2018-04-03 08:12:50,200 [70] DEBUG Service.Business.Services.NotificationServices - Leave method [.ctor]
2018-04-03 08:12:50,207 [70] DEBUG SMGS.Presentation.Controllers.AdminController - Enter method [.ctor]
2018-04-03 08:12:50,213 [70] INFO  SMGS.Presentation.Controllers.AdminController - Success set value to attributes
2018-04-03 08:12:50,219 [70] DEBUG SMGS.Presentation.Controllers.AdminController - Leave method [.ctor]
2018-04-03 08:12:50,227 [70] DEBUG SMGS.Presentation.Controllers.AdminController - Enter method [FirstCountNotification]
2018-04-03 08:12:50,234 [70] DEBUG Service.Business.Services.NotificationServices - Enter method [CountNotificationForAccount]
2018-04-03 08:12:50,242 [70] DEBUG Infrastructure.Data.Repositories.NotificationRepository - Enter method [CountNotificationForAccount]
2018-04-03 08:12:52,528 [70] ERROR Infrastructure.Data.Repositories.NotificationRepository - Error: [An error occurred while executing the command definition. See the inner exception for details.]
2018-04-03 08:12:52,534 [70] DEBUG Infrastructure.Data.Repositories.NotificationRepository - Leave method [CountNotificationForAccount]
2018-04-03 08:12:52,540 [70] DEBUG Service.Business.Services.NotificationServices - Leave method [CountNotificationForAccount]
2018-04-03 08:12:52,545 [70] DEBUG SMGS.Presentation.Controllers.AdminController - Leave method [FirstCountNotification]
2018-04-03 08:13:16,036 [82] ERROR SMGS.Presentation.App_Start.Customize - Error: [Access to the path 'C:\Windows\Globalization\sz-VN.nlp' is denied.]
2018-04-03 08:13:31,322 [69] DEBUG Infrastructure.Data.Repositories.StaffRepository - Enter method [.ctor]
2018-04-03 08:13:31,328 [69] INFO  Infrastructure.Data.Repositories.StaffRepository - Success setting value to empPerPage attribute value: [20]
2018-04-03 08:13:31,334 [69] DEBUG Infrastructure.Data.Repositories.StaffRepository - Leave method [.ctor]
2018-04-03 08:13:31,340 [69] DEBUG Service.Business.Services.StaffServices - Enter method [.ctor]
2018-04-03 08:13:31,346 [69] INFO  Service.Business.Services.StaffServices - Success setting values for attributes
2018-04-03 08:13:31,351 [69] DEBUG Service.Business.Services.StaffServices - Leave method [.ctor]
2018-04-03 08:13:31,371 [69] DEBUG Infrastructure.Data.Repositories.ContactInformationRepository - Enter method [.ctor]
2018-04-03 08:13:31,377 [69] INFO  Infrastructure.Data.Repositories.ContactInformationRepository - Success setting values for attributes
2018-04-03 08:13:31,382 [69] DEBUG Infrastructure.Data.Repositories.ContactInformationRepository - Leave method [.ctor]
2018-04-03 08:13:31,388 [69] DEBUG Service.Business.Services.ContactInformationServices - Enter method [.ctor]
2018-04-03 08:13:31,393 [69] DEBUG Service.Business.Services.ContactInformationServices - Leave method [.ctor]
2018-04-03 08:13:31,405 [69] DEBUG Infrastructure.Data.Repositories.ServiceRepository - Enter method [.ctor]
2018-04-03 08:13:31,410 [69] INFO  Infrastructure.Data.Repositories.ServiceRepository - Success setting value to servicesPerPage attribute value: [20]
2018-04-03 08:13:31,415 [69] INFO  Infrastructure.Data.Repositories.ServiceRepository - Setting value for attributes
2018-04-03 08:13:31,420 [69] DEBUG Infrastructure.Data.Repositories.ServiceRepository - Leave method [.ctor]
2018-04-03 08:13:31,426 [69] DEBUG Service.Business.Services.ServiceServices - Enter method [.ctor]
2018-04-03 08:13:31,431 [69] INFO  Service.Business.Services.ServiceServices - Success setting values for attributes
2018-04-03 08:13:31,436 [69] DEBUG Service.Business.Services.ServiceServices - Leave method [.ctor]
2018-04-03 08:13:31,448 [69] DEBUG Infrastructure.Data.Repositories.SalaryRepository - Enter method [.ctor]
2018-04-03 08:13:31,454 [69] INFO  Infrastructure.Data.Repositories.SalaryRepository - Success setting value to servicesPerPage attribute value: [3]
2018-04-03 08:13:31,459 [69] INFO  Infrastructure.Data.Repositories.SalaryRepository - Success set value for attributes
2018-04-03 08:13:31,465 [69] DEBUG Infrastructure.Data.Repositories.SalaryRepository - Leave method [.ctor]
2018-04-03 08:13:31,478 [69] DEBUG Infrastructure.Data.Repositories.ReferenceRepository - Enter method [.ctor]
2018-04-03 08:13:31,484 [69] INFO  Infrastructure.Data.Repositories.ReferenceRepository - Success set values for attributes
2018-04-03 08:13:31,489 [69] DEBUG Infrastructure.Data.Repositories.ReferenceRepository - Leave method [.ctor]
2018-04-03 08:13:31,495 [69] DEBUG Service.Business.Services.ReferenceServices - Enter method [.ctor]
2018-04-03 08:13:31,501 [69] INFO  Service.Business.Services.ReferenceServices - Success set value for attributes
2018-04-03 08:13:31,506 [69] DEBUG Service.Business.Services.ReferenceServices - Leave method [.ctor]
2018-04-03 08:13:31,518 [69] DEBUG Service.Business.Services.NotificationServices - Enter method [.ctor]
2018-04-03 08:13:31,524 [69] DEBUG Service.Business.Services.NotificationServices - Leave method [.ctor]
2018-04-03 08:13:31,534 [69] DEBUG Infrastructure.Data.Repositories.BookingRepository - Enter method [.ctor]
2018-04-03 08:13:31,540 [69] DEBUG Infrastructure.Data.Repositories.BookingRepository - Leave method [.ctor]
2018-04-03 08:13:31,547 [69] DEBUG SMGS.Presentation.Controllers.AdminController - Enter method [.ctor]
2018-04-03 08:13:31,553 [69] INFO  SMGS.Presentation.Controllers.AdminController - Success set value to attributes
2018-04-03 08:13:31,558 [69] DEBUG SMGS.Presentation.Controllers.AdminController - Leave method [.ctor]
2018-04-03 08:13:31,622 [69] DEBUG SMGS.Presentation.Controllers.AdminController - Enter method [Index]
2018-04-03 08:13:31,627 [69] DEBUG SMGS.Presentation.Controllers.AdminController - Leave method [Index]
2018-04-03 08:13:33,845 [70] DEBUG Infrastructure.Data.Repositories.StaffRepository - Enter method [.ctor]
2018-04-03 08:13:33,852 [70] INFO  Infrastructure.Data.Repositories.StaffRepository - Success setting value to empPerPage attribute value: [20]
2018-04-03 08:13:33,859 [70] DEBUG Infrastructure.Data.Repositories.StaffRepository - Leave method [.ctor]
2018-04-03 08:13:33,869 [70] DEBUG Service.Business.Services.StaffServices - Enter method [.ctor]
2018-04-03 08:13:33,876 [70] INFO  Service.Business.Services.StaffServices - Success setting values for attributes
2018-04-03 08:13:33,883 [70] DEBUG Service.Business.Services.StaffServices - Leave method [.ctor]
2018-04-03 08:13:33,890 [70] DEBUG Infrastructure.Data.Repositories.ContactInformationRepository - Enter method [.ctor]
2018-04-03 08:13:33,899 [70] INFO  Infrastructure.Data.Repositories.ContactInformationRepository - Success setting values for attributes
2018-04-03 08:13:33,906 [70] DEBUG Infrastructure.Data.Repositories.ContactInformationRepository - Leave method [.ctor]
2018-04-03 08:13:33,912 [70] DEBUG Service.Business.Services.ContactInformationServices - Enter method [.ctor]
2018-04-03 08:13:33,918 [70] DEBUG Service.Business.Services.ContactInformationServices - Leave method [.ctor]
2018-04-03 08:13:33,924 [70] DEBUG Infrastructure.Data.Repositories.ServiceRepository - Enter method [.ctor]
2018-04-03 08:13:33,930 [70] INFO  Infrastructure.Data.Repositories.ServiceRepository - Success setting value to servicesPerPage attribute value: [20]
2018-04-03 08:13:33,937 [70] INFO  Infrastructure.Data.Repositories.ServiceRepository - Setting value for attributes
2018-04-03 08:13:33,942 [70] DEBUG Infrastructure.Data.Repositories.ServiceRepository - Leave method [.ctor]
2018-04-03 08:13:33,950 [70] DEBUG Service.Business.Services.ServiceServices - Enter method [.ctor]
2018-04-03 08:13:33,957 [70] INFO  Service.Business.Services.ServiceServices - Success setting values for attributes
2018-04-03 08:13:33,962 [70] DEBUG Service.Business.Services.ServiceServices - Leave method [.ctor]
2018-04-03 08:13:33,968 [70] DEBUG Infrastructure.Data.Repositories.SalaryRepository - Enter method [.ctor]
2018-04-03 08:13:33,973 [70] INFO  Infrastructure.Data.Repositories.SalaryRepository - Success setting value to servicesPerPage attribute value: [3]
2018-04-03 08:13:33,979 [70] INFO  Infrastructure.Data.Repositories.SalaryRepository - Success set value for attributes
2018-04-03 08:13:33,985 [70] DEBUG Infrastructure.Data.Repositories.SalaryRepository - Leave method [.ctor]
2018-04-03 08:13:33,990 [70] DEBUG Infrastructure.Data.Repositories.ReferenceRepository - Enter method [.ctor]
2018-04-03 08:13:33,996 [70] INFO  Infrastructure.Data.Repositories.ReferenceRepository - Success set values for attributes
2018-04-03 08:13:34,002 [70] DEBUG Infrastructure.Data.Repositories.ReferenceRepository - Leave method [.ctor]
2018-04-03 08:13:34,007 [70] DEBUG Service.Business.Services.ReferenceServices - Enter method [.ctor]
2018-04-03 08:13:34,012 [70] INFO  Service.Business.Services.ReferenceServices - Success set value for attributes
2018-04-03 08:13:34,018 [70] DEBUG Service.Business.Services.ReferenceServices - Leave method [.ctor]
2018-04-03 08:13:34,024 [70] DEBUG Service.Business.Services.NotificationServices - Enter method [.ctor]
2018-04-03 08:13:34,030 [70] DEBUG Service.Business.Services.NotificationServices - Leave method [.ctor]
2018-04-03 08:13:34,036 [70] DEBUG Infrastructure.Data.Repositories.BookingRepository - Enter method [.ctor]
2018-04-03 08:13:34,042 [70] DEBUG Infrastructure.Data.Repositories.BookingRepository - Leave method [.ctor]
2018-04-03 08:13:34,049 [70] DEBUG SMGS.Presentation.Controllers.AdminController - Enter method [.ctor]
2018-04-03 08:13:34,055 [70] INFO  SMGS.Presentation.Controllers.AdminController - Success set value to attributes
2018-04-03 08:13:34,061 [70] DEBUG SMGS.Presentation.Controllers.AdminController - Leave method [.ctor]
2018-04-03 08:13:34,067 [70] DEBUG SMGS.Presentation.Controllers.AdminController - Enter method [FirstCountNotification]
2018-04-03 08:13:34,074 [70] DEBUG Service.Business.Services.NotificationServices - Enter method [CountNotificationForAccount]
2018-04-03 08:13:34,082 [70] DEBUG Infrastructure.Data.Repositories.NotificationRepository - Enter method [CountNotificationForAccount]
2018-04-03 08:13:36,134 [70] ERROR Infrastructure.Data.Repositories.NotificationRepository - Error: [An error occurred while executing the command definition. See the inner exception for details.]
2018-04-03 08:13:36,140 [70] DEBUG Infrastructure.Data.Repositories.NotificationRepository - Leave method [CountNotificationForAccount]
2018-04-03 08:13:36,146 [70] DEBUG Service.Business.Services.NotificationServices - Leave method [CountNotificationForAccount]
2018-04-03 08:13:36,152 [70] DEBUG SMGS.Presentation.Controllers.AdminController - Leave method [FirstCountNotification]
2018-04-03 08:13:46,598 [81] DEBUG Infrastructure.Data.Repositories.StaffRepository - Enter method [.ctor]
2018-04-03 08:13:46,605 [81] INFO  Infrastructure.Data.Repositories.StaffRepository - Success setting value to empPerPage attribute value: [20]
2018-04-03 08:13:46,611 [81] DEBUG Infrastructure.Data.Repositories.StaffRepository - Leave method [.ctor]
2018-04-03 08:13:46,618 [81] DEBUG Service.Business.Services.StaffServices - Enter method [.ctor]
2018-04-03 08:13:46,624 [81] INFO  Service.Business.Services.StaffServices - Success setting values for attributes
2018-04-03 08:13:46,631 [81] DEBUG Service.Business.Services.StaffServices - Leave method [.ctor]
2018-04-03 08:13:46,637 [81] DEBUG Infrastructure.Data.Repositories.ContactInformationRepository - Enter method [.ctor]
2018-04-03 08:13:46,643 [81] INFO  Infrastructure.Data.Repositories.ContactInformationRepository - Success setting values for attributes
2018-04-03 08:13:46,649 [81] DEBUG Infrastructure.Data.Repositories.ContactInformationRepository - Leave method [.ctor]
2018-04-03 08:13:46,655 [81] DEBUG Service.Business.Services.ContactInformationServices - Enter method [.ctor]
2018-04-03 08:13:46,661 [81] DEBUG Service.Business.Services.ContactInformationServices - Leave method [.ctor]
2018-04-03 08:13:46,667 [81] DEBUG Infrastructure.Data.Repositories.ServiceRepository - Enter method [.ctor]
2018-04-03 08:13:46,672 [81] INFO  Infrastructure.Data.Repositories.ServiceRepository - Success setting value to servicesPerPage attribute value: [20]
2018-04-03 08:13:46,677 [81] INFO  Infrastructure.Data.Repositories.ServiceRepository - Setting value for attributes
2018-04-03 08:13:46,682 [81] DEBUG Infrastructure.Data.Repositories.ServiceRepository - Leave method [.ctor]
2018-04-03 08:13:46,687 [81] DEBUG Service.Business.Services.ServiceServices - Enter method [.ctor]
2018-04-03 08:13:46,692 [81] INFO  Service.Business.Services.ServiceServices - Success setting values for attributes
2018-04-03 08:13:46,697 [81] DEBUG Service.Business.Services.ServiceServices - Leave method [.ctor]
2018-04-03 08:13:46,702 [81] DEBUG Infrastructure.Data.Repositories.SalaryRepository - Enter method [.ctor]
2018-04-03 08:13:46,707 [81] INFO  Infrastructure.Data.Repositories.SalaryRepository - Success setting value to servicesPerPage attribute value: [3]
2018-04-03 08:13:46,712 [81] INFO  Infrastructure.Data.Repositories.SalaryRepository - Success set value for attributes
2018-04-03 08:13:46,718 [81] DEBUG Infrastructure.Data.Repositories.SalaryRepository - Leave method [.ctor]
2018-04-03 08:13:46,723 [81] DEBUG Infrastructure.Data.Repositories.ReferenceRepository - Enter method [.ctor]
2018-04-03 08:13:46,728 [81] INFO  Infrastructure.Data.Repositories.ReferenceRepository - Success set values for attributes
2018-04-03 08:13:46,733 [81] DEBUG Infrastructure.Data.Repositories.ReferenceRepository - Leave method [.ctor]
2018-04-03 08:13:46,738 [81] DEBUG Service.Business.Services.ReferenceServices - Enter method [.ctor]
2018-04-03 08:13:46,743 [81] INFO  Service.Business.Services.ReferenceServices - Success set value for attributes
2018-04-03 08:13:46,748 [81] DEBUG Service.Business.Services.ReferenceServices - Leave method [.ctor]
2018-04-03 08:13:46,754 [81] DEBUG Service.Business.Services.NotificationServices - Enter method [.ctor]
2018-04-03 08:13:46,759 [81] DEBUG Service.Business.Services.NotificationServices - Leave method [.ctor]
2018-04-03 08:13:46,764 [81] DEBUG Infrastructure.Data.Repositories.BookingRepository - Enter method [.ctor]
2018-04-03 08:13:46,769 [81] DEBUG Infrastructure.Data.Repositories.BookingRepository - Leave method [.ctor]
2018-04-03 08:13:46,774 [81] DEBUG SMGS.Presentation.Controllers.AdminController - Enter method [.ctor]
2018-04-03 08:13:46,779 [81] INFO  SMGS.Presentation.Controllers.AdminController - Success set value to attributes
2018-04-03 08:13:46,784 [81] DEBUG SMGS.Presentation.Controllers.AdminController - Leave method [.ctor]
2018-04-03 08:13:46,789 [81] DEBUG SMGS.Presentation.Controllers.AdminController - Enter method [Index]
2018-04-03 08:13:46,795 [81] DEBUG SMGS.Presentation.Controllers.AdminController - Leave method [Index]
2018-04-03 08:13:47,035 [70] DEBUG Infrastructure.Data.Repositories.StaffRepository - Enter method [.ctor]
2018-04-03 08:13:47,041 [70] INFO  Infrastructure.Data.Repositories.StaffRepository - Success setting value to empPerPage attribute value: [20]
2018-04-03 08:13:47,049 [70] DEBUG Infrastructure.Data.Repositories.StaffRepository - Leave method [.ctor]
2018-04-03 08:13:47,058 [70] DEBUG Service.Business.Services.StaffServices - Enter method [.ctor]
2018-04-03 08:13:47,064 [70] INFO  Service.Business.Services.StaffServices - Success setting values for attributes
2018-04-03 08:13:47,071 [70] DEBUG Service.Business.Services.StaffServices - Leave method [.ctor]
2018-04-03 08:13:47,078 [70] DEBUG Infrastructure.Data.Repositories.ContactInformationRepository - Enter method [.ctor]
2018-04-03 08:13:47,086 [70] INFO  Infrastructure.Data.Repositories.ContactInformationRepository - Success setting values for attributes
2018-04-03 08:13:47,093 [70] DEBUG Infrastructure.Data.Repositories.ContactInformationRepository - Leave method [.ctor]
2018-04-03 08:13:47,100 [70] DEBUG Service.Business.Services.ContactInformationServices - Enter method [.ctor]
2018-04-03 08:13:47,106 [70] DEBUG Service.Business.Services.ContactInformationServices - Leave method [.ctor]
2018-04-03 08:13:47,113 [70] DEBUG Infrastructure.Data.Repositories.ServiceRepository - Enter method [.ctor]
2018-04-03 08:13:47,120 [70] INFO  Infrastructure.Data.Repositories.ServiceRepository - Success setting value to servicesPerPage attribute value: [20]
2018-04-03 08:13:47,126 [70] INFO  Infrastructure.Data.Repositories.ServiceRepository - Setting value for attributes
2018-04-03 08:13:47,132 [70] DEBUG Infrastructure.Data.Repositories.ServiceRepository - Leave method [.ctor]
2018-04-03 08:13:47,139 [70] DEBUG Service.Business.Services.ServiceServices - Enter method [.ctor]
2018-04-03 08:13:47,145 [70] INFO  Service.Business.Services.ServiceServices - Success setting values for attributes
2018-04-03 08:13:47,151 [70] DEBUG Service.Business.Services.ServiceServices - Leave method [.ctor]
2018-04-03 08:13:47,157 [70] DEBUG Infrastructure.Data.Repositories.SalaryRepository - Enter method [.ctor]
2018-04-03 08:13:47,164 [70] INFO  Infrastructure.Data.Repositories.SalaryRepository - Success setting value to servicesPerPage attribute value: [3]
2018-04-03 08:13:47,170 [70] INFO  Infrastructure.Data.Repositories.SalaryRepository - Success set value for attributes
2018-04-03 08:13:47,176 [70] DEBUG Infrastructure.Data.Repositories.SalaryRepository - Leave method [.ctor]
2018-04-03 08:13:47,183 [70] DEBUG Infrastructure.Data.Repositories.ReferenceRepository - Enter method [.ctor]
2018-04-03 08:13:47,189 [70] INFO  Infrastructure.Data.Repositories.ReferenceRepository - Success set values for attributes
2018-04-03 08:13:47,196 [70] DEBUG Infrastructure.Data.Repositories.ReferenceRepository - Leave method [.ctor]
2018-04-03 08:13:47,203 [70] DEBUG Service.Business.Services.ReferenceServices - Enter method [.ctor]
2018-04-03 08:13:47,210 [70] INFO  Service.Business.Services.ReferenceServices - Success set value for attributes
2018-04-03 08:13:47,218 [70] DEBUG Service.Business.Services.ReferenceServices - Leave method [.ctor]
2018-04-03 08:13:47,224 [70] DEBUG Service.Business.Services.NotificationServices - Enter method [.ctor]
2018-04-03 08:13:47,231 [70] DEBUG Service.Business.Services.NotificationServices - Leave method [.ctor]
2018-04-03 08:13:47,238 [70] DEBUG Infrastructure.Data.Repositories.BookingRepository - Enter method [.ctor]
2018-04-03 08:13:47,245 [70] DEBUG Infrastructure.Data.Repositories.BookingRepository - Leave method [.ctor]
2018-04-03 08:13:47,252 [70] DEBUG SMGS.Presentation.Controllers.AdminController - Enter method [.ctor]
2018-04-03 08:13:47,258 [70] INFO  SMGS.Presentation.Controllers.AdminController - Success set value to attributes
2018-04-03 08:13:47,266 [70] DEBUG SMGS.Presentation.Controllers.AdminController - Leave method [.ctor]
2018-04-03 08:13:47,272 [70] DEBUG SMGS.Presentation.Controllers.AdminController - Enter method [FirstCountNotification]
2018-04-03 08:13:47,277 [70] DEBUG Service.Business.Services.NotificationServices - Enter method [CountNotificationForAccount]
2018-04-03 08:13:47,284 [70] DEBUG Infrastructure.Data.Repositories.NotificationRepository - Enter method [CountNotificationForAccount]
2018-04-03 08:13:47,334 [70] ERROR Infrastructure.Data.Repositories.NotificationRepository - Error: [An error occurred while executing the command definition. See the inner exception for details.]
2018-04-03 08:13:47,340 [70] DEBUG Infrastructure.Data.Repositories.NotificationRepository - Leave method [CountNotificationForAccount]
2018-04-03 08:13:47,348 [70] DEBUG Service.Business.Services.NotificationServices - Leave method [CountNotificationForAccount]
2018-04-03 08:13:47,353 [70] DEBUG SMGS.Presentation.Controllers.AdminController - Leave method [FirstCountNotification]
2018-04-03 08:14:46,864 [22] ERROR SMGS.Presentation.App_Start.Customize - Error: [Access to the path 'C:\Windows\Globalization\sz-VN.nlp' is denied.]
2018-04-03 08:14:48,341 [85] DEBUG Infrastructure.Data.Repositories.StaffRepository - Enter method [.ctor]
2018-04-03 08:14:48,350 [85] INFO  Infrastructure.Data.Repositories.StaffRepository - Success setting value to empPerPage attribute value: [20]
2018-04-03 08:14:48,360 [85] DEBUG Infrastructure.Data.Repositories.StaffRepository - Leave method [.ctor]
2018-04-03 08:14:48,370 [85] DEBUG Service.Business.Services.StaffServices - Enter method [.ctor]
2018-04-03 08:14:48,380 [85] INFO  Service.Business.Services.StaffServices - Success setting values for attributes
2018-04-03 08:14:48,388 [85] DEBUG Service.Business.Services.StaffServices - Leave method [.ctor]
2018-04-03 08:14:48,410 [85] DEBUG Infrastructure.Data.Repositories.ContactInformationRepository - Enter method [.ctor]
2018-04-03 08:14:48,420 [85] INFO  Infrastructure.Data.Repositories.ContactInformationRepository - Success setting values for attributes
2018-04-03 08:14:48,428 [85] DEBUG Infrastructure.Data.Repositories.ContactInformationRepository - Leave method [.ctor]
2018-04-03 08:14:48,435 [85] DEBUG Service.Business.Services.ContactInformationServices - Enter method [.ctor]
2018-04-03 08:14:48,441 [85] DEBUG Service.Business.Services.ContactInformationServices - Leave method [.ctor]
2018-04-03 08:14:48,453 [85] DEBUG Infrastructure.Data.Repositories.ServiceRepository - Enter method [.ctor]
2018-04-03 08:14:48,459 [85] INFO  Infrastructure.Data.Repositories.ServiceRepository - Success setting value to servicesPerPage attribute value: [20]
2018-04-03 08:14:48,465 [85] INFO  Infrastructure.Data.Repositories.ServiceRepository - Setting value for attributes
2018-04-03 08:14:48,470 [85] DEBUG Infrastructure.Data.Repositories.ServiceRepository - Leave method [.ctor]
2018-04-03 08:14:48,477 [85] DEBUG Service.Business.Services.ServiceServices - Enter method [.ctor]
2018-04-03 08:14:48,482 [85] INFO  Service.Business.Services.ServiceServices - Success setting values for attributes
2018-04-03 08:14:48,488 [85] DEBUG Service.Business.Services.ServiceServices - Leave method [.ctor]
2018-04-03 08:14:48,499 [85] DEBUG Infrastructure.Data.Repositories.SalaryRepository - Enter method [.ctor]
2018-04-03 08:14:48,506 [85] INFO  Infrastructure.Data.Repositories.SalaryRepository - Success setting value to servicesPerPage attribute value: [3]
2018-04-03 08:14:48,512 [85] INFO  Infrastructure.Data.Repositories.SalaryRepository - Success set value for attributes
2018-04-03 08:14:48,517 [85] DEBUG Infrastructure.Data.Repositories.SalaryRepository - Leave method [.ctor]
2018-04-03 08:14:48,531 [85] DEBUG Infrastructure.Data.Repositories.ReferenceRepository - Enter method [.ctor]
2018-04-03 08:14:48,537 [85] INFO  Infrastructure.Data.Repositories.ReferenceRepository - Success set values for attributes
2018-04-03 08:14:48,543 [85] DEBUG Infrastructure.Data.Repositories.ReferenceRepository - Leave method [.ctor]
2018-04-03 08:14:48,548 [85] DEBUG Service.Business.Services.ReferenceServices - Enter method [.ctor]
2018-04-03 08:14:48,554 [85] INFO  Service.Business.Services.ReferenceServices - Success set value for attributes
2018-04-03 08:14:48,560 [85] DEBUG Service.Business.Services.ReferenceServices - Leave method [.ctor]
2018-04-03 08:14:48,571 [85] DEBUG Service.Business.Services.NotificationServices - Enter method [.ctor]
2018-04-03 08:14:48,577 [85] DEBUG Service.Business.Services.NotificationServices - Leave method [.ctor]
2018-04-03 08:14:48,590 [85] DEBUG Infrastructure.Data.Repositories.BookingRepository - Enter method [.ctor]
2018-04-03 08:14:48,598 [85] DEBUG Infrastructure.Data.Repositories.BookingRepository - Leave method [.ctor]
2018-04-03 08:15:29,150 [82] ERROR SMGS.Presentation.App_Start.Customize - Error: [Access to the path 'C:\Windows\Globalization\sz-VN.nlp' is denied.]
2018-04-03 08:15:30,586 [70] DEBUG Infrastructure.Data.Repositories.StaffRepository - Enter method [.ctor]
2018-04-03 08:15:30,593 [70] INFO  Infrastructure.Data.Repositories.StaffRepository - Success setting value to empPerPage attribute value: [20]
2018-04-03 08:15:30,601 [70] DEBUG Infrastructure.Data.Repositories.StaffRepository - Leave method [.ctor]
2018-04-03 08:15:30,608 [70] DEBUG Service.Business.Services.StaffServices - Enter method [.ctor]
2018-04-03 08:15:30,615 [70] INFO  Service.Business.Services.StaffServices - Success setting values for attributes
2018-04-03 08:15:30,622 [70] DEBUG Service.Business.Services.StaffServices - Leave method [.ctor]
2018-04-03 08:15:30,647 [70] DEBUG Infrastructure.Data.Repositories.ContactInformationRepository - Enter method [.ctor]
2018-04-03 08:15:30,654 [70] INFO  Infrastructure.Data.Repositories.ContactInformationRepository - Success setting values for attributes
2018-04-03 08:15:30,661 [70] DEBUG Infrastructure.Data.Repositories.ContactInformationRepository - Leave method [.ctor]
2018-04-03 08:15:30,668 [70] DEBUG Service.Business.Services.ContactInformationServices - Enter method [.ctor]
2018-04-03 08:15:30,675 [70] DEBUG Service.Business.Services.ContactInformationServices - Leave method [.ctor]
2018-04-03 08:15:30,688 [70] DEBUG Infrastructure.Data.Repositories.ServiceRepository - Enter method [.ctor]
2018-04-03 08:15:30,698 [70] INFO  Infrastructure.Data.Repositories.ServiceRepository - Success setting value to servicesPerPage attribute value: [20]
2018-04-03 08:15:30,706 [70] INFO  Infrastructure.Data.Repositories.ServiceRepository - Setting value for attributes
2018-04-03 08:15:30,717 [70] DEBUG Infrastructure.Data.Repositories.ServiceRepository - Leave method [.ctor]
2018-04-03 08:15:30,723 [70] DEBUG Service.Business.Services.ServiceServices - Enter method [.ctor]
2018-04-03 08:15:30,729 [70] INFO  Service.Business.Services.ServiceServices - Success setting values for attributes
2018-04-03 08:15:30,734 [70] DEBUG Service.Business.Services.ServiceServices - Leave method [.ctor]
2018-04-03 08:15:30,745 [70] DEBUG Infrastructure.Data.Repositories.SalaryRepository - Enter method [.ctor]
2018-04-03 08:15:30,751 [70] INFO  Infrastructure.Data.Repositories.SalaryRepository - Success setting value to servicesPerPage attribute value: [3]
2018-04-03 08:15:30,756 [70] INFO  Infrastructure.Data.Repositories.SalaryRepository - Success set value for attributes
2018-04-03 08:15:30,761 [70] DEBUG Infrastructure.Data.Repositories.SalaryRepository - Leave method [.ctor]
2018-04-03 08:15:30,774 [70] DEBUG Infrastructure.Data.Repositories.ReferenceRepository - Enter method [.ctor]
2018-04-03 08:15:30,780 [70] INFO  Infrastructure.Data.Repositories.ReferenceRepository - Success set values for attributes
2018-04-03 08:15:30,786 [70] DEBUG Infrastructure.Data.Repositories.ReferenceRepository - Leave method [.ctor]
2018-04-03 08:15:30,792 [70] DEBUG Service.Business.Services.ReferenceServices - Enter method [.ctor]
2018-04-03 08:15:30,797 [70] INFO  Service.Business.Services.ReferenceServices - Success set value for attributes
2018-04-03 08:15:30,802 [70] DEBUG Service.Business.Services.ReferenceServices - Leave method [.ctor]
2018-04-03 08:15:30,814 [70] DEBUG Service.Business.Services.NotificationServices - Enter method [.ctor]
2018-04-03 08:15:30,820 [70] DEBUG Service.Business.Services.NotificationServices - Leave method [.ctor]
2018-04-03 08:15:30,829 [70] DEBUG Infrastructure.Data.Repositories.BookingRepository - Enter method [.ctor]
2018-04-03 08:15:30,835 [70] DEBUG Infrastructure.Data.Repositories.BookingRepository - Leave method [.ctor]
2018-04-03 08:15:30,847 [70] DEBUG Infrastructure.Data.Repositories.BedRepository - Enter method [.ctor]
2018-04-03 08:15:30,853 [70] INFO  Infrastructure.Data.Repositories.BedRepository - Success setting value to bedPerPage attribute value: [20]
2018-04-03 08:15:30,858 [70] INFO  Infrastructure.Data.Repositories.BedRepository - Success setting values for attribbutes
2018-04-03 08:15:30,863 [70] DEBUG Infrastructure.Data.Repositories.BedRepository - Leave method [.ctor]
2018-04-03 08:15:30,870 [70] DEBUG SMGS.Presentation.Controllers.AdminController - Enter method [.ctor]
2018-04-03 08:15:30,875 [70] INFO  SMGS.Presentation.Controllers.AdminController - Success set value to attributes
2018-04-03 08:15:30,881 [70] DEBUG SMGS.Presentation.Controllers.AdminController - Leave method [.ctor]
2018-04-03 08:15:30,944 [70] DEBUG SMGS.Presentation.Controllers.AdminController - Enter method [Index]
2018-04-03 08:15:30,950 [70] DEBUG SMGS.Presentation.Controllers.AdminController - Leave method [Index]
2018-04-03 08:15:34,232 [67] DEBUG Infrastructure.Data.Repositories.StaffRepository - Enter method [.ctor]
2018-04-03 08:15:34,238 [67] INFO  Infrastructure.Data.Repositories.StaffRepository - Success setting value to empPerPage attribute value: [20]
2018-04-03 08:15:34,245 [67] DEBUG Infrastructure.Data.Repositories.StaffRepository - Leave method [.ctor]
2018-04-03 08:15:34,252 [67] DEBUG Service.Business.Services.StaffServices - Enter method [.ctor]
2018-04-03 08:15:34,260 [67] INFO  Service.Business.Services.StaffServices - Success setting values for attributes
2018-04-03 08:15:34,266 [67] DEBUG Service.Business.Services.StaffServices - Leave method [.ctor]
2018-04-03 08:15:34,272 [67] DEBUG Infrastructure.Data.Repositories.ContactInformationRepository - Enter method [.ctor]
2018-04-03 08:15:34,278 [67] INFO  Infrastructure.Data.Repositories.ContactInformationRepository - Success setting values for attributes
2018-04-03 08:15:34,283 [67] DEBUG Infrastructure.Data.Repositories.ContactInformationRepository - Leave method [.ctor]
2018-04-03 08:15:34,287 [67] DEBUG Service.Business.Services.ContactInformationServices - Enter method [.ctor]
2018-04-03 08:15:34,292 [67] DEBUG Service.Business.Services.ContactInformationServices - Leave method [.ctor]
2018-04-03 08:15:34,297 [67] DEBUG Infrastructure.Data.Repositories.ServiceRepository - Enter method [.ctor]
2018-04-03 08:15:34,303 [67] INFO  Infrastructure.Data.Repositories.ServiceRepository - Success setting value to servicesPerPage attribute value: [20]
2018-04-03 08:15:34,307 [67] INFO  Infrastructure.Data.Repositories.ServiceRepository - Setting value for attributes
2018-04-03 08:15:34,313 [67] DEBUG Infrastructure.Data.Repositories.ServiceRepository - Leave method [.ctor]
2018-04-03 08:15:34,317 [67] DEBUG Service.Business.Services.ServiceServices - Enter method [.ctor]
2018-04-03 08:15:34,323 [67] INFO  Service.Business.Services.ServiceServices - Success setting values for attributes
2018-04-03 08:15:34,327 [67] DEBUG Service.Business.Services.ServiceServices - Leave method [.ctor]
2018-04-03 08:15:34,332 [67] DEBUG Infrastructure.Data.Repositories.SalaryRepository - Enter method [.ctor]
2018-04-03 08:15:34,337 [67] INFO  Infrastructure.Data.Repositories.SalaryRepository - Success setting value to servicesPerPage attribute value: [3]
2018-04-03 08:15:34,342 [67] INFO  Infrastructure.Data.Repositories.SalaryRepository - Success set value for attributes
2018-04-03 08:15:34,347 [67] DEBUG Infrastructure.Data.Repositories.SalaryRepository - Leave method [.ctor]
2018-04-03 08:15:34,352 [67] DEBUG Infrastructure.Data.Repositories.ReferenceRepository - Enter method [.ctor]
2018-04-03 08:15:34,357 [67] INFO  Infrastructure.Data.Repositories.ReferenceRepository - Success set values for attributes
2018-04-03 08:15:34,362 [67] DEBUG Infrastructure.Data.Repositories.ReferenceRepository - Leave method [.ctor]
2018-04-03 08:15:34,367 [67] DEBUG Service.Business.Services.ReferenceServices - Enter method [.ctor]
2018-04-03 08:15:34,371 [67] INFO  Service.Business.Services.ReferenceServices - Success set value for attributes
2018-04-03 08:15:34,376 [67] DEBUG Service.Business.Services.ReferenceServices - Leave method [.ctor]
2018-04-03 08:15:34,381 [67] DEBUG Service.Business.Services.NotificationServices - Enter method [.ctor]
2018-04-03 08:15:34,386 [67] DEBUG Service.Business.Services.NotificationServices - Leave method [.ctor]
2018-04-03 08:15:34,392 [67] DEBUG Infrastructure.Data.Repositories.BookingRepository - Enter method [.ctor]
2018-04-03 08:15:34,398 [67] DEBUG Infrastructure.Data.Repositories.BookingRepository - Leave method [.ctor]
2018-04-03 08:15:34,405 [67] DEBUG Infrastructure.Data.Repositories.BedRepository - Enter method [.ctor]
2018-04-03 08:15:34,411 [67] INFO  Infrastructure.Data.Repositories.BedRepository - Success setting value to bedPerPage attribute value: [20]
2018-04-03 08:15:34,418 [67] INFO  Infrastructure.Data.Repositories.BedRepository - Success setting values for attribbutes
2018-04-03 08:15:34,424 [67] DEBUG Infrastructure.Data.Repositories.BedRepository - Leave method [.ctor]
2018-04-03 08:15:34,431 [67] DEBUG SMGS.Presentation.Controllers.AdminController - Enter method [.ctor]
2018-04-03 08:15:34,437 [67] INFO  SMGS.Presentation.Controllers.AdminController - Success set value to attributes
2018-04-03 08:15:34,444 [67] DEBUG SMGS.Presentation.Controllers.AdminController - Leave method [.ctor]
2018-04-03 08:15:34,451 [67] DEBUG SMGS.Presentation.Controllers.AdminController - Enter method [FirstCountNotification]
2018-04-03 08:15:34,457 [67] DEBUG Service.Business.Services.NotificationServices - Enter method [CountNotificationForAccount]
2018-04-03 08:15:34,465 [67] DEBUG Infrastructure.Data.Repositories.NotificationRepository - Enter method [CountNotificationForAccount]
2018-04-03 08:15:36,539 [67] ERROR Infrastructure.Data.Repositories.NotificationRepository - Error: [An error occurred while executing the command definition. See the inner exception for details.]
2018-04-03 08:15:36,547 [67] DEBUG Infrastructure.Data.Repositories.NotificationRepository - Leave method [CountNotificationForAccount]
2018-04-03 08:15:36,553 [67] DEBUG Service.Business.Services.NotificationServices - Leave method [CountNotificationForAccount]
2018-04-03 08:15:36,561 [67] DEBUG SMGS.Presentation.Controllers.AdminController - Leave method [FirstCountNotification]
2018-04-03 08:15:40,336 [81] DEBUG Infrastructure.Data.Repositories.StaffRepository - Enter method [.ctor]
2018-04-03 08:15:40,342 [81] INFO  Infrastructure.Data.Repositories.StaffRepository - Success setting value to empPerPage attribute value: [20]
2018-04-03 08:15:40,350 [81] DEBUG Infrastructure.Data.Repositories.StaffRepository - Leave method [.ctor]
2018-04-03 08:15:40,357 [81] DEBUG Service.Business.Services.StaffServices - Enter method [.ctor]
2018-04-03 08:15:40,363 [81] INFO  Service.Business.Services.StaffServices - Success setting values for attributes
2018-04-03 08:15:40,370 [81] DEBUG Service.Business.Services.StaffServices - Leave method [.ctor]
2018-04-03 08:15:40,376 [81] DEBUG Infrastructure.Data.Repositories.ContactInformationRepository - Enter method [.ctor]
2018-04-03 08:15:40,383 [81] INFO  Infrastructure.Data.Repositories.ContactInformationRepository - Success setting values for attributes
2018-04-03 08:15:40,390 [81] DEBUG Infrastructure.Data.Repositories.ContactInformationRepository - Leave method [.ctor]
2018-04-03 08:15:40,397 [81] DEBUG Service.Business.Services.ContactInformationServices - Enter method [.ctor]
2018-04-03 08:15:40,403 [81] DEBUG Service.Business.Services.ContactInformationServices - Leave method [.ctor]
2018-04-03 08:15:40,410 [81] DEBUG Infrastructure.Data.Repositories.ServiceRepository - Enter method [.ctor]
2018-04-03 08:15:40,417 [81] INFO  Infrastructure.Data.Repositories.ServiceRepository - Success setting value to servicesPerPage attribute value: [20]
2018-04-03 08:15:40,423 [81] INFO  Infrastructure.Data.Repositories.ServiceRepository - Setting value for attributes
2018-04-03 08:15:40,430 [81] DEBUG Infrastructure.Data.Repositories.ServiceRepository - Leave method [.ctor]
2018-04-03 08:15:40,436 [81] DEBUG Service.Business.Services.ServiceServices - Enter method [.ctor]
2018-04-03 08:15:40,443 [81] INFO  Service.Business.Services.ServiceServices - Success setting values for attributes
2018-04-03 08:15:40,449 [81] DEBUG Service.Business.Services.ServiceServices - Leave method [.ctor]
2018-04-03 08:15:40,456 [81] DEBUG Infrastructure.Data.Repositories.SalaryRepository - Enter method [.ctor]
2018-04-03 08:15:40,462 [81] INFO  Infrastructure.Data.Repositories.SalaryRepository - Success setting value to servicesPerPage attribute value: [3]
2018-04-03 08:15:40,469 [81] INFO  Infrastructure.Data.Repositories.SalaryRepository - Success set value for attributes
2018-04-03 08:15:40,475 [81] DEBUG Infrastructure.Data.Repositories.SalaryRepository - Leave method [.ctor]
2018-04-03 08:15:40,481 [81] DEBUG Infrastructure.Data.Repositories.ReferenceRepository - Enter method [.ctor]
2018-04-03 08:15:40,488 [81] INFO  Infrastructure.Data.Repositories.ReferenceRepository - Success set values for attributes
2018-04-03 08:15:40,494 [81] DEBUG Infrastructure.Data.Repositories.ReferenceRepository - Leave method [.ctor]
2018-04-03 08:15:40,501 [81] DEBUG Service.Business.Services.ReferenceServices - Enter method [.ctor]
2018-04-03 08:15:40,507 [81] INFO  Service.Business.Services.ReferenceServices - Success set value for attributes
2018-04-03 08:15:40,514 [81] DEBUG Service.Business.Services.ReferenceServices - Leave method [.ctor]
2018-04-03 08:15:40,520 [81] DEBUG Service.Business.Services.NotificationServices - Enter method [.ctor]
2018-04-03 08:15:40,527 [81] DEBUG Service.Business.Services.NotificationServices - Leave method [.ctor]
2018-04-03 08:15:40,533 [81] DEBUG Infrastructure.Data.Repositories.BookingRepository - Enter method [.ctor]
2018-04-03 08:15:40,539 [81] DEBUG Infrastructure.Data.Repositories.BookingRepository - Leave method [.ctor]
2018-04-03 08:15:40,546 [81] DEBUG Infrastructure.Data.Repositories.BedRepository - Enter method [.ctor]
2018-04-03 08:15:40,553 [81] INFO  Infrastructure.Data.Repositories.BedRepository - Success setting value to bedPerPage attribute value: [20]
2018-04-03 08:15:40,559 [81] INFO  Infrastructure.Data.Repositories.BedRepository - Success setting values for attribbutes
2018-04-03 08:15:40,565 [81] DEBUG Infrastructure.Data.Repositories.BedRepository - Leave method [.ctor]
2018-04-03 08:15:40,571 [81] DEBUG SMGS.Presentation.Controllers.AdminController - Enter method [.ctor]
2018-04-03 08:15:40,578 [81] INFO  SMGS.Presentation.Controllers.AdminController - Success set value to attributes
2018-04-03 08:15:40,584 [81] DEBUG SMGS.Presentation.Controllers.AdminController - Leave method [.ctor]
2018-04-03 08:15:40,591 [81] DEBUG SMGS.Presentation.Controllers.AdminController - Enter method [Booking]
2018-04-03 08:15:40,598 [81] DEBUG Service.Business.Services.BedServices - Enter method [GetAll]
2018-04-03 08:15:40,605 [81] DEBUG Infrastructure.Data.Repositories.BedRepository - Enter method [GetAll]
2018-04-03 08:15:40,612 [81] DEBUG Infrastructure.Data.Repositories.BedRepository - Leave method [GetAll]
2018-04-03 08:15:40,619 [81] DEBUG Service.Business.Services.BedServices - Leave method [GetAll]
2018-04-03 08:15:40,626 [81] DEBUG SMGS.Presentation.ViewModel.VM_Convert.ConvertVM - Enter method [Bed_To_VMBed]
2018-04-03 08:15:40,653 [81] DEBUG SMGS.Presentation.ViewModel.VM_Convert.ConvertVM - Leave method [Bed_To_VMBed]
2018-04-03 08:15:40,660 [81] DEBUG SMGS.Presentation.Controllers.AdminController - Leave method [Booking]
2018-04-03 08:15:40,859 [67] DEBUG Infrastructure.Data.Repositories.StaffRepository - Enter method [.ctor]
2018-04-03 08:15:40,866 [67] INFO  Infrastructure.Data.Repositories.StaffRepository - Success setting value to empPerPage attribute value: [20]
2018-04-03 08:15:40,875 [67] DEBUG Infrastructure.Data.Repositories.StaffRepository - Leave method [.ctor]
2018-04-03 08:15:40,885 [67] DEBUG Service.Business.Services.StaffServices - Enter method [.ctor]
2018-04-03 08:15:40,892 [67] INFO  Service.Business.Services.StaffServices - Success setting values for attributes
2018-04-03 08:15:40,901 [67] DEBUG Service.Business.Services.StaffServices - Leave method [.ctor]
2018-04-03 08:15:40,907 [67] DEBUG Infrastructure.Data.Repositories.ContactInformationRepository - Enter method [.ctor]
2018-04-03 08:15:40,915 [67] INFO  Infrastructure.Data.Repositories.ContactInformationRepository - Success setting values for attributes
2018-04-03 08:15:40,922 [67] DEBUG Infrastructure.Data.Repositories.ContactInformationRepository - Leave method [.ctor]
2018-04-03 08:15:40,929 [67] DEBUG Service.Business.Services.ContactInformationServices - Enter method [.ctor]
2018-04-03 08:15:40,935 [67] DEBUG Service.Business.Services.ContactInformationServices - Leave method [.ctor]
2018-04-03 08:15:40,942 [67] DEBUG Infrastructure.Data.Repositories.ServiceRepository - Enter method [.ctor]
2018-04-03 08:15:40,948 [67] INFO  Infrastructure.Data.Repositories.ServiceRepository - Success setting value to servicesPerPage attribute value: [20]
2018-04-03 08:15:40,954 [67] INFO  Infrastructure.Data.Repositories.ServiceRepository - Setting value for attributes
2018-04-03 08:15:40,961 [67] DEBUG Infrastructure.Data.Repositories.ServiceRepository - Leave method [.ctor]
2018-04-03 08:15:40,967 [67] DEBUG Service.Business.Services.ServiceServices - Enter method [.ctor]
2018-04-03 08:15:40,974 [67] INFO  Service.Business.Services.ServiceServices - Success setting values for attributes
2018-04-03 08:15:40,980 [67] DEBUG Service.Business.Services.ServiceServices - Leave method [.ctor]
2018-04-03 08:15:40,986 [67] DEBUG Infrastructure.Data.Repositories.SalaryRepository - Enter method [.ctor]
2018-04-03 08:15:40,993 [67] INFO  Infrastructure.Data.Repositories.SalaryRepository - Success setting value to servicesPerPage attribute value: [3]
2018-04-03 08:15:40,999 [67] INFO  Infrastructure.Data.Repositories.SalaryRepository - Success set value for attributes
2018-04-03 08:15:41,006 [67] DEBUG Infrastructure.Data.Repositories.SalaryRepository - Leave method [.ctor]
2018-04-03 08:15:41,012 [67] DEBUG Infrastructure.Data.Repositories.ReferenceRepository - Enter method [.ctor]
2018-04-03 08:15:41,018 [67] INFO  Infrastructure.Data.Repositories.ReferenceRepository - Success set values for attributes
2018-04-03 08:15:41,025 [67] DEBUG Infrastructure.Data.Repositories.ReferenceRepository - Leave method [.ctor]
2018-04-03 08:15:41,032 [67] DEBUG Service.Business.Services.ReferenceServices - Enter method [.ctor]
2018-04-03 08:15:41,038 [67] INFO  Service.Business.Services.ReferenceServices - Success set value for attributes
2018-04-03 08:15:41,044 [67] DEBUG Service.Business.Services.ReferenceServices - Leave method [.ctor]
2018-04-03 08:15:41,050 [67] DEBUG Service.Business.Services.NotificationServices - Enter method [.ctor]
2018-04-03 08:15:41,056 [67] DEBUG Service.Business.Services.NotificationServices - Leave method [.ctor]
2018-04-03 08:15:41,062 [67] DEBUG Infrastructure.Data.Repositories.BookingRepository - Enter method [.ctor]
2018-04-03 08:15:41,068 [67] DEBUG Infrastructure.Data.Repositories.BookingRepository - Leave method [.ctor]
2018-04-03 08:15:41,074 [67] DEBUG Infrastructure.Data.Repositories.BedRepository - Enter method [.ctor]
2018-04-03 08:15:41,080 [67] INFO  Infrastructure.Data.Repositories.BedRepository - Success setting value to bedPerPage attribute value: [20]
2018-04-03 08:15:41,086 [67] INFO  Infrastructure.Data.Repositories.BedRepository - Success setting values for attribbutes
2018-04-03 08:15:41,093 [67] DEBUG Infrastructure.Data.Repositories.BedRepository - Leave method [.ctor]
2018-04-03 08:15:41,099 [67] DEBUG SMGS.Presentation.Controllers.AdminController - Enter method [.ctor]
2018-04-03 08:15:41,105 [67] INFO  SMGS.Presentation.Controllers.AdminController - Success set value to attributes
2018-04-03 08:15:41,112 [67] DEBUG SMGS.Presentation.Controllers.AdminController - Leave method [.ctor]
2018-04-03 08:27:50,624 [68] ERROR SMGS.Presentation.App_Start.Customize - Error: [Access to the path 'C:\Windows\Globalization\sz-VN.nlp' is denied.]
2018-04-03 08:29:54,092 [75] ERROR SMGS.Presentation.App_Start.Customize - Error: [Access to the path 'C:\Windows\Globalization\sz-VN.nlp' is denied.]
2018-04-03 08:29:54,528 [79] DEBUG Infrastructure.Data.Repositories.StaffRepository - Enter method [.ctor]
2018-04-03 08:29:54,533 [79] INFO  Infrastructure.Data.Repositories.StaffRepository - Success setting value to empPerPage attribute value: [20]
2018-04-03 08:29:54,539 [79] DEBUG Infrastructure.Data.Repositories.StaffRepository - Leave method [.ctor]
2018-04-03 08:29:54,545 [79] DEBUG Service.Business.Services.StaffServices - Enter method [.ctor]
2018-04-03 08:29:54,550 [79] INFO  Service.Business.Services.StaffServices - Success setting values for attributes
2018-04-03 08:29:54,555 [79] DEBUG Service.Business.Services.StaffServices - Leave method [.ctor]
2018-04-03 08:29:54,571 [79] DEBUG Infrastructure.Data.Repositories.ContactInformationRepository - Enter method [.ctor]
2018-04-03 08:29:54,576 [79] INFO  Infrastructure.Data.Repositories.ContactInformationRepository - Success setting values for attributes
2018-04-03 08:29:54,581 [79] DEBUG Infrastructure.Data.Repositories.ContactInformationRepository - Leave method [.ctor]
2018-04-03 08:29:54,586 [79] DEBUG Service.Business.Services.ContactInformationServices - Enter method [.ctor]
2018-04-03 08:29:54,591 [79] DEBUG Service.Business.Services.ContactInformationServices - Leave method [.ctor]
2018-04-03 08:29:54,601 [79] DEBUG Infrastructure.Data.Repositories.ServiceRepository - Enter method [.ctor]
2018-04-03 08:29:54,607 [79] INFO  Infrastructure.Data.Repositories.ServiceRepository - Success setting value to servicesPerPage attribute value: [20]
2018-04-03 08:29:54,612 [79] INFO  Infrastructure.Data.Repositories.ServiceRepository - Setting value for attributes
2018-04-03 08:29:54,618 [79] DEBUG Infrastructure.Data.Repositories.ServiceRepository - Leave method [.ctor]
2018-04-03 08:29:54,623 [79] DEBUG Service.Business.Services.ServiceServices - Enter method [.ctor]
2018-04-03 08:29:54,628 [79] INFO  Service.Business.Services.ServiceServices - Success setting values for attributes
2018-04-03 08:29:54,633 [79] DEBUG Service.Business.Services.ServiceServices - Leave method [.ctor]
2018-04-03 08:29:54,642 [79] DEBUG Infrastructure.Data.Repositories.SalaryRepository - Enter method [.ctor]
2018-04-03 08:29:54,648 [79] INFO  Infrastructure.Data.Repositories.SalaryRepository - Success setting value to servicesPerPage attribute value: [3]
2018-04-03 08:29:54,653 [79] INFO  Infrastructure.Data.Repositories.SalaryRepository - Success set value for attributes
2018-04-03 08:29:54,659 [79] DEBUG Infrastructure.Data.Repositories.SalaryRepository - Leave method [.ctor]
2018-04-03 08:29:54,670 [79] DEBUG Infrastructure.Data.Repositories.ReferenceRepository - Enter method [.ctor]
2018-04-03 08:29:54,675 [79] INFO  Infrastructure.Data.Repositories.ReferenceRepository - Success set values for attributes
2018-04-03 08:29:54,680 [79] DEBUG Infrastructure.Data.Repositories.ReferenceRepository - Leave method [.ctor]
2018-04-03 08:29:54,686 [79] DEBUG Service.Business.Services.ReferenceServices - Enter method [.ctor]
2018-04-03 08:29:54,691 [79] INFO  Service.Business.Services.ReferenceServices - Success set value for attributes
2018-04-03 08:29:54,696 [79] DEBUG Service.Business.Services.ReferenceServices - Leave method [.ctor]
2018-04-03 08:29:54,706 [79] DEBUG Service.Business.Services.NotificationServices - Enter method [.ctor]
2018-04-03 08:29:54,711 [79] DEBUG Service.Business.Services.NotificationServices - Leave method [.ctor]
2018-04-03 08:29:54,720 [79] DEBUG Infrastructure.Data.Repositories.BookingRepository - Enter method [.ctor]
2018-04-03 08:29:54,725 [79] DEBUG Infrastructure.Data.Repositories.BookingRepository - Leave method [.ctor]
2018-04-03 08:29:54,735 [79] DEBUG Infrastructure.Data.Repositories.BedRepository - Enter method [.ctor]
2018-04-03 08:29:54,740 [79] INFO  Infrastructure.Data.Repositories.BedRepository - Success setting value to bedPerPage attribute value: [20]
2018-04-03 08:29:54,745 [79] INFO  Infrastructure.Data.Repositories.BedRepository - Success setting values for attribbutes
2018-04-03 08:29:54,750 [79] DEBUG Infrastructure.Data.Repositories.BedRepository - Leave method [.ctor]
2018-04-03 08:29:54,756 [79] DEBUG SMGS.Presentation.Controllers.AdminController - Enter method [.ctor]
2018-04-03 08:29:54,762 [79] INFO  SMGS.Presentation.Controllers.AdminController - Success set value to attributes
2018-04-03 08:29:54,767 [79] DEBUG SMGS.Presentation.Controllers.AdminController - Leave method [.ctor]
2018-04-03 08:29:54,819 [79] DEBUG SMGS.Presentation.Controllers.AdminController - Enter method [Booking]
2018-04-03 08:29:54,826 [79] DEBUG Service.Business.Services.BedServices - Enter method [GetAll]
2018-04-03 08:29:54,831 [79] DEBUG Infrastructure.Data.Repositories.BedRepository - Enter method [GetAll]
2018-04-03 08:29:54,837 [79] DEBUG Infrastructure.Data.Repositories.BedRepository - Leave method [GetAll]
2018-04-03 08:29:54,842 [79] DEBUG Service.Business.Services.BedServices - Leave method [GetAll]
2018-04-03 08:29:54,848 [79] DEBUG SMGS.Presentation.ViewModel.VM_Convert.ConvertVM - Enter method [Bed_To_VMBed]
2018-04-03 08:29:56,659 [79] DEBUG SMGS.Presentation.ViewModel.VM_Convert.ConvertVM - Leave method [Bed_To_VMBed]
2018-04-03 08:29:56,669 [79] DEBUG SMGS.Presentation.Controllers.AdminController - Leave method [Booking]
2018-04-03 08:29:57,155 [71] DEBUG Infrastructure.Data.Repositories.StaffRepository - Enter method [.ctor]
2018-04-03 08:29:57,160 [71] INFO  Infrastructure.Data.Repositories.StaffRepository - Success setting value to empPerPage attribute value: [20]
2018-04-03 08:29:57,166 [71] DEBUG Infrastructure.Data.Repositories.StaffRepository - Leave method [.ctor]
2018-04-03 08:29:57,171 [71] DEBUG Service.Business.Services.StaffServices - Enter method [.ctor]
2018-04-03 08:29:57,176 [71] INFO  Service.Business.Services.StaffServices - Success setting values for attributes
2018-04-03 08:29:57,181 [71] DEBUG Service.Business.Services.StaffServices - Leave method [.ctor]
2018-04-03 08:29:57,186 [71] DEBUG Infrastructure.Data.Repositories.ContactInformationRepository - Enter method [.ctor]
2018-04-03 08:29:57,192 [71] INFO  Infrastructure.Data.Repositories.ContactInformationRepository - Success setting values for attributes
2018-04-03 08:29:57,197 [71] DEBUG Infrastructure.Data.Repositories.ContactInformationRepository - Leave method [.ctor]
2018-04-03 08:29:57,202 [71] DEBUG Service.Business.Services.ContactInformationServices - Enter method [.ctor]
2018-04-03 08:29:57,207 [71] DEBUG Service.Business.Services.ContactInformationServices - Leave method [.ctor]
2018-04-03 08:29:57,213 [71] DEBUG Infrastructure.Data.Repositories.ServiceRepository - Enter method [.ctor]
2018-04-03 08:29:57,218 [71] INFO  Infrastructure.Data.Repositories.ServiceRepository - Success setting value to servicesPerPage attribute value: [20]
2018-04-03 08:29:57,224 [71] INFO  Infrastructure.Data.Repositories.ServiceRepository - Setting value for attributes
2018-04-03 08:29:57,229 [71] DEBUG Infrastructure.Data.Repositories.ServiceRepository - Leave method [.ctor]
2018-04-03 08:29:57,235 [71] DEBUG Service.Business.Services.ServiceServices - Enter method [.ctor]
2018-04-03 08:29:57,240 [71] INFO  Service.Business.Services.ServiceServices - Success setting values for attributes
2018-04-03 08:29:57,246 [71] DEBUG Service.Business.Services.ServiceServices - Leave method [.ctor]
2018-04-03 08:29:57,251 [71] DEBUG Infrastructure.Data.Repositories.SalaryRepository - Enter method [.ctor]
2018-04-03 08:29:57,256 [71] INFO  Infrastructure.Data.Repositories.SalaryRepository - Success setting value to servicesPerPage attribute value: [3]
2018-04-03 08:29:57,261 [71] INFO  Infrastructure.Data.Repositories.SalaryRepository - Success set value for attributes
2018-04-03 08:29:57,266 [71] DEBUG Infrastructure.Data.Repositories.SalaryRepository - Leave method [.ctor]
2018-04-03 08:29:57,271 [71] DEBUG Infrastructure.Data.Repositories.ReferenceRepository - Enter method [.ctor]
2018-04-03 08:29:57,276 [71] INFO  Infrastructure.Data.Repositories.ReferenceRepository - Success set values for attributes
2018-04-03 08:29:57,281 [71] DEBUG Infrastructure.Data.Repositories.ReferenceRepository - Leave method [.ctor]
2018-04-03 08:29:57,286 [71] DEBUG Service.Business.Services.ReferenceServices - Enter method [.ctor]
2018-04-03 08:29:57,291 [71] INFO  Service.Business.Services.ReferenceServices - Success set value for attributes
2018-04-03 08:29:57,296 [71] DEBUG Service.Business.Services.ReferenceServices - Leave method [.ctor]
2018-04-03 08:29:57,301 [71] DEBUG Service.Business.Services.NotificationServices - Enter method [.ctor]
2018-04-03 08:29:57,307 [71] DEBUG Service.Business.Services.NotificationServices - Leave method [.ctor]
2018-04-03 08:29:57,312 [71] DEBUG Infrastructure.Data.Repositories.BookingRepository - Enter method [.ctor]
2018-04-03 08:29:57,318 [71] DEBUG Infrastructure.Data.Repositories.BookingRepository - Leave method [.ctor]
2018-04-03 08:29:57,323 [71] DEBUG Infrastructure.Data.Repositories.BedRepository - Enter method [.ctor]
2018-04-03 08:29:57,329 [71] INFO  Infrastructure.Data.Repositories.BedRepository - Success setting value to bedPerPage attribute value: [20]
2018-04-03 08:29:57,334 [71] INFO  Infrastructure.Data.Repositories.BedRepository - Success setting values for attribbutes
2018-04-03 08:29:57,340 [71] DEBUG Infrastructure.Data.Repositories.BedRepository - Leave method [.ctor]
2018-04-03 08:29:57,345 [71] DEBUG SMGS.Presentation.Controllers.AdminController - Enter method [.ctor]
2018-04-03 08:29:57,351 [71] INFO  SMGS.Presentation.Controllers.AdminController - Success set value to attributes
2018-04-03 08:29:57,358 [71] DEBUG SMGS.Presentation.Controllers.AdminController - Leave method [.ctor]
