2018-03-11 00:05:26,497 [12] DEBUG Infrastructure.Data.Repositories.StaffRepository - Enter method [.ctor]
2018-03-11 00:05:26,723 [12] INFO  Infrastructure.Data.Repositories.StaffRepository - Success setting value to empPerPage attribute value: [20]
2018-03-11 00:05:26,729 [12] DEBUG Infrastructure.Data.Repositories.StaffRepository - Leave method [.ctor]
2018-03-11 00:05:26,735 [12] DEBUG Service.Business.Services.StaffServices - Enter method [.ctor]
2018-03-11 00:05:26,742 [12] INFO  Service.Business.Services.StaffServices - Success setting values for attributes
2018-03-11 00:05:26,747 [12] DEBUG Service.Business.Services.StaffServices - Leave method [.ctor]
2018-03-11 00:05:26,754 [12] DEBUG Infrastructure.Data.Repositories.ContactInformationRepository - Enter method [.ctor]
2018-03-11 00:05:26,762 [12] INFO  Infrastructure.Data.Repositories.ContactInformationRepository - Success setting values for attributes
2018-03-11 00:05:26,769 [12] DEBUG Infrastructure.Data.Repositories.ContactInformationRepository - Leave method [.ctor]
2018-03-11 00:05:26,781 [12] DEBUG Service.Business.Services.ContactInformationServices - Enter method [.ctor]
2018-03-11 00:05:26,787 [12] DEBUG Service.Business.Services.ContactInformationServices - Leave method [.ctor]
2018-03-11 00:05:26,795 [12] DEBUG Infrastructure.Data.Repositories.ServiceRepository - Enter method [.ctor]
2018-03-11 00:05:26,811 [12] INFO  Infrastructure.Data.Repositories.ServiceRepository - Success setting value to servicesPerPage attribute value: [20]
2018-03-11 00:05:26,821 [12] INFO  Infrastructure.Data.Repositories.ServiceRepository - Setting value for attributes
2018-03-11 00:05:26,864 [12] DEBUG Infrastructure.Data.Repositories.ServiceRepository - Leave method [.ctor]
2018-03-11 00:05:26,878 [12] DEBUG Service.Business.Services.ServiceServices - Enter method [.ctor]
2018-03-11 00:05:26,885 [12] INFO  Service.Business.Services.ServiceServices - Success setting values for attributes
2018-03-11 00:05:26,894 [12] DEBUG Service.Business.Services.ServiceServices - Leave method [.ctor]
2018-03-11 00:05:26,901 [12] DEBUG Infrastructure.Data.Repositories.SalaryRepository - Enter method [.ctor]
2018-03-11 00:05:26,911 [12] INFO  Infrastructure.Data.Repositories.SalaryRepository - Success setting value to servicesPerPage attribute value: [3]
2018-03-11 00:05:26,919 [12] INFO  Infrastructure.Data.Repositories.SalaryRepository - Success set value for attributes
2018-03-11 00:05:26,928 [12] DEBUG Infrastructure.Data.Repositories.SalaryRepository - Leave method [.ctor]
2018-03-11 00:05:26,936 [12] DEBUG Infrastructure.Data.Repositories.ReferenceRepository - Enter method [.ctor]
2018-03-11 00:05:26,945 [12] INFO  Infrastructure.Data.Repositories.ReferenceRepository - Success set values for attributes
2018-03-11 00:05:26,965 [12] DEBUG Infrastructure.Data.Repositories.ReferenceRepository - Leave method [.ctor]
2018-03-11 00:05:26,974 [12] DEBUG Service.Business.Services.ReferenceServices - Enter method [.ctor]
2018-03-11 00:05:26,981 [12] INFO  Service.Business.Services.ReferenceServices - Success set value for attributes
2018-03-11 00:05:26,987 [12] DEBUG Service.Business.Services.ReferenceServices - Leave method [.ctor]
2018-03-11 00:05:26,994 [12] DEBUG Service.Business.Services.NotificationServices - Enter method [.ctor]
2018-03-11 00:05:27,001 [12] DEBUG Service.Business.Services.NotificationServices - Leave method [.ctor]
2018-03-11 00:05:27,008 [12] DEBUG SMGS.Presentation.Controllers.AdminController - Enter method [.ctor]
2018-03-11 00:05:27,015 [12] INFO  SMGS.Presentation.Controllers.AdminController - Success set value to attributes
2018-03-11 00:05:27,022 [12] DEBUG SMGS.Presentation.Controllers.AdminController - Leave method [.ctor]
2018-03-11 12:06:25,942 [1] ERROR SMGS.Presentation.App_Start.Customize - Error: [The 'Register' method failed because the custom culture 'sz-VN' already exists.]
2018-03-11 12:07:00,046 [7] DEBUG Infrastructure.Data.Repositories.StaffRepository - Enter method [.ctor]
2018-03-11 12:07:00,053 [7] INFO  Infrastructure.Data.Repositories.StaffRepository - Success setting value to empPerPage attribute value: [20]
2018-03-11 12:07:00,109 [7] DEBUG Infrastructure.Data.Repositories.StaffRepository - Leave method [.ctor]
2018-03-11 12:07:00,119 [7] DEBUG Service.Business.Services.StaffServices - Enter method [.ctor]
2018-03-11 12:07:00,127 [7] INFO  Service.Business.Services.StaffServices - Success setting values for attributes
2018-03-11 12:07:00,136 [7] DEBUG Service.Business.Services.StaffServices - Leave method [.ctor]
2018-03-11 12:07:00,226 [7] DEBUG Infrastructure.Data.Repositories.ContactInformationRepository - Enter method [.ctor]
2018-03-11 12:07:00,235 [7] INFO  Infrastructure.Data.Repositories.ContactInformationRepository - Success setting values for attributes
2018-03-11 12:07:00,244 [7] DEBUG Infrastructure.Data.Repositories.ContactInformationRepository - Leave method [.ctor]
2018-03-11 12:07:00,253 [7] DEBUG Service.Business.Services.ContactInformationServices - Enter method [.ctor]
2018-03-11 12:07:00,261 [7] DEBUG Service.Business.Services.ContactInformationServices - Leave method [.ctor]
2018-03-11 12:07:00,285 [7] DEBUG Infrastructure.Data.Repositories.ServiceRepository - Enter method [.ctor]
2018-03-11 12:07:00,294 [7] INFO  Infrastructure.Data.Repositories.ServiceRepository - Success setting value to servicesPerPage attribute value: [20]
2018-03-11 12:07:00,304 [7] INFO  Infrastructure.Data.Repositories.ServiceRepository - Setting value for attributes
2018-03-11 12:07:00,313 [7] DEBUG Infrastructure.Data.Repositories.ServiceRepository - Leave method [.ctor]
2018-03-11 12:07:00,324 [7] DEBUG Service.Business.Services.ServiceServices - Enter method [.ctor]
2018-03-11 12:07:00,335 [7] INFO  Service.Business.Services.ServiceServices - Success setting values for attributes
2018-03-11 12:07:00,345 [7] DEBUG Service.Business.Services.ServiceServices - Leave method [.ctor]
2018-03-11 12:07:00,382 [7] DEBUG Infrastructure.Data.Repositories.SalaryRepository - Enter method [.ctor]
2018-03-11 12:07:00,392 [7] INFO  Infrastructure.Data.Repositories.SalaryRepository - Success setting value to servicesPerPage attribute value: [3]
2018-03-11 12:07:00,403 [7] INFO  Infrastructure.Data.Repositories.SalaryRepository - Success set value for attributes
2018-03-11 12:07:00,412 [7] DEBUG Infrastructure.Data.Repositories.SalaryRepository - Leave method [.ctor]
2018-03-11 12:07:00,432 [7] DEBUG Infrastructure.Data.Repositories.ReferenceRepository - Enter method [.ctor]
2018-03-11 12:07:00,441 [7] INFO  Infrastructure.Data.Repositories.ReferenceRepository - Success set values for attributes
2018-03-11 12:07:00,451 [7] DEBUG Infrastructure.Data.Repositories.ReferenceRepository - Leave method [.ctor]
2018-03-11 12:07:00,461 [7] DEBUG Service.Business.Services.ReferenceServices - Enter method [.ctor]
2018-03-11 12:07:00,470 [7] INFO  Service.Business.Services.ReferenceServices - Success set value for attributes
2018-03-11 12:07:00,479 [7] DEBUG Service.Business.Services.ReferenceServices - Leave method [.ctor]
2018-03-11 12:07:00,501 [7] DEBUG Service.Business.Services.NotificationServices - Enter method [.ctor]
2018-03-11 12:07:00,508 [7] DEBUG Service.Business.Services.NotificationServices - Leave method [.ctor]
2018-03-11 12:07:00,519 [7] DEBUG SMGS.Presentation.Controllers.AdminController - Enter method [.ctor]
2018-03-11 12:07:00,528 [7] INFO  SMGS.Presentation.Controllers.AdminController - Success set value to attributes
2018-03-11 12:07:00,537 [7] DEBUG SMGS.Presentation.Controllers.AdminController - Leave method [.ctor]
2018-03-11 12:07:00,765 [7] DEBUG SMGS.Presentation.Controllers.AdminController - Enter method [Index]
2018-03-11 12:07:00,774 [7] DEBUG SMGS.Presentation.Controllers.AdminController - Leave method [Index]
2018-03-11 12:07:07,926 [6] DEBUG Infrastructure.Data.Repositories.StaffRepository - Enter method [.ctor]
2018-03-11 12:07:07,934 [6] INFO  Infrastructure.Data.Repositories.StaffRepository - Success setting value to empPerPage attribute value: [20]
2018-03-11 12:07:07,946 [6] DEBUG Infrastructure.Data.Repositories.StaffRepository - Leave method [.ctor]
2018-03-11 12:07:07,954 [6] DEBUG Service.Business.Services.StaffServices - Enter method [.ctor]
2018-03-11 12:07:07,965 [6] INFO  Service.Business.Services.StaffServices - Success setting values for attributes
2018-03-11 12:07:07,974 [6] DEBUG Service.Business.Services.StaffServices - Leave method [.ctor]
2018-03-11 12:07:07,984 [6] DEBUG Infrastructure.Data.Repositories.ContactInformationRepository - Enter method [.ctor]
2018-03-11 12:07:07,991 [6] INFO  Infrastructure.Data.Repositories.ContactInformationRepository - Success setting values for attributes
2018-03-11 12:07:07,999 [6] DEBUG Infrastructure.Data.Repositories.ContactInformationRepository - Leave method [.ctor]
2018-03-11 12:07:08,006 [6] DEBUG Service.Business.Services.ContactInformationServices - Enter method [.ctor]
2018-03-11 12:07:08,014 [6] DEBUG Service.Business.Services.ContactInformationServices - Leave method [.ctor]
2018-03-11 12:07:08,023 [6] DEBUG Infrastructure.Data.Repositories.ServiceRepository - Enter method [.ctor]
2018-03-11 12:07:08,034 [6] INFO  Infrastructure.Data.Repositories.ServiceRepository - Success setting value to servicesPerPage attribute value: [20]
2018-03-11 12:07:08,047 [6] INFO  Infrastructure.Data.Repositories.ServiceRepository - Setting value for attributes
2018-03-11 12:07:08,062 [6] DEBUG Infrastructure.Data.Repositories.ServiceRepository - Leave method [.ctor]
2018-03-11 12:07:08,077 [6] DEBUG Service.Business.Services.ServiceServices - Enter method [.ctor]
2018-03-11 12:07:08,094 [6] INFO  Service.Business.Services.ServiceServices - Success setting values for attributes
2018-03-11 12:07:08,107 [6] DEBUG Service.Business.Services.ServiceServices - Leave method [.ctor]
2018-03-11 12:07:08,118 [6] DEBUG Infrastructure.Data.Repositories.SalaryRepository - Enter method [.ctor]
2018-03-11 12:07:08,127 [6] INFO  Infrastructure.Data.Repositories.SalaryRepository - Success setting value to servicesPerPage attribute value: [3]
2018-03-11 12:07:08,139 [6] INFO  Infrastructure.Data.Repositories.SalaryRepository - Success set value for attributes
2018-03-11 12:07:08,147 [6] DEBUG Infrastructure.Data.Repositories.SalaryRepository - Leave method [.ctor]
2018-03-11 12:07:08,154 [6] DEBUG Infrastructure.Data.Repositories.ReferenceRepository - Enter method [.ctor]
2018-03-11 12:07:08,162 [6] INFO  Infrastructure.Data.Repositories.ReferenceRepository - Success set values for attributes
2018-03-11 12:07:08,169 [6] DEBUG Infrastructure.Data.Repositories.ReferenceRepository - Leave method [.ctor]
2018-03-11 12:07:08,178 [6] DEBUG Service.Business.Services.ReferenceServices - Enter method [.ctor]
2018-03-11 12:07:08,184 [6] INFO  Service.Business.Services.ReferenceServices - Success set value for attributes
2018-03-11 12:07:08,194 [6] DEBUG Service.Business.Services.ReferenceServices - Leave method [.ctor]
2018-03-11 12:07:08,222 [6] DEBUG Service.Business.Services.NotificationServices - Enter method [.ctor]
2018-03-11 12:07:08,234 [6] DEBUG Service.Business.Services.NotificationServices - Leave method [.ctor]
2018-03-11 12:07:08,247 [6] DEBUG SMGS.Presentation.Controllers.AdminController - Enter method [.ctor]
2018-03-11 12:07:08,253 [6] INFO  SMGS.Presentation.Controllers.AdminController - Success set value to attributes
2018-03-11 12:07:08,263 [6] DEBUG SMGS.Presentation.Controllers.AdminController - Leave method [.ctor]
2018-03-11 12:08:03,513 [5] DEBUG Infrastructure.Data.Repositories.StaffRepository - Enter method [.ctor]
2018-03-11 12:08:03,521 [5] INFO  Infrastructure.Data.Repositories.StaffRepository - Success setting value to empPerPage attribute value: [20]
2018-03-11 12:08:03,529 [5] DEBUG Infrastructure.Data.Repositories.StaffRepository - Leave method [.ctor]
2018-03-11 12:08:03,536 [5] DEBUG Service.Business.Services.StaffServices - Enter method [.ctor]
2018-03-11 12:08:03,543 [5] INFO  Service.Business.Services.StaffServices - Success setting values for attributes
2018-03-11 12:08:03,552 [5] DEBUG Service.Business.Services.StaffServices - Leave method [.ctor]
2018-03-11 12:08:03,562 [5] DEBUG Infrastructure.Data.Repositories.ContactInformationRepository - Enter method [.ctor]
2018-03-11 12:08:03,572 [5] INFO  Infrastructure.Data.Repositories.ContactInformationRepository - Success setting values for attributes
2018-03-11 12:08:03,581 [5] DEBUG Infrastructure.Data.Repositories.ContactInformationRepository - Leave method [.ctor]
2018-03-11 12:08:03,590 [5] DEBUG Service.Business.Services.ContactInformationServices - Enter method [.ctor]
2018-03-11 12:08:03,600 [5] DEBUG Service.Business.Services.ContactInformationServices - Leave method [.ctor]
2018-03-11 12:08:03,608 [5] DEBUG Infrastructure.Data.Repositories.ServiceRepository - Enter method [.ctor]
2018-03-11 12:08:03,618 [5] INFO  Infrastructure.Data.Repositories.ServiceRepository - Success setting value to servicesPerPage attribute value: [20]
2018-03-11 12:08:03,629 [5] INFO  Infrastructure.Data.Repositories.ServiceRepository - Setting value for attributes
2018-03-11 12:08:03,639 [5] DEBUG Infrastructure.Data.Repositories.ServiceRepository - Leave method [.ctor]
2018-03-11 12:08:03,655 [5] DEBUG Service.Business.Services.ServiceServices - Enter method [.ctor]
2018-03-11 12:08:03,666 [5] INFO  Service.Business.Services.ServiceServices - Success setting values for attributes
2018-03-11 12:08:03,677 [5] DEBUG Service.Business.Services.ServiceServices - Leave method [.ctor]
2018-03-11 12:08:03,688 [5] DEBUG Infrastructure.Data.Repositories.SalaryRepository - Enter method [.ctor]
2018-03-11 12:08:03,699 [5] INFO  Infrastructure.Data.Repositories.SalaryRepository - Success setting value to servicesPerPage attribute value: [3]
2018-03-11 12:08:03,715 [5] INFO  Infrastructure.Data.Repositories.SalaryRepository - Success set value for attributes
2018-03-11 12:08:03,725 [5] DEBUG Infrastructure.Data.Repositories.SalaryRepository - Leave method [.ctor]
2018-03-11 12:08:03,735 [5] DEBUG Infrastructure.Data.Repositories.ReferenceRepository - Enter method [.ctor]
2018-03-11 12:08:03,745 [5] INFO  Infrastructure.Data.Repositories.ReferenceRepository - Success set values for attributes
2018-03-11 12:08:03,772 [5] DEBUG Infrastructure.Data.Repositories.ReferenceRepository - Leave method [.ctor]
2018-03-11 12:08:03,784 [5] DEBUG Service.Business.Services.ReferenceServices - Enter method [.ctor]
2018-03-11 12:08:03,823 [5] INFO  Service.Business.Services.ReferenceServices - Success set value for attributes
2018-03-11 12:08:03,836 [5] DEBUG Service.Business.Services.ReferenceServices - Leave method [.ctor]
2018-03-11 12:08:03,852 [5] DEBUG Service.Business.Services.NotificationServices - Enter method [.ctor]
2018-03-11 12:08:03,865 [5] DEBUG Service.Business.Services.NotificationServices - Leave method [.ctor]
2018-03-11 12:08:03,878 [5] DEBUG SMGS.Presentation.Controllers.AdminController - Enter method [.ctor]
2018-03-11 12:08:03,892 [5] INFO  SMGS.Presentation.Controllers.AdminController - Success set value to attributes
2018-03-11 12:08:03,907 [5] DEBUG SMGS.Presentation.Controllers.AdminController - Leave method [.ctor]
2018-03-11 12:08:03,919 [5] DEBUG SMGS.Presentation.Controllers.AdminController - Enter method [Index]
2018-03-11 12:08:03,934 [5] DEBUG SMGS.Presentation.Controllers.AdminController - Leave method [Index]
2018-03-11 12:10:24,486 [9] DEBUG Infrastructure.Data.Repositories.StaffRepository - Enter method [.ctor]
2018-03-11 12:10:24,503 [9] INFO  Infrastructure.Data.Repositories.StaffRepository - Success setting value to empPerPage attribute value: [20]
2018-03-11 12:10:24,518 [9] DEBUG Infrastructure.Data.Repositories.StaffRepository - Leave method [.ctor]
2018-03-11 12:10:24,531 [9] DEBUG Service.Business.Services.StaffServices - Enter method [.ctor]
2018-03-11 12:10:24,539 [9] INFO  Service.Business.Services.StaffServices - Success setting values for attributes
2018-03-11 12:10:24,552 [9] DEBUG Service.Business.Services.StaffServices - Leave method [.ctor]
2018-03-11 12:10:24,565 [9] DEBUG Infrastructure.Data.Repositories.ContactInformationRepository - Enter method [.ctor]
2018-03-11 12:10:24,576 [9] INFO  Infrastructure.Data.Repositories.ContactInformationRepository - Success setting values for attributes
2018-03-11 12:10:24,585 [9] DEBUG Infrastructure.Data.Repositories.ContactInformationRepository - Leave method [.ctor]
2018-03-11 12:10:24,597 [9] DEBUG Service.Business.Services.ContactInformationServices - Enter method [.ctor]
2018-03-11 12:10:24,608 [9] DEBUG Service.Business.Services.ContactInformationServices - Leave method [.ctor]
2018-03-11 12:10:24,618 [9] DEBUG Infrastructure.Data.Repositories.ServiceRepository - Enter method [.ctor]
2018-03-11 12:10:24,626 [9] INFO  Infrastructure.Data.Repositories.ServiceRepository - Success setting value to servicesPerPage attribute value: [20]
2018-03-11 12:10:24,636 [9] INFO  Infrastructure.Data.Repositories.ServiceRepository - Setting value for attributes
2018-03-11 12:10:24,648 [9] DEBUG Infrastructure.Data.Repositories.ServiceRepository - Leave method [.ctor]
2018-03-11 12:10:24,658 [9] DEBUG Service.Business.Services.ServiceServices - Enter method [.ctor]
2018-03-11 12:10:24,667 [9] INFO  Service.Business.Services.ServiceServices - Success setting values for attributes
2018-03-11 12:10:24,675 [9] DEBUG Service.Business.Services.ServiceServices - Leave method [.ctor]
2018-03-11 12:10:24,683 [9] DEBUG Infrastructure.Data.Repositories.SalaryRepository - Enter method [.ctor]
2018-03-11 12:10:24,693 [9] INFO  Infrastructure.Data.Repositories.SalaryRepository - Success setting value to servicesPerPage attribute value: [3]
2018-03-11 12:10:24,704 [9] INFO  Infrastructure.Data.Repositories.SalaryRepository - Success set value for attributes
2018-03-11 12:10:24,713 [9] DEBUG Infrastructure.Data.Repositories.SalaryRepository - Leave method [.ctor]
2018-03-11 12:10:24,724 [9] DEBUG Infrastructure.Data.Repositories.ReferenceRepository - Enter method [.ctor]
2018-03-11 12:10:24,735 [9] INFO  Infrastructure.Data.Repositories.ReferenceRepository - Success set values for attributes
2018-03-11 12:10:24,745 [9] DEBUG Infrastructure.Data.Repositories.ReferenceRepository - Leave method [.ctor]
2018-03-11 12:10:24,755 [9] DEBUG Service.Business.Services.ReferenceServices - Enter method [.ctor]
2018-03-11 12:10:24,766 [9] INFO  Service.Business.Services.ReferenceServices - Success set value for attributes
2018-03-11 12:10:24,777 [9] DEBUG Service.Business.Services.ReferenceServices - Leave method [.ctor]
2018-03-11 12:10:24,788 [9] DEBUG Service.Business.Services.NotificationServices - Enter method [.ctor]
2018-03-11 12:10:24,797 [9] DEBUG Service.Business.Services.NotificationServices - Leave method [.ctor]
2018-03-11 12:10:24,807 [9] DEBUG SMGS.Presentation.Controllers.AdminController - Enter method [.ctor]
2018-03-11 12:10:24,815 [9] INFO  SMGS.Presentation.Controllers.AdminController - Success set value to attributes
2018-03-11 12:10:24,825 [9] DEBUG SMGS.Presentation.Controllers.AdminController - Leave method [.ctor]
2018-03-11 12:10:24,835 [9] DEBUG SMGS.Presentation.Controllers.AdminController - Enter method [Index]
2018-03-11 12:10:24,842 [9] DEBUG SMGS.Presentation.Controllers.AdminController - Leave method [Index]
2018-03-11 12:10:24,952 [9] DEBUG Infrastructure.Data.Repositories.StaffRepository - Enter method [.ctor]
2018-03-11 12:10:25,047 [9] INFO  Infrastructure.Data.Repositories.StaffRepository - Success setting value to empPerPage attribute value: [20]
2018-03-11 12:10:25,073 [9] DEBUG Infrastructure.Data.Repositories.StaffRepository - Leave method [.ctor]
2018-03-11 12:10:25,121 [9] DEBUG Service.Business.Services.StaffServices - Enter method [.ctor]
2018-03-11 12:10:25,135 [9] INFO  Service.Business.Services.StaffServices - Success setting values for attributes
2018-03-11 12:10:25,150 [9] DEBUG Service.Business.Services.StaffServices - Leave method [.ctor]
2018-03-11 12:10:25,167 [9] DEBUG Infrastructure.Data.Repositories.ContactInformationRepository - Enter method [.ctor]
2018-03-11 12:10:25,249 [9] INFO  Infrastructure.Data.Repositories.ContactInformationRepository - Success setting values for attributes
2018-03-11 12:10:25,316 [9] DEBUG Infrastructure.Data.Repositories.ContactInformationRepository - Leave method [.ctor]
2018-03-11 12:10:25,334 [9] DEBUG Service.Business.Services.ContactInformationServices - Enter method [.ctor]
2018-03-11 12:10:25,382 [9] DEBUG Service.Business.Services.ContactInformationServices - Leave method [.ctor]
2018-03-11 12:10:25,418 [9] DEBUG Infrastructure.Data.Repositories.ServiceRepository - Enter method [.ctor]
2018-03-11 12:10:25,447 [9] INFO  Infrastructure.Data.Repositories.ServiceRepository - Success setting value to servicesPerPage attribute value: [20]
2018-03-11 12:10:25,471 [9] INFO  Infrastructure.Data.Repositories.ServiceRepository - Setting value for attributes
2018-03-11 12:10:25,484 [9] DEBUG Infrastructure.Data.Repositories.ServiceRepository - Leave method [.ctor]
2018-03-11 12:10:25,502 [9] DEBUG Service.Business.Services.ServiceServices - Enter method [.ctor]
2018-03-11 12:10:25,518 [9] INFO  Service.Business.Services.ServiceServices - Success setting values for attributes
2018-03-11 12:10:25,534 [9] DEBUG Service.Business.Services.ServiceServices - Leave method [.ctor]
2018-03-11 12:10:25,631 [9] DEBUG Infrastructure.Data.Repositories.SalaryRepository - Enter method [.ctor]
2018-03-11 12:10:25,642 [9] INFO  Infrastructure.Data.Repositories.SalaryRepository - Success setting value to servicesPerPage attribute value: [3]
2018-03-11 12:10:25,674 [9] INFO  Infrastructure.Data.Repositories.SalaryRepository - Success set value for attributes
2018-03-11 12:10:25,687 [9] DEBUG Infrastructure.Data.Repositories.SalaryRepository - Leave method [.ctor]
2018-03-11 12:10:25,718 [9] DEBUG Infrastructure.Data.Repositories.ReferenceRepository - Enter method [.ctor]
2018-03-11 12:10:25,730 [9] INFO  Infrastructure.Data.Repositories.ReferenceRepository - Success set values for attributes
2018-03-11 12:10:25,745 [9] DEBUG Infrastructure.Data.Repositories.ReferenceRepository - Leave method [.ctor]
2018-03-11 12:10:25,758 [9] DEBUG Service.Business.Services.ReferenceServices - Enter method [.ctor]
2018-03-11 12:10:25,774 [9] INFO  Service.Business.Services.ReferenceServices - Success set value for attributes
2018-03-11 12:10:25,788 [9] DEBUG Service.Business.Services.ReferenceServices - Leave method [.ctor]
2018-03-11 12:10:25,804 [9] DEBUG Service.Business.Services.NotificationServices - Enter method [.ctor]
2018-03-11 12:10:25,830 [9] DEBUG Service.Business.Services.NotificationServices - Leave method [.ctor]
2018-03-11 12:10:25,842 [9] DEBUG SMGS.Presentation.Controllers.AdminController - Enter method [.ctor]
2018-03-11 12:10:25,899 [9] INFO  SMGS.Presentation.Controllers.AdminController - Success set value to attributes
2018-03-11 12:10:25,943 [9] DEBUG SMGS.Presentation.Controllers.AdminController - Leave method [.ctor]
2018-03-11 12:10:26,677 [17] DEBUG Infrastructure.Data.Repositories.StaffRepository - Enter method [.ctor]
2018-03-11 12:10:26,739 [17] INFO  Infrastructure.Data.Repositories.StaffRepository - Success setting value to empPerPage attribute value: [20]
2018-03-11 12:10:26,778 [17] DEBUG Infrastructure.Data.Repositories.StaffRepository - Leave method [.ctor]
2018-03-11 12:10:26,795 [17] DEBUG Service.Business.Services.StaffServices - Enter method [.ctor]
2018-03-11 12:10:26,809 [17] INFO  Service.Business.Services.StaffServices - Success setting values for attributes
2018-03-11 12:10:26,822 [17] DEBUG Service.Business.Services.StaffServices - Leave method [.ctor]
2018-03-11 12:10:26,850 [17] DEBUG Infrastructure.Data.Repositories.ContactInformationRepository - Enter method [.ctor]
2018-03-11 12:10:26,862 [17] INFO  Infrastructure.Data.Repositories.ContactInformationRepository - Success setting values for attributes
2018-03-11 12:10:26,878 [17] DEBUG Infrastructure.Data.Repositories.ContactInformationRepository - Leave method [.ctor]
2018-03-11 12:10:26,895 [17] DEBUG Service.Business.Services.ContactInformationServices - Enter method [.ctor]
2018-03-11 12:10:26,907 [17] DEBUG Service.Business.Services.ContactInformationServices - Leave method [.ctor]
2018-03-11 12:10:26,918 [17] DEBUG Infrastructure.Data.Repositories.ServiceRepository - Enter method [.ctor]
2018-03-11 12:10:26,930 [17] INFO  Infrastructure.Data.Repositories.ServiceRepository - Success setting value to servicesPerPage attribute value: [20]
2018-03-11 12:10:26,978 [17] INFO  Infrastructure.Data.Repositories.ServiceRepository - Setting value for attributes
2018-03-11 12:10:27,018 [17] DEBUG Infrastructure.Data.Repositories.ServiceRepository - Leave method [.ctor]
2018-03-11 12:10:27,035 [17] DEBUG Service.Business.Services.ServiceServices - Enter method [.ctor]
2018-03-11 12:10:27,080 [17] INFO  Service.Business.Services.ServiceServices - Success setting values for attributes
2018-03-11 12:10:27,118 [17] DEBUG Service.Business.Services.ServiceServices - Leave method [.ctor]
2018-03-11 12:10:27,147 [17] DEBUG Infrastructure.Data.Repositories.SalaryRepository - Enter method [.ctor]
2018-03-11 12:10:27,185 [17] INFO  Infrastructure.Data.Repositories.SalaryRepository - Success setting value to servicesPerPage attribute value: [3]
2018-03-11 12:10:27,248 [17] INFO  Infrastructure.Data.Repositories.SalaryRepository - Success set value for attributes
2018-03-11 12:10:27,263 [17] DEBUG Infrastructure.Data.Repositories.SalaryRepository - Leave method [.ctor]
2018-03-11 12:10:27,276 [17] DEBUG Infrastructure.Data.Repositories.ReferenceRepository - Enter method [.ctor]
2018-03-11 12:10:27,289 [17] INFO  Infrastructure.Data.Repositories.ReferenceRepository - Success set values for attributes
2018-03-11 12:10:27,316 [17] DEBUG Infrastructure.Data.Repositories.ReferenceRepository - Leave method [.ctor]
2018-03-11 12:10:27,320 [17] DEBUG Service.Business.Services.ReferenceServices - Enter method [.ctor]
2018-03-11 12:10:27,361 [17] INFO  Service.Business.Services.ReferenceServices - Success set value for attributes
2018-03-11 12:10:27,379 [17] DEBUG Service.Business.Services.ReferenceServices - Leave method [.ctor]
2018-03-11 12:10:27,392 [17] DEBUG Service.Business.Services.NotificationServices - Enter method [.ctor]
2018-03-11 12:10:27,406 [17] DEBUG Service.Business.Services.NotificationServices - Leave method [.ctor]
2018-03-11 12:10:27,418 [17] DEBUG SMGS.Presentation.Controllers.AdminController - Enter method [.ctor]
2018-03-11 12:10:27,419 [17] INFO  SMGS.Presentation.Controllers.AdminController - Success set value to attributes
2018-03-11 12:10:27,442 [17] DEBUG SMGS.Presentation.Controllers.AdminController - Leave method [.ctor]
2018-03-11 12:12:24,778 [7] ERROR SMGS.Presentation.App_Start.Customize - Error: [The 'Register' method failed because the custom culture 'sz-VN' already exists.]
2018-03-11 12:13:20,625 [7] ERROR SMGS.Presentation.App_Start.Customize - Error: [The 'Register' method failed because the custom culture 'sz-VN' already exists.]
2018-03-11 12:13:46,705 [14] ERROR SMGS.Presentation.App_Start.Customize - Error: [The 'Register' method failed because the custom culture 'sz-VN' already exists.]
2018-03-11 12:14:04,460 [14] ERROR SMGS.Presentation.App_Start.Customize - Error: [The 'Register' method failed because the custom culture 'sz-VN' already exists.]
2018-03-11 12:15:08,059 [14] ERROR SMGS.Presentation.App_Start.Customize - Error: [The 'Register' method failed because the custom culture 'sz-VN' already exists.]
2018-03-11 12:15:21,210 [6] DEBUG Infrastructure.Data.Repositories.StaffRepository - Enter method [.ctor]
2018-03-11 12:15:21,219 [6] INFO  Infrastructure.Data.Repositories.StaffRepository - Success setting value to empPerPage attribute value: [20]
2018-03-11 12:15:21,233 [6] DEBUG Infrastructure.Data.Repositories.StaffRepository - Leave method [.ctor]
2018-03-11 12:15:21,245 [6] DEBUG Service.Business.Services.StaffServices - Enter method [.ctor]
2018-03-11 12:15:21,257 [6] INFO  Service.Business.Services.StaffServices - Success setting values for attributes
2018-03-11 12:15:21,270 [6] DEBUG Service.Business.Services.StaffServices - Leave method [.ctor]
2018-03-11 12:15:21,317 [6] DEBUG Infrastructure.Data.Repositories.ContactInformationRepository - Enter method [.ctor]
2018-03-11 12:15:21,332 [6] INFO  Infrastructure.Data.Repositories.ContactInformationRepository - Success setting values for attributes
2018-03-11 12:15:21,344 [6] DEBUG Infrastructure.Data.Repositories.ContactInformationRepository - Leave method [.ctor]
2018-03-11 12:15:21,359 [6] DEBUG Service.Business.Services.ContactInformationServices - Enter method [.ctor]
2018-03-11 12:15:21,371 [6] DEBUG Service.Business.Services.ContactInformationServices - Leave method [.ctor]
2018-03-11 12:15:21,396 [6] DEBUG Infrastructure.Data.Repositories.ServiceRepository - Enter method [.ctor]
2018-03-11 12:15:21,406 [6] INFO  Infrastructure.Data.Repositories.ServiceRepository - Success setting value to servicesPerPage attribute value: [20]
2018-03-11 12:15:21,420 [6] INFO  Infrastructure.Data.Repositories.ServiceRepository - Setting value for attributes
2018-03-11 12:15:21,433 [6] DEBUG Infrastructure.Data.Repositories.ServiceRepository - Leave method [.ctor]
2018-03-11 12:15:21,446 [6] DEBUG Service.Business.Services.ServiceServices - Enter method [.ctor]
2018-03-11 12:15:21,458 [6] INFO  Service.Business.Services.ServiceServices - Success setting values for attributes
2018-03-11 12:15:21,468 [6] DEBUG Service.Business.Services.ServiceServices - Leave method [.ctor]
2018-03-11 12:15:21,492 [6] DEBUG Infrastructure.Data.Repositories.SalaryRepository - Enter method [.ctor]
2018-03-11 12:15:21,506 [6] INFO  Infrastructure.Data.Repositories.SalaryRepository - Success setting value to servicesPerPage attribute value: [3]
2018-03-11 12:15:21,514 [6] INFO  Infrastructure.Data.Repositories.SalaryRepository - Success set value for attributes
2018-03-11 12:15:21,525 [6] DEBUG Infrastructure.Data.Repositories.SalaryRepository - Leave method [.ctor]
2018-03-11 12:15:21,555 [6] DEBUG Infrastructure.Data.Repositories.ReferenceRepository - Enter method [.ctor]
2018-03-11 12:15:21,569 [6] INFO  Infrastructure.Data.Repositories.ReferenceRepository - Success set values for attributes
2018-03-11 12:15:21,577 [6] DEBUG Infrastructure.Data.Repositories.ReferenceRepository - Leave method [.ctor]
2018-03-11 12:15:21,587 [6] DEBUG Service.Business.Services.ReferenceServices - Enter method [.ctor]
2018-03-11 12:15:21,600 [6] INFO  Service.Business.Services.ReferenceServices - Success set value for attributes
2018-03-11 12:15:21,612 [6] DEBUG Service.Business.Services.ReferenceServices - Leave method [.ctor]
2018-03-11 12:15:21,640 [6] DEBUG Service.Business.Services.NotificationServices - Enter method [.ctor]
2018-03-11 12:15:21,651 [6] DEBUG Service.Business.Services.NotificationServices - Leave method [.ctor]
2018-03-11 12:15:21,664 [6] DEBUG SMGS.Presentation.Controllers.AdminController - Enter method [.ctor]
2018-03-11 12:15:21,676 [6] INFO  SMGS.Presentation.Controllers.AdminController - Success set value to attributes
2018-03-11 12:15:21,691 [6] DEBUG SMGS.Presentation.Controllers.AdminController - Leave method [.ctor]
2018-03-11 12:15:21,820 [6] DEBUG SMGS.Presentation.Controllers.AdminController - Enter method [Index]
2018-03-11 12:15:21,828 [6] DEBUG SMGS.Presentation.Controllers.AdminController - Leave method [Index]
2018-03-11 12:15:28,277 [18] DEBUG Infrastructure.Data.Repositories.StaffRepository - Enter method [.ctor]
2018-03-11 12:15:28,291 [18] INFO  Infrastructure.Data.Repositories.StaffRepository - Success setting value to empPerPage attribute value: [20]
2018-03-11 12:15:28,308 [18] DEBUG Infrastructure.Data.Repositories.StaffRepository - Leave method [.ctor]
2018-03-11 12:15:28,323 [18] DEBUG Service.Business.Services.StaffServices - Enter method [.ctor]
2018-03-11 12:15:28,336 [18] INFO  Service.Business.Services.StaffServices - Success setting values for attributes
2018-03-11 12:15:28,350 [18] DEBUG Service.Business.Services.StaffServices - Leave method [.ctor]
2018-03-11 12:15:28,364 [18] DEBUG Infrastructure.Data.Repositories.ContactInformationRepository - Enter method [.ctor]
2018-03-11 12:15:28,376 [18] INFO  Infrastructure.Data.Repositories.ContactInformationRepository - Success setting values for attributes
2018-03-11 12:15:28,426 [18] DEBUG Infrastructure.Data.Repositories.ContactInformationRepository - Leave method [.ctor]
2018-03-11 12:15:28,451 [18] DEBUG Service.Business.Services.ContactInformationServices - Enter method [.ctor]
2018-03-11 12:15:28,485 [18] DEBUG Service.Business.Services.ContactInformationServices - Leave method [.ctor]
2018-03-11 12:15:28,502 [18] DEBUG Infrastructure.Data.Repositories.ServiceRepository - Enter method [.ctor]
2018-03-11 12:15:28,528 [18] INFO  Infrastructure.Data.Repositories.ServiceRepository - Success setting value to servicesPerPage attribute value: [20]
2018-03-11 12:15:28,561 [18] INFO  Infrastructure.Data.Repositories.ServiceRepository - Setting value for attributes
2018-03-11 12:15:28,574 [18] DEBUG Infrastructure.Data.Repositories.ServiceRepository - Leave method [.ctor]
2018-03-11 12:15:28,597 [18] DEBUG Service.Business.Services.ServiceServices - Enter method [.ctor]
2018-03-11 12:15:28,620 [18] INFO  Service.Business.Services.ServiceServices - Success setting values for attributes
2018-03-11 12:15:28,643 [18] DEBUG Service.Business.Services.ServiceServices - Leave method [.ctor]
2018-03-11 12:15:28,668 [18] DEBUG Infrastructure.Data.Repositories.SalaryRepository - Enter method [.ctor]
2018-03-11 12:15:28,686 [18] INFO  Infrastructure.Data.Repositories.SalaryRepository - Success setting value to servicesPerPage attribute value: [3]
2018-03-11 12:15:28,718 [18] INFO  Infrastructure.Data.Repositories.SalaryRepository - Success set value for attributes
2018-03-11 12:15:28,735 [18] DEBUG Infrastructure.Data.Repositories.SalaryRepository - Leave method [.ctor]
2018-03-11 12:15:28,747 [18] DEBUG Infrastructure.Data.Repositories.ReferenceRepository - Enter method [.ctor]
2018-03-11 12:15:28,760 [18] INFO  Infrastructure.Data.Repositories.ReferenceRepository - Success set values for attributes
2018-03-11 12:15:28,774 [18] DEBUG Infrastructure.Data.Repositories.ReferenceRepository - Leave method [.ctor]
2018-03-11 12:15:28,786 [18] DEBUG Service.Business.Services.ReferenceServices - Enter method [.ctor]
2018-03-11 12:15:28,800 [18] INFO  Service.Business.Services.ReferenceServices - Success set value for attributes
2018-03-11 12:15:28,813 [18] DEBUG Service.Business.Services.ReferenceServices - Leave method [.ctor]
2018-03-11 12:15:28,825 [18] DEBUG Service.Business.Services.NotificationServices - Enter method [.ctor]
2018-03-11 12:15:28,839 [18] DEBUG Service.Business.Services.NotificationServices - Leave method [.ctor]
2018-03-11 12:15:28,852 [18] DEBUG SMGS.Presentation.Controllers.AdminController - Enter method [.ctor]
2018-03-11 12:15:28,864 [18] INFO  SMGS.Presentation.Controllers.AdminController - Success set value to attributes
2018-03-11 12:15:28,879 [18] DEBUG SMGS.Presentation.Controllers.AdminController - Leave method [.ctor]
2018-03-11 12:15:38,702 [6] DEBUG Infrastructure.Data.Repositories.StaffRepository - Enter method [.ctor]
2018-03-11 12:15:38,719 [6] INFO  Infrastructure.Data.Repositories.StaffRepository - Success setting value to empPerPage attribute value: [20]
2018-03-11 12:15:38,734 [6] DEBUG Infrastructure.Data.Repositories.StaffRepository - Leave method [.ctor]
2018-03-11 12:15:38,748 [6] DEBUG Service.Business.Services.StaffServices - Enter method [.ctor]
2018-03-11 12:15:38,761 [6] INFO  Service.Business.Services.StaffServices - Success setting values for attributes
2018-03-11 12:15:38,776 [6] DEBUG Service.Business.Services.StaffServices - Leave method [.ctor]
2018-03-11 12:15:38,789 [6] DEBUG Infrastructure.Data.Repositories.ContactInformationRepository - Enter method [.ctor]
2018-03-11 12:15:38,802 [6] INFO  Infrastructure.Data.Repositories.ContactInformationRepository - Success setting values for attributes
2018-03-11 12:15:38,813 [6] DEBUG Infrastructure.Data.Repositories.ContactInformationRepository - Leave method [.ctor]
2018-03-11 12:15:38,826 [6] DEBUG Service.Business.Services.ContactInformationServices - Enter method [.ctor]
2018-03-11 12:15:38,841 [6] DEBUG Service.Business.Services.ContactInformationServices - Leave method [.ctor]
2018-03-11 12:15:38,851 [6] DEBUG Infrastructure.Data.Repositories.ServiceRepository - Enter method [.ctor]
2018-03-11 12:15:38,864 [6] INFO  Infrastructure.Data.Repositories.ServiceRepository - Success setting value to servicesPerPage attribute value: [20]
2018-03-11 12:15:38,879 [6] INFO  Infrastructure.Data.Repositories.ServiceRepository - Setting value for attributes
2018-03-11 12:15:38,892 [6] DEBUG Infrastructure.Data.Repositories.ServiceRepository - Leave method [.ctor]
2018-03-11 12:15:38,905 [6] DEBUG Service.Business.Services.ServiceServices - Enter method [.ctor]
2018-03-11 12:15:38,920 [6] INFO  Service.Business.Services.ServiceServices - Success setting values for attributes
2018-03-11 12:15:38,934 [6] DEBUG Service.Business.Services.ServiceServices - Leave method [.ctor]
2018-03-11 12:15:38,950 [6] DEBUG Infrastructure.Data.Repositories.SalaryRepository - Enter method [.ctor]
2018-03-11 12:15:38,964 [6] INFO  Infrastructure.Data.Repositories.SalaryRepository - Success setting value to servicesPerPage attribute value: [3]
2018-03-11 12:15:38,977 [6] INFO  Infrastructure.Data.Repositories.SalaryRepository - Success set value for attributes
2018-03-11 12:15:39,010 [6] DEBUG Infrastructure.Data.Repositories.SalaryRepository - Leave method [.ctor]
2018-03-11 12:15:39,034 [6] DEBUG Infrastructure.Data.Repositories.ReferenceRepository - Enter method [.ctor]
2018-03-11 12:15:39,095 [6] INFO  Infrastructure.Data.Repositories.ReferenceRepository - Success set values for attributes
2018-03-11 12:15:39,112 [6] DEBUG Infrastructure.Data.Repositories.ReferenceRepository - Leave method [.ctor]
2018-03-11 12:15:39,127 [6] DEBUG Service.Business.Services.ReferenceServices - Enter method [.ctor]
2018-03-11 12:15:39,147 [6] INFO  Service.Business.Services.ReferenceServices - Success set value for attributes
2018-03-11 12:15:39,167 [6] DEBUG Service.Business.Services.ReferenceServices - Leave method [.ctor]
2018-03-11 12:15:39,183 [6] DEBUG Service.Business.Services.NotificationServices - Enter method [.ctor]
2018-03-11 12:15:39,197 [6] DEBUG Service.Business.Services.NotificationServices - Leave method [.ctor]
2018-03-11 12:15:39,213 [6] DEBUG SMGS.Presentation.Controllers.AdminController - Enter method [.ctor]
2018-03-11 12:15:39,227 [6] INFO  SMGS.Presentation.Controllers.AdminController - Success set value to attributes
2018-03-11 12:15:39,237 [6] DEBUG SMGS.Presentation.Controllers.AdminController - Leave method [.ctor]
2018-03-11 12:15:39,251 [6] DEBUG SMGS.Presentation.Controllers.AdminController - Enter method [Index]
2018-03-11 12:15:39,264 [6] DEBUG SMGS.Presentation.Controllers.AdminController - Leave method [Index]
2018-03-11 12:15:40,570 [17] DEBUG Infrastructure.Data.Repositories.StaffRepository - Enter method [.ctor]
2018-03-11 12:15:40,583 [17] INFO  Infrastructure.Data.Repositories.StaffRepository - Success setting value to empPerPage attribute value: [20]
2018-03-11 12:15:40,630 [17] DEBUG Infrastructure.Data.Repositories.StaffRepository - Leave method [.ctor]
2018-03-11 12:15:40,655 [17] DEBUG Service.Business.Services.StaffServices - Enter method [.ctor]
2018-03-11 12:15:40,670 [17] INFO  Service.Business.Services.StaffServices - Success setting values for attributes
2018-03-11 12:15:40,684 [17] DEBUG Service.Business.Services.StaffServices - Leave method [.ctor]
2018-03-11 12:15:40,701 [17] DEBUG Infrastructure.Data.Repositories.ContactInformationRepository - Enter method [.ctor]
2018-03-11 12:15:40,730 [17] INFO  Infrastructure.Data.Repositories.ContactInformationRepository - Success setting values for attributes
2018-03-11 12:15:40,740 [17] DEBUG Infrastructure.Data.Repositories.ContactInformationRepository - Leave method [.ctor]
2018-03-11 12:15:40,751 [17] DEBUG Service.Business.Services.ContactInformationServices - Enter method [.ctor]
2018-03-11 12:15:40,766 [17] DEBUG Service.Business.Services.ContactInformationServices - Leave method [.ctor]
2018-03-11 12:15:40,777 [17] DEBUG Infrastructure.Data.Repositories.ServiceRepository - Enter method [.ctor]
2018-03-11 12:15:40,795 [17] INFO  Infrastructure.Data.Repositories.ServiceRepository - Success setting value to servicesPerPage attribute value: [20]
2018-03-11 12:15:40,809 [17] INFO  Infrastructure.Data.Repositories.ServiceRepository - Setting value for attributes
2018-03-11 12:15:40,838 [17] DEBUG Infrastructure.Data.Repositories.ServiceRepository - Leave method [.ctor]
2018-03-11 12:15:40,854 [17] DEBUG Service.Business.Services.ServiceServices - Enter method [.ctor]
2018-03-11 12:15:40,884 [17] INFO  Service.Business.Services.ServiceServices - Success setting values for attributes
2018-03-11 12:15:40,903 [17] DEBUG Service.Business.Services.ServiceServices - Leave method [.ctor]
2018-03-11 12:15:40,940 [17] DEBUG Infrastructure.Data.Repositories.SalaryRepository - Enter method [.ctor]
2018-03-11 12:15:40,972 [17] INFO  Infrastructure.Data.Repositories.SalaryRepository - Success setting value to servicesPerPage attribute value: [3]
2018-03-11 12:15:41,025 [17] INFO  Infrastructure.Data.Repositories.SalaryRepository - Success set value for attributes
2018-03-11 12:15:41,041 [17] DEBUG Infrastructure.Data.Repositories.SalaryRepository - Leave method [.ctor]
2018-03-11 12:15:41,058 [17] DEBUG Infrastructure.Data.Repositories.ReferenceRepository - Enter method [.ctor]
2018-03-11 12:15:41,104 [17] INFO  Infrastructure.Data.Repositories.ReferenceRepository - Success set values for attributes
2018-03-11 12:15:41,126 [17] DEBUG Infrastructure.Data.Repositories.ReferenceRepository - Leave method [.ctor]
2018-03-11 12:15:41,143 [17] DEBUG Service.Business.Services.ReferenceServices - Enter method [.ctor]
2018-03-11 12:15:41,159 [17] INFO  Service.Business.Services.ReferenceServices - Success set value for attributes
2018-03-11 12:15:41,174 [17] DEBUG Service.Business.Services.ReferenceServices - Leave method [.ctor]
2018-03-11 12:15:41,242 [17] DEBUG Service.Business.Services.NotificationServices - Enter method [.ctor]
2018-03-11 12:15:41,282 [17] DEBUG Service.Business.Services.NotificationServices - Leave method [.ctor]
2018-03-11 12:15:41,335 [17] DEBUG SMGS.Presentation.Controllers.AdminController - Enter method [.ctor]
2018-03-11 12:15:41,367 [17] INFO  SMGS.Presentation.Controllers.AdminController - Success set value to attributes
2018-03-11 12:15:41,392 [17] DEBUG SMGS.Presentation.Controllers.AdminController - Leave method [.ctor]
2018-03-11 12:23:33,223 [7] ERROR SMGS.Presentation.App_Start.Customize - Error: [The 'Register' method failed because the custom culture 'sz-VN' already exists.]
2018-03-11 12:24:30,143 [6] DEBUG Infrastructure.Data.Repositories.StaffRepository - Enter method [.ctor]
2018-03-11 12:24:30,156 [6] INFO  Infrastructure.Data.Repositories.StaffRepository - Success setting value to empPerPage attribute value: [20]
2018-03-11 12:24:30,169 [6] DEBUG Infrastructure.Data.Repositories.StaffRepository - Leave method [.ctor]
2018-03-11 12:24:30,182 [6] DEBUG Service.Business.Services.StaffServices - Enter method [.ctor]
2018-03-11 12:24:30,195 [6] INFO  Service.Business.Services.StaffServices - Success setting values for attributes
2018-03-11 12:24:30,209 [6] DEBUG Service.Business.Services.StaffServices - Leave method [.ctor]
2018-03-11 12:24:30,290 [6] DEBUG Infrastructure.Data.Repositories.ContactInformationRepository - Enter method [.ctor]
2018-03-11 12:24:30,302 [6] INFO  Infrastructure.Data.Repositories.ContactInformationRepository - Success setting values for attributes
2018-03-11 12:24:30,315 [6] DEBUG Infrastructure.Data.Repositories.ContactInformationRepository - Leave method [.ctor]
2018-03-11 12:24:30,331 [6] DEBUG Service.Business.Services.ContactInformationServices - Enter method [.ctor]
2018-03-11 12:24:30,353 [6] DEBUG Service.Business.Services.ContactInformationServices - Leave method [.ctor]
2018-03-11 12:24:30,389 [6] DEBUG Infrastructure.Data.Repositories.ServiceRepository - Enter method [.ctor]
2018-03-11 12:24:30,422 [6] INFO  Infrastructure.Data.Repositories.ServiceRepository - Success setting value to servicesPerPage attribute value: [20]
2018-03-11 12:24:30,441 [6] INFO  Infrastructure.Data.Repositories.ServiceRepository - Setting value for attributes
2018-03-11 12:24:30,461 [6] DEBUG Infrastructure.Data.Repositories.ServiceRepository - Leave method [.ctor]
2018-03-11 12:24:30,483 [6] DEBUG Service.Business.Services.ServiceServices - Enter method [.ctor]
2018-03-11 12:24:30,505 [6] INFO  Service.Business.Services.ServiceServices - Success setting values for attributes
2018-03-11 12:24:30,521 [6] DEBUG Service.Business.Services.ServiceServices - Leave method [.ctor]
2018-03-11 12:24:30,577 [6] DEBUG Infrastructure.Data.Repositories.SalaryRepository - Enter method [.ctor]
2018-03-11 12:24:30,588 [6] INFO  Infrastructure.Data.Repositories.SalaryRepository - Success setting value to servicesPerPage attribute value: [3]
2018-03-11 12:24:30,600 [6] INFO  Infrastructure.Data.Repositories.SalaryRepository - Success set value for attributes
2018-03-11 12:24:30,615 [6] DEBUG Infrastructure.Data.Repositories.SalaryRepository - Leave method [.ctor]
2018-03-11 12:24:30,649 [6] DEBUG Infrastructure.Data.Repositories.ReferenceRepository - Enter method [.ctor]
2018-03-11 12:24:30,667 [6] INFO  Infrastructure.Data.Repositories.ReferenceRepository - Success set values for attributes
2018-03-11 12:24:30,692 [6] DEBUG Infrastructure.Data.Repositories.ReferenceRepository - Leave method [.ctor]
2018-03-11 12:24:30,710 [6] DEBUG Service.Business.Services.ReferenceServices - Enter method [.ctor]
2018-03-11 12:24:30,726 [6] INFO  Service.Business.Services.ReferenceServices - Success set value for attributes
2018-03-11 12:24:30,745 [6] DEBUG Service.Business.Services.ReferenceServices - Leave method [.ctor]
2018-03-11 12:24:30,799 [6] DEBUG Service.Business.Services.NotificationServices - Enter method [.ctor]
2018-03-11 12:24:30,815 [6] DEBUG Service.Business.Services.NotificationServices - Leave method [.ctor]
2018-03-11 12:24:30,866 [6] DEBUG SMGS.Presentation.Controllers.AdminController - Enter method [.ctor]
2018-03-11 12:24:30,878 [6] INFO  SMGS.Presentation.Controllers.AdminController - Success set value to attributes
2018-03-11 12:24:30,894 [6] DEBUG SMGS.Presentation.Controllers.AdminController - Leave method [.ctor]
2018-03-11 12:24:31,135 [6] DEBUG SMGS.Presentation.Controllers.AdminController - Enter method [Index]
2018-03-11 12:24:31,149 [6] DEBUG SMGS.Presentation.Controllers.AdminController - Leave method [Index]
2018-03-11 12:24:43,591 [16] DEBUG Infrastructure.Data.Repositories.StaffRepository - Enter method [.ctor]
2018-03-11 12:24:43,607 [16] INFO  Infrastructure.Data.Repositories.StaffRepository - Success setting value to empPerPage attribute value: [20]
2018-03-11 12:24:43,624 [16] DEBUG Infrastructure.Data.Repositories.StaffRepository - Leave method [.ctor]
2018-03-11 12:24:43,716 [16] DEBUG Service.Business.Services.StaffServices - Enter method [.ctor]
2018-03-11 12:24:43,785 [16] INFO  Service.Business.Services.StaffServices - Success setting values for attributes
2018-03-11 12:24:43,813 [16] DEBUG Service.Business.Services.StaffServices - Leave method [.ctor]
2018-03-11 12:24:43,838 [16] DEBUG Infrastructure.Data.Repositories.ContactInformationRepository - Enter method [.ctor]
2018-03-11 12:24:43,876 [16] INFO  Infrastructure.Data.Repositories.ContactInformationRepository - Success setting values for attributes
2018-03-11 12:24:43,970 [16] DEBUG Infrastructure.Data.Repositories.ContactInformationRepository - Leave method [.ctor]
2018-03-11 12:24:44,014 [16] DEBUG Service.Business.Services.ContactInformationServices - Enter method [.ctor]
2018-03-11 12:24:44,074 [16] DEBUG Service.Business.Services.ContactInformationServices - Leave method [.ctor]
2018-03-11 12:24:44,170 [16] DEBUG Infrastructure.Data.Repositories.ServiceRepository - Enter method [.ctor]
2018-03-11 12:24:44,224 [16] INFO  Infrastructure.Data.Repositories.ServiceRepository - Success setting value to servicesPerPage attribute value: [20]
2018-03-11 12:24:44,234 [16] INFO  Infrastructure.Data.Repositories.ServiceRepository - Setting value for attributes
2018-03-11 12:24:44,250 [16] DEBUG Infrastructure.Data.Repositories.ServiceRepository - Leave method [.ctor]
2018-03-11 12:24:44,281 [16] DEBUG Service.Business.Services.ServiceServices - Enter method [.ctor]
2018-03-11 12:24:44,312 [16] INFO  Service.Business.Services.ServiceServices - Success setting values for attributes
2018-03-11 12:24:44,328 [16] DEBUG Service.Business.Services.ServiceServices - Leave method [.ctor]
2018-03-11 12:24:44,440 [16] DEBUG Infrastructure.Data.Repositories.SalaryRepository - Enter method [.ctor]
2018-03-11 12:24:44,487 [16] INFO  Infrastructure.Data.Repositories.SalaryRepository - Success setting value to servicesPerPage attribute value: [3]
2018-03-11 12:24:44,569 [16] INFO  Infrastructure.Data.Repositories.SalaryRepository - Success set value for attributes
2018-03-11 12:24:44,612 [16] DEBUG Infrastructure.Data.Repositories.SalaryRepository - Leave method [.ctor]
2018-03-11 12:24:44,674 [16] DEBUG Infrastructure.Data.Repositories.ReferenceRepository - Enter method [.ctor]
2018-03-11 12:24:44,737 [16] INFO  Infrastructure.Data.Repositories.ReferenceRepository - Success set values for attributes
2018-03-11 12:24:44,768 [16] DEBUG Infrastructure.Data.Repositories.ReferenceRepository - Leave method [.ctor]
2018-03-11 12:24:44,815 [16] DEBUG Service.Business.Services.ReferenceServices - Enter method [.ctor]
2018-03-11 12:24:44,878 [16] INFO  Service.Business.Services.ReferenceServices - Success set value for attributes
2018-03-11 12:24:44,979 [16] DEBUG Service.Business.Services.ReferenceServices - Leave method [.ctor]
2018-03-11 12:24:45,030 [16] DEBUG Service.Business.Services.NotificationServices - Enter method [.ctor]
2018-03-11 12:24:45,077 [16] DEBUG Service.Business.Services.NotificationServices - Leave method [.ctor]
2018-03-11 12:24:45,130 [16] DEBUG SMGS.Presentation.Controllers.AdminController - Enter method [.ctor]
2018-03-11 12:24:45,148 [16] INFO  SMGS.Presentation.Controllers.AdminController - Success set value to attributes
2018-03-11 12:24:45,202 [16] DEBUG SMGS.Presentation.Controllers.AdminController - Leave method [.ctor]
