2018-02-03 23:17:08,376 [6] DEBUG Infrastructure.Data.Repositories.AccountRepository [(null)] - Enter method [.ctor]
2018-02-03 23:17:08,405 [6] INFO  Infrastructure.Data.Repositories.AccountRepository [(null)] - Success setting values for attributes
2018-02-03 23:17:08,413 [6] DEBUG Infrastructure.Data.Repositories.AccountRepository [(null)] - Leave method [.ctor]
2018-02-03 23:17:08,487 [6] DEBUG SMGS.Presentation.Controllers.LogInController [(null)] - Enter method [.ctor]
2018-02-03 23:17:08,493 [6] DEBUG SMGS.Presentation.Controllers.LogInController [(null)] - Leave method [.ctor]
2018-02-03 23:17:08,579 [6] DEBUG SMGS.Presentation.Controllers.LogInController [(null)] - Enter method [Index]
2018-02-03 23:17:08,587 [6] DEBUG SMGS.Presentation.Controllers.LogInController [(null)] - Leave method [Index]
2018-02-03 23:17:27,143 [7] DEBUG Infrastructure.Data.Repositories.StaffRepository [(null)] - Enter method [.ctor]
2018-02-03 23:17:27,149 [7] DEBUG Infrastructure.Data.Repositories.StaffRepository [(null)] - Leave method [.ctor]
2018-02-03 23:17:27,162 [7] DEBUG Infrastructure.Data.Repositories.ContactInformationRepository [(null)] - Enter method [.ctor]
2018-02-03 23:17:27,168 [7] INFO  Infrastructure.Data.Repositories.ContactInformationRepository [(null)] - Success setting values for attributes
2018-02-03 23:17:27,175 [7] DEBUG Infrastructure.Data.Repositories.ContactInformationRepository [(null)] - Leave method [.ctor]
2018-02-03 23:17:27,189 [7] DEBUG Infrastructure.Data.Repositories.ServiceRepository [(null)] - Enter method [.ctor]
2018-02-03 23:17:27,195 [7] INFO  Infrastructure.Data.Repositories.ServiceRepository [(null)] - Setting value for attributes
2018-02-03 23:17:27,202 [7] DEBUG Infrastructure.Data.Repositories.ServiceRepository [(null)] - Leave method [.ctor]
2018-02-03 23:17:27,209 [7] DEBUG SMGS.Presentation.Controllers.adminController [(null)] - Enter method [.ctor]
2018-02-03 23:17:27,215 [7] INFO  SMGS.Presentation.Controllers.adminController [(null)] - Success set value to attributes
2018-02-03 23:17:27,221 [7] DEBUG SMGS.Presentation.Controllers.adminController [(null)] - Leave method [.ctor]
2018-02-03 23:17:27,230 [7] DEBUG SMGS.Presentation.Controllers.adminController [(null)] - Enter method [employees]
2018-02-03 23:17:27,238 [7] DEBUG Infrastructure.Data.Repositories.StaffRepository [(null)] - Enter method [GetAll]
2018-02-03 23:17:27,244 [7] DEBUG Infrastructure.Data.Repositories.StaffRepository [(null)] - Leave method [GetAll]
2018-02-03 23:17:44,566 [7] DEBUG Infrastructure.Data.Repositories.ContactInformationRepository [(null)] - Enter method [GetContactInformationFromListStaff]
2018-02-03 23:17:44,592 [7] DEBUG Infrastructure.Data.Repositories.ContactInformationRepository [(null)] - Enter method [Get]
2018-02-03 23:17:44,734 [7] DEBUG Infrastructure.Data.Repositories.ContactInformationRepository [(null)] - Leave method [Get]
2018-02-03 23:17:44,741 [7] DEBUG Infrastructure.Data.Repositories.ContactInformationRepository [(null)] - Enter method [Get]
2018-02-03 23:17:44,828 [7] DEBUG Infrastructure.Data.Repositories.ContactInformationRepository [(null)] - Leave method [Get]
2018-02-03 23:17:44,849 [7] DEBUG Infrastructure.Data.Repositories.ContactInformationRepository [(null)] - Enter method [Get]
2018-02-03 23:17:44,893 [7] DEBUG Infrastructure.Data.Repositories.ContactInformationRepository [(null)] - Leave method [Get]
2018-02-03 23:17:44,902 [7] DEBUG Infrastructure.Data.Repositories.ContactInformationRepository [(null)] - Enter method [Get]
2018-02-03 23:17:44,938 [7] DEBUG Infrastructure.Data.Repositories.ContactInformationRepository [(null)] - Leave method [Get]
2018-02-03 23:17:44,944 [7] INFO  Infrastructure.Data.Repositories.ContactInformationRepository [(null)] - Found [2] for: [2] person(people)
2018-02-03 23:17:44,950 [7] DEBUG Infrastructure.Data.Repositories.ContactInformationRepository [(null)] - Leave method [GetContactInformationFromListStaff]
2018-02-03 23:17:45,943 [7] DEBUG SMGS.Presentation.Controllers.adminController [(null)] - Leave method [employees]
2018-02-03 23:20:10,982 [6] DEBUG Infrastructure.Data.Repositories.StaffRepository [(null)] - Enter method [.ctor]
2018-02-03 23:20:10,991 [6] DEBUG Infrastructure.Data.Repositories.StaffRepository [(null)] - Leave method [.ctor]
2018-02-03 23:20:10,998 [6] DEBUG Infrastructure.Data.Repositories.ContactInformationRepository [(null)] - Enter method [.ctor]
2018-02-03 23:20:11,005 [6] INFO  Infrastructure.Data.Repositories.ContactInformationRepository [(null)] - Success setting values for attributes
2018-02-03 23:20:11,011 [6] DEBUG Infrastructure.Data.Repositories.ContactInformationRepository [(null)] - Leave method [.ctor]
2018-02-03 23:20:11,019 [6] DEBUG Infrastructure.Data.Repositories.ServiceRepository [(null)] - Enter method [.ctor]
2018-02-03 23:20:11,025 [6] INFO  Infrastructure.Data.Repositories.ServiceRepository [(null)] - Setting value for attributes
2018-02-03 23:20:11,032 [6] DEBUG Infrastructure.Data.Repositories.ServiceRepository [(null)] - Leave method [.ctor]
2018-02-03 23:20:11,039 [6] DEBUG SMGS.Presentation.Controllers.adminController [(null)] - Enter method [.ctor]
2018-02-03 23:20:11,045 [6] INFO  SMGS.Presentation.Controllers.adminController [(null)] - Success set value to attributes
2018-02-03 23:20:11,052 [6] DEBUG SMGS.Presentation.Controllers.adminController [(null)] - Leave method [.ctor]
2018-02-03 23:20:11,060 [6] DEBUG SMGS.Presentation.Controllers.adminController [(null)] - Enter method [CreateEmployee]
2018-02-03 23:20:11,068 [6] DEBUG Infrastructure.Data.Repositories.StaffRepository [(null)] - Enter method [CheckCoincidentCode]
2018-02-03 23:20:11,074 [6] DEBUG Infrastructure.Data.Repositories.StaffRepository [(null)] - Leave method [CheckCoincidentCode]
2018-02-03 23:20:11,268 [6] DEBUG SMGS.Presentation.Controllers.adminController [(null)] - Leave method [CreateEmployee]
