2018-04-25 07:33:49,290 [59] ERROR SMGS.Presentation.App_Start.Customize - Error: [Access to the path 'C:\Windows\Globalization\sz-VN.nlp' is denied.]
2018-04-25 07:34:40,336 [1] ERROR SMGS.Presentation.App_Start.Customize - Error: [Access to the path 'C:\Windows\Globalization\sz-VN.nlp' is denied.]
2018-04-25 07:34:51,921 [8] DEBUG Infrastructure.Data.Repositories.StaffRepository - Enter method [.ctor]
2018-04-25 07:34:51,930 [8] INFO  Infrastructure.Data.Repositories.StaffRepository - Success setting value to empPerPage attribute value: [20]
2018-04-25 07:34:51,937 [8] DEBUG Infrastructure.Data.Repositories.StaffRepository - Leave method [.ctor]
2018-04-25 07:34:51,944 [8] DEBUG Service.Business.Services.StaffServices - Enter method [.ctor]
2018-04-25 07:34:51,951 [8] INFO  Service.Business.Services.StaffServices - Success setting values for attributes
2018-04-25 07:34:51,956 [8] DEBUG Service.Business.Services.StaffServices - Leave method [.ctor]
2018-04-25 07:34:51,979 [8] DEBUG Infrastructure.Data.Repositories.ContactInformationRepository - Enter method [.ctor]
2018-04-25 07:34:51,986 [8] INFO  Infrastructure.Data.Repositories.ContactInformationRepository - Success setting values for attributes
2018-04-25 07:34:51,992 [8] DEBUG Infrastructure.Data.Repositories.ContactInformationRepository - Leave method [.ctor]
2018-04-25 07:34:51,999 [8] DEBUG Service.Business.Services.ContactInformationServices - Enter method [.ctor]
2018-04-25 07:34:52,004 [8] DEBUG Service.Business.Services.ContactInformationServices - Leave method [.ctor]
2018-04-25 07:34:52,017 [8] DEBUG Infrastructure.Data.Repositories.ServiceRepository - Enter method [.ctor]
2018-04-25 07:34:52,023 [8] INFO  Infrastructure.Data.Repositories.ServiceRepository - Success setting value to servicesPerPage attribute value: [20]
2018-04-25 07:34:52,031 [8] INFO  Infrastructure.Data.Repositories.ServiceRepository - Setting value for attributes
2018-04-25 07:34:52,037 [8] DEBUG Infrastructure.Data.Repositories.ServiceRepository - Leave method [.ctor]
2018-04-25 07:34:52,053 [8] DEBUG Service.Business.Services.ServiceServices - Enter method [.ctor]
2018-04-25 07:34:52,066 [8] INFO  Service.Business.Services.ServiceServices - Success setting values for attributes
2018-04-25 07:34:52,073 [8] DEBUG Service.Business.Services.ServiceServices - Leave method [.ctor]
2018-04-25 07:34:52,088 [8] DEBUG Infrastructure.Data.Repositories.SalaryRepository - Enter method [.ctor]
2018-04-25 07:34:52,095 [8] INFO  Infrastructure.Data.Repositories.SalaryRepository - Success setting value to servicesPerPage attribute value: [3]
2018-04-25 07:34:52,116 [8] INFO  Infrastructure.Data.Repositories.SalaryRepository - Success set value for attributes
2018-04-25 07:34:52,136 [8] DEBUG Infrastructure.Data.Repositories.SalaryRepository - Leave method [.ctor]
2018-04-25 07:34:52,157 [8] DEBUG Infrastructure.Data.Repositories.ReferenceRepository - Enter method [.ctor]
2018-04-25 07:34:52,165 [8] INFO  Infrastructure.Data.Repositories.ReferenceRepository - Success set values for attributes
2018-04-25 07:34:52,174 [8] DEBUG Infrastructure.Data.Repositories.ReferenceRepository - Leave method [.ctor]
2018-04-25 07:34:52,184 [8] DEBUG Service.Business.Services.ReferenceServices - Enter method [.ctor]
2018-04-25 07:34:52,193 [8] INFO  Service.Business.Services.ReferenceServices - Success set value for attributes
2018-04-25 07:34:52,202 [8] DEBUG Service.Business.Services.ReferenceServices - Leave method [.ctor]
2018-04-25 07:34:52,218 [8] DEBUG Service.Business.Services.NotificationServices - Enter method [.ctor]
2018-04-25 07:34:52,224 [8] DEBUG Service.Business.Services.NotificationServices - Leave method [.ctor]
2018-04-25 07:34:52,237 [8] DEBUG Infrastructure.Data.Repositories.BookingRepository - Enter method [.ctor]
2018-04-25 07:34:52,245 [8] DEBUG Infrastructure.Data.Repositories.BookingRepository - Leave method [.ctor]
2018-04-25 07:34:52,260 [8] DEBUG Infrastructure.Data.Repositories.BedRepository - Enter method [.ctor]
2018-04-25 07:34:52,268 [8] INFO  Infrastructure.Data.Repositories.BedRepository - Success setting value to bedPerPage attribute value: [20]
2018-04-25 07:34:52,275 [8] INFO  Infrastructure.Data.Repositories.BedRepository - Success setting values for attribbutes
2018-04-25 07:34:52,281 [8] DEBUG Infrastructure.Data.Repositories.BedRepository - Leave method [.ctor]
2018-04-25 07:34:52,290 [8] DEBUG SMGS.Presentation.Controllers.AdminController - Enter method [.ctor]
2018-04-25 07:34:52,298 [8] INFO  SMGS.Presentation.Controllers.AdminController - Success set value to attributes
2018-04-25 07:34:52,305 [8] DEBUG SMGS.Presentation.Controllers.AdminController - Leave method [.ctor]
2018-04-25 07:35:18,187 [20] ERROR SMGS.Presentation.App_Start.Customize - Error: [Access to the path 'C:\Windows\Globalization\sz-VN.nlp' is denied.]
2018-04-25 07:35:26,367 [8] DEBUG Infrastructure.Data.Repositories.StaffRepository - Enter method [.ctor]
2018-04-25 07:35:26,375 [8] INFO  Infrastructure.Data.Repositories.StaffRepository - Success setting value to empPerPage attribute value: [20]
2018-04-25 07:35:26,382 [8] DEBUG Infrastructure.Data.Repositories.StaffRepository - Leave method [.ctor]
2018-04-25 07:35:26,390 [8] DEBUG Service.Business.Services.StaffServices - Enter method [.ctor]
2018-04-25 07:35:26,396 [8] INFO  Service.Business.Services.StaffServices - Success setting values for attributes
2018-04-25 07:35:26,402 [8] DEBUG Service.Business.Services.StaffServices - Leave method [.ctor]
2018-04-25 07:35:26,424 [8] DEBUG Infrastructure.Data.Repositories.ContactInformationRepository - Enter method [.ctor]
2018-04-25 07:35:26,430 [8] INFO  Infrastructure.Data.Repositories.ContactInformationRepository - Success setting values for attributes
2018-04-25 07:35:26,436 [8] DEBUG Infrastructure.Data.Repositories.ContactInformationRepository - Leave method [.ctor]
2018-04-25 07:35:26,443 [8] DEBUG Service.Business.Services.ContactInformationServices - Enter method [.ctor]
2018-04-25 07:35:26,449 [8] DEBUG Service.Business.Services.ContactInformationServices - Leave method [.ctor]
2018-04-25 07:35:26,462 [8] DEBUG Infrastructure.Data.Repositories.ServiceRepository - Enter method [.ctor]
2018-04-25 07:35:26,468 [8] INFO  Infrastructure.Data.Repositories.ServiceRepository - Success setting value to servicesPerPage attribute value: [20]
2018-04-25 07:35:26,475 [8] INFO  Infrastructure.Data.Repositories.ServiceRepository - Setting value for attributes
2018-04-25 07:35:26,482 [8] DEBUG Infrastructure.Data.Repositories.ServiceRepository - Leave method [.ctor]
2018-04-25 07:35:26,490 [8] DEBUG Service.Business.Services.ServiceServices - Enter method [.ctor]
2018-04-25 07:35:26,496 [8] INFO  Service.Business.Services.ServiceServices - Success setting values for attributes
2018-04-25 07:35:26,504 [8] DEBUG Service.Business.Services.ServiceServices - Leave method [.ctor]
2018-04-25 07:35:26,517 [8] DEBUG Infrastructure.Data.Repositories.SalaryRepository - Enter method [.ctor]
2018-04-25 07:35:26,524 [8] INFO  Infrastructure.Data.Repositories.SalaryRepository - Success setting value to servicesPerPage attribute value: [3]
2018-04-25 07:35:26,530 [8] INFO  Infrastructure.Data.Repositories.SalaryRepository - Success set value for attributes
2018-04-25 07:35:26,536 [8] DEBUG Infrastructure.Data.Repositories.SalaryRepository - Leave method [.ctor]
2018-04-25 07:35:26,551 [8] DEBUG Infrastructure.Data.Repositories.ReferenceRepository - Enter method [.ctor]
2018-04-25 07:35:26,559 [8] INFO  Infrastructure.Data.Repositories.ReferenceRepository - Success set values for attributes
2018-04-25 07:35:26,569 [8] DEBUG Infrastructure.Data.Repositories.ReferenceRepository - Leave method [.ctor]
2018-04-25 07:35:26,576 [8] DEBUG Service.Business.Services.ReferenceServices - Enter method [.ctor]
2018-04-25 07:35:26,583 [8] INFO  Service.Business.Services.ReferenceServices - Success set value for attributes
2018-04-25 07:35:26,589 [8] DEBUG Service.Business.Services.ReferenceServices - Leave method [.ctor]
2018-04-25 07:35:26,601 [8] DEBUG Service.Business.Services.NotificationServices - Enter method [.ctor]
2018-04-25 07:35:26,608 [8] DEBUG Service.Business.Services.NotificationServices - Leave method [.ctor]
2018-04-25 07:35:26,619 [8] DEBUG Infrastructure.Data.Repositories.BookingRepository - Enter method [.ctor]
2018-04-25 07:35:26,626 [8] DEBUG Infrastructure.Data.Repositories.BookingRepository - Leave method [.ctor]
2018-04-25 07:35:26,640 [8] DEBUG Infrastructure.Data.Repositories.BedRepository - Enter method [.ctor]
2018-04-25 07:35:26,647 [8] INFO  Infrastructure.Data.Repositories.BedRepository - Success setting value to bedPerPage attribute value: [20]
2018-04-25 07:35:26,652 [8] INFO  Infrastructure.Data.Repositories.BedRepository - Success setting values for attribbutes
2018-04-25 07:35:26,658 [8] DEBUG Infrastructure.Data.Repositories.BedRepository - Leave method [.ctor]
2018-04-25 07:35:26,666 [8] DEBUG SMGS.Presentation.Controllers.AdminController - Enter method [.ctor]
2018-04-25 07:35:26,672 [8] INFO  SMGS.Presentation.Controllers.AdminController - Success set value to attributes
2018-04-25 07:35:26,678 [8] DEBUG SMGS.Presentation.Controllers.AdminController - Leave method [.ctor]
2018-04-25 07:35:26,748 [8] DEBUG Service.Business.Services.SalaryServices - Enter method [GetCollectionMonthPaid]
2018-04-25 07:35:26,758 [8] DEBUG Infrastructure.Data.Repositories.SalaryRepository - Enter method [GetCollectionMonthPaid]
2018-04-25 07:35:30,300 [8] ERROR Infrastructure.Data.Repositories.SalaryRepository - Error: [Only parameterless constructors and initializers are supported in LINQ to Entities.]
2018-04-25 07:35:30,308 [8] DEBUG Infrastructure.Data.Repositories.SalaryRepository - Leave method [GetCollectionMonthPaid]
2018-04-25 07:35:30,315 [8] DEBUG Service.Business.Services.SalaryServices - Leave method [GetCollectionMonthPaid]
2018-04-25 07:36:06,419 [10] DEBUG Infrastructure.Data.Repositories.StaffRepository - Enter method [.ctor]
2018-04-25 07:36:06,427 [10] INFO  Infrastructure.Data.Repositories.StaffRepository - Success setting value to empPerPage attribute value: [20]
2018-04-25 07:36:06,434 [10] DEBUG Infrastructure.Data.Repositories.StaffRepository - Leave method [.ctor]
2018-04-25 07:36:06,443 [10] DEBUG Service.Business.Services.StaffServices - Enter method [.ctor]
2018-04-25 07:36:06,450 [10] INFO  Service.Business.Services.StaffServices - Success setting values for attributes
2018-04-25 07:36:06,459 [10] DEBUG Service.Business.Services.StaffServices - Leave method [.ctor]
2018-04-25 07:36:06,466 [10] DEBUG Infrastructure.Data.Repositories.ContactInformationRepository - Enter method [.ctor]
2018-04-25 07:36:06,474 [10] INFO  Infrastructure.Data.Repositories.ContactInformationRepository - Success setting values for attributes
2018-04-25 07:36:06,480 [10] DEBUG Infrastructure.Data.Repositories.ContactInformationRepository - Leave method [.ctor]
2018-04-25 07:36:06,487 [10] DEBUG Service.Business.Services.ContactInformationServices - Enter method [.ctor]
2018-04-25 07:36:06,493 [10] DEBUG Service.Business.Services.ContactInformationServices - Leave method [.ctor]
2018-04-25 07:36:06,500 [10] DEBUG Infrastructure.Data.Repositories.ServiceRepository - Enter method [.ctor]
2018-04-25 07:36:06,507 [10] INFO  Infrastructure.Data.Repositories.ServiceRepository - Success setting value to servicesPerPage attribute value: [20]
2018-04-25 07:36:06,514 [10] INFO  Infrastructure.Data.Repositories.ServiceRepository - Setting value for attributes
2018-04-25 07:36:06,521 [10] DEBUG Infrastructure.Data.Repositories.ServiceRepository - Leave method [.ctor]
2018-04-25 07:36:06,527 [10] DEBUG Service.Business.Services.ServiceServices - Enter method [.ctor]
2018-04-25 07:36:06,534 [10] INFO  Service.Business.Services.ServiceServices - Success setting values for attributes
2018-04-25 07:36:06,542 [10] DEBUG Service.Business.Services.ServiceServices - Leave method [.ctor]
2018-04-25 07:36:06,548 [10] DEBUG Infrastructure.Data.Repositories.SalaryRepository - Enter method [.ctor]
2018-04-25 07:36:06,555 [10] INFO  Infrastructure.Data.Repositories.SalaryRepository - Success setting value to servicesPerPage attribute value: [3]
2018-04-25 07:36:06,562 [10] INFO  Infrastructure.Data.Repositories.SalaryRepository - Success set value for attributes
2018-04-25 07:36:06,571 [10] DEBUG Infrastructure.Data.Repositories.SalaryRepository - Leave method [.ctor]
2018-04-25 07:36:06,578 [10] DEBUG Infrastructure.Data.Repositories.ReferenceRepository - Enter method [.ctor]
2018-04-25 07:36:06,585 [10] INFO  Infrastructure.Data.Repositories.ReferenceRepository - Success set values for attributes
2018-04-25 07:36:06,592 [10] DEBUG Infrastructure.Data.Repositories.ReferenceRepository - Leave method [.ctor]
2018-04-25 07:36:06,600 [10] DEBUG Service.Business.Services.ReferenceServices - Enter method [.ctor]
2018-04-25 07:36:06,607 [10] INFO  Service.Business.Services.ReferenceServices - Success set value for attributes
2018-04-25 07:36:06,616 [10] DEBUG Service.Business.Services.ReferenceServices - Leave method [.ctor]
2018-04-25 07:36:06,624 [10] DEBUG Service.Business.Services.NotificationServices - Enter method [.ctor]
2018-04-25 07:36:06,633 [10] DEBUG Service.Business.Services.NotificationServices - Leave method [.ctor]
2018-04-25 07:36:06,641 [10] DEBUG Infrastructure.Data.Repositories.BookingRepository - Enter method [.ctor]
2018-04-25 07:36:06,649 [10] DEBUG Infrastructure.Data.Repositories.BookingRepository - Leave method [.ctor]
2018-04-25 07:36:06,656 [10] DEBUG Infrastructure.Data.Repositories.BedRepository - Enter method [.ctor]
2018-04-25 07:36:06,663 [10] INFO  Infrastructure.Data.Repositories.BedRepository - Success setting value to bedPerPage attribute value: [20]
2018-04-25 07:36:06,670 [10] INFO  Infrastructure.Data.Repositories.BedRepository - Success setting values for attribbutes
2018-04-25 07:36:06,677 [10] DEBUG Infrastructure.Data.Repositories.BedRepository - Leave method [.ctor]
2018-04-25 07:36:06,684 [10] DEBUG SMGS.Presentation.Controllers.AdminController - Enter method [.ctor]
2018-04-25 07:36:06,690 [10] INFO  SMGS.Presentation.Controllers.AdminController - Success set value to attributes
2018-04-25 07:36:06,698 [10] DEBUG SMGS.Presentation.Controllers.AdminController - Leave method [.ctor]
2018-04-25 07:36:06,705 [10] DEBUG Service.Business.Services.SalaryServices - Enter method [GetCollectionMonthPaid]
2018-04-25 07:36:06,712 [10] DEBUG Infrastructure.Data.Repositories.SalaryRepository - Enter method [GetCollectionMonthPaid]
2018-04-25 07:36:06,840 [10] ERROR Infrastructure.Data.Repositories.SalaryRepository - Error: [Only parameterless constructors and initializers are supported in LINQ to Entities.]
2018-04-25 07:36:06,847 [10] DEBUG Infrastructure.Data.Repositories.SalaryRepository - Leave method [GetCollectionMonthPaid]
2018-04-25 07:36:06,856 [10] DEBUG Service.Business.Services.SalaryServices - Leave method [GetCollectionMonthPaid]
2018-04-25 07:36:44,825 [8] DEBUG Infrastructure.Data.Repositories.StaffRepository - Enter method [.ctor]
2018-04-25 07:36:44,832 [8] INFO  Infrastructure.Data.Repositories.StaffRepository - Success setting value to empPerPage attribute value: [20]
2018-04-25 07:36:44,839 [8] DEBUG Infrastructure.Data.Repositories.StaffRepository - Leave method [.ctor]
2018-04-25 07:36:44,846 [8] DEBUG Service.Business.Services.StaffServices - Enter method [.ctor]
2018-04-25 07:36:44,853 [8] INFO  Service.Business.Services.StaffServices - Success setting values for attributes
2018-04-25 07:36:44,859 [8] DEBUG Service.Business.Services.StaffServices - Leave method [.ctor]
2018-04-25 07:36:44,866 [8] DEBUG Infrastructure.Data.Repositories.ContactInformationRepository - Enter method [.ctor]
2018-04-25 07:36:44,872 [8] INFO  Infrastructure.Data.Repositories.ContactInformationRepository - Success setting values for attributes
2018-04-25 07:36:44,878 [8] DEBUG Infrastructure.Data.Repositories.ContactInformationRepository - Leave method [.ctor]
2018-04-25 07:36:44,885 [8] DEBUG Service.Business.Services.ContactInformationServices - Enter method [.ctor]
2018-04-25 07:36:44,891 [8] DEBUG Service.Business.Services.ContactInformationServices - Leave method [.ctor]
2018-04-25 07:36:44,899 [8] DEBUG Infrastructure.Data.Repositories.ServiceRepository - Enter method [.ctor]
2018-04-25 07:36:44,904 [8] INFO  Infrastructure.Data.Repositories.ServiceRepository - Success setting value to servicesPerPage attribute value: [20]
2018-04-25 07:36:44,913 [8] INFO  Infrastructure.Data.Repositories.ServiceRepository - Setting value for attributes
2018-04-25 07:36:44,919 [8] DEBUG Infrastructure.Data.Repositories.ServiceRepository - Leave method [.ctor]
2018-04-25 07:36:44,926 [8] DEBUG Service.Business.Services.ServiceServices - Enter method [.ctor]
2018-04-25 07:36:44,933 [8] INFO  Service.Business.Services.ServiceServices - Success setting values for attributes
2018-04-25 07:36:44,940 [8] DEBUG Service.Business.Services.ServiceServices - Leave method [.ctor]
2018-04-25 07:36:44,948 [8] DEBUG Infrastructure.Data.Repositories.SalaryRepository - Enter method [.ctor]
2018-04-25 07:36:44,954 [8] INFO  Infrastructure.Data.Repositories.SalaryRepository - Success setting value to servicesPerPage attribute value: [3]
2018-04-25 07:36:44,961 [8] INFO  Infrastructure.Data.Repositories.SalaryRepository - Success set value for attributes
2018-04-25 07:36:44,967 [8] DEBUG Infrastructure.Data.Repositories.SalaryRepository - Leave method [.ctor]
2018-04-25 07:36:44,973 [8] DEBUG Infrastructure.Data.Repositories.ReferenceRepository - Enter method [.ctor]
2018-04-25 07:36:44,980 [8] INFO  Infrastructure.Data.Repositories.ReferenceRepository - Success set values for attributes
2018-04-25 07:36:44,987 [8] DEBUG Infrastructure.Data.Repositories.ReferenceRepository - Leave method [.ctor]
2018-04-25 07:36:44,994 [8] DEBUG Service.Business.Services.ReferenceServices - Enter method [.ctor]
2018-04-25 07:36:45,001 [8] INFO  Service.Business.Services.ReferenceServices - Success set value for attributes
2018-04-25 07:36:45,007 [8] DEBUG Service.Business.Services.ReferenceServices - Leave method [.ctor]
2018-04-25 07:36:45,014 [8] DEBUG Service.Business.Services.NotificationServices - Enter method [.ctor]
2018-04-25 07:36:45,021 [8] DEBUG Service.Business.Services.NotificationServices - Leave method [.ctor]
2018-04-25 07:36:45,027 [8] DEBUG Infrastructure.Data.Repositories.BookingRepository - Enter method [.ctor]
2018-04-25 07:36:45,035 [8] DEBUG Infrastructure.Data.Repositories.BookingRepository - Leave method [.ctor]
2018-04-25 07:36:45,041 [8] DEBUG Infrastructure.Data.Repositories.BedRepository - Enter method [.ctor]
2018-04-25 07:36:45,048 [8] INFO  Infrastructure.Data.Repositories.BedRepository - Success setting value to bedPerPage attribute value: [20]
2018-04-25 07:36:45,054 [8] INFO  Infrastructure.Data.Repositories.BedRepository - Success setting values for attribbutes
2018-04-25 07:36:45,060 [8] DEBUG Infrastructure.Data.Repositories.BedRepository - Leave method [.ctor]
2018-04-25 07:36:45,067 [8] DEBUG SMGS.Presentation.Controllers.AdminController - Enter method [.ctor]
2018-04-25 07:36:45,073 [8] INFO  SMGS.Presentation.Controllers.AdminController - Success set value to attributes
2018-04-25 07:36:45,080 [8] DEBUG SMGS.Presentation.Controllers.AdminController - Leave method [.ctor]
2018-04-25 07:36:45,086 [8] DEBUG Service.Business.Services.SalaryServices - Enter method [GetCollectionMonthPaid]
2018-04-25 07:36:45,093 [8] DEBUG Infrastructure.Data.Repositories.SalaryRepository - Enter method [GetCollectionMonthPaid]
2018-04-25 07:37:15,670 [8] ERROR Infrastructure.Data.Repositories.SalaryRepository - Error: [Only parameterless constructors and initializers are supported in LINQ to Entities.]
2018-04-25 07:37:15,689 [8] DEBUG Infrastructure.Data.Repositories.SalaryRepository - Leave method [GetCollectionMonthPaid]
2018-04-25 07:37:15,701 [8] DEBUG Service.Business.Services.SalaryServices - Leave method [GetCollectionMonthPaid]
2018-04-25 07:38:08,305 [26] ERROR SMGS.Presentation.App_Start.Customize - Error: [Access to the path 'C:\Windows\Globalization\sz-VN.nlp' is denied.]
2018-04-25 07:38:19,239 [8] DEBUG Infrastructure.Data.Repositories.StaffRepository - Enter method [.ctor]
2018-04-25 07:38:19,247 [8] INFO  Infrastructure.Data.Repositories.StaffRepository - Success setting value to empPerPage attribute value: [20]
2018-04-25 07:38:19,255 [8] DEBUG Infrastructure.Data.Repositories.StaffRepository - Leave method [.ctor]
2018-04-25 07:38:19,264 [8] DEBUG Service.Business.Services.StaffServices - Enter method [.ctor]
2018-04-25 07:38:19,273 [8] INFO  Service.Business.Services.StaffServices - Success setting values for attributes
2018-04-25 07:38:19,282 [8] DEBUG Service.Business.Services.StaffServices - Leave method [.ctor]
2018-04-25 07:38:19,310 [8] DEBUG Infrastructure.Data.Repositories.ContactInformationRepository - Enter method [.ctor]
2018-04-25 07:38:19,320 [8] INFO  Infrastructure.Data.Repositories.ContactInformationRepository - Success setting values for attributes
2018-04-25 07:38:19,331 [8] DEBUG Infrastructure.Data.Repositories.ContactInformationRepository - Leave method [.ctor]
2018-04-25 07:38:19,339 [8] DEBUG Service.Business.Services.ContactInformationServices - Enter method [.ctor]
2018-04-25 07:38:19,346 [8] DEBUG Service.Business.Services.ContactInformationServices - Leave method [.ctor]
2018-04-25 07:38:19,360 [8] DEBUG Infrastructure.Data.Repositories.ServiceRepository - Enter method [.ctor]
2018-04-25 07:38:19,368 [8] INFO  Infrastructure.Data.Repositories.ServiceRepository - Success setting value to servicesPerPage attribute value: [20]
2018-04-25 07:38:19,375 [8] INFO  Infrastructure.Data.Repositories.ServiceRepository - Setting value for attributes
2018-04-25 07:38:19,383 [8] DEBUG Infrastructure.Data.Repositories.ServiceRepository - Leave method [.ctor]
2018-04-25 07:38:19,391 [8] DEBUG Service.Business.Services.ServiceServices - Enter method [.ctor]
2018-04-25 07:38:19,398 [8] INFO  Service.Business.Services.ServiceServices - Success setting values for attributes
2018-04-25 07:38:19,406 [8] DEBUG Service.Business.Services.ServiceServices - Leave method [.ctor]
2018-04-25 07:38:19,420 [8] DEBUG Infrastructure.Data.Repositories.SalaryRepository - Enter method [.ctor]
2018-04-25 07:38:19,428 [8] INFO  Infrastructure.Data.Repositories.SalaryRepository - Success setting value to servicesPerPage attribute value: [3]
2018-04-25 07:38:19,437 [8] INFO  Infrastructure.Data.Repositories.SalaryRepository - Success set value for attributes
2018-04-25 07:38:19,448 [8] DEBUG Infrastructure.Data.Repositories.SalaryRepository - Leave method [.ctor]
2018-04-25 07:38:19,466 [8] DEBUG Infrastructure.Data.Repositories.ReferenceRepository - Enter method [.ctor]
2018-04-25 07:38:19,473 [8] INFO  Infrastructure.Data.Repositories.ReferenceRepository - Success set values for attributes
2018-04-25 07:38:19,481 [8] DEBUG Infrastructure.Data.Repositories.ReferenceRepository - Leave method [.ctor]
2018-04-25 07:38:19,491 [8] DEBUG Service.Business.Services.ReferenceServices - Enter method [.ctor]
2018-04-25 07:38:19,501 [8] INFO  Service.Business.Services.ReferenceServices - Success set value for attributes
2018-04-25 07:38:19,511 [8] DEBUG Service.Business.Services.ReferenceServices - Leave method [.ctor]
2018-04-25 07:38:19,527 [8] DEBUG Service.Business.Services.NotificationServices - Enter method [.ctor]
2018-04-25 07:38:19,537 [8] DEBUG Service.Business.Services.NotificationServices - Leave method [.ctor]
2018-04-25 07:38:19,554 [8] DEBUG Infrastructure.Data.Repositories.BookingRepository - Enter method [.ctor]
2018-04-25 07:38:19,564 [8] DEBUG Infrastructure.Data.Repositories.BookingRepository - Leave method [.ctor]
2018-04-25 07:38:19,579 [8] DEBUG Infrastructure.Data.Repositories.BedRepository - Enter method [.ctor]
2018-04-25 07:38:19,587 [8] INFO  Infrastructure.Data.Repositories.BedRepository - Success setting value to bedPerPage attribute value: [20]
2018-04-25 07:38:19,594 [8] INFO  Infrastructure.Data.Repositories.BedRepository - Success setting values for attribbutes
2018-04-25 07:38:19,601 [8] DEBUG Infrastructure.Data.Repositories.BedRepository - Leave method [.ctor]
2018-04-25 07:38:19,611 [8] DEBUG SMGS.Presentation.Controllers.AdminController - Enter method [.ctor]
2018-04-25 07:38:19,629 [8] INFO  SMGS.Presentation.Controllers.AdminController - Success set value to attributes
2018-04-25 07:38:19,638 [8] DEBUG SMGS.Presentation.Controllers.AdminController - Leave method [.ctor]
2018-04-25 07:38:19,724 [8] DEBUG Service.Business.Services.SalaryServices - Enter method [GetCollectionMonthPaid]
2018-04-25 07:38:19,735 [8] DEBUG Infrastructure.Data.Repositories.SalaryRepository - Enter method [GetCollectionMonthPaid]
2018-04-25 07:39:11,395 [8] ERROR Infrastructure.Data.Repositories.SalaryRepository - Error: [Only parameterless constructors and initializers are supported in LINQ to Entities.]
2018-04-25 07:39:11,415 [8] DEBUG Infrastructure.Data.Repositories.SalaryRepository - Leave method [GetCollectionMonthPaid]
2018-04-25 07:39:11,442 [8] DEBUG Service.Business.Services.SalaryServices - Leave method [GetCollectionMonthPaid]
2018-04-25 07:41:24,576 [20] ERROR SMGS.Presentation.App_Start.Customize - Error: [Access to the path 'C:\Windows\Globalization\sz-VN.nlp' is denied.]
2018-04-25 07:41:41,668 [37] DEBUG Infrastructure.Data.Repositories.StaffRepository - Enter method [.ctor]
2018-04-25 07:41:41,677 [37] INFO  Infrastructure.Data.Repositories.StaffRepository - Success setting value to empPerPage attribute value: [20]
2018-04-25 07:41:41,685 [37] DEBUG Infrastructure.Data.Repositories.StaffRepository - Leave method [.ctor]
2018-04-25 07:41:41,692 [37] DEBUG Service.Business.Services.StaffServices - Enter method [.ctor]
2018-04-25 07:41:41,699 [37] INFO  Service.Business.Services.StaffServices - Success setting values for attributes
2018-04-25 07:41:41,706 [37] DEBUG Service.Business.Services.StaffServices - Leave method [.ctor]
2018-04-25 07:41:41,728 [37] DEBUG Infrastructure.Data.Repositories.ContactInformationRepository - Enter method [.ctor]
2018-04-25 07:41:41,736 [37] INFO  Infrastructure.Data.Repositories.ContactInformationRepository - Success setting values for attributes
2018-04-25 07:41:41,742 [37] DEBUG Infrastructure.Data.Repositories.ContactInformationRepository - Leave method [.ctor]
2018-04-25 07:41:41,750 [37] DEBUG Service.Business.Services.ContactInformationServices - Enter method [.ctor]
2018-04-25 07:41:41,757 [37] DEBUG Service.Business.Services.ContactInformationServices - Leave method [.ctor]
2018-04-25 07:41:41,772 [37] DEBUG Infrastructure.Data.Repositories.ServiceRepository - Enter method [.ctor]
2018-04-25 07:41:41,779 [37] INFO  Infrastructure.Data.Repositories.ServiceRepository - Success setting value to servicesPerPage attribute value: [20]
2018-04-25 07:41:41,786 [37] INFO  Infrastructure.Data.Repositories.ServiceRepository - Setting value for attributes
2018-04-25 07:41:41,793 [37] DEBUG Infrastructure.Data.Repositories.ServiceRepository - Leave method [.ctor]
2018-04-25 07:41:41,802 [37] DEBUG Service.Business.Services.ServiceServices - Enter method [.ctor]
2018-04-25 07:41:41,809 [37] INFO  Service.Business.Services.ServiceServices - Success setting values for attributes
2018-04-25 07:41:41,817 [37] DEBUG Service.Business.Services.ServiceServices - Leave method [.ctor]
2018-04-25 07:41:41,833 [37] DEBUG Infrastructure.Data.Repositories.SalaryRepository - Enter method [.ctor]
2018-04-25 07:41:41,840 [37] INFO  Infrastructure.Data.Repositories.SalaryRepository - Success setting value to servicesPerPage attribute value: [3]
2018-04-25 07:41:41,847 [37] INFO  Infrastructure.Data.Repositories.SalaryRepository - Success set value for attributes
2018-04-25 07:41:41,854 [37] DEBUG Infrastructure.Data.Repositories.SalaryRepository - Leave method [.ctor]
2018-04-25 07:41:41,869 [37] DEBUG Infrastructure.Data.Repositories.ReferenceRepository - Enter method [.ctor]
2018-04-25 07:41:41,876 [37] INFO  Infrastructure.Data.Repositories.ReferenceRepository - Success set values for attributes
2018-04-25 07:41:41,883 [37] DEBUG Infrastructure.Data.Repositories.ReferenceRepository - Leave method [.ctor]
2018-04-25 07:41:41,891 [37] DEBUG Service.Business.Services.ReferenceServices - Enter method [.ctor]
2018-04-25 07:41:41,899 [37] INFO  Service.Business.Services.ReferenceServices - Success set value for attributes
2018-04-25 07:41:41,914 [37] DEBUG Service.Business.Services.ReferenceServices - Leave method [.ctor]
2018-04-25 07:41:41,930 [37] DEBUG Service.Business.Services.NotificationServices - Enter method [.ctor]
2018-04-25 07:41:41,941 [37] DEBUG Service.Business.Services.NotificationServices - Leave method [.ctor]
2018-04-25 07:41:41,958 [37] DEBUG Infrastructure.Data.Repositories.BookingRepository - Enter method [.ctor]
2018-04-25 07:41:41,969 [37] DEBUG Infrastructure.Data.Repositories.BookingRepository - Leave method [.ctor]
2018-04-25 07:41:41,989 [37] DEBUG Infrastructure.Data.Repositories.BedRepository - Enter method [.ctor]
2018-04-25 07:41:42,000 [37] INFO  Infrastructure.Data.Repositories.BedRepository - Success setting value to bedPerPage attribute value: [20]
2018-04-25 07:41:42,013 [37] INFO  Infrastructure.Data.Repositories.BedRepository - Success setting values for attribbutes
2018-04-25 07:41:42,024 [37] DEBUG Infrastructure.Data.Repositories.BedRepository - Leave method [.ctor]
2018-04-25 07:41:42,035 [37] DEBUG SMGS.Presentation.Controllers.AdminController - Enter method [.ctor]
2018-04-25 07:41:42,042 [37] INFO  SMGS.Presentation.Controllers.AdminController - Success set value to attributes
2018-04-25 07:41:42,051 [37] DEBUG SMGS.Presentation.Controllers.AdminController - Leave method [.ctor]
2018-04-25 07:41:42,124 [37] DEBUG Service.Business.Services.SalaryServices - Enter method [GetCollectionMonthPaid]
2018-04-25 07:41:42,136 [37] DEBUG Infrastructure.Data.Repositories.SalaryRepository - Enter method [GetCollectionMonthPaid]
2018-04-25 07:42:03,853 [37] ERROR Infrastructure.Data.Repositories.SalaryRepository - Error: [Only parameterless constructors and initializers are supported in LINQ to Entities.]
2018-04-25 07:42:03,884 [37] DEBUG Infrastructure.Data.Repositories.SalaryRepository - Leave method [GetCollectionMonthPaid]
2018-04-25 07:42:03,906 [37] DEBUG Service.Business.Services.SalaryServices - Leave method [GetCollectionMonthPaid]
2018-04-25 07:47:42,689 [20] ERROR SMGS.Presentation.App_Start.Customize - Error: [Access to the path 'C:\Windows\Globalization\sz-VN.nlp' is denied.]
2018-04-25 07:47:49,911 [28] DEBUG Infrastructure.Data.Repositories.StaffRepository - Enter method [.ctor]
2018-04-25 07:47:49,918 [28] INFO  Infrastructure.Data.Repositories.StaffRepository - Success setting value to empPerPage attribute value: [20]
2018-04-25 07:47:49,928 [28] DEBUG Infrastructure.Data.Repositories.StaffRepository - Leave method [.ctor]
2018-04-25 07:47:49,937 [28] DEBUG Service.Business.Services.StaffServices - Enter method [.ctor]
2018-04-25 07:47:49,946 [28] INFO  Service.Business.Services.StaffServices - Success setting values for attributes
2018-04-25 07:47:49,953 [28] DEBUG Service.Business.Services.StaffServices - Leave method [.ctor]
2018-04-25 07:47:49,977 [28] DEBUG Infrastructure.Data.Repositories.ContactInformationRepository - Enter method [.ctor]
2018-04-25 07:47:49,985 [28] INFO  Infrastructure.Data.Repositories.ContactInformationRepository - Success setting values for attributes
2018-04-25 07:47:49,993 [28] DEBUG Infrastructure.Data.Repositories.ContactInformationRepository - Leave method [.ctor]
2018-04-25 07:47:50,001 [28] DEBUG Service.Business.Services.ContactInformationServices - Enter method [.ctor]
2018-04-25 07:47:50,009 [28] DEBUG Service.Business.Services.ContactInformationServices - Leave method [.ctor]
2018-04-25 07:47:50,023 [28] DEBUG Infrastructure.Data.Repositories.ServiceRepository - Enter method [.ctor]
2018-04-25 07:47:50,031 [28] INFO  Infrastructure.Data.Repositories.ServiceRepository - Success setting value to servicesPerPage attribute value: [20]
2018-04-25 07:47:50,038 [28] INFO  Infrastructure.Data.Repositories.ServiceRepository - Setting value for attributes
2018-04-25 07:47:50,047 [28] DEBUG Infrastructure.Data.Repositories.ServiceRepository - Leave method [.ctor]
2018-04-25 07:47:50,054 [28] DEBUG Service.Business.Services.ServiceServices - Enter method [.ctor]
2018-04-25 07:47:50,062 [28] INFO  Service.Business.Services.ServiceServices - Success setting values for attributes
2018-04-25 07:47:50,068 [28] DEBUG Service.Business.Services.ServiceServices - Leave method [.ctor]
2018-04-25 07:47:50,084 [28] DEBUG Infrastructure.Data.Repositories.SalaryRepository - Enter method [.ctor]
2018-04-25 07:47:50,093 [28] INFO  Infrastructure.Data.Repositories.SalaryRepository - Success setting value to servicesPerPage attribute value: [3]
2018-04-25 07:47:50,101 [28] INFO  Infrastructure.Data.Repositories.SalaryRepository - Success set value for attributes
2018-04-25 07:47:50,113 [28] DEBUG Infrastructure.Data.Repositories.SalaryRepository - Leave method [.ctor]
2018-04-25 07:47:50,132 [28] DEBUG Infrastructure.Data.Repositories.ReferenceRepository - Enter method [.ctor]
2018-04-25 07:47:50,142 [28] INFO  Infrastructure.Data.Repositories.ReferenceRepository - Success set values for attributes
2018-04-25 07:47:50,152 [28] DEBUG Infrastructure.Data.Repositories.ReferenceRepository - Leave method [.ctor]
2018-04-25 07:47:50,161 [28] DEBUG Service.Business.Services.ReferenceServices - Enter method [.ctor]
2018-04-25 07:47:50,168 [28] INFO  Service.Business.Services.ReferenceServices - Success set value for attributes
2018-04-25 07:47:50,175 [28] DEBUG Service.Business.Services.ReferenceServices - Leave method [.ctor]
2018-04-25 07:47:50,190 [28] DEBUG Service.Business.Services.NotificationServices - Enter method [.ctor]
2018-04-25 07:47:50,197 [28] DEBUG Service.Business.Services.NotificationServices - Leave method [.ctor]
2018-04-25 07:47:50,210 [28] DEBUG Infrastructure.Data.Repositories.BookingRepository - Enter method [.ctor]
2018-04-25 07:47:50,218 [28] DEBUG Infrastructure.Data.Repositories.BookingRepository - Leave method [.ctor]
2018-04-25 07:47:50,233 [28] DEBUG Infrastructure.Data.Repositories.BedRepository - Enter method [.ctor]
2018-04-25 07:47:50,241 [28] INFO  Infrastructure.Data.Repositories.BedRepository - Success setting value to bedPerPage attribute value: [20]
2018-04-25 07:47:50,251 [28] INFO  Infrastructure.Data.Repositories.BedRepository - Success setting values for attribbutes
2018-04-25 07:47:50,258 [28] DEBUG Infrastructure.Data.Repositories.BedRepository - Leave method [.ctor]
2018-04-25 07:47:50,266 [28] DEBUG SMGS.Presentation.Controllers.AdminController - Enter method [.ctor]
2018-04-25 07:47:50,274 [28] INFO  SMGS.Presentation.Controllers.AdminController - Success set value to attributes
2018-04-25 07:47:50,282 [28] DEBUG SMGS.Presentation.Controllers.AdminController - Leave method [.ctor]
2018-04-25 07:47:50,390 [28] DEBUG Service.Business.Services.SalaryServices - Enter method [GetCollectionMonthPaid]
2018-04-25 07:47:50,401 [28] DEBUG Infrastructure.Data.Repositories.SalaryRepository - Enter method [GetCollectionMonthPaid]
2018-04-25 07:48:05,729 [28] ERROR Infrastructure.Data.Repositories.SalaryRepository - Error: [Only parameterless constructors and initializers are supported in LINQ to Entities.]
2018-04-25 07:48:05,740 [28] DEBUG Infrastructure.Data.Repositories.SalaryRepository - Leave method [GetCollectionMonthPaid]
2018-04-25 07:48:05,755 [28] DEBUG Service.Business.Services.SalaryServices - Leave method [GetCollectionMonthPaid]
2018-04-25 07:48:19,948 [10] DEBUG Infrastructure.Data.Repositories.StaffRepository - Enter method [.ctor]
2018-04-25 07:48:19,956 [10] INFO  Infrastructure.Data.Repositories.StaffRepository - Success setting value to empPerPage attribute value: [20]
2018-04-25 07:48:19,963 [10] DEBUG Infrastructure.Data.Repositories.StaffRepository - Leave method [.ctor]
2018-04-25 07:48:19,972 [10] DEBUG Service.Business.Services.StaffServices - Enter method [.ctor]
2018-04-25 07:48:19,978 [10] INFO  Service.Business.Services.StaffServices - Success setting values for attributes
2018-04-25 07:48:19,987 [10] DEBUG Service.Business.Services.StaffServices - Leave method [.ctor]
2018-04-25 07:48:19,994 [10] DEBUG Infrastructure.Data.Repositories.ContactInformationRepository - Enter method [.ctor]
2018-04-25 07:48:20,002 [10] INFO  Infrastructure.Data.Repositories.ContactInformationRepository - Success setting values for attributes
2018-04-25 07:48:20,009 [10] DEBUG Infrastructure.Data.Repositories.ContactInformationRepository - Leave method [.ctor]
2018-04-25 07:48:20,016 [10] DEBUG Service.Business.Services.ContactInformationServices - Enter method [.ctor]
2018-04-25 07:48:20,024 [10] DEBUG Service.Business.Services.ContactInformationServices - Leave method [.ctor]
2018-04-25 07:48:20,031 [10] DEBUG Infrastructure.Data.Repositories.ServiceRepository - Enter method [.ctor]
2018-04-25 07:48:20,039 [10] INFO  Infrastructure.Data.Repositories.ServiceRepository - Success setting value to servicesPerPage attribute value: [20]
2018-04-25 07:48:20,045 [10] INFO  Infrastructure.Data.Repositories.ServiceRepository - Setting value for attributes
2018-04-25 07:48:20,052 [10] DEBUG Infrastructure.Data.Repositories.ServiceRepository - Leave method [.ctor]
2018-04-25 07:48:20,058 [10] DEBUG Service.Business.Services.ServiceServices - Enter method [.ctor]
2018-04-25 07:48:20,067 [10] INFO  Service.Business.Services.ServiceServices - Success setting values for attributes
2018-04-25 07:48:20,074 [10] DEBUG Service.Business.Services.ServiceServices - Leave method [.ctor]
2018-04-25 07:48:20,082 [10] DEBUG Infrastructure.Data.Repositories.SalaryRepository - Enter method [.ctor]
2018-04-25 07:48:20,094 [10] INFO  Infrastructure.Data.Repositories.SalaryRepository - Success setting value to servicesPerPage attribute value: [3]
2018-04-25 07:48:20,102 [10] INFO  Infrastructure.Data.Repositories.SalaryRepository - Success set value for attributes
2018-04-25 07:48:20,111 [10] DEBUG Infrastructure.Data.Repositories.SalaryRepository - Leave method [.ctor]
2018-04-25 07:48:20,119 [10] DEBUG Infrastructure.Data.Repositories.ReferenceRepository - Enter method [.ctor]
2018-04-25 07:48:20,127 [10] INFO  Infrastructure.Data.Repositories.ReferenceRepository - Success set values for attributes
2018-04-25 07:48:20,137 [10] DEBUG Infrastructure.Data.Repositories.ReferenceRepository - Leave method [.ctor]
2018-04-25 07:48:20,148 [10] DEBUG Service.Business.Services.ReferenceServices - Enter method [.ctor]
2018-04-25 07:48:20,157 [10] INFO  Service.Business.Services.ReferenceServices - Success set value for attributes
2018-04-25 07:48:20,168 [10] DEBUG Service.Business.Services.ReferenceServices - Leave method [.ctor]
2018-04-25 07:48:20,180 [10] DEBUG Service.Business.Services.NotificationServices - Enter method [.ctor]
2018-04-25 07:48:20,192 [10] DEBUG Service.Business.Services.NotificationServices - Leave method [.ctor]
2018-04-25 07:48:20,200 [10] DEBUG Infrastructure.Data.Repositories.BookingRepository - Enter method [.ctor]
2018-04-25 07:48:20,208 [10] DEBUG Infrastructure.Data.Repositories.BookingRepository - Leave method [.ctor]
2018-04-25 07:48:20,215 [10] DEBUG Infrastructure.Data.Repositories.BedRepository - Enter method [.ctor]
2018-04-25 07:48:20,223 [10] INFO  Infrastructure.Data.Repositories.BedRepository - Success setting value to bedPerPage attribute value: [20]
2018-04-25 07:48:20,230 [10] INFO  Infrastructure.Data.Repositories.BedRepository - Success setting values for attribbutes
2018-04-25 07:48:20,238 [10] DEBUG Infrastructure.Data.Repositories.BedRepository - Leave method [.ctor]
2018-04-25 07:48:20,245 [10] DEBUG SMGS.Presentation.Controllers.AdminController - Enter method [.ctor]
2018-04-25 07:48:20,253 [10] INFO  SMGS.Presentation.Controllers.AdminController - Success set value to attributes
2018-04-25 07:48:20,259 [10] DEBUG SMGS.Presentation.Controllers.AdminController - Leave method [.ctor]
2018-04-25 07:48:20,268 [10] DEBUG Service.Business.Services.SalaryServices - Enter method [GetCollectionMonthPaid]
2018-04-25 07:48:20,275 [10] DEBUG Infrastructure.Data.Repositories.SalaryRepository - Enter method [GetCollectionMonthPaid]
2018-04-25 07:48:34,586 [10] ERROR Infrastructure.Data.Repositories.SalaryRepository - Error: [Only parameterless constructors and initializers are supported in LINQ to Entities.]
2018-04-25 07:48:34,605 [10] DEBUG Infrastructure.Data.Repositories.SalaryRepository - Leave method [GetCollectionMonthPaid]
2018-04-25 07:48:34,643 [10] DEBUG Service.Business.Services.SalaryServices - Leave method [GetCollectionMonthPaid]
2018-04-25 07:48:57,858 [20] ERROR SMGS.Presentation.App_Start.Customize - Error: [Access to the path 'C:\Windows\Globalization\sz-VN.nlp' is denied.]
2018-04-25 07:49:16,975 [10] DEBUG Infrastructure.Data.Repositories.StaffRepository - Enter method [.ctor]
2018-04-25 07:49:16,984 [10] INFO  Infrastructure.Data.Repositories.StaffRepository - Success setting value to empPerPage attribute value: [20]
2018-04-25 07:49:16,992 [10] DEBUG Infrastructure.Data.Repositories.StaffRepository - Leave method [.ctor]
2018-04-25 07:49:17,001 [10] DEBUG Service.Business.Services.StaffServices - Enter method [.ctor]
2018-04-25 07:49:17,009 [10] INFO  Service.Business.Services.StaffServices - Success setting values for attributes
2018-04-25 07:49:17,019 [10] DEBUG Service.Business.Services.StaffServices - Leave method [.ctor]
2018-04-25 07:49:17,046 [10] DEBUG Infrastructure.Data.Repositories.ContactInformationRepository - Enter method [.ctor]
2018-04-25 07:49:17,057 [10] INFO  Infrastructure.Data.Repositories.ContactInformationRepository - Success setting values for attributes
2018-04-25 07:49:17,065 [10] DEBUG Infrastructure.Data.Repositories.ContactInformationRepository - Leave method [.ctor]
2018-04-25 07:49:17,075 [10] DEBUG Service.Business.Services.ContactInformationServices - Enter method [.ctor]
2018-04-25 07:49:17,084 [10] DEBUG Service.Business.Services.ContactInformationServices - Leave method [.ctor]
2018-04-25 07:49:17,102 [10] DEBUG Infrastructure.Data.Repositories.ServiceRepository - Enter method [.ctor]
2018-04-25 07:49:17,111 [10] INFO  Infrastructure.Data.Repositories.ServiceRepository - Success setting value to servicesPerPage attribute value: [20]
2018-04-25 07:49:17,120 [10] INFO  Infrastructure.Data.Repositories.ServiceRepository - Setting value for attributes
2018-04-25 07:49:17,128 [10] DEBUG Infrastructure.Data.Repositories.ServiceRepository - Leave method [.ctor]
2018-04-25 07:49:17,138 [10] DEBUG Service.Business.Services.ServiceServices - Enter method [.ctor]
2018-04-25 07:49:17,147 [10] INFO  Service.Business.Services.ServiceServices - Success setting values for attributes
2018-04-25 07:49:17,155 [10] DEBUG Service.Business.Services.ServiceServices - Leave method [.ctor]
2018-04-25 07:49:17,181 [10] DEBUG Infrastructure.Data.Repositories.SalaryRepository - Enter method [.ctor]
2018-04-25 07:49:17,194 [10] INFO  Infrastructure.Data.Repositories.SalaryRepository - Success setting value to servicesPerPage attribute value: [3]
2018-04-25 07:49:17,205 [10] INFO  Infrastructure.Data.Repositories.SalaryRepository - Success set value for attributes
2018-04-25 07:49:17,216 [10] DEBUG Infrastructure.Data.Repositories.SalaryRepository - Leave method [.ctor]
2018-04-25 07:49:17,245 [10] DEBUG Infrastructure.Data.Repositories.ReferenceRepository - Enter method [.ctor]
2018-04-25 07:49:17,257 [10] INFO  Infrastructure.Data.Repositories.ReferenceRepository - Success set values for attributes
2018-04-25 07:49:17,273 [10] DEBUG Infrastructure.Data.Repositories.ReferenceRepository - Leave method [.ctor]
2018-04-25 07:49:17,282 [10] DEBUG Service.Business.Services.ReferenceServices - Enter method [.ctor]
2018-04-25 07:49:17,290 [10] INFO  Service.Business.Services.ReferenceServices - Success set value for attributes
2018-04-25 07:49:17,298 [10] DEBUG Service.Business.Services.ReferenceServices - Leave method [.ctor]
2018-04-25 07:49:17,313 [10] DEBUG Service.Business.Services.NotificationServices - Enter method [.ctor]
2018-04-25 07:49:17,321 [10] DEBUG Service.Business.Services.NotificationServices - Leave method [.ctor]
2018-04-25 07:49:17,334 [10] DEBUG Infrastructure.Data.Repositories.BookingRepository - Enter method [.ctor]
2018-04-25 07:49:17,343 [10] DEBUG Infrastructure.Data.Repositories.BookingRepository - Leave method [.ctor]
2018-04-25 07:49:17,358 [10] DEBUG Infrastructure.Data.Repositories.BedRepository - Enter method [.ctor]
2018-04-25 07:49:17,367 [10] INFO  Infrastructure.Data.Repositories.BedRepository - Success setting value to bedPerPage attribute value: [20]
2018-04-25 07:49:17,374 [10] INFO  Infrastructure.Data.Repositories.BedRepository - Success setting values for attribbutes
2018-04-25 07:49:17,383 [10] DEBUG Infrastructure.Data.Repositories.BedRepository - Leave method [.ctor]
2018-04-25 07:49:17,392 [10] DEBUG SMGS.Presentation.Controllers.AdminController - Enter method [.ctor]
2018-04-25 07:49:17,400 [10] INFO  SMGS.Presentation.Controllers.AdminController - Success set value to attributes
2018-04-25 07:49:17,408 [10] DEBUG SMGS.Presentation.Controllers.AdminController - Leave method [.ctor]
2018-04-25 07:49:17,482 [10] DEBUG Service.Business.Services.SalaryServices - Enter method [GetCollectionMonthPaid]
2018-04-25 07:49:17,492 [10] DEBUG Infrastructure.Data.Repositories.SalaryRepository - Enter method [GetCollectionMonthPaid]
2018-04-25 07:49:36,727 [1] ERROR SMGS.Presentation.App_Start.Customize - Error: [Access to the path 'C:\Windows\Globalization\sz-VN.nlp' is denied.]
2018-04-25 07:49:38,183 [11] DEBUG Infrastructure.Data.Repositories.StaffRepository - Enter method [.ctor]
2018-04-25 07:49:38,193 [11] INFO  Infrastructure.Data.Repositories.StaffRepository - Success setting value to empPerPage attribute value: [20]
2018-04-25 07:49:38,202 [11] DEBUG Infrastructure.Data.Repositories.StaffRepository - Leave method [.ctor]
2018-04-25 07:49:38,213 [11] DEBUG Service.Business.Services.StaffServices - Enter method [.ctor]
2018-04-25 07:49:38,225 [11] INFO  Service.Business.Services.StaffServices - Success setting values for attributes
2018-04-25 07:49:38,236 [11] DEBUG Service.Business.Services.StaffServices - Leave method [.ctor]
2018-04-25 07:49:38,263 [11] DEBUG Infrastructure.Data.Repositories.ContactInformationRepository - Enter method [.ctor]
2018-04-25 07:49:38,273 [11] INFO  Infrastructure.Data.Repositories.ContactInformationRepository - Success setting values for attributes
2018-04-25 07:49:38,281 [11] DEBUG Infrastructure.Data.Repositories.ContactInformationRepository - Leave method [.ctor]
2018-04-25 07:49:38,291 [11] DEBUG Service.Business.Services.ContactInformationServices - Enter method [.ctor]
2018-04-25 07:49:38,299 [11] DEBUG Service.Business.Services.ContactInformationServices - Leave method [.ctor]
2018-04-25 07:49:38,317 [11] DEBUG Infrastructure.Data.Repositories.ServiceRepository - Enter method [.ctor]
2018-04-25 07:49:38,330 [11] INFO  Infrastructure.Data.Repositories.ServiceRepository - Success setting value to servicesPerPage attribute value: [20]
2018-04-25 07:49:38,339 [11] INFO  Infrastructure.Data.Repositories.ServiceRepository - Setting value for attributes
2018-04-25 07:49:38,348 [11] DEBUG Infrastructure.Data.Repositories.ServiceRepository - Leave method [.ctor]
2018-04-25 07:49:38,357 [11] DEBUG Service.Business.Services.ServiceServices - Enter method [.ctor]
2018-04-25 07:49:38,366 [11] INFO  Service.Business.Services.ServiceServices - Success setting values for attributes
2018-04-25 07:49:38,376 [11] DEBUG Service.Business.Services.ServiceServices - Leave method [.ctor]
2018-04-25 07:49:38,395 [11] DEBUG Infrastructure.Data.Repositories.SalaryRepository - Enter method [.ctor]
2018-04-25 07:49:38,406 [11] INFO  Infrastructure.Data.Repositories.SalaryRepository - Success setting value to servicesPerPage attribute value: [3]
2018-04-25 07:49:38,419 [11] INFO  Infrastructure.Data.Repositories.SalaryRepository - Success set value for attributes
2018-04-25 07:49:38,429 [11] DEBUG Infrastructure.Data.Repositories.SalaryRepository - Leave method [.ctor]
2018-04-25 07:49:38,448 [11] DEBUG Infrastructure.Data.Repositories.ReferenceRepository - Enter method [.ctor]
2018-04-25 07:49:38,457 [11] INFO  Infrastructure.Data.Repositories.ReferenceRepository - Success set values for attributes
2018-04-25 07:49:38,465 [11] DEBUG Infrastructure.Data.Repositories.ReferenceRepository - Leave method [.ctor]
2018-04-25 07:49:38,474 [11] DEBUG Service.Business.Services.ReferenceServices - Enter method [.ctor]
2018-04-25 07:49:38,482 [11] INFO  Service.Business.Services.ReferenceServices - Success set value for attributes
2018-04-25 07:49:38,491 [11] DEBUG Service.Business.Services.ReferenceServices - Leave method [.ctor]
2018-04-25 07:49:38,506 [11] DEBUG Service.Business.Services.NotificationServices - Enter method [.ctor]
2018-04-25 07:49:38,515 [11] DEBUG Service.Business.Services.NotificationServices - Leave method [.ctor]
2018-04-25 07:49:38,528 [11] DEBUG Infrastructure.Data.Repositories.BookingRepository - Enter method [.ctor]
2018-04-25 07:49:38,538 [11] DEBUG Infrastructure.Data.Repositories.BookingRepository - Leave method [.ctor]
2018-04-25 07:49:38,554 [11] DEBUG Infrastructure.Data.Repositories.BedRepository - Enter method [.ctor]
2018-04-25 07:49:38,562 [11] INFO  Infrastructure.Data.Repositories.BedRepository - Success setting value to bedPerPage attribute value: [20]
2018-04-25 07:49:38,572 [11] INFO  Infrastructure.Data.Repositories.BedRepository - Success setting values for attribbutes
2018-04-25 07:49:38,584 [11] DEBUG Infrastructure.Data.Repositories.BedRepository - Leave method [.ctor]
2018-04-25 07:49:38,596 [11] DEBUG SMGS.Presentation.Controllers.AdminController - Enter method [.ctor]
2018-04-25 07:49:38,607 [11] INFO  SMGS.Presentation.Controllers.AdminController - Success set value to attributes
2018-04-25 07:49:38,617 [11] DEBUG SMGS.Presentation.Controllers.AdminController - Leave method [.ctor]
2018-04-25 07:49:38,698 [11] DEBUG Service.Business.Services.SalaryServices - Enter method [GetCollectionMonthPaid]
2018-04-25 07:49:38,709 [11] DEBUG Infrastructure.Data.Repositories.SalaryRepository - Enter method [GetCollectionMonthPaid]
2018-04-25 07:50:12,680 [11] INFO  Infrastructure.Data.Repositories.SalaryRepository - Found 1 month paid salaries
2018-04-25 07:50:15,871 [11] DEBUG Infrastructure.Data.Repositories.SalaryRepository - Leave method [GetCollectionMonthPaid]
2018-04-25 07:50:16,967 [11] DEBUG Service.Business.Services.SalaryServices - Leave method [GetCollectionMonthPaid]
2018-04-25 07:53:56,481 [53] ERROR SMGS.Presentation.App_Start.Customize - Error: [Access to the path 'C:\Windows\Globalization\sz-VN.nlp' is denied.]
2018-04-25 08:02:58,170 [51] ERROR SMGS.Presentation.App_Start.Customize - Error: [Access to the path 'C:\Windows\Globalization\sz-VN.nlp' is denied.]
2018-04-25 08:03:13,375 [13] DEBUG Infrastructure.Data.Repositories.StaffRepository - Enter method [.ctor]
2018-04-25 08:03:13,384 [13] INFO  Infrastructure.Data.Repositories.StaffRepository - Success setting value to empPerPage attribute value: [20]
2018-04-25 08:03:13,393 [13] DEBUG Infrastructure.Data.Repositories.StaffRepository - Leave method [.ctor]
2018-04-25 08:03:13,402 [13] DEBUG Service.Business.Services.StaffServices - Enter method [.ctor]
2018-04-25 08:03:13,411 [13] INFO  Service.Business.Services.StaffServices - Success setting values for attributes
2018-04-25 08:03:13,419 [13] DEBUG Service.Business.Services.StaffServices - Leave method [.ctor]
2018-04-25 08:03:13,446 [13] DEBUG Infrastructure.Data.Repositories.ContactInformationRepository - Enter method [.ctor]
2018-04-25 08:03:13,454 [13] INFO  Infrastructure.Data.Repositories.ContactInformationRepository - Success setting values for attributes
2018-04-25 08:03:13,463 [13] DEBUG Infrastructure.Data.Repositories.ContactInformationRepository - Leave method [.ctor]
2018-04-25 08:03:13,473 [13] DEBUG Service.Business.Services.ContactInformationServices - Enter method [.ctor]
2018-04-25 08:03:13,483 [13] DEBUG Service.Business.Services.ContactInformationServices - Leave method [.ctor]
2018-04-25 08:03:13,498 [13] DEBUG Infrastructure.Data.Repositories.ServiceRepository - Enter method [.ctor]
2018-04-25 08:03:13,506 [13] INFO  Infrastructure.Data.Repositories.ServiceRepository - Success setting value to servicesPerPage attribute value: [20]
2018-04-25 08:03:13,514 [13] INFO  Infrastructure.Data.Repositories.ServiceRepository - Setting value for attributes
2018-04-25 08:03:13,523 [13] DEBUG Infrastructure.Data.Repositories.ServiceRepository - Leave method [.ctor]
2018-04-25 08:03:13,533 [13] DEBUG Service.Business.Services.ServiceServices - Enter method [.ctor]
2018-04-25 08:03:13,542 [13] INFO  Service.Business.Services.ServiceServices - Success setting values for attributes
2018-04-25 08:03:13,551 [13] DEBUG Service.Business.Services.ServiceServices - Leave method [.ctor]
2018-04-25 08:03:13,565 [13] DEBUG Infrastructure.Data.Repositories.SalaryRepository - Enter method [.ctor]
2018-04-25 08:03:13,574 [13] INFO  Infrastructure.Data.Repositories.SalaryRepository - Success setting value to servicesPerPage attribute value: [3]
2018-04-25 08:03:13,583 [13] INFO  Infrastructure.Data.Repositories.SalaryRepository - Success set value for attributes
2018-04-25 08:03:13,591 [13] DEBUG Infrastructure.Data.Repositories.SalaryRepository - Leave method [.ctor]
2018-04-25 08:03:13,609 [13] DEBUG Infrastructure.Data.Repositories.ReferenceRepository - Enter method [.ctor]
2018-04-25 08:03:13,617 [13] INFO  Infrastructure.Data.Repositories.ReferenceRepository - Success set values for attributes
2018-04-25 08:03:13,626 [13] DEBUG Infrastructure.Data.Repositories.ReferenceRepository - Leave method [.ctor]
2018-04-25 08:03:13,635 [13] DEBUG Service.Business.Services.ReferenceServices - Enter method [.ctor]
2018-04-25 08:03:13,644 [13] INFO  Service.Business.Services.ReferenceServices - Success set value for attributes
2018-04-25 08:03:13,652 [13] DEBUG Service.Business.Services.ReferenceServices - Leave method [.ctor]
2018-04-25 08:03:13,668 [13] DEBUG Service.Business.Services.NotificationServices - Enter method [.ctor]
2018-04-25 08:03:13,677 [13] DEBUG Service.Business.Services.NotificationServices - Leave method [.ctor]
2018-04-25 08:03:13,691 [13] DEBUG Infrastructure.Data.Repositories.BookingRepository - Enter method [.ctor]
2018-04-25 08:03:13,700 [13] DEBUG Infrastructure.Data.Repositories.BookingRepository - Leave method [.ctor]
2018-04-25 08:03:13,717 [13] DEBUG Infrastructure.Data.Repositories.BedRepository - Enter method [.ctor]
2018-04-25 08:03:13,727 [13] INFO  Infrastructure.Data.Repositories.BedRepository - Success setting value to bedPerPage attribute value: [20]
2018-04-25 08:03:13,734 [13] INFO  Infrastructure.Data.Repositories.BedRepository - Success setting values for attribbutes
2018-04-25 08:03:13,744 [13] DEBUG Infrastructure.Data.Repositories.BedRepository - Leave method [.ctor]
2018-04-25 08:03:13,754 [13] DEBUG SMGS.Presentation.Controllers.AdminController - Enter method [.ctor]
2018-04-25 08:03:13,763 [13] INFO  SMGS.Presentation.Controllers.AdminController - Success set value to attributes
2018-04-25 08:03:13,772 [13] DEBUG SMGS.Presentation.Controllers.AdminController - Leave method [.ctor]
2018-04-25 08:03:13,847 [13] DEBUG Service.Business.Services.SalaryServices - Enter method [GetCollectionMonthPaid]
2018-04-25 08:03:13,858 [13] DEBUG Infrastructure.Data.Repositories.SalaryRepository - Enter method [GetCollectionMonthPaid]
2018-04-25 08:03:22,534 [13] INFO  Infrastructure.Data.Repositories.SalaryRepository - Found 1 month paid salaries
2018-04-25 08:03:22,543 [13] DEBUG Infrastructure.Data.Repositories.SalaryRepository - Leave method [GetCollectionMonthPaid]
2018-04-25 08:03:22,551 [13] DEBUG Service.Business.Services.SalaryServices - Leave method [GetCollectionMonthPaid]
2018-04-25 08:03:22,560 [13] DEBUG Service.Business.Services.SalaryServices - Enter method [GetAllSalariesPaidInMonth]
2018-04-25 08:03:22,570 [13] DEBUG Infrastructure.Data.Repositories.SalaryRepository - Enter method [GetAllSalariesPaidInMonth]
2018-04-25 08:03:22,618 [13] ERROR Infrastructure.Data.Repositories.SalaryRepository - Error: [The Include path expression must refer to a navigation property defined on the type. Use dotted paths for reference navigation properties and the Select operator for collection navigation properties.
Parameter name: path]
2018-04-25 08:03:22,626 [13] DEBUG Infrastructure.Data.Repositories.SalaryRepository - Leave method [GetAllSalariesPaidInMonth]
2018-04-25 08:03:22,634 [13] DEBUG Service.Business.Services.SalaryServices - Leave method [GetAllSalariesPaidInMonth]
2018-04-25 08:04:19,621 [46] ERROR SMGS.Presentation.App_Start.Customize - Error: [Access to the path 'C:\Windows\Globalization\sz-VN.nlp' is denied.]
2018-04-25 08:04:33,842 [15] DEBUG Infrastructure.Data.Repositories.StaffRepository - Enter method [.ctor]
2018-04-25 08:04:33,850 [15] INFO  Infrastructure.Data.Repositories.StaffRepository - Success setting value to empPerPage attribute value: [20]
2018-04-25 08:04:33,859 [15] DEBUG Infrastructure.Data.Repositories.StaffRepository - Leave method [.ctor]
2018-04-25 08:04:33,869 [15] DEBUG Service.Business.Services.StaffServices - Enter method [.ctor]
2018-04-25 08:04:33,877 [15] INFO  Service.Business.Services.StaffServices - Success setting values for attributes
2018-04-25 08:04:33,886 [15] DEBUG Service.Business.Services.StaffServices - Leave method [.ctor]
2018-04-25 08:04:33,915 [15] DEBUG Infrastructure.Data.Repositories.ContactInformationRepository - Enter method [.ctor]
2018-04-25 08:04:33,927 [15] INFO  Infrastructure.Data.Repositories.ContactInformationRepository - Success setting values for attributes
2018-04-25 08:04:33,938 [15] DEBUG Infrastructure.Data.Repositories.ContactInformationRepository - Leave method [.ctor]
2018-04-25 08:04:33,949 [15] DEBUG Service.Business.Services.ContactInformationServices - Enter method [.ctor]
2018-04-25 08:04:33,959 [15] DEBUG Service.Business.Services.ContactInformationServices - Leave method [.ctor]
2018-04-25 08:04:33,980 [15] DEBUG Infrastructure.Data.Repositories.ServiceRepository - Enter method [.ctor]
2018-04-25 08:04:33,992 [15] INFO  Infrastructure.Data.Repositories.ServiceRepository - Success setting value to servicesPerPage attribute value: [20]
2018-04-25 08:04:34,002 [15] INFO  Infrastructure.Data.Repositories.ServiceRepository - Setting value for attributes
2018-04-25 08:04:34,021 [15] DEBUG Infrastructure.Data.Repositories.ServiceRepository - Leave method [.ctor]
2018-04-25 08:04:34,037 [15] DEBUG Service.Business.Services.ServiceServices - Enter method [.ctor]
2018-04-25 08:04:34,048 [15] INFO  Service.Business.Services.ServiceServices - Success setting values for attributes
2018-04-25 08:04:34,062 [15] DEBUG Service.Business.Services.ServiceServices - Leave method [.ctor]
2018-04-25 08:04:34,088 [15] DEBUG Infrastructure.Data.Repositories.SalaryRepository - Enter method [.ctor]
2018-04-25 08:04:34,101 [15] INFO  Infrastructure.Data.Repositories.SalaryRepository - Success setting value to servicesPerPage attribute value: [3]
2018-04-25 08:04:34,110 [15] INFO  Infrastructure.Data.Repositories.SalaryRepository - Success set value for attributes
2018-04-25 08:04:34,120 [15] DEBUG Infrastructure.Data.Repositories.SalaryRepository - Leave method [.ctor]
2018-04-25 08:04:34,141 [15] DEBUG Infrastructure.Data.Repositories.ReferenceRepository - Enter method [.ctor]
2018-04-25 08:04:34,153 [15] INFO  Infrastructure.Data.Repositories.ReferenceRepository - Success set values for attributes
2018-04-25 08:04:34,162 [15] DEBUG Infrastructure.Data.Repositories.ReferenceRepository - Leave method [.ctor]
2018-04-25 08:04:34,172 [15] DEBUG Service.Business.Services.ReferenceServices - Enter method [.ctor]
2018-04-25 08:04:34,184 [15] INFO  Service.Business.Services.ReferenceServices - Success set value for attributes
2018-04-25 08:04:34,194 [15] DEBUG Service.Business.Services.ReferenceServices - Leave method [.ctor]
2018-04-25 08:04:34,217 [15] DEBUG Service.Business.Services.NotificationServices - Enter method [.ctor]
2018-04-25 08:04:34,229 [15] DEBUG Service.Business.Services.NotificationServices - Leave method [.ctor]
2018-04-25 08:04:34,247 [15] DEBUG Infrastructure.Data.Repositories.BookingRepository - Enter method [.ctor]
2018-04-25 08:04:34,258 [15] DEBUG Infrastructure.Data.Repositories.BookingRepository - Leave method [.ctor]
2018-04-25 08:04:34,276 [15] DEBUG Infrastructure.Data.Repositories.BedRepository - Enter method [.ctor]
2018-04-25 08:04:34,285 [15] INFO  Infrastructure.Data.Repositories.BedRepository - Success setting value to bedPerPage attribute value: [20]
2018-04-25 08:04:34,294 [15] INFO  Infrastructure.Data.Repositories.BedRepository - Success setting values for attribbutes
2018-04-25 08:04:34,302 [15] DEBUG Infrastructure.Data.Repositories.BedRepository - Leave method [.ctor]
2018-04-25 08:04:34,312 [15] DEBUG SMGS.Presentation.Controllers.AdminController - Enter method [.ctor]
2018-04-25 08:04:34,320 [15] INFO  SMGS.Presentation.Controllers.AdminController - Success set value to attributes
2018-04-25 08:04:34,327 [15] DEBUG SMGS.Presentation.Controllers.AdminController - Leave method [.ctor]
2018-04-25 08:04:34,401 [15] DEBUG Service.Business.Services.SalaryServices - Enter method [GetCollectionMonthPaid]
2018-04-25 08:04:34,413 [15] DEBUG Infrastructure.Data.Repositories.SalaryRepository - Enter method [GetCollectionMonthPaid]
2018-04-25 08:04:39,061 [15] INFO  Infrastructure.Data.Repositories.SalaryRepository - Found 1 month paid salaries
2018-04-25 08:04:39,069 [15] DEBUG Infrastructure.Data.Repositories.SalaryRepository - Leave method [GetCollectionMonthPaid]
2018-04-25 08:04:39,077 [15] DEBUG Service.Business.Services.SalaryServices - Leave method [GetCollectionMonthPaid]
2018-04-25 08:04:39,087 [15] DEBUG Service.Business.Services.SalaryServices - Enter method [GetAllSalariesPaidInMonth]
2018-04-25 08:04:39,096 [15] DEBUG Infrastructure.Data.Repositories.SalaryRepository - Enter method [GetAllSalariesPaidInMonth]
2018-04-25 08:04:39,141 [15] ERROR Infrastructure.Data.Repositories.SalaryRepository - Error: [The Include path expression must refer to a navigation property defined on the type. Use dotted paths for reference navigation properties and the Select operator for collection navigation properties.
Parameter name: path]
2018-04-25 08:04:39,150 [15] DEBUG Infrastructure.Data.Repositories.SalaryRepository - Leave method [GetAllSalariesPaidInMonth]
2018-04-25 08:04:39,159 [15] DEBUG Service.Business.Services.SalaryServices - Leave method [GetAllSalariesPaidInMonth]
2018-04-25 08:05:33,168 [1] ERROR SMGS.Presentation.App_Start.Customize - Error: [Access to the path 'C:\Windows\Globalization\sz-VN.nlp' is denied.]
2018-04-25 08:05:35,162 [30] DEBUG Infrastructure.Data.Repositories.StaffRepository - Enter method [.ctor]
2018-04-25 08:05:35,174 [30] INFO  Infrastructure.Data.Repositories.StaffRepository - Success setting value to empPerPage attribute value: [20]
2018-04-25 08:05:35,183 [30] DEBUG Infrastructure.Data.Repositories.StaffRepository - Leave method [.ctor]
2018-04-25 08:05:35,193 [30] DEBUG Service.Business.Services.StaffServices - Enter method [.ctor]
2018-04-25 08:05:35,203 [30] INFO  Service.Business.Services.StaffServices - Success setting values for attributes
2018-04-25 08:05:35,212 [30] DEBUG Service.Business.Services.StaffServices - Leave method [.ctor]
2018-04-25 08:05:35,241 [30] DEBUG Infrastructure.Data.Repositories.ContactInformationRepository - Enter method [.ctor]
2018-04-25 08:05:35,251 [30] INFO  Infrastructure.Data.Repositories.ContactInformationRepository - Success setting values for attributes
2018-04-25 08:05:35,261 [30] DEBUG Infrastructure.Data.Repositories.ContactInformationRepository - Leave method [.ctor]
2018-04-25 08:05:35,272 [30] DEBUG Service.Business.Services.ContactInformationServices - Enter method [.ctor]
2018-04-25 08:05:35,281 [30] DEBUG Service.Business.Services.ContactInformationServices - Leave method [.ctor]
2018-04-25 08:05:35,297 [30] DEBUG Infrastructure.Data.Repositories.ServiceRepository - Enter method [.ctor]
2018-04-25 08:05:35,306 [30] INFO  Infrastructure.Data.Repositories.ServiceRepository - Success setting value to servicesPerPage attribute value: [20]
2018-04-25 08:05:35,315 [30] INFO  Infrastructure.Data.Repositories.ServiceRepository - Setting value for attributes
2018-04-25 08:05:35,324 [30] DEBUG Infrastructure.Data.Repositories.ServiceRepository - Leave method [.ctor]
2018-04-25 08:05:35,333 [30] DEBUG Service.Business.Services.ServiceServices - Enter method [.ctor]
2018-04-25 08:05:35,343 [30] INFO  Service.Business.Services.ServiceServices - Success setting values for attributes
2018-04-25 08:05:35,351 [30] DEBUG Service.Business.Services.ServiceServices - Leave method [.ctor]
2018-04-25 08:05:35,368 [30] DEBUG Infrastructure.Data.Repositories.SalaryRepository - Enter method [.ctor]
2018-04-25 08:05:35,377 [30] INFO  Infrastructure.Data.Repositories.SalaryRepository - Success setting value to servicesPerPage attribute value: [3]
2018-04-25 08:05:35,386 [30] INFO  Infrastructure.Data.Repositories.SalaryRepository - Success set value for attributes
2018-04-25 08:05:35,395 [30] DEBUG Infrastructure.Data.Repositories.SalaryRepository - Leave method [.ctor]
2018-04-25 08:05:35,411 [30] DEBUG Infrastructure.Data.Repositories.ReferenceRepository - Enter method [.ctor]
2018-04-25 08:05:35,422 [30] INFO  Infrastructure.Data.Repositories.ReferenceRepository - Success set values for attributes
2018-04-25 08:05:35,431 [30] DEBUG Infrastructure.Data.Repositories.ReferenceRepository - Leave method [.ctor]
2018-04-25 08:05:35,443 [30] DEBUG Service.Business.Services.ReferenceServices - Enter method [.ctor]
2018-04-25 08:05:35,453 [30] INFO  Service.Business.Services.ReferenceServices - Success set value for attributes
2018-04-25 08:05:35,463 [30] DEBUG Service.Business.Services.ReferenceServices - Leave method [.ctor]
2018-04-25 08:05:35,481 [30] DEBUG Service.Business.Services.NotificationServices - Enter method [.ctor]
2018-04-25 08:05:35,490 [30] DEBUG Service.Business.Services.NotificationServices - Leave method [.ctor]
2018-04-25 08:05:35,504 [30] DEBUG Infrastructure.Data.Repositories.BookingRepository - Enter method [.ctor]
2018-04-25 08:05:35,512 [30] DEBUG Infrastructure.Data.Repositories.BookingRepository - Leave method [.ctor]
2018-04-25 08:05:35,528 [30] DEBUG Infrastructure.Data.Repositories.BedRepository - Enter method [.ctor]
2018-04-25 08:05:35,537 [30] INFO  Infrastructure.Data.Repositories.BedRepository - Success setting value to bedPerPage attribute value: [20]
2018-04-25 08:05:35,546 [30] INFO  Infrastructure.Data.Repositories.BedRepository - Success setting values for attribbutes
2018-04-25 08:05:35,554 [30] DEBUG Infrastructure.Data.Repositories.BedRepository - Leave method [.ctor]
2018-04-25 08:05:35,565 [30] DEBUG SMGS.Presentation.Controllers.AdminController - Enter method [.ctor]
2018-04-25 08:05:35,576 [30] INFO  SMGS.Presentation.Controllers.AdminController - Success set value to attributes
2018-04-25 08:05:35,585 [30] DEBUG SMGS.Presentation.Controllers.AdminController - Leave method [.ctor]
2018-04-25 08:05:35,667 [30] DEBUG Service.Business.Services.SalaryServices - Enter method [GetCollectionMonthPaid]
2018-04-25 08:05:35,677 [30] DEBUG Infrastructure.Data.Repositories.SalaryRepository - Enter method [GetCollectionMonthPaid]
2018-04-25 08:05:39,627 [30] INFO  Infrastructure.Data.Repositories.SalaryRepository - Found 1 month paid salaries
2018-04-25 08:05:39,636 [30] DEBUG Infrastructure.Data.Repositories.SalaryRepository - Leave method [GetCollectionMonthPaid]
2018-04-25 08:05:39,645 [30] DEBUG Service.Business.Services.SalaryServices - Leave method [GetCollectionMonthPaid]
2018-04-25 08:05:39,655 [30] DEBUG Service.Business.Services.SalaryServices - Enter method [GetAllSalariesPaidInMonth]
2018-04-25 08:05:39,665 [30] DEBUG Infrastructure.Data.Repositories.SalaryRepository - Enter method [GetAllSalariesPaidInMonth]
2018-04-25 08:05:39,710 [30] ERROR Infrastructure.Data.Repositories.SalaryRepository - Error: [The Include path expression must refer to a navigation property defined on the type. Use dotted paths for reference navigation properties and the Select operator for collection navigation properties.
Parameter name: path]
2018-04-25 08:05:39,718 [30] DEBUG Infrastructure.Data.Repositories.SalaryRepository - Leave method [GetAllSalariesPaidInMonth]
2018-04-25 08:05:39,727 [30] DEBUG Service.Business.Services.SalaryServices - Leave method [GetAllSalariesPaidInMonth]
2018-04-25 08:05:56,516 [15] DEBUG Infrastructure.Data.Repositories.StaffRepository - Enter method [.ctor]
2018-04-25 08:05:56,525 [15] INFO  Infrastructure.Data.Repositories.StaffRepository - Success setting value to empPerPage attribute value: [20]
2018-04-25 08:05:56,532 [15] DEBUG Infrastructure.Data.Repositories.StaffRepository - Leave method [.ctor]
2018-04-25 08:05:56,541 [15] DEBUG Service.Business.Services.StaffServices - Enter method [.ctor]
2018-04-25 08:05:56,550 [15] INFO  Service.Business.Services.StaffServices - Success setting values for attributes
2018-04-25 08:05:56,557 [15] DEBUG Service.Business.Services.StaffServices - Leave method [.ctor]
2018-04-25 08:05:56,565 [15] DEBUG Infrastructure.Data.Repositories.ContactInformationRepository - Enter method [.ctor]
2018-04-25 08:05:56,573 [15] INFO  Infrastructure.Data.Repositories.ContactInformationRepository - Success setting values for attributes
2018-04-25 08:05:56,581 [15] DEBUG Infrastructure.Data.Repositories.ContactInformationRepository - Leave method [.ctor]
2018-04-25 08:05:56,589 [15] DEBUG Service.Business.Services.ContactInformationServices - Enter method [.ctor]
2018-04-25 08:05:56,597 [15] DEBUG Service.Business.Services.ContactInformationServices - Leave method [.ctor]
2018-04-25 08:05:56,605 [15] DEBUG Infrastructure.Data.Repositories.ServiceRepository - Enter method [.ctor]
2018-04-25 08:05:56,613 [15] INFO  Infrastructure.Data.Repositories.ServiceRepository - Success setting value to servicesPerPage attribute value: [20]
2018-04-25 08:05:56,620 [15] INFO  Infrastructure.Data.Repositories.ServiceRepository - Setting value for attributes
2018-04-25 08:05:56,628 [15] DEBUG Infrastructure.Data.Repositories.ServiceRepository - Leave method [.ctor]
2018-04-25 08:05:56,636 [15] DEBUG Service.Business.Services.ServiceServices - Enter method [.ctor]
2018-04-25 08:05:56,644 [15] INFO  Service.Business.Services.ServiceServices - Success setting values for attributes
2018-04-25 08:05:56,652 [15] DEBUG Service.Business.Services.ServiceServices - Leave method [.ctor]
2018-04-25 08:05:56,660 [15] DEBUG Infrastructure.Data.Repositories.SalaryRepository - Enter method [.ctor]
2018-04-25 08:05:56,668 [15] INFO  Infrastructure.Data.Repositories.SalaryRepository - Success setting value to servicesPerPage attribute value: [3]
2018-04-25 08:05:56,676 [15] INFO  Infrastructure.Data.Repositories.SalaryRepository - Success set value for attributes
2018-04-25 08:05:56,683 [15] DEBUG Infrastructure.Data.Repositories.SalaryRepository - Leave method [.ctor]
2018-04-25 08:05:56,693 [15] DEBUG Infrastructure.Data.Repositories.ReferenceRepository - Enter method [.ctor]
2018-04-25 08:05:56,704 [15] INFO  Infrastructure.Data.Repositories.ReferenceRepository - Success set values for attributes
2018-04-25 08:05:56,714 [15] DEBUG Infrastructure.Data.Repositories.ReferenceRepository - Leave method [.ctor]
2018-04-25 08:05:56,723 [15] DEBUG Service.Business.Services.ReferenceServices - Enter method [.ctor]
2018-04-25 08:05:56,731 [15] INFO  Service.Business.Services.ReferenceServices - Success set value for attributes
2018-04-25 08:05:56,740 [15] DEBUG Service.Business.Services.ReferenceServices - Leave method [.ctor]
2018-04-25 08:05:56,749 [15] DEBUG Service.Business.Services.NotificationServices - Enter method [.ctor]
2018-04-25 08:05:56,766 [15] DEBUG Service.Business.Services.NotificationServices - Leave method [.ctor]
2018-04-25 08:05:56,778 [15] DEBUG Infrastructure.Data.Repositories.BookingRepository - Enter method [.ctor]
2018-04-25 08:05:56,788 [15] DEBUG Infrastructure.Data.Repositories.BookingRepository - Leave method [.ctor]
2018-04-25 08:05:56,800 [15] DEBUG Infrastructure.Data.Repositories.BedRepository - Enter method [.ctor]
2018-04-25 08:05:56,817 [15] INFO  Infrastructure.Data.Repositories.BedRepository - Success setting value to bedPerPage attribute value: [20]
2018-04-25 08:05:56,829 [15] INFO  Infrastructure.Data.Repositories.BedRepository - Success setting values for attribbutes
2018-04-25 08:05:56,840 [15] DEBUG Infrastructure.Data.Repositories.BedRepository - Leave method [.ctor]
2018-04-25 08:05:56,849 [15] DEBUG SMGS.Presentation.Controllers.AdminController - Enter method [.ctor]
2018-04-25 08:05:56,859 [15] INFO  SMGS.Presentation.Controllers.AdminController - Success set value to attributes
2018-04-25 08:05:56,868 [15] DEBUG SMGS.Presentation.Controllers.AdminController - Leave method [.ctor]
2018-04-25 08:05:56,877 [15] DEBUG Service.Business.Services.SalaryServices - Enter method [GetCollectionMonthPaid]
2018-04-25 08:05:56,887 [15] DEBUG Infrastructure.Data.Repositories.SalaryRepository - Enter method [GetCollectionMonthPaid]
2018-04-25 08:05:56,952 [15] INFO  Infrastructure.Data.Repositories.SalaryRepository - Found 1 month paid salaries
2018-04-25 08:05:56,960 [15] DEBUG Infrastructure.Data.Repositories.SalaryRepository - Leave method [GetCollectionMonthPaid]
2018-04-25 08:05:56,968 [15] DEBUG Service.Business.Services.SalaryServices - Leave method [GetCollectionMonthPaid]
2018-04-25 08:06:13,300 [15] DEBUG Service.Business.Services.SalaryServices - Enter method [GetAllSalariesPaidInMonth]
2018-04-25 08:06:13,323 [15] DEBUG Infrastructure.Data.Repositories.SalaryRepository - Enter method [GetAllSalariesPaidInMonth]
2018-04-25 08:07:47,960 [15] ERROR Infrastructure.Data.Repositories.SalaryRepository - Error: [The Include path expression must refer to a navigation property defined on the type. Use dotted paths for reference navigation properties and the Select operator for collection navigation properties.
Parameter name: path]
2018-04-25 08:07:47,986 [15] DEBUG Infrastructure.Data.Repositories.SalaryRepository - Leave method [GetAllSalariesPaidInMonth]
2018-04-25 08:07:48,003 [15] DEBUG Service.Business.Services.SalaryServices - Leave method [GetAllSalariesPaidInMonth]
2018-04-25 08:12:59,398 [51] ERROR SMGS.Presentation.App_Start.Customize - Error: [Access to the path 'C:\Windows\Globalization\sz-VN.nlp' is denied.]
2018-04-25 08:13:03,856 [37] DEBUG Infrastructure.Data.Repositories.StaffRepository - Enter method [.ctor]
2018-04-25 08:13:03,867 [37] INFO  Infrastructure.Data.Repositories.StaffRepository - Success setting value to empPerPage attribute value: [20]
2018-04-25 08:13:03,879 [37] DEBUG Infrastructure.Data.Repositories.StaffRepository - Leave method [.ctor]
2018-04-25 08:13:03,895 [37] DEBUG Service.Business.Services.StaffServices - Enter method [.ctor]
2018-04-25 08:13:03,904 [37] INFO  Service.Business.Services.StaffServices - Success setting values for attributes
2018-04-25 08:13:03,915 [37] DEBUG Service.Business.Services.StaffServices - Leave method [.ctor]
2018-04-25 08:13:03,954 [37] DEBUG Infrastructure.Data.Repositories.ContactInformationRepository - Enter method [.ctor]
2018-04-25 08:13:03,966 [37] INFO  Infrastructure.Data.Repositories.ContactInformationRepository - Success setting values for attributes
2018-04-25 08:13:03,981 [37] DEBUG Infrastructure.Data.Repositories.ContactInformationRepository - Leave method [.ctor]
2018-04-25 08:13:03,995 [37] DEBUG Service.Business.Services.ContactInformationServices - Enter method [.ctor]
2018-04-25 08:13:04,012 [37] DEBUG Service.Business.Services.ContactInformationServices - Leave method [.ctor]
2018-04-25 08:13:04,032 [37] DEBUG Infrastructure.Data.Repositories.ServiceRepository - Enter method [.ctor]
2018-04-25 08:13:04,043 [37] INFO  Infrastructure.Data.Repositories.ServiceRepository - Success setting value to servicesPerPage attribute value: [20]
2018-04-25 08:13:04,056 [37] INFO  Infrastructure.Data.Repositories.ServiceRepository - Setting value for attributes
2018-04-25 08:13:04,069 [37] DEBUG Infrastructure.Data.Repositories.ServiceRepository - Leave method [.ctor]
2018-04-25 08:13:04,078 [37] DEBUG Service.Business.Services.ServiceServices - Enter method [.ctor]
2018-04-25 08:13:04,089 [37] INFO  Service.Business.Services.ServiceServices - Success setting values for attributes
2018-04-25 08:13:04,099 [37] DEBUG Service.Business.Services.ServiceServices - Leave method [.ctor]
2018-04-25 08:13:04,120 [37] DEBUG Infrastructure.Data.Repositories.SalaryRepository - Enter method [.ctor]
2018-04-25 08:13:04,131 [37] INFO  Infrastructure.Data.Repositories.SalaryRepository - Success setting value to servicesPerPage attribute value: [3]
2018-04-25 08:13:04,141 [37] INFO  Infrastructure.Data.Repositories.SalaryRepository - Success set value for attributes
2018-04-25 08:13:04,153 [37] DEBUG Infrastructure.Data.Repositories.SalaryRepository - Leave method [.ctor]
2018-04-25 08:13:04,179 [37] DEBUG Infrastructure.Data.Repositories.ReferenceRepository - Enter method [.ctor]
2018-04-25 08:13:04,191 [37] INFO  Infrastructure.Data.Repositories.ReferenceRepository - Success set values for attributes
2018-04-25 08:13:04,206 [37] DEBUG Infrastructure.Data.Repositories.ReferenceRepository - Leave method [.ctor]
2018-04-25 08:13:04,220 [37] DEBUG Service.Business.Services.ReferenceServices - Enter method [.ctor]
2018-04-25 08:13:04,234 [37] INFO  Service.Business.Services.ReferenceServices - Success set value for attributes
2018-04-25 08:13:04,245 [37] DEBUG Service.Business.Services.ReferenceServices - Leave method [.ctor]
2018-04-25 08:13:04,266 [37] DEBUG Service.Business.Services.NotificationServices - Enter method [.ctor]
2018-04-25 08:13:04,277 [37] DEBUG Service.Business.Services.NotificationServices - Leave method [.ctor]
2018-04-25 08:13:04,295 [37] DEBUG Infrastructure.Data.Repositories.BookingRepository - Enter method [.ctor]
2018-04-25 08:13:04,305 [37] DEBUG Infrastructure.Data.Repositories.BookingRepository - Leave method [.ctor]
2018-04-25 08:13:04,322 [37] DEBUG Infrastructure.Data.Repositories.BedRepository - Enter method [.ctor]
2018-04-25 08:13:04,331 [37] INFO  Infrastructure.Data.Repositories.BedRepository - Success setting value to bedPerPage attribute value: [20]
2018-04-25 08:13:04,342 [37] INFO  Infrastructure.Data.Repositories.BedRepository - Success setting values for attribbutes
2018-04-25 08:13:04,354 [37] DEBUG Infrastructure.Data.Repositories.BedRepository - Leave method [.ctor]
2018-04-25 08:13:04,366 [37] DEBUG SMGS.Presentation.Controllers.AdminController - Enter method [.ctor]
2018-04-25 08:13:04,376 [37] INFO  SMGS.Presentation.Controllers.AdminController - Success set value to attributes
2018-04-25 08:13:04,387 [37] DEBUG SMGS.Presentation.Controllers.AdminController - Leave method [.ctor]
2018-04-25 08:13:04,469 [37] DEBUG Service.Business.Services.SalaryServices - Enter method [GetCollectionMonthPaid]
2018-04-25 08:13:04,482 [37] DEBUG Infrastructure.Data.Repositories.SalaryRepository - Enter method [GetCollectionMonthPaid]
2018-04-25 08:13:08,059 [37] INFO  Infrastructure.Data.Repositories.SalaryRepository - Found 1 month paid salaries
2018-04-25 08:13:08,069 [37] DEBUG Infrastructure.Data.Repositories.SalaryRepository - Leave method [GetCollectionMonthPaid]
2018-04-25 08:13:08,078 [37] DEBUG Service.Business.Services.SalaryServices - Leave method [GetCollectionMonthPaid]
2018-04-25 08:13:12,304 [37] DEBUG Service.Business.Services.SalaryServices - Enter method [GetAllSalariesPaidInMonth]
2018-04-25 08:13:12,316 [37] DEBUG Infrastructure.Data.Repositories.SalaryRepository - Enter method [GetAllSalariesPaidInMonth]
2018-04-25 08:13:30,906 [37] ERROR Infrastructure.Data.Repositories.SalaryRepository - Error: [The Include path expression must refer to a navigation property defined on the type. Use dotted paths for reference navigation properties and the Select operator for collection navigation properties.
Parameter name: path]
2018-04-25 08:13:30,924 [37] DEBUG Infrastructure.Data.Repositories.SalaryRepository - Leave method [GetAllSalariesPaidInMonth]
2018-04-25 08:13:30,954 [37] DEBUG Service.Business.Services.SalaryServices - Leave method [GetAllSalariesPaidInMonth]
2018-04-25 08:14:17,631 [24] ERROR SMGS.Presentation.App_Start.Customize - Error: [Access to the path 'C:\Windows\Globalization\sz-VN.nlp' is denied.]
