2018-03-03 13:38:57,450 [5] ERROR SMGS.Presentation.App_Start.Customize - Error: [The 'Register' method failed because the custom culture 'sz-VN' already exists.]
2018-03-03 15:54:25,173 [5] ERROR SMGS.Presentation.App_Start.Customize - Error: [The 'Register' method failed because the custom culture 'sz-VN' already exists.]
2018-03-03 19:23:24,852 [1] ERROR SMGS.Presentation.App_Start.Customize - Error: [The 'Register' method failed because the custom culture 'sz-VN' already exists.]
2018-03-03 19:31:13,178 [6] DEBUG Infrastructure.Data.Repositories.StaffRepository - Enter method [.ctor]
2018-03-03 19:31:13,184 [6] INFO  Infrastructure.Data.Repositories.StaffRepository - Success setting value to empPerPage attribute value: [20]
2018-03-03 19:31:13,191 [6] DEBUG Infrastructure.Data.Repositories.StaffRepository - Leave method [.ctor]
2018-03-03 19:31:13,198 [6] DEBUG Service.Business.Services.StaffServices - Enter method [.ctor]
2018-03-03 19:31:13,204 [6] INFO  Service.Business.Services.StaffServices - Success setting values for attributes
2018-03-03 19:31:13,210 [6] DEBUG Service.Business.Services.StaffServices - Leave method [.ctor]
2018-03-03 19:31:13,294 [6] DEBUG Infrastructure.Data.Repositories.ContactInformationRepository - Enter method [.ctor]
2018-03-03 19:31:13,302 [6] INFO  Infrastructure.Data.Repositories.ContactInformationRepository - Success setting values for attributes
2018-03-03 19:31:13,309 [6] DEBUG Infrastructure.Data.Repositories.ContactInformationRepository - Leave method [.ctor]
2018-03-03 19:31:13,317 [6] DEBUG Service.Business.Services.ContactInformationServices - Enter method [.ctor]
2018-03-03 19:31:13,326 [6] DEBUG Service.Business.Services.ContactInformationServices - Leave method [.ctor]
2018-03-03 19:31:13,347 [6] DEBUG Infrastructure.Data.Repositories.ServiceRepository - Enter method [.ctor]
2018-03-03 19:31:13,355 [6] INFO  Infrastructure.Data.Repositories.ServiceRepository - Success setting value to servicesPerPage attribute value: [20]
2018-03-03 19:31:13,363 [6] INFO  Infrastructure.Data.Repositories.ServiceRepository - Setting value for attributes
2018-03-03 19:31:13,375 [6] DEBUG Infrastructure.Data.Repositories.ServiceRepository - Leave method [.ctor]
2018-03-03 19:31:13,385 [6] DEBUG Service.Business.Services.ServiceServices - Enter method [.ctor]
2018-03-03 19:31:13,391 [6] INFO  Service.Business.Services.ServiceServices - Success setting values for attributes
2018-03-03 19:31:13,398 [6] DEBUG Service.Business.Services.ServiceServices - Leave method [.ctor]
2018-03-03 19:31:13,520 [6] DEBUG Infrastructure.Data.Repositories.SalaryRepository - Enter method [.ctor]
2018-03-03 19:31:13,525 [6] INFO  Infrastructure.Data.Repositories.SalaryRepository - Success setting value to servicesPerPage attribute value: [3]
2018-03-03 19:31:13,531 [6] INFO  Infrastructure.Data.Repositories.SalaryRepository - Success set value for attributes
2018-03-03 19:31:13,586 [6] DEBUG Infrastructure.Data.Repositories.SalaryRepository - Leave method [.ctor]
2018-03-03 19:31:13,614 [6] DEBUG Infrastructure.Data.Repositories.ReferenceRepository - Enter method [.ctor]
2018-03-03 19:31:13,785 [6] INFO  Infrastructure.Data.Repositories.ReferenceRepository - Success set values for attributes
2018-03-03 19:31:13,795 [6] DEBUG Infrastructure.Data.Repositories.ReferenceRepository - Leave method [.ctor]
2018-03-03 19:31:13,804 [6] DEBUG Service.Business.Services.ReferenceServices - Enter method [.ctor]
2018-03-03 19:31:13,812 [6] INFO  Service.Business.Services.ReferenceServices - Success set value for attributes
2018-03-03 19:31:13,819 [6] DEBUG Service.Business.Services.ReferenceServices - Leave method [.ctor]
2018-03-03 19:31:13,886 [6] DEBUG SMGS.Presentation.Controllers.adminController - Enter method [.ctor]
2018-03-03 19:31:13,892 [6] INFO  SMGS.Presentation.Controllers.adminController - Success set value to attributes
2018-03-03 19:31:13,898 [6] DEBUG SMGS.Presentation.Controllers.adminController - Leave method [.ctor]
2018-03-03 19:31:16,101 [6] DEBUG SMGS.Presentation.Controllers.adminController - Enter method [employees]
2018-03-03 19:31:16,152 [6] DEBUG Service.Business.Services.StaffServices - Enter method [GetStaffByPage]
2018-03-03 19:31:16,184 [6] DEBUG Infrastructure.Data.Repositories.StaffRepository - Enter method [GetStaffByPage]
2018-03-03 19:32:08,398 [6] INFO  Infrastructure.Data.Repositories.StaffRepository - All servicesfit a page. Get all services to a page
2018-03-03 19:32:08,453 [6] DEBUG Infrastructure.Data.Repositories.StaffRepository - Enter method [GetAll]
2018-03-03 19:32:08,463 [6] DEBUG Infrastructure.Data.Repositories.StaffRepository - Leave method [GetAll]
2018-03-03 19:32:08,473 [6] DEBUG Infrastructure.Data.Repositories.StaffRepository - Leave method [GetStaffByPage]
2018-03-03 19:32:08,482 [6] DEBUG Service.Business.Services.StaffServices - Leave method [GetStaffByPage]
2018-03-03 19:32:11,666 [6] DEBUG SMGS.Presentation.ViewModel.VM_Convert.ConvertVM - Enter method [ListStaff_To_VM_ListStaff]
2018-03-03 19:32:11,677 [6] DEBUG SMGS.Presentation.ViewModel.VM_Convert.ConvertVM - Enter method [Staff_To_VMStaff]
2018-03-03 19:32:11,687 [6] DEBUG SMGS.Presentation.ViewModel.VM_Convert.ConvertVM - Leave method [Staff_To_VMStaff]
2018-03-03 19:32:11,696 [6] DEBUG SMGS.Presentation.ViewModel.VM_Convert.ConvertVM - Enter method [Staff_To_VMStaff]
2018-03-03 19:32:11,709 [6] DEBUG SMGS.Presentation.ViewModel.VM_Convert.ConvertVM - Leave method [Staff_To_VMStaff]
2018-03-03 19:32:11,721 [6] DEBUG SMGS.Presentation.ViewModel.VM_Convert.ConvertVM - Enter method [Staff_To_VMStaff]
2018-03-03 19:32:11,733 [6] DEBUG SMGS.Presentation.ViewModel.VM_Convert.ConvertVM - Leave method [Staff_To_VMStaff]
2018-03-03 19:32:11,745 [6] DEBUG SMGS.Presentation.ViewModel.VM_Convert.ConvertVM - Enter method [Staff_To_VMStaff]
2018-03-03 19:32:11,756 [6] DEBUG SMGS.Presentation.ViewModel.VM_Convert.ConvertVM - Leave method [Staff_To_VMStaff]
2018-03-03 19:32:11,764 [6] DEBUG SMGS.Presentation.ViewModel.VM_Convert.ConvertVM - Enter method [Staff_To_VMStaff]
2018-03-03 19:32:11,897 [6] DEBUG SMGS.Presentation.ViewModel.VM_Convert.ConvertVM - Leave method [Staff_To_VMStaff]
2018-03-03 19:32:11,904 [6] DEBUG SMGS.Presentation.ViewModel.VM_Convert.ConvertVM - Enter method [Staff_To_VMStaff]
2018-03-03 19:32:11,913 [6] DEBUG SMGS.Presentation.ViewModel.VM_Convert.ConvertVM - Leave method [Staff_To_VMStaff]
2018-03-03 19:32:11,929 [6] DEBUG SMGS.Presentation.ViewModel.VM_Convert.ConvertVM - Enter method [Staff_To_VMStaff]
2018-03-03 19:32:11,943 [6] DEBUG SMGS.Presentation.ViewModel.VM_Convert.ConvertVM - Leave method [Staff_To_VMStaff]
2018-03-03 19:32:11,955 [6] DEBUG SMGS.Presentation.ViewModel.VM_Convert.ConvertVM - Enter method [Staff_To_VMStaff]
2018-03-03 19:32:11,966 [6] DEBUG SMGS.Presentation.ViewModel.VM_Convert.ConvertVM - Leave method [Staff_To_VMStaff]
2018-03-03 19:32:11,976 [6] DEBUG SMGS.Presentation.ViewModel.VM_Convert.ConvertVM - Enter method [Staff_To_VMStaff]
2018-03-03 19:32:11,985 [6] DEBUG SMGS.Presentation.ViewModel.VM_Convert.ConvertVM - Leave method [Staff_To_VMStaff]
2018-03-03 19:32:11,995 [6] DEBUG SMGS.Presentation.ViewModel.VM_Convert.ConvertVM - Enter method [Staff_To_VMStaff]
2018-03-03 19:32:12,004 [6] DEBUG SMGS.Presentation.ViewModel.VM_Convert.ConvertVM - Leave method [Staff_To_VMStaff]
2018-03-03 19:32:12,013 [6] DEBUG SMGS.Presentation.ViewModel.VM_Convert.ConvertVM - Enter method [Staff_To_VMStaff]
2018-03-03 19:32:12,022 [6] DEBUG SMGS.Presentation.ViewModel.VM_Convert.ConvertVM - Leave method [Staff_To_VMStaff]
2018-03-03 19:32:12,032 [6] DEBUG SMGS.Presentation.ViewModel.VM_Convert.ConvertVM - Enter method [Staff_To_VMStaff]
2018-03-03 19:32:12,042 [6] DEBUG SMGS.Presentation.ViewModel.VM_Convert.ConvertVM - Leave method [Staff_To_VMStaff]
2018-03-03 19:32:12,051 [6] DEBUG SMGS.Presentation.ViewModel.VM_Convert.ConvertVM - Enter method [Staff_To_VMStaff]
2018-03-03 19:32:12,061 [6] DEBUG SMGS.Presentation.ViewModel.VM_Convert.ConvertVM - Leave method [Staff_To_VMStaff]
2018-03-03 19:32:12,073 [6] DEBUG SMGS.Presentation.ViewModel.VM_Convert.ConvertVM - Enter method [Staff_To_VMStaff]
2018-03-03 19:32:12,085 [6] DEBUG SMGS.Presentation.ViewModel.VM_Convert.ConvertVM - Leave method [Staff_To_VMStaff]
2018-03-03 19:32:12,110 [6] DEBUG SMGS.Presentation.ViewModel.VM_Convert.ConvertVM - Enter method [Staff_To_VMStaff]
2018-03-03 19:32:12,121 [6] DEBUG SMGS.Presentation.ViewModel.VM_Convert.ConvertVM - Leave method [Staff_To_VMStaff]
2018-03-03 19:32:12,128 [6] DEBUG SMGS.Presentation.ViewModel.VM_Convert.ConvertVM - Enter method [Staff_To_VMStaff]
2018-03-03 19:32:12,138 [6] DEBUG SMGS.Presentation.ViewModel.VM_Convert.ConvertVM - Leave method [Staff_To_VMStaff]
2018-03-03 19:32:12,146 [6] DEBUG SMGS.Presentation.ViewModel.VM_Convert.ConvertVM - Enter method [Staff_To_VMStaff]
2018-03-03 19:32:12,156 [6] DEBUG SMGS.Presentation.ViewModel.VM_Convert.ConvertVM - Leave method [Staff_To_VMStaff]
2018-03-03 19:32:12,168 [6] DEBUG SMGS.Presentation.ViewModel.VM_Convert.ConvertVM - Enter method [Staff_To_VMStaff]
2018-03-03 19:32:12,176 [6] DEBUG SMGS.Presentation.ViewModel.VM_Convert.ConvertVM - Leave method [Staff_To_VMStaff]
2018-03-03 19:32:12,185 [6] DEBUG SMGS.Presentation.ViewModel.VM_Convert.ConvertVM - Enter method [Staff_To_VMStaff]
2018-03-03 19:32:12,193 [6] DEBUG SMGS.Presentation.ViewModel.VM_Convert.ConvertVM - Leave method [Staff_To_VMStaff]
2018-03-03 19:32:12,200 [6] DEBUG SMGS.Presentation.ViewModel.VM_Convert.ConvertVM - Leave method [ListStaff_To_VM_ListStaff]
2018-03-03 19:32:12,211 [6] DEBUG Service.Business.Services.ContactInformationServices - Enter method [GetContactInformationFromListStaff]
2018-03-03 19:32:12,220 [6] DEBUG Infrastructure.Data.Repositories.ContactInformationRepository - Enter method [GetContactInformationFromListStaff]
2018-03-03 19:32:12,232 [6] DEBUG Infrastructure.Data.Repositories.ContactInformationRepository - Enter method [Get]
2018-03-03 19:32:13,025 [6] DEBUG Infrastructure.Data.Repositories.ContactInformationRepository - Leave method [Get]
2018-03-03 19:32:13,036 [6] DEBUG Infrastructure.Data.Repositories.ContactInformationRepository - Enter method [Get]
2018-03-03 19:32:13,290 [6] DEBUG Infrastructure.Data.Repositories.ContactInformationRepository - Leave method [Get]
2018-03-03 19:32:13,303 [6] DEBUG Infrastructure.Data.Repositories.ContactInformationRepository - Enter method [Get]
2018-03-03 19:32:13,318 [6] DEBUG Infrastructure.Data.Repositories.ContactInformationRepository - Leave method [Get]
2018-03-03 19:32:13,334 [6] DEBUG Infrastructure.Data.Repositories.ContactInformationRepository - Enter method [Get]
2018-03-03 19:32:13,350 [6] DEBUG Infrastructure.Data.Repositories.ContactInformationRepository - Leave method [Get]
2018-03-03 19:32:13,366 [6] DEBUG Infrastructure.Data.Repositories.ContactInformationRepository - Enter method [Get]
2018-03-03 19:32:13,382 [6] DEBUG Infrastructure.Data.Repositories.ContactInformationRepository - Leave method [Get]
2018-03-03 19:32:13,391 [6] DEBUG Infrastructure.Data.Repositories.ContactInformationRepository - Enter method [Get]
2018-03-03 19:32:13,410 [6] DEBUG Infrastructure.Data.Repositories.ContactInformationRepository - Leave method [Get]
2018-03-03 19:32:13,439 [6] DEBUG Infrastructure.Data.Repositories.ContactInformationRepository - Enter method [Get]
2018-03-03 19:32:13,453 [6] DEBUG Infrastructure.Data.Repositories.ContactInformationRepository - Leave method [Get]
2018-03-03 19:32:13,463 [6] DEBUG Infrastructure.Data.Repositories.ContactInformationRepository - Enter method [Get]
2018-03-03 19:32:13,476 [6] DEBUG Infrastructure.Data.Repositories.ContactInformationRepository - Leave method [Get]
2018-03-03 19:32:13,489 [6] DEBUG Infrastructure.Data.Repositories.ContactInformationRepository - Enter method [Get]
2018-03-03 19:32:13,503 [6] DEBUG Infrastructure.Data.Repositories.ContactInformationRepository - Leave method [Get]
2018-03-03 19:32:13,517 [6] DEBUG Infrastructure.Data.Repositories.ContactInformationRepository - Enter method [Get]
2018-03-03 19:32:13,532 [6] DEBUG Infrastructure.Data.Repositories.ContactInformationRepository - Leave method [Get]
2018-03-03 19:32:13,543 [6] DEBUG Infrastructure.Data.Repositories.ContactInformationRepository - Enter method [Get]
2018-03-03 19:32:13,556 [6] DEBUG Infrastructure.Data.Repositories.ContactInformationRepository - Leave method [Get]
2018-03-03 19:32:13,572 [6] DEBUG Infrastructure.Data.Repositories.ContactInformationRepository - Enter method [Get]
2018-03-03 19:32:13,589 [6] DEBUG Infrastructure.Data.Repositories.ContactInformationRepository - Leave method [Get]
2018-03-03 19:32:13,608 [6] DEBUG Infrastructure.Data.Repositories.ContactInformationRepository - Enter method [Get]
2018-03-03 19:32:13,623 [6] DEBUG Infrastructure.Data.Repositories.ContactInformationRepository - Leave method [Get]
2018-03-03 19:32:13,637 [6] DEBUG Infrastructure.Data.Repositories.ContactInformationRepository - Enter method [Get]
2018-03-03 19:32:13,657 [6] DEBUG Infrastructure.Data.Repositories.ContactInformationRepository - Leave method [Get]
2018-03-03 19:32:13,670 [6] DEBUG Infrastructure.Data.Repositories.ContactInformationRepository - Enter method [Get]
2018-03-03 19:32:13,686 [6] DEBUG Infrastructure.Data.Repositories.ContactInformationRepository - Leave method [Get]
2018-03-03 19:32:13,696 [6] DEBUG Infrastructure.Data.Repositories.ContactInformationRepository - Enter method [Get]
2018-03-03 19:32:13,707 [6] DEBUG Infrastructure.Data.Repositories.ContactInformationRepository - Leave method [Get]
2018-03-03 19:32:13,717 [6] DEBUG Infrastructure.Data.Repositories.ContactInformationRepository - Enter method [Get]
2018-03-03 19:32:13,729 [6] DEBUG Infrastructure.Data.Repositories.ContactInformationRepository - Leave method [Get]
2018-03-03 19:32:13,739 [6] DEBUG Infrastructure.Data.Repositories.ContactInformationRepository - Enter method [Get]
2018-03-03 19:32:13,754 [6] DEBUG Infrastructure.Data.Repositories.ContactInformationRepository - Leave method [Get]
2018-03-03 19:32:13,765 [6] DEBUG Infrastructure.Data.Repositories.ContactInformationRepository - Enter method [Get]
2018-03-03 19:32:13,778 [6] DEBUG Infrastructure.Data.Repositories.ContactInformationRepository - Leave method [Get]
2018-03-03 19:32:13,789 [6] DEBUG Infrastructure.Data.Repositories.ContactInformationRepository - Enter method [Get]
2018-03-03 19:32:13,806 [6] DEBUG Infrastructure.Data.Repositories.ContactInformationRepository - Leave method [Get]
2018-03-03 19:32:13,832 [6] DEBUG Infrastructure.Data.Repositories.ContactInformationRepository - Enter method [Get]
2018-03-03 19:32:13,856 [6] DEBUG Infrastructure.Data.Repositories.ContactInformationRepository - Leave method [Get]
2018-03-03 19:32:13,877 [6] DEBUG Infrastructure.Data.Repositories.ContactInformationRepository - Enter method [Get]
2018-03-03 19:32:13,909 [6] DEBUG Infrastructure.Data.Repositories.ContactInformationRepository - Leave method [Get]
2018-03-03 19:32:13,937 [6] DEBUG Infrastructure.Data.Repositories.ContactInformationRepository - Enter method [Get]
2018-03-03 19:32:13,958 [6] DEBUG Infrastructure.Data.Repositories.ContactInformationRepository - Leave method [Get]
2018-03-03 19:32:13,970 [6] DEBUG Infrastructure.Data.Repositories.ContactInformationRepository - Enter method [Get]
2018-03-03 19:32:13,981 [6] DEBUG Infrastructure.Data.Repositories.ContactInformationRepository - Leave method [Get]
2018-03-03 19:32:13,994 [6] DEBUG Infrastructure.Data.Repositories.ContactInformationRepository - Enter method [Get]
2018-03-03 19:32:14,008 [6] DEBUG Infrastructure.Data.Repositories.ContactInformationRepository - Leave method [Get]
2018-03-03 19:32:14,022 [6] DEBUG Infrastructure.Data.Repositories.ContactInformationRepository - Enter method [Get]
2018-03-03 19:32:14,037 [6] DEBUG Infrastructure.Data.Repositories.ContactInformationRepository - Leave method [Get]
2018-03-03 19:32:14,052 [6] DEBUG Infrastructure.Data.Repositories.ContactInformationRepository - Enter method [Get]
2018-03-03 19:32:14,104 [6] DEBUG Infrastructure.Data.Repositories.ContactInformationRepository - Leave method [Get]
2018-03-03 19:32:14,128 [6] DEBUG Infrastructure.Data.Repositories.ContactInformationRepository - Enter method [Get]
2018-03-03 19:32:14,440 [6] DEBUG Infrastructure.Data.Repositories.ContactInformationRepository - Leave method [Get]
2018-03-03 19:32:14,457 [6] DEBUG Infrastructure.Data.Repositories.ContactInformationRepository - Enter method [Get]
2018-03-03 19:32:14,475 [6] DEBUG Infrastructure.Data.Repositories.ContactInformationRepository - Leave method [Get]
2018-03-03 19:32:14,488 [6] DEBUG Infrastructure.Data.Repositories.ContactInformationRepository - Enter method [Get]
2018-03-03 19:32:14,505 [6] DEBUG Infrastructure.Data.Repositories.ContactInformationRepository - Leave method [Get]
2018-03-03 19:32:14,517 [6] DEBUG Infrastructure.Data.Repositories.ContactInformationRepository - Enter method [Get]
2018-03-03 19:32:14,538 [6] DEBUG Infrastructure.Data.Repositories.ContactInformationRepository - Leave method [Get]
2018-03-03 19:32:14,572 [6] DEBUG Infrastructure.Data.Repositories.ContactInformationRepository - Enter method [Get]
2018-03-03 19:32:14,596 [6] DEBUG Infrastructure.Data.Repositories.ContactInformationRepository - Leave method [Get]
2018-03-03 19:32:14,611 [6] DEBUG Infrastructure.Data.Repositories.ContactInformationRepository - Enter method [Get]
2018-03-03 19:32:14,636 [6] DEBUG Infrastructure.Data.Repositories.ContactInformationRepository - Leave method [Get]
2018-03-03 19:32:14,658 [6] DEBUG Infrastructure.Data.Repositories.ContactInformationRepository - Enter method [Get]
2018-03-03 19:32:14,675 [6] DEBUG Infrastructure.Data.Repositories.ContactInformationRepository - Leave method [Get]
2018-03-03 19:32:14,688 [6] DEBUG Infrastructure.Data.Repositories.ContactInformationRepository - Enter method [Get]
2018-03-03 19:32:14,705 [6] DEBUG Infrastructure.Data.Repositories.ContactInformationRepository - Leave method [Get]
2018-03-03 19:32:14,727 [6] DEBUG Infrastructure.Data.Repositories.ContactInformationRepository - Enter method [Get]
2018-03-03 19:32:14,763 [6] DEBUG Infrastructure.Data.Repositories.ContactInformationRepository - Leave method [Get]
2018-03-03 19:32:14,788 [6] DEBUG Infrastructure.Data.Repositories.ContactInformationRepository - Enter method [Get]
2018-03-03 19:32:14,907 [6] DEBUG Infrastructure.Data.Repositories.ContactInformationRepository - Leave method [Get]
2018-03-03 19:32:14,927 [6] INFO  Infrastructure.Data.Repositories.ContactInformationRepository - Found [19] contact information for: [19] people
2018-03-03 19:32:14,944 [6] DEBUG Infrastructure.Data.Repositories.ContactInformationRepository - Leave method [GetContactInformationFromListStaff]
2018-03-03 19:32:14,961 [6] DEBUG Service.Business.Services.ContactInformationServices - Leave method [GetContactInformationFromListStaff]
2018-03-03 19:32:14,975 [6] DEBUG SMGS.Presentation.ViewModel.VM_Convert.ConvertVM - Enter method [ListContactInformation_To_ListVMContactInformation]
2018-03-03 19:32:14,994 [6] DEBUG SMGS.Presentation.ViewModel.VM_Convert.ConvertVM - Enter method [Address_To_VMAddress]
2018-03-03 19:32:15,322 [6] ERROR SMGS.Presentation.ViewModel.VM_Convert.ConvertVM - Error: [Object reference not set to an instance of an object.]
2018-03-03 19:32:15,331 [6] DEBUG SMGS.Presentation.ViewModel.VM_Convert.ConvertVM - Leave method [Address_To_VMAddress]
2018-03-03 19:32:15,344 [6] DEBUG SMGS.Presentation.ViewModel.VM_Convert.ConvertVM - Enter method [ContactFor_To_VMContactFor]
2018-03-03 19:32:15,355 [6] ERROR SMGS.Presentation.ViewModel.VM_Convert.ConvertVM - Error: [Object reference not set to an instance of an object.]
2018-03-03 19:32:15,362 [6] DEBUG SMGS.Presentation.ViewModel.VM_Convert.ConvertVM - Leave method [ContactFor_To_VMContactFor]
2018-03-03 19:32:15,374 [6] DEBUG SMGS.Presentation.ViewModel.VM_Convert.ConvertVM - Enter method [ContactType_To_VMContactType]
2018-03-03 19:32:15,387 [6] ERROR SMGS.Presentation.ViewModel.VM_Convert.ConvertVM - Error: [Object reference not set to an instance of an object.]
2018-03-03 19:32:15,398 [6] DEBUG SMGS.Presentation.ViewModel.VM_Convert.ConvertVM - Leave method [ContactType_To_VMContactType]
2018-03-03 19:32:15,410 [6] DEBUG SMGS.Presentation.ViewModel.VM_Convert.ConvertVM - Enter method [EAddress_To_VMEAddress]
2018-03-03 19:32:15,423 [6] ERROR SMGS.Presentation.ViewModel.VM_Convert.ConvertVM - Error: [Object reference not set to an instance of an object.]
2018-03-03 19:32:15,432 [6] DEBUG SMGS.Presentation.ViewModel.VM_Convert.ConvertVM - Leave method [EAddress_To_VMEAddress]
2018-03-03 19:32:16,509 [6] DEBUG SMGS.Presentation.ViewModel.VM_Convert.ConvertVM - Enter method [Address_To_VMAddress]
2018-03-03 19:32:16,859 [6] DEBUG SMGS.Presentation.ViewModel.VM_Convert.ConvertVM - Enter method [District_To_VMDistrict]
2018-03-03 19:32:17,037 [6] DEBUG SMGS.Presentation.ViewModel.VM_Convert.ConvertVM - Enter method [Province_To_VMProvince]
2018-03-03 19:32:17,362 [6] DEBUG SMGS.Presentation.ViewModel.VM_Convert.ConvertVM - Enter method [Country_To_VMCountry]
2018-03-03 19:32:17,376 [6] DEBUG SMGS.Presentation.ViewModel.VM_Convert.ConvertVM - Leave method [Country_To_VMCountry]
2018-03-03 19:32:17,435 [6] DEBUG SMGS.Presentation.ViewModel.VM_Convert.ConvertVM - Leave method [Province_To_VMProvince]
2018-03-03 19:32:17,464 [6] DEBUG SMGS.Presentation.ViewModel.VM_Convert.ConvertVM - Leave method [District_To_VMDistrict]
2018-03-03 19:32:17,487 [6] DEBUG SMGS.Presentation.ViewModel.VM_Convert.ConvertVM - Leave method [Address_To_VMAddress]
2018-03-03 19:32:18,109 [6] DEBUG SMGS.Presentation.ViewModel.VM_Convert.ConvertVM - Enter method [ContactFor_To_VMContactFor]
2018-03-03 19:32:18,120 [6] DEBUG SMGS.Presentation.ViewModel.VM_Convert.ConvertVM - Leave method [ContactFor_To_VMContactFor]
2018-03-03 19:32:18,442 [6] DEBUG SMGS.Presentation.ViewModel.VM_Convert.ConvertVM - Enter method [ContactType_To_VMContactType]
2018-03-03 19:32:18,456 [6] DEBUG SMGS.Presentation.ViewModel.VM_Convert.ConvertVM - Leave method [ContactType_To_VMContactType]
2018-03-03 19:32:18,834 [6] DEBUG SMGS.Presentation.ViewModel.VM_Convert.ConvertVM - Enter method [EAddress_To_VMEAddress]
2018-03-03 19:32:18,849 [6] DEBUG SMGS.Presentation.ViewModel.VM_Convert.ConvertVM - Leave method [EAddress_To_VMEAddress]
2018-03-03 19:32:18,934 [6] DEBUG SMGS.Presentation.ViewModel.VM_Convert.ConvertVM - Enter method [Address_To_VMAddress]
2018-03-03 19:32:18,946 [6] DEBUG SMGS.Presentation.ViewModel.VM_Convert.ConvertVM - Enter method [District_To_VMDistrict]
2018-03-03 19:32:18,958 [6] DEBUG SMGS.Presentation.ViewModel.VM_Convert.ConvertVM - Enter method [Province_To_VMProvince]
2018-03-03 19:32:18,972 [6] DEBUG SMGS.Presentation.ViewModel.VM_Convert.ConvertVM - Enter method [Country_To_VMCountry]
2018-03-03 19:32:18,992 [6] DEBUG SMGS.Presentation.ViewModel.VM_Convert.ConvertVM - Leave method [Country_To_VMCountry]
2018-03-03 19:32:19,006 [6] DEBUG SMGS.Presentation.ViewModel.VM_Convert.ConvertVM - Leave method [Province_To_VMProvince]
2018-03-03 19:32:19,019 [6] DEBUG SMGS.Presentation.ViewModel.VM_Convert.ConvertVM - Leave method [District_To_VMDistrict]
2018-03-03 19:32:19,031 [6] DEBUG SMGS.Presentation.ViewModel.VM_Convert.ConvertVM - Leave method [Address_To_VMAddress]
2018-03-03 19:32:19,045 [6] DEBUG SMGS.Presentation.ViewModel.VM_Convert.ConvertVM - Enter method [ContactFor_To_VMContactFor]
2018-03-03 19:32:19,059 [6] DEBUG SMGS.Presentation.ViewModel.VM_Convert.ConvertVM - Leave method [ContactFor_To_VMContactFor]
2018-03-03 19:32:19,081 [6] DEBUG SMGS.Presentation.ViewModel.VM_Convert.ConvertVM - Enter method [ContactType_To_VMContactType]
2018-03-03 19:32:19,092 [6] DEBUG SMGS.Presentation.ViewModel.VM_Convert.ConvertVM - Leave method [ContactType_To_VMContactType]
2018-03-03 19:32:19,109 [6] DEBUG SMGS.Presentation.ViewModel.VM_Convert.ConvertVM - Enter method [EAddress_To_VMEAddress]
2018-03-03 19:32:19,121 [6] DEBUG SMGS.Presentation.ViewModel.VM_Convert.ConvertVM - Leave method [EAddress_To_VMEAddress]
2018-03-03 19:32:19,135 [6] DEBUG SMGS.Presentation.ViewModel.VM_Convert.ConvertVM - Enter method [Address_To_VMAddress]
2018-03-03 19:32:19,148 [6] DEBUG SMGS.Presentation.ViewModel.VM_Convert.ConvertVM - Enter method [District_To_VMDistrict]
2018-03-03 19:32:19,160 [6] DEBUG SMGS.Presentation.ViewModel.VM_Convert.ConvertVM - Enter method [Province_To_VMProvince]
2018-03-03 19:32:19,204 [6] DEBUG SMGS.Presentation.ViewModel.VM_Convert.ConvertVM - Enter method [Country_To_VMCountry]
2018-03-03 19:32:19,222 [6] DEBUG SMGS.Presentation.ViewModel.VM_Convert.ConvertVM - Leave method [Country_To_VMCountry]
2018-03-03 19:32:19,236 [6] DEBUG SMGS.Presentation.ViewModel.VM_Convert.ConvertVM - Leave method [Province_To_VMProvince]
2018-03-03 19:32:19,272 [6] DEBUG SMGS.Presentation.ViewModel.VM_Convert.ConvertVM - Leave method [District_To_VMDistrict]
2018-03-03 19:32:19,359 [6] DEBUG SMGS.Presentation.ViewModel.VM_Convert.ConvertVM - Leave method [Address_To_VMAddress]
2018-03-03 19:32:19,402 [6] DEBUG SMGS.Presentation.ViewModel.VM_Convert.ConvertVM - Enter method [ContactFor_To_VMContactFor]
2018-03-03 19:32:19,432 [6] DEBUG SMGS.Presentation.ViewModel.VM_Convert.ConvertVM - Leave method [ContactFor_To_VMContactFor]
2018-03-03 19:32:19,459 [6] DEBUG SMGS.Presentation.ViewModel.VM_Convert.ConvertVM - Enter method [ContactType_To_VMContactType]
2018-03-03 19:32:19,503 [6] DEBUG SMGS.Presentation.ViewModel.VM_Convert.ConvertVM - Leave method [ContactType_To_VMContactType]
2018-03-03 19:32:19,640 [6] DEBUG SMGS.Presentation.ViewModel.VM_Convert.ConvertVM - Enter method [EAddress_To_VMEAddress]
2018-03-03 19:32:19,658 [6] DEBUG SMGS.Presentation.ViewModel.VM_Convert.ConvertVM - Leave method [EAddress_To_VMEAddress]
2018-03-03 19:32:19,699 [6] DEBUG SMGS.Presentation.ViewModel.VM_Convert.ConvertVM - Enter method [Address_To_VMAddress]
2018-03-03 19:32:19,738 [6] DEBUG SMGS.Presentation.ViewModel.VM_Convert.ConvertVM - Enter method [District_To_VMDistrict]
2018-03-03 19:32:19,756 [6] DEBUG SMGS.Presentation.ViewModel.VM_Convert.ConvertVM - Enter method [Province_To_VMProvince]
2018-03-03 19:32:19,798 [6] DEBUG SMGS.Presentation.ViewModel.VM_Convert.ConvertVM - Enter method [Country_To_VMCountry]
2018-03-03 19:32:19,892 [6] DEBUG SMGS.Presentation.ViewModel.VM_Convert.ConvertVM - Leave method [Country_To_VMCountry]
2018-03-03 19:32:19,917 [6] DEBUG SMGS.Presentation.ViewModel.VM_Convert.ConvertVM - Leave method [Province_To_VMProvince]
2018-03-03 19:32:19,928 [6] DEBUG SMGS.Presentation.ViewModel.VM_Convert.ConvertVM - Leave method [District_To_VMDistrict]
2018-03-03 19:32:19,943 [6] DEBUG SMGS.Presentation.ViewModel.VM_Convert.ConvertVM - Leave method [Address_To_VMAddress]
2018-03-03 19:32:19,960 [6] DEBUG SMGS.Presentation.ViewModel.VM_Convert.ConvertVM - Enter method [ContactFor_To_VMContactFor]
2018-03-03 19:32:19,977 [6] DEBUG SMGS.Presentation.ViewModel.VM_Convert.ConvertVM - Leave method [ContactFor_To_VMContactFor]
2018-03-03 19:32:19,996 [6] DEBUG SMGS.Presentation.ViewModel.VM_Convert.ConvertVM - Enter method [ContactType_To_VMContactType]
2018-03-03 19:32:20,029 [6] DEBUG SMGS.Presentation.ViewModel.VM_Convert.ConvertVM - Leave method [ContactType_To_VMContactType]
2018-03-03 19:32:20,081 [6] DEBUG SMGS.Presentation.ViewModel.VM_Convert.ConvertVM - Enter method [EAddress_To_VMEAddress]
2018-03-03 19:32:20,096 [6] DEBUG SMGS.Presentation.ViewModel.VM_Convert.ConvertVM - Leave method [EAddress_To_VMEAddress]
2018-03-03 19:32:20,123 [6] DEBUG SMGS.Presentation.ViewModel.VM_Convert.ConvertVM - Enter method [Address_To_VMAddress]
2018-03-03 19:32:20,136 [6] DEBUG SMGS.Presentation.ViewModel.VM_Convert.ConvertVM - Enter method [District_To_VMDistrict]
2018-03-03 19:32:20,178 [6] DEBUG SMGS.Presentation.ViewModel.VM_Convert.ConvertVM - Enter method [Province_To_VMProvince]
2018-03-03 19:32:20,194 [6] DEBUG SMGS.Presentation.ViewModel.VM_Convert.ConvertVM - Enter method [Country_To_VMCountry]
2018-03-03 19:32:20,210 [6] DEBUG SMGS.Presentation.ViewModel.VM_Convert.ConvertVM - Leave method [Country_To_VMCountry]
2018-03-03 19:32:20,239 [6] DEBUG SMGS.Presentation.ViewModel.VM_Convert.ConvertVM - Leave method [Province_To_VMProvince]
2018-03-03 19:32:20,254 [6] DEBUG SMGS.Presentation.ViewModel.VM_Convert.ConvertVM - Leave method [District_To_VMDistrict]
2018-03-03 19:32:20,273 [6] DEBUG SMGS.Presentation.ViewModel.VM_Convert.ConvertVM - Leave method [Address_To_VMAddress]
2018-03-03 19:32:20,287 [6] DEBUG SMGS.Presentation.ViewModel.VM_Convert.ConvertVM - Enter method [ContactFor_To_VMContactFor]
2018-03-03 19:32:20,303 [6] DEBUG SMGS.Presentation.ViewModel.VM_Convert.ConvertVM - Leave method [ContactFor_To_VMContactFor]
2018-03-03 19:32:20,324 [6] DEBUG SMGS.Presentation.ViewModel.VM_Convert.ConvertVM - Enter method [ContactType_To_VMContactType]
2018-03-03 19:32:20,337 [6] DEBUG SMGS.Presentation.ViewModel.VM_Convert.ConvertVM - Leave method [ContactType_To_VMContactType]
2018-03-03 19:32:20,351 [6] DEBUG SMGS.Presentation.ViewModel.VM_Convert.ConvertVM - Enter method [EAddress_To_VMEAddress]
2018-03-03 19:32:20,364 [6] DEBUG SMGS.Presentation.ViewModel.VM_Convert.ConvertVM - Leave method [EAddress_To_VMEAddress]
2018-03-03 19:32:20,377 [6] DEBUG SMGS.Presentation.ViewModel.VM_Convert.ConvertVM - Enter method [Address_To_VMAddress]
2018-03-03 19:32:20,392 [6] DEBUG SMGS.Presentation.ViewModel.VM_Convert.ConvertVM - Enter method [District_To_VMDistrict]
2018-03-03 19:32:20,406 [6] DEBUG SMGS.Presentation.ViewModel.VM_Convert.ConvertVM - Enter method [Province_To_VMProvince]
2018-03-03 19:32:20,418 [6] DEBUG SMGS.Presentation.ViewModel.VM_Convert.ConvertVM - Enter method [Country_To_VMCountry]
2018-03-03 19:32:20,429 [6] DEBUG SMGS.Presentation.ViewModel.VM_Convert.ConvertVM - Leave method [Country_To_VMCountry]
2018-03-03 19:32:20,441 [6] DEBUG SMGS.Presentation.ViewModel.VM_Convert.ConvertVM - Leave method [Province_To_VMProvince]
2018-03-03 19:32:20,452 [6] DEBUG SMGS.Presentation.ViewModel.VM_Convert.ConvertVM - Leave method [District_To_VMDistrict]
2018-03-03 19:32:20,507 [6] DEBUG SMGS.Presentation.ViewModel.VM_Convert.ConvertVM - Leave method [Address_To_VMAddress]
2018-03-03 19:32:20,518 [6] DEBUG SMGS.Presentation.ViewModel.VM_Convert.ConvertVM - Enter method [ContactFor_To_VMContactFor]
2018-03-03 19:32:20,530 [6] DEBUG SMGS.Presentation.ViewModel.VM_Convert.ConvertVM - Leave method [ContactFor_To_VMContactFor]
2018-03-03 19:32:20,544 [6] DEBUG SMGS.Presentation.ViewModel.VM_Convert.ConvertVM - Enter method [ContactType_To_VMContactType]
2018-03-03 19:32:20,554 [6] DEBUG SMGS.Presentation.ViewModel.VM_Convert.ConvertVM - Leave method [ContactType_To_VMContactType]
2018-03-03 19:32:20,566 [6] DEBUG SMGS.Presentation.ViewModel.VM_Convert.ConvertVM - Enter method [EAddress_To_VMEAddress]
2018-03-03 19:32:20,577 [6] DEBUG SMGS.Presentation.ViewModel.VM_Convert.ConvertVM - Leave method [EAddress_To_VMEAddress]
2018-03-03 19:32:20,589 [6] DEBUG SMGS.Presentation.ViewModel.VM_Convert.ConvertVM - Enter method [Address_To_VMAddress]
2018-03-03 19:32:20,603 [6] DEBUG SMGS.Presentation.ViewModel.VM_Convert.ConvertVM - Enter method [District_To_VMDistrict]
2018-03-03 19:32:20,614 [6] DEBUG SMGS.Presentation.ViewModel.VM_Convert.ConvertVM - Enter method [Province_To_VMProvince]
2018-03-03 19:32:20,626 [6] DEBUG SMGS.Presentation.ViewModel.VM_Convert.ConvertVM - Enter method [Country_To_VMCountry]
2018-03-03 19:32:20,640 [6] DEBUG SMGS.Presentation.ViewModel.VM_Convert.ConvertVM - Leave method [Country_To_VMCountry]
2018-03-03 19:32:20,652 [6] DEBUG SMGS.Presentation.ViewModel.VM_Convert.ConvertVM - Leave method [Province_To_VMProvince]
2018-03-03 19:32:20,664 [6] DEBUG SMGS.Presentation.ViewModel.VM_Convert.ConvertVM - Leave method [District_To_VMDistrict]
2018-03-03 19:32:20,677 [6] DEBUG SMGS.Presentation.ViewModel.VM_Convert.ConvertVM - Leave method [Address_To_VMAddress]
2018-03-03 19:32:20,688 [6] DEBUG SMGS.Presentation.ViewModel.VM_Convert.ConvertVM - Enter method [ContactFor_To_VMContactFor]
2018-03-03 19:32:20,701 [6] DEBUG SMGS.Presentation.ViewModel.VM_Convert.ConvertVM - Leave method [ContactFor_To_VMContactFor]
2018-03-03 19:32:20,722 [6] DEBUG SMGS.Presentation.ViewModel.VM_Convert.ConvertVM - Enter method [ContactType_To_VMContactType]
2018-03-03 19:32:20,736 [6] DEBUG SMGS.Presentation.ViewModel.VM_Convert.ConvertVM - Leave method [ContactType_To_VMContactType]
2018-03-03 19:32:20,748 [6] DEBUG SMGS.Presentation.ViewModel.VM_Convert.ConvertVM - Enter method [EAddress_To_VMEAddress]
2018-03-03 19:32:20,760 [6] DEBUG SMGS.Presentation.ViewModel.VM_Convert.ConvertVM - Leave method [EAddress_To_VMEAddress]
2018-03-03 19:32:20,772 [6] DEBUG SMGS.Presentation.ViewModel.VM_Convert.ConvertVM - Enter method [Address_To_VMAddress]
2018-03-03 19:32:20,788 [6] DEBUG SMGS.Presentation.ViewModel.VM_Convert.ConvertVM - Enter method [District_To_VMDistrict]
2018-03-03 19:32:20,803 [6] DEBUG SMGS.Presentation.ViewModel.VM_Convert.ConvertVM - Enter method [Province_To_VMProvince]
2018-03-03 19:32:20,818 [6] DEBUG SMGS.Presentation.ViewModel.VM_Convert.ConvertVM - Enter method [Country_To_VMCountry]
2018-03-03 19:32:20,831 [6] DEBUG SMGS.Presentation.ViewModel.VM_Convert.ConvertVM - Leave method [Country_To_VMCountry]
2018-03-03 19:32:20,842 [6] DEBUG SMGS.Presentation.ViewModel.VM_Convert.ConvertVM - Leave method [Province_To_VMProvince]
2018-03-03 19:32:20,855 [6] DEBUG SMGS.Presentation.ViewModel.VM_Convert.ConvertVM - Leave method [District_To_VMDistrict]
2018-03-03 19:32:20,868 [6] DEBUG SMGS.Presentation.ViewModel.VM_Convert.ConvertVM - Leave method [Address_To_VMAddress]
2018-03-03 19:32:20,881 [6] DEBUG SMGS.Presentation.ViewModel.VM_Convert.ConvertVM - Enter method [ContactFor_To_VMContactFor]
2018-03-03 19:32:20,893 [6] DEBUG SMGS.Presentation.ViewModel.VM_Convert.ConvertVM - Leave method [ContactFor_To_VMContactFor]
2018-03-03 19:32:20,907 [6] DEBUG SMGS.Presentation.ViewModel.VM_Convert.ConvertVM - Enter method [ContactType_To_VMContactType]
2018-03-03 19:32:20,920 [6] DEBUG SMGS.Presentation.ViewModel.VM_Convert.ConvertVM - Leave method [ContactType_To_VMContactType]
2018-03-03 19:32:20,942 [6] DEBUG SMGS.Presentation.ViewModel.VM_Convert.ConvertVM - Enter method [EAddress_To_VMEAddress]
2018-03-03 19:32:20,955 [6] DEBUG SMGS.Presentation.ViewModel.VM_Convert.ConvertVM - Leave method [EAddress_To_VMEAddress]
2018-03-03 19:32:20,967 [6] DEBUG SMGS.Presentation.ViewModel.VM_Convert.ConvertVM - Enter method [Address_To_VMAddress]
2018-03-03 19:32:20,986 [6] DEBUG SMGS.Presentation.ViewModel.VM_Convert.ConvertVM - Enter method [District_To_VMDistrict]
2018-03-03 19:32:21,015 [6] DEBUG SMGS.Presentation.ViewModel.VM_Convert.ConvertVM - Enter method [Province_To_VMProvince]
2018-03-03 19:32:21,046 [6] DEBUG SMGS.Presentation.ViewModel.VM_Convert.ConvertVM - Enter method [Country_To_VMCountry]
2018-03-03 19:32:21,060 [6] DEBUG SMGS.Presentation.ViewModel.VM_Convert.ConvertVM - Leave method [Country_To_VMCountry]
2018-03-03 19:32:21,075 [6] DEBUG SMGS.Presentation.ViewModel.VM_Convert.ConvertVM - Leave method [Province_To_VMProvince]
2018-03-03 19:32:21,090 [6] DEBUG SMGS.Presentation.ViewModel.VM_Convert.ConvertVM - Leave method [District_To_VMDistrict]
2018-03-03 19:32:21,113 [6] DEBUG SMGS.Presentation.ViewModel.VM_Convert.ConvertVM - Leave method [Address_To_VMAddress]
2018-03-03 19:32:21,131 [6] DEBUG SMGS.Presentation.ViewModel.VM_Convert.ConvertVM - Enter method [ContactFor_To_VMContactFor]
2018-03-03 19:32:21,145 [6] DEBUG SMGS.Presentation.ViewModel.VM_Convert.ConvertVM - Leave method [ContactFor_To_VMContactFor]
2018-03-03 19:32:21,170 [6] DEBUG SMGS.Presentation.ViewModel.VM_Convert.ConvertVM - Enter method [ContactType_To_VMContactType]
2018-03-03 19:32:21,183 [6] DEBUG SMGS.Presentation.ViewModel.VM_Convert.ConvertVM - Leave method [ContactType_To_VMContactType]
2018-03-03 19:32:21,202 [6] DEBUG SMGS.Presentation.ViewModel.VM_Convert.ConvertVM - Enter method [EAddress_To_VMEAddress]
2018-03-03 19:32:21,217 [6] DEBUG SMGS.Presentation.ViewModel.VM_Convert.ConvertVM - Leave method [EAddress_To_VMEAddress]
2018-03-03 19:32:21,250 [6] DEBUG SMGS.Presentation.ViewModel.VM_Convert.ConvertVM - Enter method [Address_To_VMAddress]
2018-03-03 19:32:21,262 [6] DEBUG SMGS.Presentation.ViewModel.VM_Convert.ConvertVM - Enter method [District_To_VMDistrict]
2018-03-03 19:32:21,276 [6] DEBUG SMGS.Presentation.ViewModel.VM_Convert.ConvertVM - Enter method [Province_To_VMProvince]
2018-03-03 19:32:21,288 [6] DEBUG SMGS.Presentation.ViewModel.VM_Convert.ConvertVM - Enter method [Country_To_VMCountry]
2018-03-03 19:32:21,313 [6] DEBUG SMGS.Presentation.ViewModel.VM_Convert.ConvertVM - Leave method [Country_To_VMCountry]
2018-03-03 19:32:21,347 [6] DEBUG SMGS.Presentation.ViewModel.VM_Convert.ConvertVM - Leave method [Province_To_VMProvince]
2018-03-03 19:32:21,406 [6] DEBUG SMGS.Presentation.ViewModel.VM_Convert.ConvertVM - Leave method [District_To_VMDistrict]
2018-03-03 19:32:21,419 [6] DEBUG SMGS.Presentation.ViewModel.VM_Convert.ConvertVM - Leave method [Address_To_VMAddress]
2018-03-03 19:32:21,433 [6] DEBUG SMGS.Presentation.ViewModel.VM_Convert.ConvertVM - Enter method [ContactFor_To_VMContactFor]
2018-03-03 19:32:21,447 [6] DEBUG SMGS.Presentation.ViewModel.VM_Convert.ConvertVM - Leave method [ContactFor_To_VMContactFor]
2018-03-03 19:32:21,459 [6] DEBUG SMGS.Presentation.ViewModel.VM_Convert.ConvertVM - Enter method [ContactType_To_VMContactType]
2018-03-03 19:32:21,471 [6] DEBUG SMGS.Presentation.ViewModel.VM_Convert.ConvertVM - Leave method [ContactType_To_VMContactType]
2018-03-03 19:32:21,482 [6] DEBUG SMGS.Presentation.ViewModel.VM_Convert.ConvertVM - Enter method [EAddress_To_VMEAddress]
2018-03-03 19:32:21,496 [6] DEBUG SMGS.Presentation.ViewModel.VM_Convert.ConvertVM - Leave method [EAddress_To_VMEAddress]
2018-03-03 19:32:21,508 [6] DEBUG SMGS.Presentation.ViewModel.VM_Convert.ConvertVM - Enter method [Address_To_VMAddress]
2018-03-03 19:32:21,521 [6] DEBUG SMGS.Presentation.ViewModel.VM_Convert.ConvertVM - Enter method [District_To_VMDistrict]
2018-03-03 19:32:21,534 [6] DEBUG SMGS.Presentation.ViewModel.VM_Convert.ConvertVM - Enter method [Province_To_VMProvince]
2018-03-03 19:32:21,549 [6] DEBUG SMGS.Presentation.ViewModel.VM_Convert.ConvertVM - Enter method [Country_To_VMCountry]
2018-03-03 19:32:21,564 [6] DEBUG SMGS.Presentation.ViewModel.VM_Convert.ConvertVM - Leave method [Country_To_VMCountry]
2018-03-03 19:32:21,584 [6] DEBUG SMGS.Presentation.ViewModel.VM_Convert.ConvertVM - Leave method [Province_To_VMProvince]
2018-03-03 19:32:21,597 [6] DEBUG SMGS.Presentation.ViewModel.VM_Convert.ConvertVM - Leave method [District_To_VMDistrict]
2018-03-03 19:32:21,613 [6] DEBUG SMGS.Presentation.ViewModel.VM_Convert.ConvertVM - Leave method [Address_To_VMAddress]
2018-03-03 19:32:21,626 [6] DEBUG SMGS.Presentation.ViewModel.VM_Convert.ConvertVM - Enter method [ContactFor_To_VMContactFor]
2018-03-03 19:32:21,638 [6] DEBUG SMGS.Presentation.ViewModel.VM_Convert.ConvertVM - Leave method [ContactFor_To_VMContactFor]
2018-03-03 19:32:21,650 [6] DEBUG SMGS.Presentation.ViewModel.VM_Convert.ConvertVM - Enter method [ContactType_To_VMContactType]
2018-03-03 19:32:21,664 [6] DEBUG SMGS.Presentation.ViewModel.VM_Convert.ConvertVM - Leave method [ContactType_To_VMContactType]
2018-03-03 19:32:21,680 [6] DEBUG SMGS.Presentation.ViewModel.VM_Convert.ConvertVM - Enter method [EAddress_To_VMEAddress]
2018-03-03 19:32:21,695 [6] DEBUG SMGS.Presentation.ViewModel.VM_Convert.ConvertVM - Leave method [EAddress_To_VMEAddress]
2018-03-03 19:32:21,709 [6] DEBUG SMGS.Presentation.ViewModel.VM_Convert.ConvertVM - Enter method [Address_To_VMAddress]
2018-03-03 19:32:21,724 [6] DEBUG SMGS.Presentation.ViewModel.VM_Convert.ConvertVM - Enter method [District_To_VMDistrict]
2018-03-03 19:32:21,738 [6] DEBUG SMGS.Presentation.ViewModel.VM_Convert.ConvertVM - Enter method [Province_To_VMProvince]
2018-03-03 19:32:21,751 [6] DEBUG SMGS.Presentation.ViewModel.VM_Convert.ConvertVM - Enter method [Country_To_VMCountry]
2018-03-03 19:32:21,771 [6] DEBUG SMGS.Presentation.ViewModel.VM_Convert.ConvertVM - Leave method [Country_To_VMCountry]
2018-03-03 19:32:21,790 [6] DEBUG SMGS.Presentation.ViewModel.VM_Convert.ConvertVM - Leave method [Province_To_VMProvince]
2018-03-03 19:32:21,808 [6] DEBUG SMGS.Presentation.ViewModel.VM_Convert.ConvertVM - Leave method [District_To_VMDistrict]
2018-03-03 19:32:21,826 [6] DEBUG SMGS.Presentation.ViewModel.VM_Convert.ConvertVM - Leave method [Address_To_VMAddress]
2018-03-03 19:32:21,844 [6] DEBUG SMGS.Presentation.ViewModel.VM_Convert.ConvertVM - Enter method [ContactFor_To_VMContactFor]
2018-03-03 19:32:21,864 [6] DEBUG SMGS.Presentation.ViewModel.VM_Convert.ConvertVM - Leave method [ContactFor_To_VMContactFor]
2018-03-03 19:32:21,884 [6] DEBUG SMGS.Presentation.ViewModel.VM_Convert.ConvertVM - Enter method [ContactType_To_VMContactType]
2018-03-03 19:32:21,900 [6] DEBUG SMGS.Presentation.ViewModel.VM_Convert.ConvertVM - Leave method [ContactType_To_VMContactType]
2018-03-03 19:32:21,917 [6] DEBUG SMGS.Presentation.ViewModel.VM_Convert.ConvertVM - Enter method [EAddress_To_VMEAddress]
2018-03-03 19:32:21,934 [6] DEBUG SMGS.Presentation.ViewModel.VM_Convert.ConvertVM - Leave method [EAddress_To_VMEAddress]
2018-03-03 19:32:21,952 [6] DEBUG SMGS.Presentation.ViewModel.VM_Convert.ConvertVM - Enter method [Address_To_VMAddress]
2018-03-03 19:32:21,969 [6] DEBUG SMGS.Presentation.ViewModel.VM_Convert.ConvertVM - Enter method [District_To_VMDistrict]
2018-03-03 19:32:21,985 [6] DEBUG SMGS.Presentation.ViewModel.VM_Convert.ConvertVM - Enter method [Province_To_VMProvince]
2018-03-03 19:32:22,002 [6] DEBUG SMGS.Presentation.ViewModel.VM_Convert.ConvertVM - Enter method [Country_To_VMCountry]
2018-03-03 19:32:22,019 [6] DEBUG SMGS.Presentation.ViewModel.VM_Convert.ConvertVM - Leave method [Country_To_VMCountry]
2018-03-03 19:32:22,037 [6] DEBUG SMGS.Presentation.ViewModel.VM_Convert.ConvertVM - Leave method [Province_To_VMProvince]
2018-03-03 19:32:22,054 [6] DEBUG SMGS.Presentation.ViewModel.VM_Convert.ConvertVM - Leave method [District_To_VMDistrict]
2018-03-03 19:32:22,073 [6] DEBUG SMGS.Presentation.ViewModel.VM_Convert.ConvertVM - Leave method [Address_To_VMAddress]
2018-03-03 19:32:22,088 [6] DEBUG SMGS.Presentation.ViewModel.VM_Convert.ConvertVM - Enter method [ContactFor_To_VMContactFor]
2018-03-03 19:32:22,101 [6] DEBUG SMGS.Presentation.ViewModel.VM_Convert.ConvertVM - Leave method [ContactFor_To_VMContactFor]
2018-03-03 19:32:22,114 [6] DEBUG SMGS.Presentation.ViewModel.VM_Convert.ConvertVM - Enter method [ContactType_To_VMContactType]
2018-03-03 19:32:22,127 [6] DEBUG SMGS.Presentation.ViewModel.VM_Convert.ConvertVM - Leave method [ContactType_To_VMContactType]
2018-03-03 19:32:22,681 [6] DEBUG SMGS.Presentation.ViewModel.VM_Convert.ConvertVM - Enter method [EAddress_To_VMEAddress]
2018-03-03 19:32:22,704 [6] DEBUG SMGS.Presentation.ViewModel.VM_Convert.ConvertVM - Leave method [EAddress_To_VMEAddress]
2018-03-03 19:32:22,737 [6] DEBUG SMGS.Presentation.ViewModel.VM_Convert.ConvertVM - Enter method [Address_To_VMAddress]
2018-03-03 19:32:22,764 [6] DEBUG SMGS.Presentation.ViewModel.VM_Convert.ConvertVM - Enter method [District_To_VMDistrict]
2018-03-03 19:32:22,803 [6] DEBUG SMGS.Presentation.ViewModel.VM_Convert.ConvertVM - Enter method [Province_To_VMProvince]
2018-03-03 19:32:22,826 [6] DEBUG SMGS.Presentation.ViewModel.VM_Convert.ConvertVM - Enter method [Country_To_VMCountry]
2018-03-03 19:32:22,852 [6] DEBUG SMGS.Presentation.ViewModel.VM_Convert.ConvertVM - Leave method [Country_To_VMCountry]
2018-03-03 19:32:22,865 [6] DEBUG SMGS.Presentation.ViewModel.VM_Convert.ConvertVM - Leave method [Province_To_VMProvince]
2018-03-03 19:32:22,878 [6] DEBUG SMGS.Presentation.ViewModel.VM_Convert.ConvertVM - Leave method [District_To_VMDistrict]
2018-03-03 19:32:22,890 [6] DEBUG SMGS.Presentation.ViewModel.VM_Convert.ConvertVM - Leave method [Address_To_VMAddress]
2018-03-03 19:32:22,905 [6] DEBUG SMGS.Presentation.ViewModel.VM_Convert.ConvertVM - Enter method [ContactFor_To_VMContactFor]
2018-03-03 19:32:22,927 [6] DEBUG SMGS.Presentation.ViewModel.VM_Convert.ConvertVM - Leave method [ContactFor_To_VMContactFor]
2018-03-03 19:32:22,940 [6] DEBUG SMGS.Presentation.ViewModel.VM_Convert.ConvertVM - Enter method [ContactType_To_VMContactType]
2018-03-03 19:32:22,954 [6] DEBUG SMGS.Presentation.ViewModel.VM_Convert.ConvertVM - Leave method [ContactType_To_VMContactType]
2018-03-03 19:32:23,033 [6] DEBUG SMGS.Presentation.ViewModel.VM_Convert.ConvertVM - Enter method [EAddress_To_VMEAddress]
2018-03-03 19:32:23,048 [6] DEBUG SMGS.Presentation.ViewModel.VM_Convert.ConvertVM - Leave method [EAddress_To_VMEAddress]
2018-03-03 19:32:23,060 [6] DEBUG SMGS.Presentation.ViewModel.VM_Convert.ConvertVM - Enter method [Address_To_VMAddress]
2018-03-03 19:32:23,072 [6] DEBUG SMGS.Presentation.ViewModel.VM_Convert.ConvertVM - Enter method [District_To_VMDistrict]
2018-03-03 19:32:23,085 [6] DEBUG SMGS.Presentation.ViewModel.VM_Convert.ConvertVM - Enter method [Province_To_VMProvince]
2018-03-03 19:32:23,098 [6] DEBUG SMGS.Presentation.ViewModel.VM_Convert.ConvertVM - Enter method [Country_To_VMCountry]
2018-03-03 19:32:23,117 [6] DEBUG SMGS.Presentation.ViewModel.VM_Convert.ConvertVM - Leave method [Country_To_VMCountry]
2018-03-03 19:32:23,134 [6] DEBUG SMGS.Presentation.ViewModel.VM_Convert.ConvertVM - Leave method [Province_To_VMProvince]
2018-03-03 19:32:23,371 [6] DEBUG SMGS.Presentation.ViewModel.VM_Convert.ConvertVM - Leave method [District_To_VMDistrict]
2018-03-03 19:32:23,392 [6] DEBUG SMGS.Presentation.ViewModel.VM_Convert.ConvertVM - Leave method [Address_To_VMAddress]
2018-03-03 19:32:23,409 [6] DEBUG SMGS.Presentation.ViewModel.VM_Convert.ConvertVM - Enter method [ContactFor_To_VMContactFor]
2018-03-03 19:32:23,427 [6] DEBUG SMGS.Presentation.ViewModel.VM_Convert.ConvertVM - Leave method [ContactFor_To_VMContactFor]
2018-03-03 19:32:23,445 [6] DEBUG SMGS.Presentation.ViewModel.VM_Convert.ConvertVM - Enter method [ContactType_To_VMContactType]
2018-03-03 19:32:23,460 [6] DEBUG SMGS.Presentation.ViewModel.VM_Convert.ConvertVM - Leave method [ContactType_To_VMContactType]
2018-03-03 19:32:23,482 [6] DEBUG SMGS.Presentation.ViewModel.VM_Convert.ConvertVM - Enter method [EAddress_To_VMEAddress]
2018-03-03 19:32:23,499 [6] DEBUG SMGS.Presentation.ViewModel.VM_Convert.ConvertVM - Leave method [EAddress_To_VMEAddress]
2018-03-03 19:32:23,528 [6] DEBUG SMGS.Presentation.ViewModel.VM_Convert.ConvertVM - Enter method [Address_To_VMAddress]
2018-03-03 19:32:23,546 [6] DEBUG SMGS.Presentation.ViewModel.VM_Convert.ConvertVM - Enter method [District_To_VMDistrict]
2018-03-03 19:32:23,562 [6] DEBUG SMGS.Presentation.ViewModel.VM_Convert.ConvertVM - Enter method [Province_To_VMProvince]
2018-03-03 19:32:23,581 [6] DEBUG SMGS.Presentation.ViewModel.VM_Convert.ConvertVM - Enter method [Country_To_VMCountry]
2018-03-03 19:32:23,598 [6] DEBUG SMGS.Presentation.ViewModel.VM_Convert.ConvertVM - Leave method [Country_To_VMCountry]
2018-03-03 19:32:23,619 [6] DEBUG SMGS.Presentation.ViewModel.VM_Convert.ConvertVM - Leave method [Province_To_VMProvince]
2018-03-03 19:32:23,641 [6] DEBUG SMGS.Presentation.ViewModel.VM_Convert.ConvertVM - Leave method [District_To_VMDistrict]
2018-03-03 19:32:23,657 [6] DEBUG SMGS.Presentation.ViewModel.VM_Convert.ConvertVM - Leave method [Address_To_VMAddress]
2018-03-03 19:32:23,672 [6] DEBUG SMGS.Presentation.ViewModel.VM_Convert.ConvertVM - Enter method [ContactFor_To_VMContactFor]
2018-03-03 19:32:23,688 [6] DEBUG SMGS.Presentation.ViewModel.VM_Convert.ConvertVM - Leave method [ContactFor_To_VMContactFor]
2018-03-03 19:32:23,906 [6] DEBUG SMGS.Presentation.ViewModel.VM_Convert.ConvertVM - Enter method [ContactType_To_VMContactType]
2018-03-03 19:32:23,924 [6] DEBUG SMGS.Presentation.ViewModel.VM_Convert.ConvertVM - Leave method [ContactType_To_VMContactType]
2018-03-03 19:32:23,942 [6] DEBUG SMGS.Presentation.ViewModel.VM_Convert.ConvertVM - Enter method [EAddress_To_VMEAddress]
2018-03-03 19:32:23,958 [6] DEBUG SMGS.Presentation.ViewModel.VM_Convert.ConvertVM - Leave method [EAddress_To_VMEAddress]
2018-03-03 19:32:23,973 [6] DEBUG SMGS.Presentation.ViewModel.VM_Convert.ConvertVM - Enter method [Address_To_VMAddress]
2018-03-03 19:32:23,986 [6] DEBUG SMGS.Presentation.ViewModel.VM_Convert.ConvertVM - Enter method [District_To_VMDistrict]
2018-03-03 19:32:24,003 [6] DEBUG SMGS.Presentation.ViewModel.VM_Convert.ConvertVM - Enter method [Province_To_VMProvince]
2018-03-03 19:32:24,016 [6] DEBUG SMGS.Presentation.ViewModel.VM_Convert.ConvertVM - Enter method [Country_To_VMCountry]
2018-03-03 19:32:24,036 [6] DEBUG SMGS.Presentation.ViewModel.VM_Convert.ConvertVM - Leave method [Country_To_VMCountry]
2018-03-03 19:32:24,053 [6] DEBUG SMGS.Presentation.ViewModel.VM_Convert.ConvertVM - Leave method [Province_To_VMProvince]
2018-03-03 19:32:24,068 [6] DEBUG SMGS.Presentation.ViewModel.VM_Convert.ConvertVM - Leave method [District_To_VMDistrict]
2018-03-03 19:32:24,082 [6] DEBUG SMGS.Presentation.ViewModel.VM_Convert.ConvertVM - Leave method [Address_To_VMAddress]
2018-03-03 19:32:24,102 [6] DEBUG SMGS.Presentation.ViewModel.VM_Convert.ConvertVM - Enter method [ContactFor_To_VMContactFor]
2018-03-03 19:32:24,123 [6] DEBUG SMGS.Presentation.ViewModel.VM_Convert.ConvertVM - Leave method [ContactFor_To_VMContactFor]
2018-03-03 19:32:24,143 [6] DEBUG SMGS.Presentation.ViewModel.VM_Convert.ConvertVM - Enter method [ContactType_To_VMContactType]
2018-03-03 19:32:24,157 [6] DEBUG SMGS.Presentation.ViewModel.VM_Convert.ConvertVM - Leave method [ContactType_To_VMContactType]
2018-03-03 19:32:24,172 [6] DEBUG SMGS.Presentation.ViewModel.VM_Convert.ConvertVM - Enter method [EAddress_To_VMEAddress]
2018-03-03 19:32:24,187 [6] DEBUG SMGS.Presentation.ViewModel.VM_Convert.ConvertVM - Leave method [EAddress_To_VMEAddress]
2018-03-03 19:32:24,200 [6] DEBUG SMGS.Presentation.ViewModel.VM_Convert.ConvertVM - Enter method [Address_To_VMAddress]
2018-03-03 19:32:24,214 [6] DEBUG SMGS.Presentation.ViewModel.VM_Convert.ConvertVM - Enter method [District_To_VMDistrict]
2018-03-03 19:32:24,226 [6] DEBUG SMGS.Presentation.ViewModel.VM_Convert.ConvertVM - Enter method [Province_To_VMProvince]
2018-03-03 19:32:24,242 [6] DEBUG SMGS.Presentation.ViewModel.VM_Convert.ConvertVM - Enter method [Country_To_VMCountry]
2018-03-03 19:32:24,255 [6] DEBUG SMGS.Presentation.ViewModel.VM_Convert.ConvertVM - Leave method [Country_To_VMCountry]
2018-03-03 19:32:24,267 [6] DEBUG SMGS.Presentation.ViewModel.VM_Convert.ConvertVM - Leave method [Province_To_VMProvince]
2018-03-03 19:32:24,284 [6] DEBUG SMGS.Presentation.ViewModel.VM_Convert.ConvertVM - Leave method [District_To_VMDistrict]
2018-03-03 19:32:24,301 [6] DEBUG SMGS.Presentation.ViewModel.VM_Convert.ConvertVM - Leave method [Address_To_VMAddress]
2018-03-03 19:32:24,314 [6] DEBUG SMGS.Presentation.ViewModel.VM_Convert.ConvertVM - Enter method [ContactFor_To_VMContactFor]
2018-03-03 19:32:24,328 [6] DEBUG SMGS.Presentation.ViewModel.VM_Convert.ConvertVM - Leave method [ContactFor_To_VMContactFor]
2018-03-03 19:32:24,343 [6] DEBUG SMGS.Presentation.ViewModel.VM_Convert.ConvertVM - Enter method [ContactType_To_VMContactType]
2018-03-03 19:32:24,355 [6] DEBUG SMGS.Presentation.ViewModel.VM_Convert.ConvertVM - Leave method [ContactType_To_VMContactType]
2018-03-03 19:32:24,367 [6] DEBUG SMGS.Presentation.ViewModel.VM_Convert.ConvertVM - Enter method [EAddress_To_VMEAddress]
2018-03-03 19:32:24,379 [6] DEBUG SMGS.Presentation.ViewModel.VM_Convert.ConvertVM - Leave method [EAddress_To_VMEAddress]
2018-03-03 19:32:24,393 [6] DEBUG SMGS.Presentation.ViewModel.VM_Convert.ConvertVM - Leave method [ListContactInformation_To_ListVMContactInformation]
2018-03-03 19:32:24,407 [6] DEBUG Service.Business.Services.StaffServices - Enter method [CountTotalPages]
2018-03-03 19:32:24,422 [6] DEBUG Infrastructure.Data.Repositories.StaffRepository - Enter method [CountTotalPages]
2018-03-03 19:32:24,435 [6] DEBUG Infrastructure.Data.Repositories.StaffRepository - Enter method [CountAllStaff]
2018-03-03 19:32:24,450 [6] INFO  Infrastructure.Data.Repositories.StaffRepository - Found: [19] employees
2018-03-03 19:32:24,460 [6] DEBUG Infrastructure.Data.Repositories.StaffRepository - Leave method [CountAllStaff]
2018-03-03 19:32:24,473 [6] DEBUG Infrastructure.Data.Repositories.StaffRepository - Enter method [CountAllStaff]
2018-03-03 19:32:24,489 [6] INFO  Infrastructure.Data.Repositories.StaffRepository - Found: [19] employees
2018-03-03 19:32:24,503 [6] DEBUG Infrastructure.Data.Repositories.StaffRepository - Leave method [CountAllStaff]
2018-03-03 19:32:24,517 [6] INFO  Infrastructure.Data.Repositories.StaffRepository - Calculate [1] pages employee
2018-03-03 19:32:24,527 [6] DEBUG Infrastructure.Data.Repositories.StaffRepository - Leave method [CountTotalPages]
2018-03-03 19:32:24,540 [6] DEBUG Service.Business.Services.StaffServices - Leave method [CountTotalPages]
2018-03-03 19:32:24,748 [6] DEBUG SMGS.Presentation.ViewModel.VM_Convert.ConvertVM - Enter method [VM_ListStaff_Add_Paging]
2018-03-03 19:32:24,766 [6] DEBUG SMGS.Presentation.ViewModel.VM_Convert.ConvertVM - Leave method [VM_ListStaff_Add_Paging]
2018-03-03 19:32:24,932 [6] DEBUG SMGS.Presentation.Controllers.adminController - Leave method [employees]
2018-03-03 19:36:26,061 [7] DEBUG Infrastructure.Data.Repositories.StaffRepository - Enter method [.ctor]
2018-03-03 19:36:26,098 [7] INFO  Infrastructure.Data.Repositories.StaffRepository - Success setting value to empPerPage attribute value: [20]
2018-03-03 19:36:26,125 [7] DEBUG Infrastructure.Data.Repositories.StaffRepository - Leave method [.ctor]
2018-03-03 19:36:26,158 [7] DEBUG Service.Business.Services.StaffServices - Enter method [.ctor]
2018-03-03 19:36:26,176 [7] INFO  Service.Business.Services.StaffServices - Success setting values for attributes
2018-03-03 19:36:26,190 [7] DEBUG Service.Business.Services.StaffServices - Leave method [.ctor]
2018-03-03 19:36:26,206 [7] DEBUG Infrastructure.Data.Repositories.ContactInformationRepository - Enter method [.ctor]
2018-03-03 19:36:26,221 [7] INFO  Infrastructure.Data.Repositories.ContactInformationRepository - Success setting values for attributes
2018-03-03 19:36:26,237 [7] DEBUG Infrastructure.Data.Repositories.ContactInformationRepository - Leave method [.ctor]
2018-03-03 19:36:26,256 [7] DEBUG Service.Business.Services.ContactInformationServices - Enter method [.ctor]
2018-03-03 19:36:26,274 [7] DEBUG Service.Business.Services.ContactInformationServices - Leave method [.ctor]
2018-03-03 19:36:26,291 [7] DEBUG Infrastructure.Data.Repositories.ServiceRepository - Enter method [.ctor]
2018-03-03 19:36:26,319 [7] INFO  Infrastructure.Data.Repositories.ServiceRepository - Success setting value to servicesPerPage attribute value: [20]
2018-03-03 19:36:26,349 [7] INFO  Infrastructure.Data.Repositories.ServiceRepository - Setting value for attributes
2018-03-03 19:36:26,382 [7] DEBUG Infrastructure.Data.Repositories.ServiceRepository - Leave method [.ctor]
2018-03-03 19:36:26,409 [7] DEBUG Service.Business.Services.ServiceServices - Enter method [.ctor]
2018-03-03 19:36:26,427 [7] INFO  Service.Business.Services.ServiceServices - Success setting values for attributes
2018-03-03 19:36:26,435 [7] DEBUG Service.Business.Services.ServiceServices - Leave method [.ctor]
2018-03-03 19:36:26,447 [7] DEBUG Infrastructure.Data.Repositories.SalaryRepository - Enter method [.ctor]
2018-03-03 19:36:26,457 [7] INFO  Infrastructure.Data.Repositories.SalaryRepository - Success setting value to servicesPerPage attribute value: [3]
2018-03-03 19:36:26,465 [7] INFO  Infrastructure.Data.Repositories.SalaryRepository - Success set value for attributes
2018-03-03 19:36:26,489 [7] DEBUG Infrastructure.Data.Repositories.SalaryRepository - Leave method [.ctor]
2018-03-03 19:36:26,556 [7] DEBUG Infrastructure.Data.Repositories.ReferenceRepository - Enter method [.ctor]
2018-03-03 19:36:26,572 [7] INFO  Infrastructure.Data.Repositories.ReferenceRepository - Success set values for attributes
2018-03-03 19:36:26,594 [7] DEBUG Infrastructure.Data.Repositories.ReferenceRepository - Leave method [.ctor]
2018-03-03 19:36:26,611 [7] DEBUG Service.Business.Services.ReferenceServices - Enter method [.ctor]
2018-03-03 19:36:26,624 [7] INFO  Service.Business.Services.ReferenceServices - Success set value for attributes
2018-03-03 19:36:26,641 [7] DEBUG Service.Business.Services.ReferenceServices - Leave method [.ctor]
2018-03-03 19:36:26,657 [7] DEBUG SMGS.Presentation.Controllers.adminController - Enter method [.ctor]
2018-03-03 19:36:26,677 [7] INFO  SMGS.Presentation.Controllers.adminController - Success set value to attributes
2018-03-03 19:36:26,694 [7] DEBUG SMGS.Presentation.Controllers.adminController - Leave method [.ctor]
2018-03-03 19:36:26,718 [7] DEBUG SMGS.Presentation.Controllers.adminController - Enter method [ServicesAdmin]
2018-03-03 19:36:26,734 [7] INFO  SMGS.Presentation.Controllers.adminController - Found value: [English] for: [en] input
2018-03-03 19:36:26,747 [7] DEBUG Service.Business.Services.ServiceServices - Enter method [GetServiceByPage]
2018-03-03 19:36:26,767 [7] DEBUG Infrastructure.Data.Repositories.ServiceRepository - Enter method [GetServiceByPage]
2018-03-03 19:36:26,843 [7] DEBUG Infrastructure.Data.Repositories.ServiceRepository - Enter method [CountTotalPages]
2018-03-03 19:36:26,854 [7] DEBUG Infrastructure.Data.Repositories.ServiceRepository - Enter method [CountAllServices]
2018-03-03 19:36:26,867 [7] INFO  Infrastructure.Data.Repositories.ServiceRepository - Found: [127] servies
2018-03-03 19:36:26,878 [7] DEBUG Infrastructure.Data.Repositories.ServiceRepository - Leave method [CountAllServices]
2018-03-03 19:36:26,889 [7] DEBUG Infrastructure.Data.Repositories.ServiceRepository - Enter method [CountAllServices]
2018-03-03 19:36:26,901 [7] INFO  Infrastructure.Data.Repositories.ServiceRepository - Found: [127] servies
2018-03-03 19:36:26,911 [7] DEBUG Infrastructure.Data.Repositories.ServiceRepository - Leave method [CountAllServices]
2018-03-03 19:36:26,923 [7] INFO  Infrastructure.Data.Repositories.ServiceRepository - Calculate [7] pages services
2018-03-03 19:36:26,935 [7] DEBUG Infrastructure.Data.Repositories.ServiceRepository - Leave method [CountTotalPages]
2018-03-03 19:36:26,944 [7] INFO  Infrastructure.Data.Repositories.ServiceRepository - Found: [127] services fit [7] pages
2018-03-03 19:36:26,956 [7] INFO  Infrastructure.Data.Repositories.ServiceRepository - Getting query to showing services of page: [1] in [7] pages
2018-03-03 19:36:26,971 [7] DEBUG Infrastructure.Data.Repositories.ServiceRepository - Leave method [GetServiceByPage]
2018-03-03 19:36:26,983 [7] DEBUG Service.Business.Services.ServiceServices - Leave method [GetServiceByPage]
2018-03-03 19:36:27,113 [7] DEBUG Service.Business.Services.ServiceServices - Enter method [GetServiceNameByLanguage]
2018-03-03 19:36:27,129 [7] DEBUG Infrastructure.Data.Repositories.ServiceRepository - Enter method [GetServiceNameByLanguage]
2018-03-03 19:36:27,472 [7] INFO  Infrastructure.Data.Repositories.ServiceRepository - Found service name with Id: [1] and language: [English]
2018-03-03 19:36:27,483 [7] DEBUG Infrastructure.Data.Repositories.ServiceRepository - Leave method [GetServiceNameByLanguage]
2018-03-03 19:36:27,496 [7] DEBUG Service.Business.Services.ServiceServices - Leave method [GetServiceNameByLanguage]
2018-03-03 19:36:27,509 [7] DEBUG Service.Business.Services.ServiceServices - Enter method [GetServiceNameByLanguage]
2018-03-03 19:36:27,522 [7] DEBUG Infrastructure.Data.Repositories.ServiceRepository - Enter method [GetServiceNameByLanguage]
2018-03-03 19:36:27,538 [7] INFO  Infrastructure.Data.Repositories.ServiceRepository - Couldn't found service name with Id: [5] and language: [English]
2018-03-03 19:36:27,549 [7] DEBUG Infrastructure.Data.Repositories.ServiceRepository - Leave method [GetServiceNameByLanguage]
2018-03-03 19:36:27,561 [7] DEBUG Service.Business.Services.ServiceServices - Leave method [GetServiceNameByLanguage]
2018-03-03 19:36:27,574 [7] DEBUG Service.Business.Services.ServiceServices - Enter method [GetServiceNameByLanguage]
2018-03-03 19:36:27,587 [7] DEBUG Infrastructure.Data.Repositories.ServiceRepository - Enter method [GetServiceNameByLanguage]
2018-03-03 19:36:27,600 [7] INFO  Infrastructure.Data.Repositories.ServiceRepository - Couldn't found service name with Id: [6] and language: [English]
2018-03-03 19:36:27,615 [7] DEBUG Infrastructure.Data.Repositories.ServiceRepository - Leave method [GetServiceNameByLanguage]
2018-03-03 19:36:27,629 [7] DEBUG Service.Business.Services.ServiceServices - Leave method [GetServiceNameByLanguage]
2018-03-03 19:36:27,644 [7] DEBUG Service.Business.Services.ServiceServices - Enter method [GetServiceNameByLanguage]
2018-03-03 19:36:27,660 [7] DEBUG Infrastructure.Data.Repositories.ServiceRepository - Enter method [GetServiceNameByLanguage]
2018-03-03 19:36:27,680 [7] INFO  Infrastructure.Data.Repositories.ServiceRepository - Couldn't found service name with Id: [7] and language: [English]
2018-03-03 19:36:27,693 [7] DEBUG Infrastructure.Data.Repositories.ServiceRepository - Leave method [GetServiceNameByLanguage]
2018-03-03 19:36:27,707 [7] DEBUG Service.Business.Services.ServiceServices - Leave method [GetServiceNameByLanguage]
2018-03-03 19:36:27,722 [7] DEBUG Service.Business.Services.ServiceServices - Enter method [GetServiceNameByLanguage]
2018-03-03 19:36:27,734 [7] DEBUG Infrastructure.Data.Repositories.ServiceRepository - Enter method [GetServiceNameByLanguage]
2018-03-03 19:36:27,751 [7] INFO  Infrastructure.Data.Repositories.ServiceRepository - Couldn't found service name with Id: [8] and language: [English]
2018-03-03 19:36:27,767 [7] DEBUG Infrastructure.Data.Repositories.ServiceRepository - Leave method [GetServiceNameByLanguage]
2018-03-03 19:36:27,782 [7] DEBUG Service.Business.Services.ServiceServices - Leave method [GetServiceNameByLanguage]
2018-03-03 19:36:27,794 [7] DEBUG Service.Business.Services.ServiceServices - Enter method [GetServiceNameByLanguage]
2018-03-03 19:36:27,809 [7] DEBUG Infrastructure.Data.Repositories.ServiceRepository - Enter method [GetServiceNameByLanguage]
2018-03-03 19:36:27,853 [7] INFO  Infrastructure.Data.Repositories.ServiceRepository - Couldn't found service name with Id: [9] and language: [English]
2018-03-03 19:36:27,870 [7] DEBUG Infrastructure.Data.Repositories.ServiceRepository - Leave method [GetServiceNameByLanguage]
2018-03-03 19:36:27,912 [7] DEBUG Service.Business.Services.ServiceServices - Leave method [GetServiceNameByLanguage]
2018-03-03 19:36:27,931 [7] DEBUG Service.Business.Services.ServiceServices - Enter method [GetServiceNameByLanguage]
2018-03-03 19:36:27,948 [7] DEBUG Infrastructure.Data.Repositories.ServiceRepository - Enter method [GetServiceNameByLanguage]
2018-03-03 19:36:27,967 [7] INFO  Infrastructure.Data.Repositories.ServiceRepository - Couldn't found service name with Id: [10] and language: [English]
2018-03-03 19:36:27,980 [7] DEBUG Infrastructure.Data.Repositories.ServiceRepository - Leave method [GetServiceNameByLanguage]
2018-03-03 19:36:27,995 [7] DEBUG Service.Business.Services.ServiceServices - Leave method [GetServiceNameByLanguage]
2018-03-03 19:36:28,006 [7] DEBUG Service.Business.Services.ServiceServices - Enter method [GetServiceNameByLanguage]
2018-03-03 19:36:28,021 [7] DEBUG Infrastructure.Data.Repositories.ServiceRepository - Enter method [GetServiceNameByLanguage]
2018-03-03 19:36:28,036 [7] INFO  Infrastructure.Data.Repositories.ServiceRepository - Couldn't found service name with Id: [11] and language: [English]
2018-03-03 19:36:28,051 [7] DEBUG Infrastructure.Data.Repositories.ServiceRepository - Leave method [GetServiceNameByLanguage]
2018-03-03 19:36:28,065 [7] DEBUG Service.Business.Services.ServiceServices - Leave method [GetServiceNameByLanguage]
2018-03-03 19:36:28,083 [7] DEBUG Service.Business.Services.ServiceServices - Enter method [GetServiceNameByLanguage]
2018-03-03 19:36:28,098 [7] DEBUG Infrastructure.Data.Repositories.ServiceRepository - Enter method [GetServiceNameByLanguage]
2018-03-03 19:36:28,115 [7] INFO  Infrastructure.Data.Repositories.ServiceRepository - Couldn't found service name with Id: [12] and language: [English]
2018-03-03 19:36:28,131 [7] DEBUG Infrastructure.Data.Repositories.ServiceRepository - Leave method [GetServiceNameByLanguage]
2018-03-03 19:36:28,181 [7] DEBUG Service.Business.Services.ServiceServices - Leave method [GetServiceNameByLanguage]
2018-03-03 19:36:28,223 [7] DEBUG Service.Business.Services.ServiceServices - Enter method [GetServiceNameByLanguage]
2018-03-03 19:36:28,265 [7] DEBUG Infrastructure.Data.Repositories.ServiceRepository - Enter method [GetServiceNameByLanguage]
2018-03-03 19:36:28,308 [7] INFO  Infrastructure.Data.Repositories.ServiceRepository - Couldn't found service name with Id: [13] and language: [English]
2018-03-03 19:36:28,351 [7] DEBUG Infrastructure.Data.Repositories.ServiceRepository - Leave method [GetServiceNameByLanguage]
2018-03-03 19:36:28,400 [7] DEBUG Service.Business.Services.ServiceServices - Leave method [GetServiceNameByLanguage]
2018-03-03 19:36:28,443 [7] DEBUG Service.Business.Services.ServiceServices - Enter method [GetServiceNameByLanguage]
2018-03-03 19:36:28,487 [7] DEBUG Infrastructure.Data.Repositories.ServiceRepository - Enter method [GetServiceNameByLanguage]
2018-03-03 19:36:28,531 [7] INFO  Infrastructure.Data.Repositories.ServiceRepository - Couldn't found service name with Id: [14] and language: [English]
2018-03-03 19:36:28,592 [7] DEBUG Infrastructure.Data.Repositories.ServiceRepository - Leave method [GetServiceNameByLanguage]
2018-03-03 19:36:28,660 [7] DEBUG Service.Business.Services.ServiceServices - Leave method [GetServiceNameByLanguage]
2018-03-03 19:36:28,714 [7] DEBUG Service.Business.Services.ServiceServices - Enter method [GetServiceNameByLanguage]
2018-03-03 19:36:28,772 [7] DEBUG Infrastructure.Data.Repositories.ServiceRepository - Enter method [GetServiceNameByLanguage]
2018-03-03 19:36:28,834 [7] INFO  Infrastructure.Data.Repositories.ServiceRepository - Couldn't found service name with Id: [15] and language: [English]
2018-03-03 19:36:28,891 [7] DEBUG Infrastructure.Data.Repositories.ServiceRepository - Leave method [GetServiceNameByLanguage]
2018-03-03 19:36:28,941 [7] DEBUG Service.Business.Services.ServiceServices - Leave method [GetServiceNameByLanguage]
2018-03-03 19:36:28,994 [7] DEBUG Service.Business.Services.ServiceServices - Enter method [GetServiceNameByLanguage]
2018-03-03 19:36:29,042 [7] DEBUG Infrastructure.Data.Repositories.ServiceRepository - Enter method [GetServiceNameByLanguage]
2018-03-03 19:36:29,094 [7] INFO  Infrastructure.Data.Repositories.ServiceRepository - Couldn't found service name with Id: [16] and language: [English]
2018-03-03 19:36:29,149 [7] DEBUG Infrastructure.Data.Repositories.ServiceRepository - Leave method [GetServiceNameByLanguage]
2018-03-03 19:36:29,200 [7] DEBUG Service.Business.Services.ServiceServices - Leave method [GetServiceNameByLanguage]
2018-03-03 19:36:29,247 [7] DEBUG Service.Business.Services.ServiceServices - Enter method [GetServiceNameByLanguage]
2018-03-03 19:36:29,289 [7] DEBUG Infrastructure.Data.Repositories.ServiceRepository - Enter method [GetServiceNameByLanguage]
2018-03-03 19:36:29,350 [7] INFO  Infrastructure.Data.Repositories.ServiceRepository - Couldn't found service name with Id: [17] and language: [English]
2018-03-03 19:36:29,376 [7] DEBUG Infrastructure.Data.Repositories.ServiceRepository - Leave method [GetServiceNameByLanguage]
2018-03-03 19:36:29,424 [7] DEBUG Service.Business.Services.ServiceServices - Leave method [GetServiceNameByLanguage]
2018-03-03 19:36:29,474 [7] DEBUG Service.Business.Services.ServiceServices - Enter method [GetServiceNameByLanguage]
2018-03-03 19:36:29,517 [7] DEBUG Infrastructure.Data.Repositories.ServiceRepository - Enter method [GetServiceNameByLanguage]
2018-03-03 19:36:29,561 [7] INFO  Infrastructure.Data.Repositories.ServiceRepository - Couldn't found service name with Id: [18] and language: [English]
2018-03-03 19:36:29,603 [7] DEBUG Infrastructure.Data.Repositories.ServiceRepository - Leave method [GetServiceNameByLanguage]
2018-03-03 19:36:29,641 [7] DEBUG Service.Business.Services.ServiceServices - Leave method [GetServiceNameByLanguage]
2018-03-03 19:36:29,687 [7] DEBUG Service.Business.Services.ServiceServices - Enter method [GetServiceNameByLanguage]
2018-03-03 19:36:29,731 [7] DEBUG Infrastructure.Data.Repositories.ServiceRepository - Enter method [GetServiceNameByLanguage]
2018-03-03 19:36:29,777 [7] INFO  Infrastructure.Data.Repositories.ServiceRepository - Couldn't found service name with Id: [19] and language: [English]
2018-03-03 19:36:29,820 [7] DEBUG Infrastructure.Data.Repositories.ServiceRepository - Leave method [GetServiceNameByLanguage]
2018-03-03 19:36:29,863 [7] DEBUG Service.Business.Services.ServiceServices - Leave method [GetServiceNameByLanguage]
2018-03-03 19:36:29,905 [7] DEBUG Service.Business.Services.ServiceServices - Enter method [GetServiceNameByLanguage]
2018-03-03 19:36:29,948 [7] DEBUG Infrastructure.Data.Repositories.ServiceRepository - Enter method [GetServiceNameByLanguage]
2018-03-03 19:36:29,993 [7] INFO  Infrastructure.Data.Repositories.ServiceRepository - Couldn't found service name with Id: [20] and language: [English]
2018-03-03 19:36:30,031 [7] DEBUG Infrastructure.Data.Repositories.ServiceRepository - Leave method [GetServiceNameByLanguage]
2018-03-03 19:36:30,063 [7] DEBUG Service.Business.Services.ServiceServices - Leave method [GetServiceNameByLanguage]
2018-03-03 19:36:30,094 [7] DEBUG Service.Business.Services.ServiceServices - Enter method [GetServiceNameByLanguage]
2018-03-03 19:36:30,128 [7] DEBUG Infrastructure.Data.Repositories.ServiceRepository - Enter method [GetServiceNameByLanguage]
2018-03-03 19:36:30,168 [7] INFO  Infrastructure.Data.Repositories.ServiceRepository - Couldn't found service name with Id: [21] and language: [English]
2018-03-03 19:36:30,209 [7] DEBUG Infrastructure.Data.Repositories.ServiceRepository - Leave method [GetServiceNameByLanguage]
2018-03-03 19:36:30,241 [7] DEBUG Service.Business.Services.ServiceServices - Leave method [GetServiceNameByLanguage]
2018-03-03 19:36:30,279 [7] DEBUG Service.Business.Services.ServiceServices - Enter method [GetServiceNameByLanguage]
2018-03-03 19:36:30,314 [7] DEBUG Infrastructure.Data.Repositories.ServiceRepository - Enter method [GetServiceNameByLanguage]
2018-03-03 19:36:30,349 [7] INFO  Infrastructure.Data.Repositories.ServiceRepository - Couldn't found service name with Id: [22] and language: [English]
2018-03-03 19:36:30,383 [7] DEBUG Infrastructure.Data.Repositories.ServiceRepository - Leave method [GetServiceNameByLanguage]
2018-03-03 19:36:30,418 [7] DEBUG Service.Business.Services.ServiceServices - Leave method [GetServiceNameByLanguage]
2018-03-03 19:36:30,454 [7] DEBUG Service.Business.Services.ServiceServices - Enter method [GetServiceNameByLanguage]
2018-03-03 19:36:30,489 [7] DEBUG Infrastructure.Data.Repositories.ServiceRepository - Enter method [GetServiceNameByLanguage]
2018-03-03 19:36:30,527 [7] INFO  Infrastructure.Data.Repositories.ServiceRepository - Couldn't found service name with Id: [23] and language: [English]
2018-03-03 19:36:30,563 [7] DEBUG Infrastructure.Data.Repositories.ServiceRepository - Leave method [GetServiceNameByLanguage]
2018-03-03 19:36:30,600 [7] DEBUG Service.Business.Services.ServiceServices - Leave method [GetServiceNameByLanguage]
2018-03-03 19:36:30,642 [7] INFO  SMGS.Presentation.Controllers.adminController - Found [20] names for [20] services
2018-03-03 19:36:30,682 [7] DEBUG SMGS.Presentation.ViewModel.VM_Convert.ConvertVM - Enter method [Service_To_VMService]
2018-03-03 19:36:30,724 [7] DEBUG SMGS.Presentation.ViewModel.VM_Convert.ConvertVM - Enter method [Service_To_VMService]
2018-03-03 19:36:30,768 [7] DEBUG SMGS.Presentation.ViewModel.VM_Convert.ConvertVM - Leave method [Service_To_VMService]
2018-03-03 19:36:30,809 [7] DEBUG SMGS.Presentation.ViewModel.VM_Convert.ConvertVM - Enter method [Service_To_VMService]
2018-03-03 19:36:30,863 [7] DEBUG SMGS.Presentation.ViewModel.VM_Convert.ConvertVM - Leave method [Service_To_VMService]
2018-03-03 19:36:30,909 [7] DEBUG SMGS.Presentation.ViewModel.VM_Convert.ConvertVM - Enter method [Service_To_VMService]
2018-03-03 19:36:30,953 [7] DEBUG SMGS.Presentation.ViewModel.VM_Convert.ConvertVM - Leave method [Service_To_VMService]
2018-03-03 19:36:30,992 [7] DEBUG SMGS.Presentation.ViewModel.VM_Convert.ConvertVM - Enter method [Service_To_VMService]
2018-03-03 19:36:31,043 [7] DEBUG SMGS.Presentation.ViewModel.VM_Convert.ConvertVM - Leave method [Service_To_VMService]
2018-03-03 19:36:31,088 [7] DEBUG SMGS.Presentation.ViewModel.VM_Convert.ConvertVM - Enter method [Service_To_VMService]
2018-03-03 19:36:31,131 [7] DEBUG SMGS.Presentation.ViewModel.VM_Convert.ConvertVM - Leave method [Service_To_VMService]
2018-03-03 19:36:31,183 [7] DEBUG SMGS.Presentation.ViewModel.VM_Convert.ConvertVM - Enter method [Service_To_VMService]
2018-03-03 19:36:31,229 [7] DEBUG SMGS.Presentation.ViewModel.VM_Convert.ConvertVM - Leave method [Service_To_VMService]
2018-03-03 19:36:31,271 [7] DEBUG SMGS.Presentation.ViewModel.VM_Convert.ConvertVM - Enter method [Service_To_VMService]
2018-03-03 19:36:31,311 [7] DEBUG SMGS.Presentation.ViewModel.VM_Convert.ConvertVM - Leave method [Service_To_VMService]
2018-03-03 19:36:31,350 [7] DEBUG SMGS.Presentation.ViewModel.VM_Convert.ConvertVM - Enter method [Service_To_VMService]
2018-03-03 19:36:31,395 [7] DEBUG SMGS.Presentation.ViewModel.VM_Convert.ConvertVM - Leave method [Service_To_VMService]
2018-03-03 19:36:31,433 [7] DEBUG SMGS.Presentation.ViewModel.VM_Convert.ConvertVM - Enter method [Service_To_VMService]
2018-03-03 19:36:31,478 [7] DEBUG SMGS.Presentation.ViewModel.VM_Convert.ConvertVM - Leave method [Service_To_VMService]
2018-03-03 19:36:31,518 [7] DEBUG SMGS.Presentation.ViewModel.VM_Convert.ConvertVM - Enter method [Service_To_VMService]
2018-03-03 19:36:31,582 [7] DEBUG SMGS.Presentation.ViewModel.VM_Convert.ConvertVM - Leave method [Service_To_VMService]
2018-03-03 19:36:31,636 [7] DEBUG SMGS.Presentation.ViewModel.VM_Convert.ConvertVM - Enter method [Service_To_VMService]
2018-03-03 19:36:31,686 [7] DEBUG SMGS.Presentation.ViewModel.VM_Convert.ConvertVM - Leave method [Service_To_VMService]
2018-03-03 19:36:31,733 [7] DEBUG SMGS.Presentation.ViewModel.VM_Convert.ConvertVM - Enter method [Service_To_VMService]
2018-03-03 19:36:31,796 [7] DEBUG SMGS.Presentation.ViewModel.VM_Convert.ConvertVM - Leave method [Service_To_VMService]
2018-03-03 19:36:31,885 [7] DEBUG SMGS.Presentation.ViewModel.VM_Convert.ConvertVM - Enter method [Service_To_VMService]
2018-03-03 19:36:32,001 [7] DEBUG SMGS.Presentation.ViewModel.VM_Convert.ConvertVM - Leave method [Service_To_VMService]
2018-03-03 19:36:32,063 [7] DEBUG SMGS.Presentation.ViewModel.VM_Convert.ConvertVM - Enter method [Service_To_VMService]
2018-03-03 19:36:32,117 [7] DEBUG SMGS.Presentation.ViewModel.VM_Convert.ConvertVM - Leave method [Service_To_VMService]
2018-03-03 19:36:32,181 [7] DEBUG SMGS.Presentation.ViewModel.VM_Convert.ConvertVM - Enter method [Service_To_VMService]
2018-03-03 19:36:32,240 [7] DEBUG SMGS.Presentation.ViewModel.VM_Convert.ConvertVM - Leave method [Service_To_VMService]
2018-03-03 19:36:32,299 [7] DEBUG SMGS.Presentation.ViewModel.VM_Convert.ConvertVM - Enter method [Service_To_VMService]
2018-03-03 19:36:32,345 [7] DEBUG SMGS.Presentation.ViewModel.VM_Convert.ConvertVM - Leave method [Service_To_VMService]
2018-03-03 19:36:32,386 [7] DEBUG SMGS.Presentation.ViewModel.VM_Convert.ConvertVM - Enter method [Service_To_VMService]
2018-03-03 19:36:32,435 [7] DEBUG SMGS.Presentation.ViewModel.VM_Convert.ConvertVM - Leave method [Service_To_VMService]
2018-03-03 19:36:32,483 [7] DEBUG SMGS.Presentation.ViewModel.VM_Convert.ConvertVM - Enter method [Service_To_VMService]
2018-03-03 19:36:32,533 [7] DEBUG SMGS.Presentation.ViewModel.VM_Convert.ConvertVM - Leave method [Service_To_VMService]
2018-03-03 19:36:32,584 [7] DEBUG SMGS.Presentation.ViewModel.VM_Convert.ConvertVM - Enter method [Service_To_VMService]
2018-03-03 19:36:32,627 [7] DEBUG SMGS.Presentation.ViewModel.VM_Convert.ConvertVM - Leave method [Service_To_VMService]
2018-03-03 19:36:32,672 [7] DEBUG SMGS.Presentation.ViewModel.VM_Convert.ConvertVM - Enter method [Service_To_VMService]
2018-03-03 19:36:32,711 [7] DEBUG SMGS.Presentation.ViewModel.VM_Convert.ConvertVM - Leave method [Service_To_VMService]
2018-03-03 19:36:32,751 [7] DEBUG SMGS.Presentation.ViewModel.VM_Convert.ConvertVM - Leave method [Service_To_VMService]
2018-03-03 19:36:32,801 [7] DEBUG Service.Business.Services.ServiceServices - Enter method [CountTotalPages]
2018-03-03 19:36:32,870 [7] DEBUG Infrastructure.Data.Repositories.ServiceRepository - Enter method [CountTotalPages]
2018-03-03 19:36:32,923 [7] DEBUG Infrastructure.Data.Repositories.ServiceRepository - Enter method [CountAllServices]
2018-03-03 19:36:32,989 [7] INFO  Infrastructure.Data.Repositories.ServiceRepository - Found: [127] servies
2018-03-03 19:36:33,044 [7] DEBUG Infrastructure.Data.Repositories.ServiceRepository - Leave method [CountAllServices]
2018-03-03 19:36:33,090 [7] DEBUG Infrastructure.Data.Repositories.ServiceRepository - Enter method [CountAllServices]
2018-03-03 19:36:33,142 [7] INFO  Infrastructure.Data.Repositories.ServiceRepository - Found: [127] servies
2018-03-03 19:36:33,208 [7] DEBUG Infrastructure.Data.Repositories.ServiceRepository - Leave method [CountAllServices]
2018-03-03 19:36:33,266 [7] INFO  Infrastructure.Data.Repositories.ServiceRepository - Calculate [7] pages services
2018-03-03 19:36:33,321 [7] DEBUG Infrastructure.Data.Repositories.ServiceRepository - Leave method [CountTotalPages]
2018-03-03 19:36:33,369 [7] DEBUG Service.Business.Services.ServiceServices - Leave method [CountTotalPages]
2018-03-03 19:36:33,417 [7] DEBUG Service.Business.Services.ServiceServices - Enter method [CountTotalPages]
2018-03-03 19:36:33,471 [7] DEBUG Infrastructure.Data.Repositories.ServiceRepository - Enter method [CountTotalPages]
2018-03-03 19:36:33,530 [7] DEBUG Infrastructure.Data.Repositories.ServiceRepository - Enter method [CountAllServices]
2018-03-03 19:36:33,598 [7] INFO  Infrastructure.Data.Repositories.ServiceRepository - Found: [127] servies
2018-03-03 19:36:33,680 [7] DEBUG Infrastructure.Data.Repositories.ServiceRepository - Leave method [CountAllServices]
2018-03-03 19:36:33,725 [7] DEBUG Infrastructure.Data.Repositories.ServiceRepository - Enter method [CountAllServices]
2018-03-03 19:36:33,786 [7] INFO  Infrastructure.Data.Repositories.ServiceRepository - Found: [127] servies
2018-03-03 19:36:33,845 [7] DEBUG Infrastructure.Data.Repositories.ServiceRepository - Leave method [CountAllServices]
2018-03-03 19:36:33,908 [7] INFO  Infrastructure.Data.Repositories.ServiceRepository - Calculate [7] pages services
2018-03-03 19:36:33,953 [7] DEBUG Infrastructure.Data.Repositories.ServiceRepository - Leave method [CountTotalPages]
2018-03-03 19:36:33,996 [7] DEBUG Service.Business.Services.ServiceServices - Leave method [CountTotalPages]
2018-03-03 19:36:34,049 [7] DEBUG SMGS.Presentation.ViewModel.VM_Convert.ConvertVM - Enter method [ListServices_To_VMListServices]
2018-03-03 19:36:34,105 [7] DEBUG SMGS.Presentation.ViewModel.VM_Convert.ConvertVM - Leave method [ListServices_To_VMListServices]
2018-03-03 19:36:34,174 [7] DEBUG SMGS.Presentation.Controllers.adminController - Leave method [ServicesAdmin]
