2018-04-22 19:43:39,355 [1] ERROR SMGS.Presentation.App_Start.Customize - Error: [Access to the path 'C:\Windows\Globalization\sz-VN.nlp' is denied.]
2018-04-22 19:43:47,542 [9] DEBUG Infrastructure.Data.Repositories.StaffRepository - Enter method [.ctor]
2018-04-22 19:43:47,546 [9] INFO  Infrastructure.Data.Repositories.StaffRepository - Success setting value to empPerPage attribute value: [20]
2018-04-22 19:43:47,551 [9] DEBUG Infrastructure.Data.Repositories.StaffRepository - Leave method [.ctor]
2018-04-22 19:43:47,552 [9] DEBUG Service.Business.Services.StaffServices - Enter method [.ctor]
2018-04-22 19:43:47,556 [9] INFO  Service.Business.Services.StaffServices - Success setting values for attributes
2018-04-22 19:43:47,560 [9] DEBUG Service.Business.Services.StaffServices - Leave method [.ctor]
2018-04-22 19:43:47,576 [9] DEBUG Infrastructure.Data.Repositories.ContactInformationRepository - Enter method [.ctor]
2018-04-22 19:43:47,580 [9] INFO  Infrastructure.Data.Repositories.ContactInformationRepository - Success setting values for attributes
2018-04-22 19:43:47,584 [9] DEBUG Infrastructure.Data.Repositories.ContactInformationRepository - Leave method [.ctor]
2018-04-22 19:43:47,588 [9] DEBUG Service.Business.Services.ContactInformationServices - Enter method [.ctor]
2018-04-22 19:43:47,592 [9] DEBUG Service.Business.Services.ContactInformationServices - Leave method [.ctor]
2018-04-22 19:43:47,600 [9] DEBUG Infrastructure.Data.Repositories.ServiceRepository - Enter method [.ctor]
2018-04-22 19:43:47,608 [9] INFO  Infrastructure.Data.Repositories.ServiceRepository - Success setting value to servicesPerPage attribute value: [20]
2018-04-22 19:43:47,612 [9] INFO  Infrastructure.Data.Repositories.ServiceRepository - Setting value for attributes
2018-04-22 19:43:47,616 [9] DEBUG Infrastructure.Data.Repositories.ServiceRepository - Leave method [.ctor]
2018-04-22 19:43:47,620 [9] DEBUG Service.Business.Services.ServiceServices - Enter method [.ctor]
2018-04-22 19:43:47,624 [9] INFO  Service.Business.Services.ServiceServices - Success setting values for attributes
2018-04-22 19:43:47,628 [9] DEBUG Service.Business.Services.ServiceServices - Leave method [.ctor]
2018-04-22 19:43:47,639 [9] DEBUG Infrastructure.Data.Repositories.SalaryRepository - Enter method [.ctor]
2018-04-22 19:43:47,642 [9] INFO  Infrastructure.Data.Repositories.SalaryRepository - Success setting value to servicesPerPage attribute value: [3]
2018-04-22 19:43:47,647 [9] INFO  Infrastructure.Data.Repositories.SalaryRepository - Success set value for attributes
2018-04-22 19:43:47,650 [9] DEBUG Infrastructure.Data.Repositories.SalaryRepository - Leave method [.ctor]
2018-04-22 19:43:47,656 [9] DEBUG Infrastructure.Data.Repositories.ReferenceRepository - Enter method [.ctor]
2018-04-22 19:43:47,660 [9] INFO  Infrastructure.Data.Repositories.ReferenceRepository - Success set values for attributes
2018-04-22 19:43:47,664 [9] DEBUG Infrastructure.Data.Repositories.ReferenceRepository - Leave method [.ctor]
2018-04-22 19:43:47,668 [9] DEBUG Service.Business.Services.ReferenceServices - Enter method [.ctor]
2018-04-22 19:43:47,672 [9] INFO  Service.Business.Services.ReferenceServices - Success set value for attributes
2018-04-22 19:43:47,676 [9] DEBUG Service.Business.Services.ReferenceServices - Leave method [.ctor]
2018-04-22 19:43:47,688 [9] DEBUG Service.Business.Services.NotificationServices - Enter method [.ctor]
2018-04-22 19:43:47,692 [9] DEBUG Service.Business.Services.NotificationServices - Leave method [.ctor]
2018-04-22 19:43:47,700 [9] DEBUG Infrastructure.Data.Repositories.BookingRepository - Enter method [.ctor]
2018-04-22 19:43:47,704 [9] DEBUG Infrastructure.Data.Repositories.BookingRepository - Leave method [.ctor]
2018-04-22 19:43:47,712 [9] DEBUG Infrastructure.Data.Repositories.BedRepository - Enter method [.ctor]
2018-04-22 19:43:47,716 [9] INFO  Infrastructure.Data.Repositories.BedRepository - Success setting value to bedPerPage attribute value: [20]
2018-04-22 19:43:47,720 [9] INFO  Infrastructure.Data.Repositories.BedRepository - Success setting values for attribbutes
2018-04-22 19:43:47,724 [9] DEBUG Infrastructure.Data.Repositories.BedRepository - Leave method [.ctor]
2018-04-22 19:43:47,728 [9] DEBUG SMGS.Presentation.Controllers.AdminController - Enter method [.ctor]
2018-04-22 19:43:47,732 [9] INFO  SMGS.Presentation.Controllers.AdminController - Success set value to attributes
2018-04-22 19:43:47,738 [9] DEBUG SMGS.Presentation.Controllers.AdminController - Leave method [.ctor]
2018-04-22 19:43:47,792 [9] DEBUG SMGS.Presentation.Controllers.AdminController - Enter method [Index]
2018-04-22 19:43:47,796 [9] DEBUG SMGS.Presentation.Controllers.AdminController - Leave method [Index]
2018-04-22 19:43:48,360 [14] DEBUG Infrastructure.Data.Repositories.StaffRepository - Enter method [.ctor]
2018-04-22 19:43:48,368 [14] INFO  Infrastructure.Data.Repositories.StaffRepository - Success setting value to empPerPage attribute value: [20]
2018-04-22 19:43:48,376 [14] DEBUG Infrastructure.Data.Repositories.StaffRepository - Leave method [.ctor]
2018-04-22 19:43:48,384 [14] DEBUG Service.Business.Services.StaffServices - Enter method [.ctor]
2018-04-22 19:43:48,388 [14] INFO  Service.Business.Services.StaffServices - Success setting values for attributes
2018-04-22 19:43:48,396 [14] DEBUG Service.Business.Services.StaffServices - Leave method [.ctor]
2018-04-22 19:43:48,404 [14] DEBUG Infrastructure.Data.Repositories.ContactInformationRepository - Enter method [.ctor]
2018-04-22 19:43:48,412 [14] INFO  Infrastructure.Data.Repositories.ContactInformationRepository - Success setting values for attributes
2018-04-22 19:43:48,416 [14] DEBUG Infrastructure.Data.Repositories.ContactInformationRepository - Leave method [.ctor]
2018-04-22 19:43:48,420 [14] DEBUG Service.Business.Services.ContactInformationServices - Enter method [.ctor]
2018-04-22 19:43:48,424 [14] DEBUG Service.Business.Services.ContactInformationServices - Leave method [.ctor]
2018-04-22 19:43:48,428 [14] DEBUG Infrastructure.Data.Repositories.ServiceRepository - Enter method [.ctor]
2018-04-22 19:43:48,432 [14] INFO  Infrastructure.Data.Repositories.ServiceRepository - Success setting value to servicesPerPage attribute value: [20]
2018-04-22 19:43:48,438 [14] INFO  Infrastructure.Data.Repositories.ServiceRepository - Setting value for attributes
2018-04-22 19:43:48,442 [14] DEBUG Infrastructure.Data.Repositories.ServiceRepository - Leave method [.ctor]
2018-04-22 19:43:48,446 [14] DEBUG Service.Business.Services.ServiceServices - Enter method [.ctor]
2018-04-22 19:43:48,450 [14] INFO  Service.Business.Services.ServiceServices - Success setting values for attributes
2018-04-22 19:43:48,452 [14] DEBUG Service.Business.Services.ServiceServices - Leave method [.ctor]
2018-04-22 19:43:48,456 [14] DEBUG Infrastructure.Data.Repositories.SalaryRepository - Enter method [.ctor]
2018-04-22 19:43:48,460 [14] INFO  Infrastructure.Data.Repositories.SalaryRepository - Success setting value to servicesPerPage attribute value: [3]
2018-04-22 19:43:48,464 [14] INFO  Infrastructure.Data.Repositories.SalaryRepository - Success set value for attributes
2018-04-22 19:43:48,468 [14] DEBUG Infrastructure.Data.Repositories.SalaryRepository - Leave method [.ctor]
2018-04-22 19:43:48,472 [14] DEBUG Infrastructure.Data.Repositories.ReferenceRepository - Enter method [.ctor]
2018-04-22 19:43:48,476 [14] INFO  Infrastructure.Data.Repositories.ReferenceRepository - Success set values for attributes
2018-04-22 19:43:48,480 [14] DEBUG Infrastructure.Data.Repositories.ReferenceRepository - Leave method [.ctor]
2018-04-22 19:43:48,484 [14] DEBUG Service.Business.Services.ReferenceServices - Enter method [.ctor]
2018-04-22 19:43:48,488 [14] INFO  Service.Business.Services.ReferenceServices - Success set value for attributes
2018-04-22 19:43:48,492 [14] DEBUG Service.Business.Services.ReferenceServices - Leave method [.ctor]
2018-04-22 19:43:48,496 [14] DEBUG Service.Business.Services.NotificationServices - Enter method [.ctor]
2018-04-22 19:43:48,500 [14] DEBUG Service.Business.Services.NotificationServices - Leave method [.ctor]
2018-04-22 19:43:48,504 [14] DEBUG Infrastructure.Data.Repositories.BookingRepository - Enter method [.ctor]
2018-04-22 19:43:48,508 [14] DEBUG Infrastructure.Data.Repositories.BookingRepository - Leave method [.ctor]
2018-04-22 19:43:48,512 [14] DEBUG Infrastructure.Data.Repositories.BedRepository - Enter method [.ctor]
2018-04-22 19:43:48,516 [14] INFO  Infrastructure.Data.Repositories.BedRepository - Success setting value to bedPerPage attribute value: [20]
2018-04-22 19:43:48,520 [14] INFO  Infrastructure.Data.Repositories.BedRepository - Success setting values for attribbutes
2018-04-22 19:43:48,524 [14] DEBUG Infrastructure.Data.Repositories.BedRepository - Leave method [.ctor]
2018-04-22 19:43:48,528 [14] DEBUG SMGS.Presentation.Controllers.AdminController - Enter method [.ctor]
2018-04-22 19:43:48,532 [14] INFO  SMGS.Presentation.Controllers.AdminController - Success set value to attributes
2018-04-22 19:43:48,539 [14] DEBUG SMGS.Presentation.Controllers.AdminController - Leave method [.ctor]
2018-04-22 19:43:48,543 [14] DEBUG SMGS.Presentation.Controllers.AdminController - Enter method [FirstCountNotification]
2018-04-22 19:43:48,547 [14] DEBUG Service.Business.Services.NotificationServices - Enter method [CountNotificationForAccount]
2018-04-22 19:43:48,552 [14] DEBUG Infrastructure.Data.Repositories.NotificationRepository - Enter method [CountNotificationForAccount]
2018-04-22 19:43:51,704 [14] INFO  Infrastructure.Data.Repositories.NotificationRepository - Found [0] notifications for account with Id: [-1] not read yet
2018-04-22 19:43:51,704 [14] DEBUG Infrastructure.Data.Repositories.NotificationRepository - Leave method [CountNotificationForAccount]
2018-04-22 19:43:51,704 [14] DEBUG Service.Business.Services.NotificationServices - Leave method [CountNotificationForAccount]
2018-04-22 19:43:51,719 [14] DEBUG SMGS.Presentation.Controllers.AdminController - Leave method [FirstCountNotification]
2018-04-22 19:48:51,936 [8] ERROR SMGS.Presentation.App_Start.Customize - Error: [Access to the path 'C:\Windows\Globalization\sz-VN.nlp' is denied.]
2018-04-22 19:50:29,283 [11] DEBUG Infrastructure.Data.Repositories.StaffRepository - Enter method [.ctor]
2018-04-22 19:50:29,287 [11] INFO  Infrastructure.Data.Repositories.StaffRepository - Success setting value to empPerPage attribute value: [20]
2018-04-22 19:50:29,291 [11] DEBUG Infrastructure.Data.Repositories.StaffRepository - Leave method [.ctor]
2018-04-22 19:50:29,299 [11] DEBUG Service.Business.Services.StaffServices - Enter method [.ctor]
2018-04-22 19:50:29,303 [11] INFO  Service.Business.Services.StaffServices - Success setting values for attributes
2018-04-22 19:50:29,307 [11] DEBUG Service.Business.Services.StaffServices - Leave method [.ctor]
2018-04-22 19:50:29,311 [11] DEBUG Infrastructure.Data.Repositories.ContactInformationRepository - Enter method [.ctor]
2018-04-22 19:50:29,315 [11] INFO  Infrastructure.Data.Repositories.ContactInformationRepository - Success setting values for attributes
2018-04-22 19:50:29,319 [11] DEBUG Infrastructure.Data.Repositories.ContactInformationRepository - Leave method [.ctor]
2018-04-22 19:50:29,323 [11] DEBUG Service.Business.Services.ContactInformationServices - Enter method [.ctor]
2018-04-22 19:50:29,327 [11] DEBUG Service.Business.Services.ContactInformationServices - Leave method [.ctor]
2018-04-22 19:50:29,334 [11] DEBUG Infrastructure.Data.Repositories.ServiceRepository - Enter method [.ctor]
2018-04-22 19:50:29,338 [11] INFO  Infrastructure.Data.Repositories.ServiceRepository - Success setting value to servicesPerPage attribute value: [20]
2018-04-22 19:50:29,342 [11] INFO  Infrastructure.Data.Repositories.ServiceRepository - Setting value for attributes
2018-04-22 19:50:29,343 [11] DEBUG Infrastructure.Data.Repositories.ServiceRepository - Leave method [.ctor]
2018-04-22 19:50:29,347 [11] DEBUG Service.Business.Services.ServiceServices - Enter method [.ctor]
2018-04-22 19:50:29,351 [11] INFO  Service.Business.Services.ServiceServices - Success setting values for attributes
2018-04-22 19:50:29,355 [11] DEBUG Service.Business.Services.ServiceServices - Leave method [.ctor]
2018-04-22 19:50:29,359 [11] DEBUG Infrastructure.Data.Repositories.SalaryRepository - Enter method [.ctor]
2018-04-22 19:50:29,367 [11] INFO  Infrastructure.Data.Repositories.SalaryRepository - Success setting value to servicesPerPage attribute value: [3]
2018-04-22 19:50:29,367 [11] INFO  Infrastructure.Data.Repositories.SalaryRepository - Success set value for attributes
2018-04-22 19:50:29,375 [11] DEBUG Infrastructure.Data.Repositories.SalaryRepository - Leave method [.ctor]
2018-04-22 19:50:29,379 [11] DEBUG Infrastructure.Data.Repositories.ReferenceRepository - Enter method [.ctor]
2018-04-22 19:50:29,383 [11] INFO  Infrastructure.Data.Repositories.ReferenceRepository - Success set values for attributes
2018-04-22 19:50:29,387 [11] DEBUG Infrastructure.Data.Repositories.ReferenceRepository - Leave method [.ctor]
2018-04-22 19:50:29,391 [11] DEBUG Service.Business.Services.ReferenceServices - Enter method [.ctor]
2018-04-22 19:50:29,395 [11] INFO  Service.Business.Services.ReferenceServices - Success set value for attributes
2018-04-22 19:50:29,399 [11] DEBUG Service.Business.Services.ReferenceServices - Leave method [.ctor]
2018-04-22 19:50:29,403 [11] DEBUG Service.Business.Services.NotificationServices - Enter method [.ctor]
2018-04-22 19:50:29,407 [11] DEBUG Service.Business.Services.NotificationServices - Leave method [.ctor]
2018-04-22 19:50:29,411 [11] DEBUG Infrastructure.Data.Repositories.BookingRepository - Enter method [.ctor]
2018-04-22 19:50:29,415 [11] DEBUG Infrastructure.Data.Repositories.BookingRepository - Leave method [.ctor]
2018-04-22 19:50:29,419 [11] DEBUG Infrastructure.Data.Repositories.BedRepository - Enter method [.ctor]
2018-04-22 19:50:29,427 [11] INFO  Infrastructure.Data.Repositories.BedRepository - Success setting value to bedPerPage attribute value: [20]
2018-04-22 19:50:29,431 [11] INFO  Infrastructure.Data.Repositories.BedRepository - Success setting values for attribbutes
2018-04-22 19:50:29,435 [11] DEBUG Infrastructure.Data.Repositories.BedRepository - Leave method [.ctor]
2018-04-22 19:50:29,439 [11] DEBUG SMGS.Presentation.Controllers.AdminController - Enter method [.ctor]
2018-04-22 19:50:29,443 [11] INFO  SMGS.Presentation.Controllers.AdminController - Success set value to attributes
2018-04-22 19:50:29,447 [11] DEBUG SMGS.Presentation.Controllers.AdminController - Leave method [.ctor]
2018-04-22 19:50:29,451 [11] DEBUG SMGS.Presentation.Controllers.AdminController - Enter method [Index]
2018-04-22 19:50:29,455 [11] DEBUG SMGS.Presentation.Controllers.AdminController - Leave method [Index]
2018-04-22 19:50:29,679 [15] DEBUG Infrastructure.Data.Repositories.StaffRepository - Enter method [.ctor]
2018-04-22 19:50:29,683 [15] INFO  Infrastructure.Data.Repositories.StaffRepository - Success setting value to empPerPage attribute value: [20]
2018-04-22 19:50:29,691 [15] DEBUG Infrastructure.Data.Repositories.StaffRepository - Leave method [.ctor]
2018-04-22 19:50:29,695 [15] DEBUG Service.Business.Services.StaffServices - Enter method [.ctor]
2018-04-22 19:50:29,703 [15] INFO  Service.Business.Services.StaffServices - Success setting values for attributes
2018-04-22 19:50:29,711 [15] DEBUG Service.Business.Services.StaffServices - Leave method [.ctor]
2018-04-22 19:50:29,719 [15] DEBUG Infrastructure.Data.Repositories.ContactInformationRepository - Enter method [.ctor]
2018-04-22 19:50:29,723 [15] INFO  Infrastructure.Data.Repositories.ContactInformationRepository - Success setting values for attributes
2018-04-22 19:50:29,733 [15] DEBUG Infrastructure.Data.Repositories.ContactInformationRepository - Leave method [.ctor]
2018-04-22 19:50:29,738 [15] DEBUG Service.Business.Services.ContactInformationServices - Enter method [.ctor]
2018-04-22 19:50:29,743 [15] DEBUG Service.Business.Services.ContactInformationServices - Leave method [.ctor]
2018-04-22 19:50:29,747 [15] DEBUG Infrastructure.Data.Repositories.ServiceRepository - Enter method [.ctor]
2018-04-22 19:50:29,751 [15] INFO  Infrastructure.Data.Repositories.ServiceRepository - Success setting value to servicesPerPage attribute value: [20]
2018-04-22 19:50:29,755 [15] INFO  Infrastructure.Data.Repositories.ServiceRepository - Setting value for attributes
2018-04-22 19:50:29,759 [15] DEBUG Infrastructure.Data.Repositories.ServiceRepository - Leave method [.ctor]
2018-04-22 19:50:29,763 [15] DEBUG Service.Business.Services.ServiceServices - Enter method [.ctor]
2018-04-22 19:50:29,767 [15] INFO  Service.Business.Services.ServiceServices - Success setting values for attributes
2018-04-22 19:50:29,775 [15] DEBUG Service.Business.Services.ServiceServices - Leave method [.ctor]
2018-04-22 19:50:29,779 [15] DEBUG Infrastructure.Data.Repositories.SalaryRepository - Enter method [.ctor]
2018-04-22 19:50:29,783 [15] INFO  Infrastructure.Data.Repositories.SalaryRepository - Success setting value to servicesPerPage attribute value: [3]
2018-04-22 19:50:29,787 [15] INFO  Infrastructure.Data.Repositories.SalaryRepository - Success set value for attributes
2018-04-22 19:50:29,791 [15] DEBUG Infrastructure.Data.Repositories.SalaryRepository - Leave method [.ctor]
2018-04-22 19:50:29,795 [15] DEBUG Infrastructure.Data.Repositories.ReferenceRepository - Enter method [.ctor]
2018-04-22 19:50:29,799 [15] INFO  Infrastructure.Data.Repositories.ReferenceRepository - Success set values for attributes
2018-04-22 19:50:29,803 [15] DEBUG Infrastructure.Data.Repositories.ReferenceRepository - Leave method [.ctor]
2018-04-22 19:50:29,807 [15] DEBUG Service.Business.Services.ReferenceServices - Enter method [.ctor]
2018-04-22 19:50:29,811 [15] INFO  Service.Business.Services.ReferenceServices - Success set value for attributes
2018-04-22 19:50:29,815 [15] DEBUG Service.Business.Services.ReferenceServices - Leave method [.ctor]
2018-04-22 19:50:29,819 [15] DEBUG Service.Business.Services.NotificationServices - Enter method [.ctor]
2018-04-22 19:50:29,823 [15] DEBUG Service.Business.Services.NotificationServices - Leave method [.ctor]
2018-04-22 19:50:29,827 [15] DEBUG Infrastructure.Data.Repositories.BookingRepository - Enter method [.ctor]
2018-04-22 19:50:29,832 [15] DEBUG Infrastructure.Data.Repositories.BookingRepository - Leave method [.ctor]
2018-04-22 19:50:29,836 [15] DEBUG Infrastructure.Data.Repositories.BedRepository - Enter method [.ctor]
2018-04-22 19:50:29,840 [15] INFO  Infrastructure.Data.Repositories.BedRepository - Success setting value to bedPerPage attribute value: [20]
2018-04-22 19:50:29,843 [15] INFO  Infrastructure.Data.Repositories.BedRepository - Success setting values for attribbutes
2018-04-22 19:50:29,847 [15] DEBUG Infrastructure.Data.Repositories.BedRepository - Leave method [.ctor]
2018-04-22 19:50:29,851 [15] DEBUG SMGS.Presentation.Controllers.AdminController - Enter method [.ctor]
2018-04-22 19:50:29,855 [15] INFO  SMGS.Presentation.Controllers.AdminController - Success set value to attributes
2018-04-22 19:50:29,859 [15] DEBUG SMGS.Presentation.Controllers.AdminController - Leave method [.ctor]
2018-04-22 19:50:29,863 [15] DEBUG SMGS.Presentation.Controllers.AdminController - Enter method [FirstCountNotification]
2018-04-22 19:50:29,867 [15] DEBUG Service.Business.Services.NotificationServices - Enter method [CountNotificationForAccount]
2018-04-22 19:50:29,871 [15] DEBUG Infrastructure.Data.Repositories.NotificationRepository - Enter method [CountNotificationForAccount]
2018-04-22 19:50:29,951 [15] INFO  Infrastructure.Data.Repositories.NotificationRepository - Found [0] notifications for account with Id: [-1] not read yet
2018-04-22 19:50:29,955 [15] DEBUG Infrastructure.Data.Repositories.NotificationRepository - Leave method [CountNotificationForAccount]
2018-04-22 19:50:29,959 [15] DEBUG Service.Business.Services.NotificationServices - Leave method [CountNotificationForAccount]
2018-04-22 19:50:29,963 [15] DEBUG SMGS.Presentation.Controllers.AdminController - Leave method [FirstCountNotification]
2018-04-22 19:50:30,224 [20] DEBUG Infrastructure.Data.Repositories.StaffRepository - Enter method [.ctor]
2018-04-22 19:50:30,232 [20] INFO  Infrastructure.Data.Repositories.StaffRepository - Success setting value to empPerPage attribute value: [20]
2018-04-22 19:50:30,237 [20] DEBUG Infrastructure.Data.Repositories.StaffRepository - Leave method [.ctor]
2018-04-22 19:50:30,242 [20] DEBUG Service.Business.Services.StaffServices - Enter method [.ctor]
2018-04-22 19:50:30,244 [20] INFO  Service.Business.Services.StaffServices - Success setting values for attributes
2018-04-22 19:50:30,248 [20] DEBUG Service.Business.Services.StaffServices - Leave method [.ctor]
2018-04-22 19:50:30,256 [20] DEBUG Infrastructure.Data.Repositories.ContactInformationRepository - Enter method [.ctor]
2018-04-22 19:50:30,260 [20] INFO  Infrastructure.Data.Repositories.ContactInformationRepository - Success setting values for attributes
2018-04-22 19:50:30,264 [20] DEBUG Infrastructure.Data.Repositories.ContactInformationRepository - Leave method [.ctor]
2018-04-22 19:50:30,268 [20] DEBUG Service.Business.Services.ContactInformationServices - Enter method [.ctor]
2018-04-22 19:50:30,272 [20] DEBUG Service.Business.Services.ContactInformationServices - Leave method [.ctor]
2018-04-22 19:50:30,276 [20] DEBUG Infrastructure.Data.Repositories.ServiceRepository - Enter method [.ctor]
2018-04-22 19:50:30,280 [20] INFO  Infrastructure.Data.Repositories.ServiceRepository - Success setting value to servicesPerPage attribute value: [20]
2018-04-22 19:50:30,284 [20] INFO  Infrastructure.Data.Repositories.ServiceRepository - Setting value for attributes
2018-04-22 19:50:30,288 [20] DEBUG Infrastructure.Data.Repositories.ServiceRepository - Leave method [.ctor]
2018-04-22 19:50:30,292 [20] DEBUG Service.Business.Services.ServiceServices - Enter method [.ctor]
2018-04-22 19:50:30,296 [20] INFO  Service.Business.Services.ServiceServices - Success setting values for attributes
2018-04-22 19:50:30,300 [20] DEBUG Service.Business.Services.ServiceServices - Leave method [.ctor]
2018-04-22 19:50:30,304 [20] DEBUG Infrastructure.Data.Repositories.SalaryRepository - Enter method [.ctor]
2018-04-22 19:50:30,308 [20] INFO  Infrastructure.Data.Repositories.SalaryRepository - Success setting value to servicesPerPage attribute value: [3]
2018-04-22 19:50:30,312 [20] INFO  Infrastructure.Data.Repositories.SalaryRepository - Success set value for attributes
2018-04-22 19:50:30,316 [20] DEBUG Infrastructure.Data.Repositories.SalaryRepository - Leave method [.ctor]
2018-04-22 19:50:30,320 [20] DEBUG Infrastructure.Data.Repositories.ReferenceRepository - Enter method [.ctor]
2018-04-22 19:50:30,324 [20] INFO  Infrastructure.Data.Repositories.ReferenceRepository - Success set values for attributes
2018-04-22 19:50:30,331 [20] DEBUG Infrastructure.Data.Repositories.ReferenceRepository - Leave method [.ctor]
2018-04-22 19:50:30,336 [20] DEBUG Service.Business.Services.ReferenceServices - Enter method [.ctor]
2018-04-22 19:50:30,340 [20] INFO  Service.Business.Services.ReferenceServices - Success set value for attributes
2018-04-22 19:50:30,344 [20] DEBUG Service.Business.Services.ReferenceServices - Leave method [.ctor]
2018-04-22 19:50:30,348 [20] DEBUG Service.Business.Services.NotificationServices - Enter method [.ctor]
2018-04-22 19:50:30,352 [20] DEBUG Service.Business.Services.NotificationServices - Leave method [.ctor]
2018-04-22 19:50:30,356 [20] DEBUG Infrastructure.Data.Repositories.BookingRepository - Enter method [.ctor]
2018-04-22 19:50:30,360 [20] DEBUG Infrastructure.Data.Repositories.BookingRepository - Leave method [.ctor]
2018-04-22 19:50:30,364 [20] DEBUG Infrastructure.Data.Repositories.BedRepository - Enter method [.ctor]
2018-04-22 19:50:30,368 [20] INFO  Infrastructure.Data.Repositories.BedRepository - Success setting value to bedPerPage attribute value: [20]
2018-04-22 19:50:30,372 [20] INFO  Infrastructure.Data.Repositories.BedRepository - Success setting values for attribbutes
2018-04-22 19:50:30,376 [20] DEBUG Infrastructure.Data.Repositories.BedRepository - Leave method [.ctor]
2018-04-22 19:50:30,380 [20] DEBUG SMGS.Presentation.Controllers.AdminController - Enter method [.ctor]
2018-04-22 19:50:30,384 [20] INFO  SMGS.Presentation.Controllers.AdminController - Success set value to attributes
2018-04-22 19:50:30,388 [20] DEBUG SMGS.Presentation.Controllers.AdminController - Leave method [.ctor]
2018-04-22 19:50:30,392 [20] DEBUG SMGS.Presentation.Controllers.AdminController - Enter method [Index]
2018-04-22 19:50:30,396 [20] DEBUG SMGS.Presentation.Controllers.AdminController - Leave method [Index]
2018-04-22 19:50:30,541 [12] DEBUG Infrastructure.Data.Repositories.StaffRepository - Enter method [.ctor]
2018-04-22 19:50:30,544 [12] INFO  Infrastructure.Data.Repositories.StaffRepository - Success setting value to empPerPage attribute value: [20]
2018-04-22 19:50:30,552 [12] DEBUG Infrastructure.Data.Repositories.StaffRepository - Leave method [.ctor]
2018-04-22 19:50:30,560 [12] DEBUG Service.Business.Services.StaffServices - Enter method [.ctor]
2018-04-22 19:50:30,568 [12] INFO  Service.Business.Services.StaffServices - Success setting values for attributes
2018-04-22 19:50:30,572 [12] DEBUG Service.Business.Services.StaffServices - Leave method [.ctor]
2018-04-22 19:50:30,580 [12] DEBUG Infrastructure.Data.Repositories.ContactInformationRepository - Enter method [.ctor]
2018-04-22 19:50:30,584 [12] INFO  Infrastructure.Data.Repositories.ContactInformationRepository - Success setting values for attributes
2018-04-22 19:50:30,588 [12] DEBUG Infrastructure.Data.Repositories.ContactInformationRepository - Leave method [.ctor]
2018-04-22 19:50:30,596 [12] DEBUG Service.Business.Services.ContactInformationServices - Enter method [.ctor]
2018-04-22 19:50:30,600 [12] DEBUG Service.Business.Services.ContactInformationServices - Leave method [.ctor]
2018-04-22 19:50:30,604 [12] DEBUG Infrastructure.Data.Repositories.ServiceRepository - Enter method [.ctor]
2018-04-22 19:50:30,608 [12] INFO  Infrastructure.Data.Repositories.ServiceRepository - Success setting value to servicesPerPage attribute value: [20]
2018-04-22 19:50:30,612 [12] INFO  Infrastructure.Data.Repositories.ServiceRepository - Setting value for attributes
2018-04-22 19:50:30,616 [12] DEBUG Infrastructure.Data.Repositories.ServiceRepository - Leave method [.ctor]
2018-04-22 19:50:30,620 [12] DEBUG Service.Business.Services.ServiceServices - Enter method [.ctor]
2018-04-22 19:50:30,624 [12] INFO  Service.Business.Services.ServiceServices - Success setting values for attributes
2018-04-22 19:50:30,628 [12] DEBUG Service.Business.Services.ServiceServices - Leave method [.ctor]
2018-04-22 19:50:30,636 [12] DEBUG Infrastructure.Data.Repositories.SalaryRepository - Enter method [.ctor]
2018-04-22 19:50:30,640 [12] INFO  Infrastructure.Data.Repositories.SalaryRepository - Success setting value to servicesPerPage attribute value: [3]
2018-04-22 19:50:30,644 [12] INFO  Infrastructure.Data.Repositories.SalaryRepository - Success set value for attributes
2018-04-22 19:50:30,644 [12] DEBUG Infrastructure.Data.Repositories.SalaryRepository - Leave method [.ctor]
2018-04-22 19:50:30,652 [12] DEBUG Infrastructure.Data.Repositories.ReferenceRepository - Enter method [.ctor]
2018-04-22 19:50:30,656 [12] INFO  Infrastructure.Data.Repositories.ReferenceRepository - Success set values for attributes
2018-04-22 19:50:30,656 [12] DEBUG Infrastructure.Data.Repositories.ReferenceRepository - Leave method [.ctor]
2018-04-22 19:50:30,660 [12] DEBUG Service.Business.Services.ReferenceServices - Enter method [.ctor]
2018-04-22 19:50:30,664 [12] INFO  Service.Business.Services.ReferenceServices - Success set value for attributes
2018-04-22 19:50:30,668 [12] DEBUG Service.Business.Services.ReferenceServices - Leave method [.ctor]
2018-04-22 19:50:30,672 [12] DEBUG Service.Business.Services.NotificationServices - Enter method [.ctor]
2018-04-22 19:50:30,676 [12] DEBUG Service.Business.Services.NotificationServices - Leave method [.ctor]
2018-04-22 19:50:30,680 [12] DEBUG Infrastructure.Data.Repositories.BookingRepository - Enter method [.ctor]
2018-04-22 19:50:30,684 [12] DEBUG Infrastructure.Data.Repositories.BookingRepository - Leave method [.ctor]
2018-04-22 19:50:30,688 [12] DEBUG Infrastructure.Data.Repositories.BedRepository - Enter method [.ctor]
2018-04-22 19:50:30,692 [12] INFO  Infrastructure.Data.Repositories.BedRepository - Success setting value to bedPerPage attribute value: [20]
2018-04-22 19:50:30,696 [12] INFO  Infrastructure.Data.Repositories.BedRepository - Success setting values for attribbutes
2018-04-22 19:50:30,700 [12] DEBUG Infrastructure.Data.Repositories.BedRepository - Leave method [.ctor]
2018-04-22 19:50:30,704 [12] DEBUG SMGS.Presentation.Controllers.AdminController - Enter method [.ctor]
2018-04-22 19:50:30,708 [12] INFO  SMGS.Presentation.Controllers.AdminController - Success set value to attributes
2018-04-22 19:50:30,712 [12] DEBUG SMGS.Presentation.Controllers.AdminController - Leave method [.ctor]
2018-04-22 19:50:30,720 [12] DEBUG SMGS.Presentation.Controllers.AdminController - Enter method [FirstCountNotification]
2018-04-22 19:50:30,724 [12] DEBUG Service.Business.Services.NotificationServices - Enter method [CountNotificationForAccount]
2018-04-22 19:50:30,730 [12] DEBUG Infrastructure.Data.Repositories.NotificationRepository - Enter method [CountNotificationForAccount]
2018-04-22 19:50:30,736 [12] INFO  Infrastructure.Data.Repositories.NotificationRepository - Found [0] notifications for account with Id: [-1] not read yet
2018-04-22 19:50:30,740 [12] DEBUG Infrastructure.Data.Repositories.NotificationRepository - Leave method [CountNotificationForAccount]
2018-04-22 19:50:30,744 [12] DEBUG Service.Business.Services.NotificationServices - Leave method [CountNotificationForAccount]
2018-04-22 19:50:30,748 [12] DEBUG SMGS.Presentation.Controllers.AdminController - Leave method [FirstCountNotification]
2018-04-22 19:50:31,118 [7] DEBUG Infrastructure.Data.Repositories.StaffRepository - Enter method [.ctor]
2018-04-22 19:50:31,126 [7] INFO  Infrastructure.Data.Repositories.StaffRepository - Success setting value to empPerPage attribute value: [20]
2018-04-22 19:50:31,131 [7] DEBUG Infrastructure.Data.Repositories.StaffRepository - Leave method [.ctor]
2018-04-22 19:50:31,136 [7] DEBUG Service.Business.Services.StaffServices - Enter method [.ctor]
2018-04-22 19:50:31,140 [7] INFO  Service.Business.Services.StaffServices - Success setting values for attributes
2018-04-22 19:50:31,145 [7] DEBUG Service.Business.Services.StaffServices - Leave method [.ctor]
2018-04-22 19:50:31,146 [7] DEBUG Infrastructure.Data.Repositories.ContactInformationRepository - Enter method [.ctor]
2018-04-22 19:50:31,154 [7] INFO  Infrastructure.Data.Repositories.ContactInformationRepository - Success setting values for attributes
2018-04-22 19:50:31,158 [7] DEBUG Infrastructure.Data.Repositories.ContactInformationRepository - Leave method [.ctor]
2018-04-22 19:50:31,162 [7] DEBUG Service.Business.Services.ContactInformationServices - Enter method [.ctor]
2018-04-22 19:50:31,166 [7] DEBUG Service.Business.Services.ContactInformationServices - Leave method [.ctor]
2018-04-22 19:50:31,170 [7] DEBUG Infrastructure.Data.Repositories.ServiceRepository - Enter method [.ctor]
2018-04-22 19:50:31,174 [7] INFO  Infrastructure.Data.Repositories.ServiceRepository - Success setting value to servicesPerPage attribute value: [20]
2018-04-22 19:50:31,178 [7] INFO  Infrastructure.Data.Repositories.ServiceRepository - Setting value for attributes
2018-04-22 19:50:31,182 [7] DEBUG Infrastructure.Data.Repositories.ServiceRepository - Leave method [.ctor]
2018-04-22 19:50:31,186 [7] DEBUG Service.Business.Services.ServiceServices - Enter method [.ctor]
2018-04-22 19:50:31,194 [7] INFO  Service.Business.Services.ServiceServices - Success setting values for attributes
2018-04-22 19:50:31,198 [7] DEBUG Service.Business.Services.ServiceServices - Leave method [.ctor]
2018-04-22 19:50:31,202 [7] DEBUG Infrastructure.Data.Repositories.SalaryRepository - Enter method [.ctor]
2018-04-22 19:50:31,206 [7] INFO  Infrastructure.Data.Repositories.SalaryRepository - Success setting value to servicesPerPage attribute value: [3]
2018-04-22 19:50:31,210 [7] INFO  Infrastructure.Data.Repositories.SalaryRepository - Success set value for attributes
2018-04-22 19:50:31,214 [7] DEBUG Infrastructure.Data.Repositories.SalaryRepository - Leave method [.ctor]
2018-04-22 19:50:31,218 [7] DEBUG Infrastructure.Data.Repositories.ReferenceRepository - Enter method [.ctor]
2018-04-22 19:50:31,222 [7] INFO  Infrastructure.Data.Repositories.ReferenceRepository - Success set values for attributes
2018-04-22 19:50:31,226 [7] DEBUG Infrastructure.Data.Repositories.ReferenceRepository - Leave method [.ctor]
2018-04-22 19:50:31,233 [7] DEBUG Service.Business.Services.ReferenceServices - Enter method [.ctor]
2018-04-22 19:50:31,238 [7] INFO  Service.Business.Services.ReferenceServices - Success set value for attributes
2018-04-22 19:50:31,241 [7] DEBUG Service.Business.Services.ReferenceServices - Leave method [.ctor]
2018-04-22 19:50:31,245 [7] DEBUG Service.Business.Services.NotificationServices - Enter method [.ctor]
2018-04-22 19:50:31,249 [7] DEBUG Service.Business.Services.NotificationServices - Leave method [.ctor]
2018-04-22 19:50:31,253 [7] DEBUG Infrastructure.Data.Repositories.BookingRepository - Enter method [.ctor]
2018-04-22 19:50:31,257 [7] DEBUG Infrastructure.Data.Repositories.BookingRepository - Leave method [.ctor]
2018-04-22 19:50:31,261 [7] DEBUG Infrastructure.Data.Repositories.BedRepository - Enter method [.ctor]
2018-04-22 19:50:31,265 [7] INFO  Infrastructure.Data.Repositories.BedRepository - Success setting value to bedPerPage attribute value: [20]
2018-04-22 19:50:31,269 [7] INFO  Infrastructure.Data.Repositories.BedRepository - Success setting values for attribbutes
2018-04-22 19:50:31,277 [7] DEBUG Infrastructure.Data.Repositories.BedRepository - Leave method [.ctor]
2018-04-22 19:50:31,281 [7] DEBUG SMGS.Presentation.Controllers.AdminController - Enter method [.ctor]
2018-04-22 19:50:31,285 [7] INFO  SMGS.Presentation.Controllers.AdminController - Success set value to attributes
2018-04-22 19:50:31,289 [7] DEBUG SMGS.Presentation.Controllers.AdminController - Leave method [.ctor]
2018-04-22 19:50:31,293 [7] DEBUG SMGS.Presentation.Controllers.AdminController - Enter method [Index]
2018-04-22 19:50:31,301 [7] DEBUG SMGS.Presentation.Controllers.AdminController - Leave method [Index]
2018-04-22 19:50:31,442 [23] DEBUG Infrastructure.Data.Repositories.StaffRepository - Enter method [.ctor]
2018-04-22 19:50:31,445 [23] INFO  Infrastructure.Data.Repositories.StaffRepository - Success setting value to empPerPage attribute value: [20]
2018-04-22 19:50:31,454 [23] DEBUG Infrastructure.Data.Repositories.StaffRepository - Leave method [.ctor]
2018-04-22 19:50:31,462 [23] DEBUG Service.Business.Services.StaffServices - Enter method [.ctor]
2018-04-22 19:50:31,470 [23] INFO  Service.Business.Services.StaffServices - Success setting values for attributes
2018-04-22 19:50:31,478 [23] DEBUG Service.Business.Services.StaffServices - Leave method [.ctor]
2018-04-22 19:50:31,486 [23] DEBUG Infrastructure.Data.Repositories.ContactInformationRepository - Enter method [.ctor]
2018-04-22 19:50:31,490 [23] INFO  Infrastructure.Data.Repositories.ContactInformationRepository - Success setting values for attributes
2018-04-22 19:50:31,498 [23] DEBUG Infrastructure.Data.Repositories.ContactInformationRepository - Leave method [.ctor]
2018-04-22 19:50:31,502 [23] DEBUG Service.Business.Services.ContactInformationServices - Enter method [.ctor]
2018-04-22 19:50:31,510 [23] DEBUG Service.Business.Services.ContactInformationServices - Leave method [.ctor]
2018-04-22 19:50:31,514 [23] DEBUG Infrastructure.Data.Repositories.ServiceRepository - Enter method [.ctor]
2018-04-22 19:50:31,518 [23] INFO  Infrastructure.Data.Repositories.ServiceRepository - Success setting value to servicesPerPage attribute value: [20]
2018-04-22 19:50:31,522 [23] INFO  Infrastructure.Data.Repositories.ServiceRepository - Setting value for attributes
2018-04-22 19:50:31,526 [23] DEBUG Infrastructure.Data.Repositories.ServiceRepository - Leave method [.ctor]
2018-04-22 19:50:31,535 [23] DEBUG Service.Business.Services.ServiceServices - Enter method [.ctor]
2018-04-22 19:50:31,539 [23] INFO  Service.Business.Services.ServiceServices - Success setting values for attributes
2018-04-22 19:50:31,544 [23] DEBUG Service.Business.Services.ServiceServices - Leave method [.ctor]
2018-04-22 19:50:31,546 [23] DEBUG Infrastructure.Data.Repositories.SalaryRepository - Enter method [.ctor]
2018-04-22 19:50:31,554 [23] INFO  Infrastructure.Data.Repositories.SalaryRepository - Success setting value to servicesPerPage attribute value: [3]
2018-04-22 19:50:31,558 [23] INFO  Infrastructure.Data.Repositories.SalaryRepository - Success set value for attributes
2018-04-22 19:50:31,562 [23] DEBUG Infrastructure.Data.Repositories.SalaryRepository - Leave method [.ctor]
2018-04-22 19:50:31,566 [23] DEBUG Infrastructure.Data.Repositories.ReferenceRepository - Enter method [.ctor]
2018-04-22 19:50:31,570 [23] INFO  Infrastructure.Data.Repositories.ReferenceRepository - Success set values for attributes
2018-04-22 19:50:31,578 [23] DEBUG Infrastructure.Data.Repositories.ReferenceRepository - Leave method [.ctor]
2018-04-22 19:50:31,582 [23] DEBUG Service.Business.Services.ReferenceServices - Enter method [.ctor]
2018-04-22 19:50:31,586 [23] INFO  Service.Business.Services.ReferenceServices - Success set value for attributes
2018-04-22 19:50:31,590 [23] DEBUG Service.Business.Services.ReferenceServices - Leave method [.ctor]
2018-04-22 19:50:31,594 [23] DEBUG Service.Business.Services.NotificationServices - Enter method [.ctor]
2018-04-22 19:50:31,598 [23] DEBUG Service.Business.Services.NotificationServices - Leave method [.ctor]
2018-04-22 19:50:31,602 [23] DEBUG Infrastructure.Data.Repositories.BookingRepository - Enter method [.ctor]
2018-04-22 19:50:31,606 [23] DEBUG Infrastructure.Data.Repositories.BookingRepository - Leave method [.ctor]
2018-04-22 19:50:31,614 [23] DEBUG Infrastructure.Data.Repositories.BedRepository - Enter method [.ctor]
2018-04-22 19:50:31,618 [23] INFO  Infrastructure.Data.Repositories.BedRepository - Success setting value to bedPerPage attribute value: [20]
2018-04-22 19:50:31,622 [23] INFO  Infrastructure.Data.Repositories.BedRepository - Success setting values for attribbutes
2018-04-22 19:50:31,626 [23] DEBUG Infrastructure.Data.Repositories.BedRepository - Leave method [.ctor]
2018-04-22 19:50:31,634 [23] DEBUG SMGS.Presentation.Controllers.AdminController - Enter method [.ctor]
2018-04-22 19:50:31,638 [23] INFO  SMGS.Presentation.Controllers.AdminController - Success set value to attributes
2018-04-22 19:50:31,643 [23] DEBUG SMGS.Presentation.Controllers.AdminController - Leave method [.ctor]
2018-04-22 19:50:31,646 [23] DEBUG SMGS.Presentation.Controllers.AdminController - Enter method [FirstCountNotification]
2018-04-22 19:50:31,650 [23] DEBUG Service.Business.Services.NotificationServices - Enter method [CountNotificationForAccount]
2018-04-22 19:50:31,654 [23] DEBUG Infrastructure.Data.Repositories.NotificationRepository - Enter method [CountNotificationForAccount]
2018-04-22 19:50:31,662 [23] INFO  Infrastructure.Data.Repositories.NotificationRepository - Found [0] notifications for account with Id: [-1] not read yet
2018-04-22 19:50:31,666 [23] DEBUG Infrastructure.Data.Repositories.NotificationRepository - Leave method [CountNotificationForAccount]
2018-04-22 19:50:31,670 [23] DEBUG Service.Business.Services.NotificationServices - Leave method [CountNotificationForAccount]
2018-04-22 19:50:31,678 [23] DEBUG SMGS.Presentation.Controllers.AdminController - Leave method [FirstCountNotification]
2018-04-22 19:50:32,096 [20] DEBUG Infrastructure.Data.Repositories.StaffRepository - Enter method [.ctor]
2018-04-22 19:50:32,104 [20] INFO  Infrastructure.Data.Repositories.StaffRepository - Success setting value to empPerPage attribute value: [20]
2018-04-22 19:50:32,108 [20] DEBUG Infrastructure.Data.Repositories.StaffRepository - Leave method [.ctor]
2018-04-22 19:50:32,112 [20] DEBUG Service.Business.Services.StaffServices - Enter method [.ctor]
2018-04-22 19:50:32,116 [20] INFO  Service.Business.Services.StaffServices - Success setting values for attributes
2018-04-22 19:50:32,124 [20] DEBUG Service.Business.Services.StaffServices - Leave method [.ctor]
2018-04-22 19:50:32,128 [20] DEBUG Infrastructure.Data.Repositories.ContactInformationRepository - Enter method [.ctor]
2018-04-22 19:50:32,135 [20] INFO  Infrastructure.Data.Repositories.ContactInformationRepository - Success setting values for attributes
2018-04-22 19:50:32,140 [20] DEBUG Infrastructure.Data.Repositories.ContactInformationRepository - Leave method [.ctor]
2018-04-22 19:50:32,147 [20] DEBUG Service.Business.Services.ContactInformationServices - Enter method [.ctor]
2018-04-22 19:50:32,151 [20] DEBUG Service.Business.Services.ContactInformationServices - Leave method [.ctor]
2018-04-22 19:50:32,159 [20] DEBUG Infrastructure.Data.Repositories.ServiceRepository - Enter method [.ctor]
2018-04-22 19:50:32,163 [20] INFO  Infrastructure.Data.Repositories.ServiceRepository - Success setting value to servicesPerPage attribute value: [20]
2018-04-22 19:50:32,171 [20] INFO  Infrastructure.Data.Repositories.ServiceRepository - Setting value for attributes
2018-04-22 19:50:32,175 [20] DEBUG Infrastructure.Data.Repositories.ServiceRepository - Leave method [.ctor]
2018-04-22 19:50:32,183 [20] DEBUG Service.Business.Services.ServiceServices - Enter method [.ctor]
2018-04-22 19:50:32,187 [20] INFO  Service.Business.Services.ServiceServices - Success setting values for attributes
2018-04-22 19:50:32,195 [20] DEBUG Service.Business.Services.ServiceServices - Leave method [.ctor]
2018-04-22 19:50:32,199 [20] DEBUG Infrastructure.Data.Repositories.SalaryRepository - Enter method [.ctor]
2018-04-22 19:50:32,207 [20] INFO  Infrastructure.Data.Repositories.SalaryRepository - Success setting value to servicesPerPage attribute value: [3]
2018-04-22 19:50:32,211 [20] INFO  Infrastructure.Data.Repositories.SalaryRepository - Success set value for attributes
2018-04-22 19:50:32,219 [20] DEBUG Infrastructure.Data.Repositories.SalaryRepository - Leave method [.ctor]
2018-04-22 19:50:32,223 [20] DEBUG Infrastructure.Data.Repositories.ReferenceRepository - Enter method [.ctor]
2018-04-22 19:50:32,231 [20] INFO  Infrastructure.Data.Repositories.ReferenceRepository - Success set values for attributes
2018-04-22 19:50:32,238 [20] DEBUG Infrastructure.Data.Repositories.ReferenceRepository - Leave method [.ctor]
2018-04-22 19:50:32,244 [20] DEBUG Service.Business.Services.ReferenceServices - Enter method [.ctor]
2018-04-22 19:50:32,247 [20] INFO  Service.Business.Services.ReferenceServices - Success set value for attributes
2018-04-22 19:50:32,255 [20] DEBUG Service.Business.Services.ReferenceServices - Leave method [.ctor]
2018-04-22 19:50:32,259 [20] DEBUG Service.Business.Services.NotificationServices - Enter method [.ctor]
2018-04-22 19:50:32,267 [20] DEBUG Service.Business.Services.NotificationServices - Leave method [.ctor]
2018-04-22 19:50:32,271 [20] DEBUG Infrastructure.Data.Repositories.BookingRepository - Enter method [.ctor]
2018-04-22 19:50:32,279 [20] DEBUG Infrastructure.Data.Repositories.BookingRepository - Leave method [.ctor]
2018-04-22 19:50:32,283 [20] DEBUG Infrastructure.Data.Repositories.BedRepository - Enter method [.ctor]
2018-04-22 19:50:32,287 [20] INFO  Infrastructure.Data.Repositories.BedRepository - Success setting value to bedPerPage attribute value: [20]
2018-04-22 19:50:32,295 [20] INFO  Infrastructure.Data.Repositories.BedRepository - Success setting values for attribbutes
2018-04-22 19:50:32,299 [20] DEBUG Infrastructure.Data.Repositories.BedRepository - Leave method [.ctor]
2018-04-22 19:50:32,307 [20] DEBUG SMGS.Presentation.Controllers.AdminController - Enter method [.ctor]
2018-04-22 19:50:32,311 [20] INFO  SMGS.Presentation.Controllers.AdminController - Success set value to attributes
2018-04-22 19:50:32,319 [20] DEBUG SMGS.Presentation.Controllers.AdminController - Leave method [.ctor]
2018-04-22 19:50:32,323 [20] DEBUG SMGS.Presentation.Controllers.AdminController - Enter method [Index]
2018-04-22 19:50:32,333 [20] DEBUG SMGS.Presentation.Controllers.AdminController - Leave method [Index]
2018-04-22 19:50:32,471 [12] DEBUG Infrastructure.Data.Repositories.StaffRepository - Enter method [.ctor]
2018-04-22 19:50:32,479 [12] INFO  Infrastructure.Data.Repositories.StaffRepository - Success setting value to empPerPage attribute value: [20]
2018-04-22 19:50:32,483 [12] DEBUG Infrastructure.Data.Repositories.StaffRepository - Leave method [.ctor]
2018-04-22 19:50:32,491 [12] DEBUG Service.Business.Services.StaffServices - Enter method [.ctor]
2018-04-22 19:50:32,495 [12] INFO  Service.Business.Services.StaffServices - Success setting values for attributes
2018-04-22 19:50:32,503 [12] DEBUG Service.Business.Services.StaffServices - Leave method [.ctor]
2018-04-22 19:50:32,507 [12] DEBUG Infrastructure.Data.Repositories.ContactInformationRepository - Enter method [.ctor]
2018-04-22 19:50:32,515 [12] INFO  Infrastructure.Data.Repositories.ContactInformationRepository - Success setting values for attributes
2018-04-22 19:50:32,523 [12] DEBUG Infrastructure.Data.Repositories.ContactInformationRepository - Leave method [.ctor]
2018-04-22 19:50:32,527 [12] DEBUG Service.Business.Services.ContactInformationServices - Enter method [.ctor]
2018-04-22 19:50:32,535 [12] DEBUG Service.Business.Services.ContactInformationServices - Leave method [.ctor]
2018-04-22 19:50:32,541 [12] DEBUG Infrastructure.Data.Repositories.ServiceRepository - Enter method [.ctor]
2018-04-22 19:50:32,546 [12] INFO  Infrastructure.Data.Repositories.ServiceRepository - Success setting value to servicesPerPage attribute value: [20]
2018-04-22 19:50:32,551 [12] INFO  Infrastructure.Data.Repositories.ServiceRepository - Setting value for attributes
2018-04-22 19:50:32,555 [12] DEBUG Infrastructure.Data.Repositories.ServiceRepository - Leave method [.ctor]
2018-04-22 19:50:32,559 [12] DEBUG Service.Business.Services.ServiceServices - Enter method [.ctor]
2018-04-22 19:50:32,563 [12] INFO  Service.Business.Services.ServiceServices - Success setting values for attributes
2018-04-22 19:50:32,571 [12] DEBUG Service.Business.Services.ServiceServices - Leave method [.ctor]
2018-04-22 19:50:32,575 [12] DEBUG Infrastructure.Data.Repositories.SalaryRepository - Enter method [.ctor]
2018-04-22 19:50:32,579 [12] INFO  Infrastructure.Data.Repositories.SalaryRepository - Success setting value to servicesPerPage attribute value: [3]
2018-04-22 19:50:32,587 [12] INFO  Infrastructure.Data.Repositories.SalaryRepository - Success set value for attributes
2018-04-22 19:50:32,591 [12] DEBUG Infrastructure.Data.Repositories.SalaryRepository - Leave method [.ctor]
2018-04-22 19:50:32,595 [12] DEBUG Infrastructure.Data.Repositories.ReferenceRepository - Enter method [.ctor]
2018-04-22 19:50:32,603 [12] INFO  Infrastructure.Data.Repositories.ReferenceRepository - Success set values for attributes
2018-04-22 19:50:32,607 [12] DEBUG Infrastructure.Data.Repositories.ReferenceRepository - Leave method [.ctor]
2018-04-22 19:50:32,611 [12] DEBUG Service.Business.Services.ReferenceServices - Enter method [.ctor]
2018-04-22 19:50:32,619 [12] INFO  Service.Business.Services.ReferenceServices - Success set value for attributes
2018-04-22 19:50:32,623 [12] DEBUG Service.Business.Services.ReferenceServices - Leave method [.ctor]
2018-04-22 19:50:32,627 [12] DEBUG Service.Business.Services.NotificationServices - Enter method [.ctor]
2018-04-22 19:50:32,634 [12] DEBUG Service.Business.Services.NotificationServices - Leave method [.ctor]
2018-04-22 19:50:32,639 [12] DEBUG Infrastructure.Data.Repositories.BookingRepository - Enter method [.ctor]
2018-04-22 19:50:32,644 [12] DEBUG Infrastructure.Data.Repositories.BookingRepository - Leave method [.ctor]
2018-04-22 19:50:32,647 [12] DEBUG Infrastructure.Data.Repositories.BedRepository - Enter method [.ctor]
2018-04-22 19:50:32,651 [12] INFO  Infrastructure.Data.Repositories.BedRepository - Success setting value to bedPerPage attribute value: [20]
2018-04-22 19:50:32,655 [12] INFO  Infrastructure.Data.Repositories.BedRepository - Success setting values for attribbutes
2018-04-22 19:50:32,663 [12] DEBUG Infrastructure.Data.Repositories.BedRepository - Leave method [.ctor]
2018-04-22 19:50:32,667 [12] DEBUG SMGS.Presentation.Controllers.AdminController - Enter method [.ctor]
2018-04-22 19:50:32,671 [12] INFO  SMGS.Presentation.Controllers.AdminController - Success set value to attributes
2018-04-22 19:50:32,675 [12] DEBUG SMGS.Presentation.Controllers.AdminController - Leave method [.ctor]
2018-04-22 19:50:32,683 [12] DEBUG SMGS.Presentation.Controllers.AdminController - Enter method [FirstCountNotification]
2018-04-22 19:50:32,687 [12] DEBUG Service.Business.Services.NotificationServices - Enter method [CountNotificationForAccount]
2018-04-22 19:50:32,691 [11] DEBUG Infrastructure.Data.Repositories.StaffRepository - Enter method [.ctor]
2018-04-22 19:50:32,703 [11] INFO  Infrastructure.Data.Repositories.StaffRepository - Success setting value to empPerPage attribute value: [20]
2018-04-22 19:50:32,695 [12] DEBUG Infrastructure.Data.Repositories.NotificationRepository - Enter method [CountNotificationForAccount]
2018-04-22 19:50:32,707 [11] DEBUG Infrastructure.Data.Repositories.StaffRepository - Leave method [.ctor]
2018-04-22 19:50:32,719 [11] DEBUG Service.Business.Services.StaffServices - Enter method [.ctor]
2018-04-22 19:50:32,715 [12] INFO  Infrastructure.Data.Repositories.NotificationRepository - Found [0] notifications for account with Id: [-1] not read yet
2018-04-22 19:50:32,732 [12] DEBUG Infrastructure.Data.Repositories.NotificationRepository - Leave method [CountNotificationForAccount]
2018-04-22 19:50:32,727 [11] INFO  Service.Business.Services.StaffServices - Success setting values for attributes
2018-04-22 19:50:32,743 [11] DEBUG Service.Business.Services.StaffServices - Leave method [.ctor]
2018-04-22 19:50:32,738 [12] DEBUG Service.Business.Services.NotificationServices - Leave method [CountNotificationForAccount]
2018-04-22 19:50:32,747 [11] DEBUG Infrastructure.Data.Repositories.ContactInformationRepository - Enter method [.ctor]
2018-04-22 19:50:32,755 [11] INFO  Infrastructure.Data.Repositories.ContactInformationRepository - Success setting values for attributes
2018-04-22 19:50:32,751 [12] DEBUG SMGS.Presentation.Controllers.AdminController - Leave method [FirstCountNotification]
2018-04-22 19:50:32,763 [11] DEBUG Infrastructure.Data.Repositories.ContactInformationRepository - Leave method [.ctor]
2018-04-22 19:50:32,775 [11] DEBUG Service.Business.Services.ContactInformationServices - Enter method [.ctor]
2018-04-22 19:50:32,779 [11] DEBUG Service.Business.Services.ContactInformationServices - Leave method [.ctor]
2018-04-22 19:50:32,783 [11] DEBUG Infrastructure.Data.Repositories.ServiceRepository - Enter method [.ctor]
2018-04-22 19:50:32,791 [11] INFO  Infrastructure.Data.Repositories.ServiceRepository - Success setting value to servicesPerPage attribute value: [20]
2018-04-22 19:50:32,795 [11] INFO  Infrastructure.Data.Repositories.ServiceRepository - Setting value for attributes
2018-04-22 19:50:32,803 [11] DEBUG Infrastructure.Data.Repositories.ServiceRepository - Leave method [.ctor]
2018-04-22 19:50:32,807 [11] DEBUG Service.Business.Services.ServiceServices - Enter method [.ctor]
2018-04-22 19:50:32,815 [11] INFO  Service.Business.Services.ServiceServices - Success setting values for attributes
2018-04-22 19:50:32,819 [11] DEBUG Service.Business.Services.ServiceServices - Leave method [.ctor]
2018-04-22 19:50:32,823 [11] DEBUG Infrastructure.Data.Repositories.SalaryRepository - Enter method [.ctor]
2018-04-22 19:50:32,827 [11] INFO  Infrastructure.Data.Repositories.SalaryRepository - Success setting value to servicesPerPage attribute value: [3]
2018-04-22 19:50:32,834 [11] INFO  Infrastructure.Data.Repositories.SalaryRepository - Success set value for attributes
2018-04-22 19:50:32,839 [11] DEBUG Infrastructure.Data.Repositories.SalaryRepository - Leave method [.ctor]
2018-04-22 19:50:32,843 [11] DEBUG Infrastructure.Data.Repositories.ReferenceRepository - Enter method [.ctor]
2018-04-22 19:50:32,846 [11] INFO  Infrastructure.Data.Repositories.ReferenceRepository - Success set values for attributes
2018-04-22 19:50:32,851 [11] DEBUG Infrastructure.Data.Repositories.ReferenceRepository - Leave method [.ctor]
2018-04-22 19:50:32,855 [11] DEBUG Service.Business.Services.ReferenceServices - Enter method [.ctor]
2018-04-22 19:50:32,863 [11] INFO  Service.Business.Services.ReferenceServices - Success set value for attributes
2018-04-22 19:50:32,867 [11] DEBUG Service.Business.Services.ReferenceServices - Leave method [.ctor]
2018-04-22 19:50:32,871 [11] DEBUG Service.Business.Services.NotificationServices - Enter method [.ctor]
2018-04-22 19:50:32,875 [11] DEBUG Service.Business.Services.NotificationServices - Leave method [.ctor]
2018-04-22 19:50:32,879 [11] DEBUG Infrastructure.Data.Repositories.BookingRepository - Enter method [.ctor]
2018-04-22 19:50:32,887 [11] DEBUG Infrastructure.Data.Repositories.BookingRepository - Leave method [.ctor]
2018-04-22 19:50:32,891 [11] DEBUG Infrastructure.Data.Repositories.BedRepository - Enter method [.ctor]
2018-04-22 19:50:32,895 [11] INFO  Infrastructure.Data.Repositories.BedRepository - Success setting value to bedPerPage attribute value: [20]
2018-04-22 19:50:32,899 [11] INFO  Infrastructure.Data.Repositories.BedRepository - Success setting values for attribbutes
2018-04-22 19:50:32,903 [11] DEBUG Infrastructure.Data.Repositories.BedRepository - Leave method [.ctor]
2018-04-22 19:50:32,907 [11] DEBUG SMGS.Presentation.Controllers.AdminController - Enter method [.ctor]
2018-04-22 19:50:32,911 [11] INFO  SMGS.Presentation.Controllers.AdminController - Success set value to attributes
2018-04-22 19:50:32,915 [11] DEBUG SMGS.Presentation.Controllers.AdminController - Leave method [.ctor]
2018-04-22 19:50:32,923 [11] DEBUG SMGS.Presentation.Controllers.AdminController - Enter method [Index]
2018-04-22 19:50:32,927 [11] DEBUG SMGS.Presentation.Controllers.AdminController - Leave method [Index]
2018-04-22 19:50:33,083 [23] DEBUG Infrastructure.Data.Repositories.StaffRepository - Enter method [.ctor]
2018-04-22 19:50:33,087 [23] INFO  Infrastructure.Data.Repositories.StaffRepository - Success setting value to empPerPage attribute value: [20]
2018-04-22 19:50:33,095 [23] DEBUG Infrastructure.Data.Repositories.StaffRepository - Leave method [.ctor]
2018-04-22 19:50:33,103 [23] DEBUG Service.Business.Services.StaffServices - Enter method [.ctor]
2018-04-22 19:50:33,107 [23] INFO  Service.Business.Services.StaffServices - Success setting values for attributes
2018-04-22 19:50:33,115 [23] DEBUG Service.Business.Services.StaffServices - Leave method [.ctor]
2018-04-22 19:50:33,115 [18] DEBUG Infrastructure.Data.Repositories.StaffRepository - Enter method [.ctor]
2018-04-22 19:50:33,132 [18] INFO  Infrastructure.Data.Repositories.StaffRepository - Success setting value to empPerPage attribute value: [20]
2018-04-22 19:50:33,123 [23] DEBUG Infrastructure.Data.Repositories.ContactInformationRepository - Enter method [.ctor]
2018-04-22 19:50:33,145 [23] INFO  Infrastructure.Data.Repositories.ContactInformationRepository - Success setting values for attributes
2018-04-22 19:50:33,140 [18] DEBUG Infrastructure.Data.Repositories.StaffRepository - Leave method [.ctor]
2018-04-22 19:50:33,155 [18] DEBUG Service.Business.Services.StaffServices - Enter method [.ctor]
2018-04-22 19:50:33,151 [23] DEBUG Infrastructure.Data.Repositories.ContactInformationRepository - Leave method [.ctor]
2018-04-22 19:50:33,167 [23] DEBUG Service.Business.Services.ContactInformationServices - Enter method [.ctor]
2018-04-22 19:50:33,163 [18] INFO  Service.Business.Services.StaffServices - Success setting values for attributes
2018-04-22 19:50:33,175 [18] DEBUG Service.Business.Services.StaffServices - Leave method [.ctor]
2018-04-22 19:50:33,171 [23] DEBUG Service.Business.Services.ContactInformationServices - Leave method [.ctor]
2018-04-22 19:50:33,179 [18] DEBUG Infrastructure.Data.Repositories.ContactInformationRepository - Enter method [.ctor]
2018-04-22 19:50:33,187 [18] INFO  Infrastructure.Data.Repositories.ContactInformationRepository - Success setting values for attributes
2018-04-22 19:50:33,183 [23] DEBUG Infrastructure.Data.Repositories.ServiceRepository - Enter method [.ctor]
2018-04-22 19:50:33,199 [23] INFO  Infrastructure.Data.Repositories.ServiceRepository - Success setting value to servicesPerPage attribute value: [20]
2018-04-22 19:50:33,195 [18] DEBUG Infrastructure.Data.Repositories.ContactInformationRepository - Leave method [.ctor]
2018-04-22 19:50:33,207 [18] DEBUG Service.Business.Services.ContactInformationServices - Enter method [.ctor]
2018-04-22 19:50:33,203 [23] INFO  Infrastructure.Data.Repositories.ServiceRepository - Setting value for attributes
2018-04-22 19:50:33,215 [23] DEBUG Infrastructure.Data.Repositories.ServiceRepository - Leave method [.ctor]
2018-04-22 19:50:33,211 [18] DEBUG Service.Business.Services.ContactInformationServices - Leave method [.ctor]
2018-04-22 19:50:33,223 [23] DEBUG Service.Business.Services.ServiceServices - Enter method [.ctor]
2018-04-22 19:50:33,227 [18] DEBUG Infrastructure.Data.Repositories.ServiceRepository - Enter method [.ctor]
2018-04-22 19:50:33,238 [18] INFO  Infrastructure.Data.Repositories.ServiceRepository - Success setting value to servicesPerPage attribute value: [20]
2018-04-22 19:50:33,231 [23] INFO  Service.Business.Services.ServiceServices - Success setting values for attributes
2018-04-22 19:50:33,247 [23] DEBUG Service.Business.Services.ServiceServices - Leave method [.ctor]
2018-04-22 19:50:33,243 [18] INFO  Infrastructure.Data.Repositories.ServiceRepository - Setting value for attributes
2018-04-22 19:50:33,255 [18] DEBUG Infrastructure.Data.Repositories.ServiceRepository - Leave method [.ctor]
2018-04-22 19:50:33,251 [23] DEBUG Infrastructure.Data.Repositories.SalaryRepository - Enter method [.ctor]
2018-04-22 19:50:33,263 [23] INFO  Infrastructure.Data.Repositories.SalaryRepository - Success setting value to servicesPerPage attribute value: [3]
2018-04-22 19:50:33,259 [18] DEBUG Service.Business.Services.ServiceServices - Enter method [.ctor]
2018-04-22 19:50:33,275 [18] INFO  Service.Business.Services.ServiceServices - Success setting values for attributes
2018-04-22 19:50:33,271 [23] INFO  Infrastructure.Data.Repositories.SalaryRepository - Success set value for attributes
2018-04-22 19:50:33,283 [23] DEBUG Infrastructure.Data.Repositories.SalaryRepository - Leave method [.ctor]
2018-04-22 19:50:33,279 [18] DEBUG Service.Business.Services.ServiceServices - Leave method [.ctor]
2018-04-22 19:50:33,291 [18] DEBUG Infrastructure.Data.Repositories.SalaryRepository - Enter method [.ctor]
2018-04-22 19:50:33,287 [23] DEBUG Infrastructure.Data.Repositories.ReferenceRepository - Enter method [.ctor]
2018-04-22 19:50:33,303 [23] INFO  Infrastructure.Data.Repositories.ReferenceRepository - Success set values for attributes
2018-04-22 19:50:33,295 [18] INFO  Infrastructure.Data.Repositories.SalaryRepository - Success setting value to servicesPerPage attribute value: [3]
2018-04-22 19:50:33,311 [18] INFO  Infrastructure.Data.Repositories.SalaryRepository - Success set value for attributes
2018-04-22 19:50:33,307 [23] DEBUG Infrastructure.Data.Repositories.ReferenceRepository - Leave method [.ctor]
2018-04-22 19:50:33,319 [23] DEBUG Service.Business.Services.ReferenceServices - Enter method [.ctor]
2018-04-22 19:50:33,315 [18] DEBUG Infrastructure.Data.Repositories.SalaryRepository - Leave method [.ctor]
2018-04-22 19:50:33,327 [23] INFO  Service.Business.Services.ReferenceServices - Success set value for attributes
2018-04-22 19:50:33,336 [23] DEBUG Service.Business.Services.ReferenceServices - Leave method [.ctor]
2018-04-22 19:50:33,331 [18] DEBUG Infrastructure.Data.Repositories.ReferenceRepository - Enter method [.ctor]
2018-04-22 19:50:33,345 [18] INFO  Infrastructure.Data.Repositories.ReferenceRepository - Success set values for attributes
2018-04-22 19:50:33,340 [23] DEBUG Service.Business.Services.NotificationServices - Enter method [.ctor]
2018-04-22 19:50:33,351 [23] DEBUG Service.Business.Services.NotificationServices - Leave method [.ctor]
2018-04-22 19:50:33,347 [18] DEBUG Infrastructure.Data.Repositories.ReferenceRepository - Leave method [.ctor]
2018-04-22 19:50:33,363 [18] DEBUG Service.Business.Services.ReferenceServices - Enter method [.ctor]
2018-04-22 19:50:33,355 [23] DEBUG Infrastructure.Data.Repositories.BookingRepository - Enter method [.ctor]
2018-04-22 19:50:33,371 [23] DEBUG Infrastructure.Data.Repositories.BookingRepository - Leave method [.ctor]
2018-04-22 19:50:33,367 [18] INFO  Service.Business.Services.ReferenceServices - Success set value for attributes
2018-04-22 19:50:33,379 [18] DEBUG Service.Business.Services.ReferenceServices - Leave method [.ctor]
2018-04-22 19:50:33,375 [23] DEBUG Infrastructure.Data.Repositories.BedRepository - Enter method [.ctor]
2018-04-22 19:50:33,387 [23] INFO  Infrastructure.Data.Repositories.BedRepository - Success setting value to bedPerPage attribute value: [20]
2018-04-22 19:50:33,383 [18] DEBUG Service.Business.Services.NotificationServices - Enter method [.ctor]
2018-04-22 19:50:33,399 [18] DEBUG Service.Business.Services.NotificationServices - Leave method [.ctor]
2018-04-22 19:50:33,395 [23] INFO  Infrastructure.Data.Repositories.BedRepository - Success setting values for attribbutes
2018-04-22 19:50:33,407 [23] DEBUG Infrastructure.Data.Repositories.BedRepository - Leave method [.ctor]
2018-04-22 19:50:33,403 [18] DEBUG Infrastructure.Data.Repositories.BookingRepository - Enter method [.ctor]
2018-04-22 19:50:33,411 [23] DEBUG SMGS.Presentation.Controllers.AdminController - Enter method [.ctor]
2018-04-22 19:50:33,419 [23] INFO  SMGS.Presentation.Controllers.AdminController - Success set value to attributes
2018-04-22 19:50:33,415 [18] DEBUG Infrastructure.Data.Repositories.BookingRepository - Leave method [.ctor]
2018-04-22 19:50:33,427 [23] DEBUG SMGS.Presentation.Controllers.AdminController - Leave method [.ctor]
2018-04-22 19:50:33,435 [23] DEBUG SMGS.Presentation.Controllers.AdminController - Enter method [FirstCountNotification]
2018-04-22 19:50:33,431 [18] DEBUG Infrastructure.Data.Repositories.BedRepository - Enter method [.ctor]
2018-04-22 19:50:33,445 [18] INFO  Infrastructure.Data.Repositories.BedRepository - Success setting value to bedPerPage attribute value: [20]
2018-04-22 19:50:33,440 [23] DEBUG Service.Business.Services.NotificationServices - Enter method [CountNotificationForAccount]
2018-04-22 19:50:33,451 [23] DEBUG Infrastructure.Data.Repositories.NotificationRepository - Enter method [CountNotificationForAccount]
2018-04-22 19:50:33,447 [18] INFO  Infrastructure.Data.Repositories.BedRepository - Success setting values for attribbutes
2018-04-22 19:50:33,463 [18] DEBUG Infrastructure.Data.Repositories.BedRepository - Leave method [.ctor]
2018-04-22 19:50:33,459 [23] INFO  Infrastructure.Data.Repositories.NotificationRepository - Found [0] notifications for account with Id: [-1] not read yet
2018-04-22 19:50:33,471 [23] DEBUG Infrastructure.Data.Repositories.NotificationRepository - Leave method [CountNotificationForAccount]
2018-04-22 19:50:33,467 [18] DEBUG SMGS.Presentation.Controllers.AdminController - Enter method [.ctor]
2018-04-22 19:50:33,479 [18] INFO  SMGS.Presentation.Controllers.AdminController - Success set value to attributes
2018-04-22 19:50:33,475 [23] DEBUG Service.Business.Services.NotificationServices - Leave method [CountNotificationForAccount]
2018-04-22 19:50:33,491 [23] DEBUG SMGS.Presentation.Controllers.AdminController - Leave method [FirstCountNotification]
2018-04-22 19:50:33,487 [18] DEBUG SMGS.Presentation.Controllers.AdminController - Leave method [.ctor]
2018-04-22 19:50:33,503 [18] DEBUG SMGS.Presentation.Controllers.AdminController - Enter method [Index]
2018-04-22 19:50:33,507 [18] DEBUG SMGS.Presentation.Controllers.AdminController - Leave method [Index]
2018-04-22 19:50:33,646 [12] DEBUG Infrastructure.Data.Repositories.StaffRepository - Enter method [.ctor]
2018-04-22 19:50:33,655 [12] INFO  Infrastructure.Data.Repositories.StaffRepository - Success setting value to empPerPage attribute value: [20]
2018-04-22 19:50:33,663 [12] DEBUG Infrastructure.Data.Repositories.StaffRepository - Leave method [.ctor]
2018-04-22 19:50:33,676 [12] DEBUG Service.Business.Services.StaffServices - Enter method [.ctor]
2018-04-22 19:50:33,684 [12] INFO  Service.Business.Services.StaffServices - Success setting values for attributes
2018-04-22 19:50:33,692 [12] DEBUG Service.Business.Services.StaffServices - Leave method [.ctor]
2018-04-22 19:50:33,700 [12] DEBUG Infrastructure.Data.Repositories.ContactInformationRepository - Enter method [.ctor]
2018-04-22 19:50:33,708 [12] INFO  Infrastructure.Data.Repositories.ContactInformationRepository - Success setting values for attributes
2018-04-22 19:50:33,712 [12] DEBUG Infrastructure.Data.Repositories.ContactInformationRepository - Leave method [.ctor]
2018-04-22 19:50:33,720 [12] DEBUG Service.Business.Services.ContactInformationServices - Enter method [.ctor]
2018-04-22 19:50:33,724 [12] DEBUG Service.Business.Services.ContactInformationServices - Leave method [.ctor]
2018-04-22 19:50:33,728 [12] DEBUG Infrastructure.Data.Repositories.ServiceRepository - Enter method [.ctor]
2018-04-22 19:50:33,737 [12] INFO  Infrastructure.Data.Repositories.ServiceRepository - Success setting value to servicesPerPage attribute value: [20]
2018-04-22 19:50:33,741 [12] INFO  Infrastructure.Data.Repositories.ServiceRepository - Setting value for attributes
2018-04-22 19:50:33,747 [12] DEBUG Infrastructure.Data.Repositories.ServiceRepository - Leave method [.ctor]
2018-04-22 19:50:33,755 [12] DEBUG Service.Business.Services.ServiceServices - Enter method [.ctor]
2018-04-22 19:50:33,759 [12] INFO  Service.Business.Services.ServiceServices - Success setting values for attributes
2018-04-22 19:50:33,767 [12] DEBUG Service.Business.Services.ServiceServices - Leave method [.ctor]
2018-04-22 19:50:33,771 [12] DEBUG Infrastructure.Data.Repositories.SalaryRepository - Enter method [.ctor]
2018-04-22 19:50:33,775 [12] INFO  Infrastructure.Data.Repositories.SalaryRepository - Success setting value to servicesPerPage attribute value: [3]
2018-04-22 19:50:33,783 [12] INFO  Infrastructure.Data.Repositories.SalaryRepository - Success set value for attributes
2018-04-22 19:50:33,787 [12] DEBUG Infrastructure.Data.Repositories.SalaryRepository - Leave method [.ctor]
2018-04-22 19:50:33,795 [12] DEBUG Infrastructure.Data.Repositories.ReferenceRepository - Enter method [.ctor]
2018-04-22 19:50:33,799 [12] INFO  Infrastructure.Data.Repositories.ReferenceRepository - Success set values for attributes
2018-04-22 19:50:33,803 [12] DEBUG Infrastructure.Data.Repositories.ReferenceRepository - Leave method [.ctor]
2018-04-22 19:50:33,811 [12] DEBUG Service.Business.Services.ReferenceServices - Enter method [.ctor]
2018-04-22 19:50:33,815 [12] INFO  Service.Business.Services.ReferenceServices - Success set value for attributes
2018-04-22 19:50:33,819 [12] DEBUG Service.Business.Services.ReferenceServices - Leave method [.ctor]
2018-04-22 19:50:33,823 [12] DEBUG Service.Business.Services.NotificationServices - Enter method [.ctor]
2018-04-22 19:50:33,831 [12] DEBUG Service.Business.Services.NotificationServices - Leave method [.ctor]
2018-04-22 19:50:33,836 [12] DEBUG Infrastructure.Data.Repositories.BookingRepository - Enter method [.ctor]
2018-04-22 19:50:33,841 [12] DEBUG Infrastructure.Data.Repositories.BookingRepository - Leave method [.ctor]
2018-04-22 19:50:33,846 [12] DEBUG Infrastructure.Data.Repositories.BedRepository - Enter method [.ctor]
2018-04-22 19:50:33,847 [12] INFO  Infrastructure.Data.Repositories.BedRepository - Success setting value to bedPerPage attribute value: [20]
2018-04-22 19:50:33,855 [12] INFO  Infrastructure.Data.Repositories.BedRepository - Success setting values for attribbutes
2018-04-22 19:50:33,859 [12] DEBUG Infrastructure.Data.Repositories.BedRepository - Leave method [.ctor]
2018-04-22 19:50:33,863 [12] DEBUG SMGS.Presentation.Controllers.AdminController - Enter method [.ctor]
2018-04-22 19:50:33,871 [12] INFO  SMGS.Presentation.Controllers.AdminController - Success set value to attributes
2018-04-22 19:50:33,875 [12] DEBUG SMGS.Presentation.Controllers.AdminController - Leave method [.ctor]
2018-04-22 19:50:33,879 [12] DEBUG SMGS.Presentation.Controllers.AdminController - Enter method [FirstCountNotification]
2018-04-22 19:50:33,883 [12] DEBUG Service.Business.Services.NotificationServices - Enter method [CountNotificationForAccount]
2018-04-22 19:50:33,891 [12] DEBUG Infrastructure.Data.Repositories.NotificationRepository - Enter method [CountNotificationForAccount]
2018-04-22 19:50:33,895 [12] INFO  Infrastructure.Data.Repositories.NotificationRepository - Found [0] notifications for account with Id: [-1] not read yet
2018-04-22 19:50:33,903 [12] DEBUG Infrastructure.Data.Repositories.NotificationRepository - Leave method [CountNotificationForAccount]
2018-04-22 19:50:33,907 [12] DEBUG Service.Business.Services.NotificationServices - Leave method [CountNotificationForAccount]
2018-04-22 19:50:33,911 [12] DEBUG SMGS.Presentation.Controllers.AdminController - Leave method [FirstCountNotification]
2018-04-22 19:53:22,590 [25] DEBUG Infrastructure.Data.Repositories.StaffRepository - Enter method [.ctor]
2018-04-22 19:53:22,598 [25] INFO  Infrastructure.Data.Repositories.StaffRepository - Success setting value to empPerPage attribute value: [20]
2018-04-22 19:53:22,602 [25] DEBUG Infrastructure.Data.Repositories.StaffRepository - Leave method [.ctor]
2018-04-22 19:53:22,606 [25] DEBUG Service.Business.Services.StaffServices - Enter method [.ctor]
2018-04-22 19:53:22,614 [25] INFO  Service.Business.Services.StaffServices - Success setting values for attributes
2018-04-22 19:53:22,618 [25] DEBUG Service.Business.Services.StaffServices - Leave method [.ctor]
2018-04-22 19:53:22,622 [25] DEBUG Infrastructure.Data.Repositories.ContactInformationRepository - Enter method [.ctor]
2018-04-22 19:53:22,626 [25] INFO  Infrastructure.Data.Repositories.ContactInformationRepository - Success setting values for attributes
2018-04-22 19:53:22,634 [25] DEBUG Infrastructure.Data.Repositories.ContactInformationRepository - Leave method [.ctor]
2018-04-22 19:53:22,638 [25] DEBUG Service.Business.Services.ContactInformationServices - Enter method [.ctor]
2018-04-22 19:53:22,642 [25] DEBUG Service.Business.Services.ContactInformationServices - Leave method [.ctor]
2018-04-22 19:53:22,650 [25] DEBUG Infrastructure.Data.Repositories.ServiceRepository - Enter method [.ctor]
2018-04-22 19:53:22,654 [25] INFO  Infrastructure.Data.Repositories.ServiceRepository - Success setting value to servicesPerPage attribute value: [20]
2018-04-22 19:53:22,658 [25] INFO  Infrastructure.Data.Repositories.ServiceRepository - Setting value for attributes
2018-04-22 19:53:22,666 [25] DEBUG Infrastructure.Data.Repositories.ServiceRepository - Leave method [.ctor]
2018-04-22 19:53:22,671 [25] DEBUG Service.Business.Services.ServiceServices - Enter method [.ctor]
2018-04-22 19:53:22,676 [25] INFO  Service.Business.Services.ServiceServices - Success setting values for attributes
2018-04-22 19:53:22,681 [25] DEBUG Service.Business.Services.ServiceServices - Leave method [.ctor]
2018-04-22 19:53:22,686 [25] DEBUG Infrastructure.Data.Repositories.SalaryRepository - Enter method [.ctor]
2018-04-22 19:53:22,690 [25] INFO  Infrastructure.Data.Repositories.SalaryRepository - Success setting value to servicesPerPage attribute value: [3]
2018-04-22 19:53:22,694 [25] INFO  Infrastructure.Data.Repositories.SalaryRepository - Success set value for attributes
2018-04-22 19:53:22,698 [25] DEBUG Infrastructure.Data.Repositories.SalaryRepository - Leave method [.ctor]
2018-04-22 19:53:22,706 [25] DEBUG Infrastructure.Data.Repositories.ReferenceRepository - Enter method [.ctor]
2018-04-22 19:53:22,710 [25] INFO  Infrastructure.Data.Repositories.ReferenceRepository - Success set values for attributes
2018-04-22 19:53:22,714 [25] DEBUG Infrastructure.Data.Repositories.ReferenceRepository - Leave method [.ctor]
2018-04-22 19:53:22,718 [25] DEBUG Service.Business.Services.ReferenceServices - Enter method [.ctor]
2018-04-22 19:53:22,726 [25] INFO  Service.Business.Services.ReferenceServices - Success set value for attributes
2018-04-22 19:53:22,730 [25] DEBUG Service.Business.Services.ReferenceServices - Leave method [.ctor]
2018-04-22 19:53:22,734 [25] DEBUG Service.Business.Services.NotificationServices - Enter method [.ctor]
2018-04-22 19:53:22,738 [25] DEBUG Service.Business.Services.NotificationServices - Leave method [.ctor]
2018-04-22 19:53:22,746 [25] DEBUG Infrastructure.Data.Repositories.BookingRepository - Enter method [.ctor]
2018-04-22 19:53:22,750 [25] DEBUG Infrastructure.Data.Repositories.BookingRepository - Leave method [.ctor]
2018-04-22 19:53:22,754 [25] DEBUG Infrastructure.Data.Repositories.BedRepository - Enter method [.ctor]
2018-04-22 19:53:22,762 [25] INFO  Infrastructure.Data.Repositories.BedRepository - Success setting value to bedPerPage attribute value: [20]
2018-04-22 19:53:22,766 [25] INFO  Infrastructure.Data.Repositories.BedRepository - Success setting values for attribbutes
2018-04-22 19:53:22,772 [25] DEBUG Infrastructure.Data.Repositories.BedRepository - Leave method [.ctor]
2018-04-22 19:53:22,777 [25] DEBUG SMGS.Presentation.Controllers.AdminController - Enter method [.ctor]
2018-04-22 19:53:22,782 [25] INFO  SMGS.Presentation.Controllers.AdminController - Success set value to attributes
2018-04-22 19:53:22,786 [25] DEBUG SMGS.Presentation.Controllers.AdminController - Leave method [.ctor]
2018-04-22 19:53:22,790 [25] DEBUG SMGS.Presentation.Controllers.AdminController - Enter method [Index]
2018-04-22 19:53:22,794 [25] DEBUG SMGS.Presentation.Controllers.AdminController - Leave method [Index]
2018-04-22 19:53:23,023 [23] DEBUG Infrastructure.Data.Repositories.StaffRepository - Enter method [.ctor]
2018-04-22 19:53:23,027 [23] INFO  Infrastructure.Data.Repositories.StaffRepository - Success setting value to empPerPage attribute value: [20]
2018-04-22 19:53:23,035 [23] DEBUG Infrastructure.Data.Repositories.StaffRepository - Leave method [.ctor]
2018-04-22 19:53:23,039 [23] DEBUG Service.Business.Services.StaffServices - Enter method [.ctor]
2018-04-22 19:53:23,047 [23] INFO  Service.Business.Services.StaffServices - Success setting values for attributes
2018-04-22 19:53:23,051 [23] DEBUG Service.Business.Services.StaffServices - Leave method [.ctor]
2018-04-22 19:53:23,059 [23] DEBUG Infrastructure.Data.Repositories.ContactInformationRepository - Enter method [.ctor]
2018-04-22 19:53:23,067 [23] INFO  Infrastructure.Data.Repositories.ContactInformationRepository - Success setting values for attributes
2018-04-22 19:53:23,072 [23] DEBUG Infrastructure.Data.Repositories.ContactInformationRepository - Leave method [.ctor]
2018-04-22 19:53:23,078 [23] DEBUG Service.Business.Services.ContactInformationServices - Enter method [.ctor]
2018-04-22 19:53:23,083 [23] DEBUG Service.Business.Services.ContactInformationServices - Leave method [.ctor]
2018-04-22 19:53:23,087 [23] DEBUG Infrastructure.Data.Repositories.ServiceRepository - Enter method [.ctor]
2018-04-22 19:53:23,091 [23] INFO  Infrastructure.Data.Repositories.ServiceRepository - Success setting value to servicesPerPage attribute value: [20]
2018-04-22 19:53:23,099 [23] INFO  Infrastructure.Data.Repositories.ServiceRepository - Setting value for attributes
2018-04-22 19:53:23,103 [23] DEBUG Infrastructure.Data.Repositories.ServiceRepository - Leave method [.ctor]
2018-04-22 19:53:23,107 [23] DEBUG Service.Business.Services.ServiceServices - Enter method [.ctor]
2018-04-22 19:53:23,111 [23] INFO  Service.Business.Services.ServiceServices - Success setting values for attributes
2018-04-22 19:53:23,119 [23] DEBUG Service.Business.Services.ServiceServices - Leave method [.ctor]
2018-04-22 19:53:23,123 [23] DEBUG Infrastructure.Data.Repositories.SalaryRepository - Enter method [.ctor]
2018-04-22 19:53:23,131 [23] INFO  Infrastructure.Data.Repositories.SalaryRepository - Success setting value to servicesPerPage attribute value: [3]
2018-04-22 19:53:23,135 [23] INFO  Infrastructure.Data.Repositories.SalaryRepository - Success set value for attributes
2018-04-22 19:53:23,139 [23] DEBUG Infrastructure.Data.Repositories.SalaryRepository - Leave method [.ctor]
2018-04-22 19:53:23,147 [23] DEBUG Infrastructure.Data.Repositories.ReferenceRepository - Enter method [.ctor]
2018-04-22 19:53:23,151 [23] INFO  Infrastructure.Data.Repositories.ReferenceRepository - Success set values for attributes
2018-04-22 19:53:23,159 [23] DEBUG Infrastructure.Data.Repositories.ReferenceRepository - Leave method [.ctor]
2018-04-22 19:53:23,168 [23] DEBUG Service.Business.Services.ReferenceServices - Enter method [.ctor]
2018-04-22 19:53:23,174 [23] INFO  Service.Business.Services.ReferenceServices - Success set value for attributes
2018-04-22 19:53:23,180 [23] DEBUG Service.Business.Services.ReferenceServices - Leave method [.ctor]
2018-04-22 19:53:23,183 [23] DEBUG Service.Business.Services.NotificationServices - Enter method [.ctor]
2018-04-22 19:53:23,191 [23] DEBUG Service.Business.Services.NotificationServices - Leave method [.ctor]
2018-04-22 19:53:23,195 [23] DEBUG Infrastructure.Data.Repositories.BookingRepository - Enter method [.ctor]
2018-04-22 19:53:23,203 [23] DEBUG Infrastructure.Data.Repositories.BookingRepository - Leave method [.ctor]
2018-04-22 19:53:23,211 [23] DEBUG Infrastructure.Data.Repositories.BedRepository - Enter method [.ctor]
2018-04-22 19:53:23,215 [23] INFO  Infrastructure.Data.Repositories.BedRepository - Success setting value to bedPerPage attribute value: [20]
2018-04-22 19:53:23,223 [23] INFO  Infrastructure.Data.Repositories.BedRepository - Success setting values for attribbutes
2018-04-22 19:53:23,231 [23] DEBUG Infrastructure.Data.Repositories.BedRepository - Leave method [.ctor]
2018-04-22 19:53:23,239 [23] DEBUG SMGS.Presentation.Controllers.AdminController - Enter method [.ctor]
2018-04-22 19:53:23,243 [23] INFO  SMGS.Presentation.Controllers.AdminController - Success set value to attributes
2018-04-22 19:53:23,251 [23] DEBUG SMGS.Presentation.Controllers.AdminController - Leave method [.ctor]
2018-04-22 19:53:23,255 [23] DEBUG SMGS.Presentation.Controllers.AdminController - Enter method [FirstCountNotification]
2018-04-22 19:53:23,263 [23] DEBUG Service.Business.Services.NotificationServices - Enter method [CountNotificationForAccount]
2018-04-22 19:53:23,269 [23] DEBUG Infrastructure.Data.Repositories.NotificationRepository - Enter method [CountNotificationForAccount]
2018-04-22 19:53:23,311 [23] INFO  Infrastructure.Data.Repositories.NotificationRepository - Found [0] notifications for account with Id: [-1] not read yet
2018-04-22 19:53:23,315 [23] DEBUG Infrastructure.Data.Repositories.NotificationRepository - Leave method [CountNotificationForAccount]
2018-04-22 19:53:23,323 [23] DEBUG Service.Business.Services.NotificationServices - Leave method [CountNotificationForAccount]
2018-04-22 19:53:23,327 [23] DEBUG SMGS.Presentation.Controllers.AdminController - Leave method [FirstCountNotification]
2018-04-22 19:53:23,482 [24] DEBUG Infrastructure.Data.Repositories.StaffRepository - Enter method [.ctor]
2018-04-22 19:53:23,487 [24] INFO  Infrastructure.Data.Repositories.StaffRepository - Success setting value to empPerPage attribute value: [20]
2018-04-22 19:53:23,491 [24] DEBUG Infrastructure.Data.Repositories.StaffRepository - Leave method [.ctor]
2018-04-22 19:53:23,499 [24] DEBUG Service.Business.Services.StaffServices - Enter method [.ctor]
2018-04-22 19:53:23,503 [24] INFO  Service.Business.Services.StaffServices - Success setting values for attributes
2018-04-22 19:53:23,507 [24] DEBUG Service.Business.Services.StaffServices - Leave method [.ctor]
2018-04-22 19:53:23,515 [24] DEBUG Infrastructure.Data.Repositories.ContactInformationRepository - Enter method [.ctor]
2018-04-22 19:53:23,519 [24] INFO  Infrastructure.Data.Repositories.ContactInformationRepository - Success setting values for attributes
2018-04-22 19:53:23,523 [24] DEBUG Infrastructure.Data.Repositories.ContactInformationRepository - Leave method [.ctor]
2018-04-22 19:53:23,531 [24] DEBUG Service.Business.Services.ContactInformationServices - Enter method [.ctor]
2018-04-22 19:53:23,535 [24] DEBUG Service.Business.Services.ContactInformationServices - Leave method [.ctor]
2018-04-22 19:53:23,543 [24] DEBUG Infrastructure.Data.Repositories.ServiceRepository - Enter method [.ctor]
2018-04-22 19:53:23,547 [24] INFO  Infrastructure.Data.Repositories.ServiceRepository - Success setting value to servicesPerPage attribute value: [20]
2018-04-22 19:53:23,551 [24] INFO  Infrastructure.Data.Repositories.ServiceRepository - Setting value for attributes
2018-04-22 19:53:23,555 [24] DEBUG Infrastructure.Data.Repositories.ServiceRepository - Leave method [.ctor]
2018-04-22 19:53:23,563 [24] DEBUG Service.Business.Services.ServiceServices - Enter method [.ctor]
2018-04-22 19:53:23,569 [24] INFO  Service.Business.Services.ServiceServices - Success setting values for attributes
2018-04-22 19:53:23,574 [24] DEBUG Service.Business.Services.ServiceServices - Leave method [.ctor]
2018-04-22 19:53:23,580 [24] DEBUG Infrastructure.Data.Repositories.SalaryRepository - Enter method [.ctor]
2018-04-22 19:53:23,583 [24] INFO  Infrastructure.Data.Repositories.SalaryRepository - Success setting value to servicesPerPage attribute value: [3]
2018-04-22 19:53:23,587 [24] INFO  Infrastructure.Data.Repositories.SalaryRepository - Success set value for attributes
2018-04-22 19:53:23,595 [24] DEBUG Infrastructure.Data.Repositories.SalaryRepository - Leave method [.ctor]
2018-04-22 19:53:23,599 [24] DEBUG Infrastructure.Data.Repositories.ReferenceRepository - Enter method [.ctor]
2018-04-22 19:53:23,603 [24] INFO  Infrastructure.Data.Repositories.ReferenceRepository - Success set values for attributes
2018-04-22 19:53:23,607 [24] DEBUG Infrastructure.Data.Repositories.ReferenceRepository - Leave method [.ctor]
2018-04-22 19:53:23,615 [24] DEBUG Service.Business.Services.ReferenceServices - Enter method [.ctor]
2018-04-22 19:53:23,619 [24] INFO  Service.Business.Services.ReferenceServices - Success set value for attributes
2018-04-22 19:53:23,623 [24] DEBUG Service.Business.Services.ReferenceServices - Leave method [.ctor]
2018-04-22 19:53:23,627 [24] DEBUG Service.Business.Services.NotificationServices - Enter method [.ctor]
2018-04-22 19:53:23,635 [24] DEBUG Service.Business.Services.NotificationServices - Leave method [.ctor]
2018-04-22 19:53:23,639 [24] DEBUG Infrastructure.Data.Repositories.BookingRepository - Enter method [.ctor]
2018-04-22 19:53:23,643 [24] DEBUG Infrastructure.Data.Repositories.BookingRepository - Leave method [.ctor]
2018-04-22 19:53:23,647 [24] DEBUG Infrastructure.Data.Repositories.BedRepository - Enter method [.ctor]
2018-04-22 19:53:23,655 [24] INFO  Infrastructure.Data.Repositories.BedRepository - Success setting value to bedPerPage attribute value: [20]
2018-04-22 19:53:23,659 [24] INFO  Infrastructure.Data.Repositories.BedRepository - Success setting values for attribbutes
2018-04-22 19:53:23,663 [24] DEBUG Infrastructure.Data.Repositories.BedRepository - Leave method [.ctor]
2018-04-22 19:53:23,670 [24] DEBUG SMGS.Presentation.Controllers.AdminController - Enter method [.ctor]
2018-04-22 19:53:23,676 [24] INFO  SMGS.Presentation.Controllers.AdminController - Success set value to attributes
2018-04-22 19:53:23,681 [24] DEBUG SMGS.Presentation.Controllers.AdminController - Leave method [.ctor]
2018-04-22 19:53:23,683 [24] DEBUG SMGS.Presentation.Controllers.AdminController - Enter method [Index]
2018-04-22 19:53:23,687 [24] DEBUG SMGS.Presentation.Controllers.AdminController - Leave method [Index]
2018-04-22 19:53:23,843 [11] DEBUG Infrastructure.Data.Repositories.StaffRepository - Enter method [.ctor]
2018-04-22 19:53:23,847 [11] INFO  Infrastructure.Data.Repositories.StaffRepository - Success setting value to empPerPage attribute value: [20]
2018-04-22 19:53:23,859 [11] DEBUG Infrastructure.Data.Repositories.StaffRepository - Leave method [.ctor]
2018-04-22 19:53:23,863 [11] DEBUG Service.Business.Services.StaffServices - Enter method [.ctor]
2018-04-22 19:53:23,874 [11] INFO  Service.Business.Services.StaffServices - Success setting values for attributes
2018-04-22 19:53:23,881 [11] DEBUG Service.Business.Services.StaffServices - Leave method [.ctor]
2018-04-22 19:53:23,883 [11] DEBUG Infrastructure.Data.Repositories.ContactInformationRepository - Enter method [.ctor]
2018-04-22 19:53:23,891 [11] INFO  Infrastructure.Data.Repositories.ContactInformationRepository - Success setting values for attributes
2018-04-22 19:53:23,895 [11] DEBUG Infrastructure.Data.Repositories.ContactInformationRepository - Leave method [.ctor]
2018-04-22 19:53:23,903 [11] DEBUG Service.Business.Services.ContactInformationServices - Enter method [.ctor]
2018-04-22 19:53:23,907 [11] DEBUG Service.Business.Services.ContactInformationServices - Leave method [.ctor]
2018-04-22 19:53:23,911 [11] DEBUG Infrastructure.Data.Repositories.ServiceRepository - Enter method [.ctor]
2018-04-22 19:53:23,919 [11] INFO  Infrastructure.Data.Repositories.ServiceRepository - Success setting value to servicesPerPage attribute value: [20]
2018-04-22 19:53:23,923 [11] INFO  Infrastructure.Data.Repositories.ServiceRepository - Setting value for attributes
2018-04-22 19:53:23,927 [11] DEBUG Infrastructure.Data.Repositories.ServiceRepository - Leave method [.ctor]
2018-04-22 19:53:23,935 [11] DEBUG Service.Business.Services.ServiceServices - Enter method [.ctor]
2018-04-22 19:53:23,939 [11] INFO  Service.Business.Services.ServiceServices - Success setting values for attributes
2018-04-22 19:53:23,943 [11] DEBUG Service.Business.Services.ServiceServices - Leave method [.ctor]
2018-04-22 19:53:23,951 [11] DEBUG Infrastructure.Data.Repositories.SalaryRepository - Enter method [.ctor]
2018-04-22 19:53:23,955 [11] INFO  Infrastructure.Data.Repositories.SalaryRepository - Success setting value to servicesPerPage attribute value: [3]
2018-04-22 19:53:23,959 [11] INFO  Infrastructure.Data.Repositories.SalaryRepository - Success set value for attributes
2018-04-22 19:53:23,963 [11] DEBUG Infrastructure.Data.Repositories.SalaryRepository - Leave method [.ctor]
2018-04-22 19:53:23,972 [11] DEBUG Infrastructure.Data.Repositories.ReferenceRepository - Enter method [.ctor]
2018-04-22 19:53:23,977 [11] INFO  Infrastructure.Data.Repositories.ReferenceRepository - Success set values for attributes
2018-04-22 19:53:23,982 [11] DEBUG Infrastructure.Data.Repositories.ReferenceRepository - Leave method [.ctor]
2018-04-22 19:53:23,987 [11] DEBUG Service.Business.Services.ReferenceServices - Enter method [.ctor]
2018-04-22 19:53:23,991 [11] INFO  Service.Business.Services.ReferenceServices - Success set value for attributes
2018-04-22 19:53:23,995 [11] DEBUG Service.Business.Services.ReferenceServices - Leave method [.ctor]
2018-04-22 19:53:23,999 [11] DEBUG Service.Business.Services.NotificationServices - Enter method [.ctor]
2018-04-22 19:53:24,007 [11] DEBUG Service.Business.Services.NotificationServices - Leave method [.ctor]
2018-04-22 19:53:24,011 [11] DEBUG Infrastructure.Data.Repositories.BookingRepository - Enter method [.ctor]
2018-04-22 19:53:24,015 [11] DEBUG Infrastructure.Data.Repositories.BookingRepository - Leave method [.ctor]
2018-04-22 19:53:24,023 [11] DEBUG Infrastructure.Data.Repositories.BedRepository - Enter method [.ctor]
2018-04-22 19:53:24,027 [11] INFO  Infrastructure.Data.Repositories.BedRepository - Success setting value to bedPerPage attribute value: [20]
2018-04-22 19:53:24,031 [11] INFO  Infrastructure.Data.Repositories.BedRepository - Success setting values for attribbutes
2018-04-22 19:53:24,039 [11] DEBUG Infrastructure.Data.Repositories.BedRepository - Leave method [.ctor]
2018-04-22 19:53:24,043 [11] DEBUG SMGS.Presentation.Controllers.AdminController - Enter method [.ctor]
2018-04-22 19:53:24,047 [11] INFO  SMGS.Presentation.Controllers.AdminController - Success set value to attributes
2018-04-22 19:53:24,055 [11] DEBUG SMGS.Presentation.Controllers.AdminController - Leave method [.ctor]
2018-04-22 19:53:24,059 [11] DEBUG SMGS.Presentation.Controllers.AdminController - Enter method [FirstCountNotification]
2018-04-22 19:53:24,063 [11] DEBUG Service.Business.Services.NotificationServices - Enter method [CountNotificationForAccount]
2018-04-22 19:53:24,067 [11] DEBUG Infrastructure.Data.Repositories.NotificationRepository - Enter method [CountNotificationForAccount]
2018-04-22 19:53:24,078 [11] INFO  Infrastructure.Data.Repositories.NotificationRepository - Found [0] notifications for account with Id: [-1] not read yet
2018-04-22 19:53:24,083 [11] DEBUG Infrastructure.Data.Repositories.NotificationRepository - Leave method [CountNotificationForAccount]
2018-04-22 19:53:24,087 [11] DEBUG Service.Business.Services.NotificationServices - Leave method [CountNotificationForAccount]
2018-04-22 19:53:24,091 [11] DEBUG SMGS.Presentation.Controllers.AdminController - Leave method [FirstCountNotification]
2018-04-22 20:08:40,087 [10] ERROR SMGS.Presentation.App_Start.Customize - Error: [Access to the path 'C:\Windows\Globalization\sz-VN.nlp' is denied.]
